#    1 | steps:    16 | steps_t:     0 | t: 0.044903 | r:  -504.000000 | e:   1.000000 | Q:        nan | won: False 
#    2 | steps:    22 | steps_t:     0 | t: 0.057612 | r:  -505.000000 | e:   1.000000 | Q:        nan | won: False 
#    3 | steps:    37 | steps_t:     0 | t: 0.090682 | r:  -514.000000 | e:   1.000000 | Q:        nan | won: False 
#    4 | steps:    50 | steps_t:     0 | t: 0.119320 | r:  -501.000000 | e:   1.000000 | Q:        nan | won: False 
#    5 | steps:    60 | steps_t:     0 | t: 0.141877 | r:  -509.000000 | e:   1.000000 | Q:        nan | won: False 
#    6 | steps:    68 | steps_t:     0 | t: 0.159102 | r:  -507.000000 | e:   1.000000 | Q:        nan | won: False 
#    7 | steps:    74 | steps_t:     0 | t: 0.171789 | r:  -505.000000 | e:   1.000000 | Q:        nan | won: False 
#    8 | steps:    97 | steps_t:     0 | t: 0.223354 | r:  -522.000000 | e:   1.000000 | Q:        nan | won: False 
#    9 | steps:   108 | steps_t:     0 | t: 0.247449 | r:  -510.000000 | e:   1.000000 | Q:        nan | won: False 
#   10 | steps:   121 | steps_t:     0 | t: 0.276174 | r:  -512.000000 | e:   1.000000 | Q:        nan | won: False 
#   11 | steps:   129 | steps_t:     0 | t: 0.293420 | r:  -507.000000 | e:   1.000000 | Q:        nan | won: False 
#   12 | steps:   137 | steps_t:     0 | t: 0.310644 | r:  -507.000000 | e:   1.000000 | Q:        nan | won: False 
#   13 | steps:   143 | steps_t:     0 | t: 0.323330 | r:  -505.000000 | e:   1.000000 | Q:        nan | won: False 
#   14 | steps:   162 | steps_t:     0 | t: 0.365839 | r:  -518.000000 | e:   1.000000 | Q:        nan | won: False 
#   15 | steps:   173 | steps_t:     0 | t: 0.390079 | r:  -510.000000 | e:   1.000000 | Q:        nan | won: False 
#   16 | steps:   183 | steps_t:     0 | t: 0.411974 | r:  -509.000000 | e:   1.000000 | Q:        nan | won: False 
#   17 | steps:   195 | steps_t:     0 | t: 0.438220 | r:  -500.000000 | e:   1.000000 | Q:        nan | won: False 
#   18 | steps:   209 | steps_t:     0 | t: 0.469225 | r:  -513.000000 | e:   1.000000 | Q:        nan | won: False 
#   19 | steps:   217 | steps_t:     0 | t: 0.486722 | r:  -507.000000 | e:   1.000000 | Q:        nan | won: False 
#   20 | steps:   222 | steps_t:     0 | t: 0.497063 | r:  -504.000000 | e:   1.000000 | Q:        nan | won: False 
#   21 | steps:   235 | steps_t:     0 | t: 0.525770 | r:  -512.000000 | e:   1.000000 | Q:        nan | won: False 
#   22 | steps:   244 | steps_t:     0 | t: 0.545323 | r:  -508.000000 | e:   1.000000 | Q:        nan | won: False 
#   23 | steps:   254 | steps_t:     0 | t: 0.567411 | r:  -509.000000 | e:   1.000000 | Q:        nan | won: False 
#   24 | steps:   268 | steps_t:     0 | t: 0.598425 | r:  -513.000000 | e:   1.000000 | Q:        nan | won: False 
#   25 | steps:   283 | steps_t:     0 | t: 0.631814 | r:  -514.000000 | e:   1.000000 | Q:        nan | won: False 
#   26 | steps:   293 | steps_t:     0 | t: 0.653567 | r:  -509.000000 | e:   1.000000 | Q:        nan | won: False 
#   27 | steps:   300 | steps_t:     0 | t: 0.668531 | r:  -506.000000 | e:   1.000000 | Q:        nan | won: False 
#   28 | steps:   307 | steps_t:     0 | t: 0.683520 | r:  -506.000000 | e:   1.000000 | Q:        nan | won: False 
#   29 | steps:   319 | steps_t:     0 | t: 0.709982 | r:  -511.000000 | e:   1.000000 | Q:        nan | won: False 
#   30 | steps:   324 | steps_t:     0 | t: 0.720414 | r:  -504.000000 | e:   1.000000 | Q:        nan | won: False 
#   31 | steps:   348 | steps_t:     0 | t: 0.774144 | r:  -523.000000 | e:   1.000000 | Q:        nan | won: False 
#   32 | steps:   359 | steps_t:     0 | t: 0.798463 | r:  -510.000000 | e:   1.000000 | Q:        nan | won: False 
#   33 | steps:   365 | steps_t:     0 | t: 0.811199 | r:  -505.000000 | e:   1.000000 | Q:        nan | won: False 
#   34 | steps:   415 | steps_t:     0 | t: 0.924280 | r:  -538.000000 | e:   1.000000 | Q:        nan | won: False 
#   35 | steps:   427 | steps_t:     0 | t: 0.950769 | r:  -511.000000 | e:   1.000000 | Q:        nan | won: False 
#   36 | steps:   437 | steps_t:     0 | t: 0.972798 | r:  -509.000000 | e:   1.000000 | Q:        nan | won: False 
#   37 | steps:   444 | steps_t:     0 | t: 0.987859 | r:  -506.000000 | e:   1.000000 | Q:        nan | won: False 
#   38 | steps:   460 | steps_t:     0 | t: 1.023708 | r:  -515.000000 | e:   1.000000 | Q:        nan | won: False 
#   39 | steps:   469 | steps_t:     0 | t: 1.043555 | r:  -508.000000 | e:   1.000000 | Q:        nan | won: False 
#   40 | steps:   478 | steps_t:     0 | t: 1.063396 | r:  -508.000000 | e:   1.000000 | Q:        nan | won: False 
#   41 | steps:   487 | steps_t:     0 | t: 1.082898 | r:  -508.000000 | e:   1.000000 | Q:        nan | won: False 
#   42 | steps:   497 | steps_t:     0 | t: 1.104939 | r:  -509.000000 | e:   1.000000 | Q:        nan | won: False 
#   43 | steps:   505 | steps_t:     0 | t: 1.123089 | r:  -507.000000 | e:   1.000000 | Q:        nan | won: False 
#   44 | steps:   530 | steps_t:     0 | t: 1.179358 | r:  -524.000000 | e:   1.000000 | Q:        nan | won: False 
#   45 | steps:   536 | steps_t:     0 | t: 1.192223 | r:  -505.000000 | e:   1.000000 | Q:        nan | won: False 
#   46 | steps:   546 | steps_t:     0 | t: 1.215313 | r:  -509.000000 | e:   1.000000 | Q:        nan | won: False 
#   47 | steps:   563 | steps_t:     0 | t: 1.254292 | r:  -505.000000 | e:   1.000000 | Q:        nan | won: False 
#   48 | steps:   572 | steps_t:     0 | t: 1.275029 | r:  -508.000000 | e:   1.000000 | Q:        nan | won: False 
#   49 | steps:   582 | steps_t:     0 | t: 1.298006 | r:  -509.000000 | e:   1.000000 | Q:        nan | won: False 
#   50 | steps:   588 | steps_t:     0 | t: 1.310755 | r:  -505.000000 | e:   1.000000 | Q:        nan | won: False 
#   51 | steps:   599 | steps_t:     0 | t: 1.335939 | r:  -510.000000 | e:   1.000000 | Q:        nan | won: False 
#   52 | steps:   606 | steps_t:     0 | t: 1.351191 | r:  -506.000000 | e:   1.000000 | Q:        nan | won: False 
#   53 | steps:   636 | steps_t:     0 | t: 1.420480 | r:  -529.000000 | e:   1.000000 | Q:        nan | won: False 
#   54 | steps:   644 | steps_t:     0 | t: 1.438568 | r:  -507.000000 | e:   1.000000 | Q:        nan | won: False 
#   55 | steps:   650 | steps_t:     0 | t: 1.452272 | r:  -505.000000 | e:   1.000000 | Q:        nan | won: False 
#   56 | steps:   659 | steps_t:     0 | t: 1.472155 | r:  -508.000000 | e:   1.000000 | Q:        nan | won: False 
#   57 | steps:   670 | steps_t:     0 | t: 1.497484 | r:  -510.000000 | e:   1.000000 | Q:        nan | won: False 
#   58 | steps:   679 | steps_t:     0 | t: 1.518072 | r:  -508.000000 | e:   1.000000 | Q:        nan | won: False 
#   59 | steps:   693 | steps_t:     0 | t: 1.550205 | r:  -513.000000 | e:   1.000000 | Q:        nan | won: False 
#   60 | steps:   701 | steps_t:     0 | t: 1.567588 | r:  -507.000000 | e:   1.000000 | Q:        nan | won: False 
#   61 | steps:   720 | steps_t:     0 | t: 1.611218 | r:  -496.000000 | e:   1.000000 | Q:        nan | won: False 
#   62 | steps:   730 | steps_t:     0 | t: 1.633747 | r:  -509.000000 | e:   1.000000 | Q:        nan | won: False 
#   63 | steps:   742 | steps_t:     0 | t: 1.661444 | r:  -511.000000 | e:   1.000000 | Q:        nan | won: False 
#   64 | steps:   753 | steps_t:     0 | t: 1.686853 | r:  -510.000000 | e:   1.000000 | Q:        nan | won: False 
#   65 | steps:   762 | steps_t:     0 | t: 1.707576 | r:  -508.000000 | e:   1.000000 | Q:        nan | won: False 
#   66 | steps:   777 | steps_t:     0 | t: 1.741633 | r:  -503.000000 | e:   1.000000 | Q:        nan | won: False 
#   67 | steps:   787 | steps_t:     0 | t: 1.764114 | r:  -509.000000 | e:   1.000000 | Q:        nan | won: False 
#   68 | steps:   795 | steps_t:     0 | t: 1.782105 | r:  -507.000000 | e:   1.000000 | Q:        nan | won: False 
#   69 | steps:   817 | steps_t:     0 | t: 1.832887 | r:  -521.000000 | e:   1.000000 | Q:        nan | won: False 
#   70 | steps:   832 | steps_t:     0 | t: 1.867487 | r:  -503.000000 | e:   1.000000 | Q:        nan | won: False 
#   71 | steps:   837 | steps_t:     0 | t: 1.878000 | r:  -504.000000 | e:   1.000000 | Q:        nan | won: False 
#   72 | steps:   852 | steps_t:     0 | t: 1.912516 | r:  -514.000000 | e:   1.000000 | Q:        nan | won: False 
#   73 | steps:   863 | steps_t:     0 | t: 1.937440 | r:  -510.000000 | e:   1.000000 | Q:        nan | won: False 
#   74 | steps:   869 | steps_t:     0 | t: 1.950199 | r:  -505.000000 | e:   1.000000 | Q:        nan | won: False 
#   75 | steps:   879 | steps_t:     0 | t: 1.973163 | r:  -509.000000 | e:   1.000000 | Q:        nan | won: False 
#   76 | steps:   893 | steps_t:     0 | t: 2.005365 | r:  -502.000000 | e:   1.000000 | Q:        nan | won: False 
#   77 | steps:   902 | steps_t:     0 | t: 2.026007 | r:  -508.000000 | e:   1.000000 | Q:        nan | won: False 
#   78 | steps:   911 | steps_t:     0 | t: 2.045566 | r:  -508.000000 | e:   1.000000 | Q:        nan | won: False 
#   79 | steps:   935 | steps_t:     0 | t: 2.100517 | r:  -512.000000 | e:   1.000000 | Q:        nan | won: False 
#   80 | steps:   948 | steps_t:     0 | t: 2.130976 | r:  -512.000000 | e:   1.000000 | Q:        nan | won: False 
#   81 | steps:   962 | steps_t:     0 | t: 2.163420 | r:  -502.000000 | e:   1.000000 | Q:        nan | won: False 
#   82 | steps:   975 | steps_t:     0 | t: 2.193617 | r:  -512.000000 | e:   1.000000 | Q:        nan | won: False 
#   83 | steps:   988 | steps_t:     0 | t: 2.223674 | r:  -501.000000 | e:   1.000000 | Q:        nan | won: False 
#   84 | steps:   997 | steps_t:     0 | t: 2.243447 | r:  -508.000000 | e:   1.000000 | Q:        nan | won: False 
#   85 | steps:  1006 | steps_t:     0 | t: 2.264143 | r:  -508.000000 | e:   1.000000 | Q:        nan | won: False 
#   86 | steps:  1017 | steps_t:     0 | t: 2.289429 | r:  -510.000000 | e:   1.000000 | Q:        nan | won: False 
#   87 | steps:  1025 | steps_t:     0 | t: 2.306768 | r:  -507.000000 | e:   1.000000 | Q:        nan | won: False 
#   88 | steps:  1033 | steps_t:     0 | t: 2.325174 | r:  -507.000000 | e:   1.000000 | Q:        nan | won: False 
#   89 | steps:  1053 | steps_t:     0 | t: 2.371101 | r:  -508.000000 | e:   1.000000 | Q:        nan | won: False 
#   90 | steps:  1068 | steps_t:     0 | t: 2.405886 | r:  -492.000000 | e:   1.000000 | Q:        nan | won: False 
#   91 | steps:  1078 | steps_t:     0 | t: 2.428897 | r:  -509.000000 | e:   1.000000 | Q:        nan | won: False 
#   92 | steps:  1085 | steps_t:     0 | t: 2.444823 | r:  -506.000000 | e:   1.000000 | Q:        nan | won: False 
#   93 | steps:  1097 | steps_t:     0 | t: 2.471616 | r:  -511.000000 | e:   1.000000 | Q:        nan | won: False 
#   94 | steps:  1109 | steps_t:     0 | t: 2.499372 | r:  -511.000000 | e:   1.000000 | Q:        nan | won: False 
#   95 | steps:  1115 | steps_t:     0 | t: 2.512982 | r:  -505.000000 | e:   1.000000 | Q:        nan | won: False 
#   96 | steps:  1150 | steps_t:     0 | t: 2.592601 | r:  -512.000000 | e:   1.000000 | Q:        nan | won: False 
#   97 | steps:  1161 | steps_t:     0 | t: 2.617130 | r:  -510.000000 | e:   1.000000 | Q:        nan | won: False 
#   98 | steps:  1175 | steps_t:     0 | t: 2.648627 | r:  -502.000000 | e:   1.000000 | Q:        nan | won: False 
#   99 | steps:  1189 | steps_t:     0 | t: 2.680392 | r:  -513.000000 | e:   1.000000 | Q:        nan | won: False 
#  100 | steps:  1197 | steps_t:     0 | t: 2.698641 | r:  -507.000000 | e:   1.000000 | Q:        nan | won: False 
#  101 | steps:  1205 | steps_t:     0 | t: 2.717272 | r:  -507.000000 | e:   1.000000 | Q:        nan | won: False 
#  102 | steps:  1215 | steps_t:     0 | t: 2.738955 | r:  -509.000000 | e:   1.000000 | Q:        nan | won: False 
#  103 | steps:  1237 | steps_t:     0 | t: 2.789286 | r:  -510.000000 | e:   1.000000 | Q:        nan | won: False 
#  104 | steps:  1247 | steps_t:     0 | t: 2.811599 | r:  -509.000000 | e:   1.000000 | Q:        nan | won: False 
#  105 | steps:  1256 | steps_t:     0 | t: 2.831951 | r:  -508.000000 | e:   1.000000 | Q:        nan | won: False 
#  106 | steps:  1267 | steps_t:     0 | t: 2.856995 | r:  -510.000000 | e:   1.000000 | Q:        nan | won: False 
#  107 | steps:  1273 | steps_t:     0 | t: 2.869629 | r:  -505.000000 | e:   1.000000 | Q:        nan | won: False 
#  108 | steps:  1289 | steps_t:     0 | t: 2.906028 | r:  -515.000000 | e:   1.000000 | Q:        nan | won: False 
#  109 | steps:  1297 | steps_t:     0 | t: 2.924200 | r:  -507.000000 | e:   1.000000 | Q:        nan | won: False 
#  110 | steps:  1309 | steps_t:     0 | t: 2.951541 | r:  -511.000000 | e:   1.000000 | Q:        nan | won: False 
#  111 | steps:  1322 | steps_t:     0 | t: 2.981034 | r:  -512.000000 | e:   1.000000 | Q:        nan | won: False 
#  112 | steps:  1333 | steps_t:     0 | t: 3.005975 | r:  -510.000000 | e:   1.000000 | Q:        nan | won: False 
#  113 | steps:  1340 | steps_t:     0 | t: 3.020883 | r:  -506.000000 | e:   1.000000 | Q:        nan | won: False 
#  114 | steps:  1351 | steps_t:     0 | t: 3.045877 | r:  -510.000000 | e:   1.000000 | Q:        nan | won: False 
#  115 | steps:  1360 | steps_t:     0 | t: 3.065375 | r:  -508.000000 | e:   1.000000 | Q:        nan | won: False 
#  116 | steps:  1373 | steps_t:     0 | t: 3.094949 | r:  -501.000000 | e:   1.000000 | Q:        nan | won: False 
#  117 | steps:  1386 | steps_t:     0 | t: 3.124393 | r:  -512.000000 | e:   1.000000 | Q:        nan | won: False 
#  118 | steps:  1393 | steps_t:     0 | t: 3.140260 | r:  -506.000000 | e:   1.000000 | Q:        nan | won: False 
#  119 | steps:  1400 | steps_t:     0 | t: 3.155167 | r:  -506.000000 | e:   1.000000 | Q:        nan | won: False 
#  120 | steps:  1405 | steps_t:     0 | t: 3.166478 | r:  -504.000000 | e:   1.000000 | Q:        nan | won: False 
#  121 | steps:  1413 | steps_t:     0 | t: 3.183980 | r:  -507.000000 | e:   1.000000 | Q:        nan | won: False 
#  122 | steps:  1424 | steps_t:     0 | t: 3.209049 | r:  -510.000000 | e:   1.000000 | Q:        nan | won: False 
#  123 | steps:  1434 | steps_t:     0 | t: 3.231735 | r:  -509.000000 | e:   1.000000 | Q:        nan | won: False 
#  124 | steps:  1457 | steps_t:     0 | t: 3.284037 | r:  -522.000000 | e:   1.000000 | Q:        nan | won: False 
#  125 | steps:  1469 | steps_t:     0 | t: 3.311315 | r:  -511.000000 | e:   1.000000 | Q:        nan | won: False 
#  126 | steps:  1476 | steps_t:     0 | t: 3.327094 | r:  -506.000000 | e:   1.000000 | Q:        nan | won: False 
#  127 | steps:  1487 | steps_t:     0 | t: 3.351909 | r:  -510.000000 | e:   1.000000 | Q:        nan | won: False 
#  128 | steps:  1506 | steps_t:     0 | t: 3.395039 | r:  -518.000000 | e:   1.000000 | Q:        nan | won: False 
#  129 | steps:  1515 | steps_t:     0 | t: 3.415380 | r:  -508.000000 | e:   1.000000 | Q:        nan | won: False 
#  130 | steps:  1521 | steps_t:     0 | t: 3.427937 | r:  -505.000000 | e:   1.000000 | Q:        nan | won: False 
#  131 | steps:  1550 | steps_t:     0 | t: 3.493721 | r:  -528.000000 | e:   1.000000 | Q:        nan | won: False 
#  132 | steps:  1559 | steps_t:     0 | t: 3.513712 | r:  -508.000000 | e:   1.000000 | Q:        nan | won: False 
#  133 | steps:  1577 | steps_t:     0 | t: 3.554310 | r:  -506.000000 | e:   1.000000 | Q:        nan | won: False 
#  134 | steps:  1591 | steps_t:     0 | t: 3.586064 | r:  -502.000000 | e:   1.000000 | Q:        nan | won: False 
#  135 | steps:  1603 | steps_t:     0 | t: 3.613267 | r:  -511.000000 | e:   1.000000 | Q:        nan | won: False 
#  136 | steps:  1623 | steps_t:     0 | t: 3.658933 | r:  -519.000000 | e:   1.000000 | Q:        nan | won: False 
#  137 | steps:  1641 | steps_t:     0 | t: 3.699398 | r:  -517.000000 | e:   1.000000 | Q:        nan | won: False 
#  138 | steps:  1647 | steps_t:     0 | t: 3.712841 | r:  -505.000000 | e:   1.000000 | Q:        nan | won: False 
#  139 | steps:  1653 | steps_t:     0 | t: 3.725412 | r:  -505.000000 | e:   1.000000 | Q:        nan | won: False 
#  140 | steps:  1679 | steps_t:     0 | t: 3.784105 | r:  -514.000000 | e:   1.000000 | Q:        nan | won: False 
#  141 | steps:  1695 | steps_t:     0 | t: 3.819857 | r:  -515.000000 | e:   1.000000 | Q:        nan | won: False 
#  142 | steps:  1703 | steps_t:     0 | t: 3.837207 | r:  -507.000000 | e:   1.000000 | Q:        nan | won: False 
#  143 | steps:  1714 | steps_t:     0 | t: 3.861885 | r:  -510.000000 | e:   1.000000 | Q:        nan | won: False 
#  144 | steps:  1735 | steps_t:     0 | t: 3.909770 | r:  -520.000000 | e:   1.000000 | Q:        nan | won: False 
#  145 | steps:  1765 | steps_t:     0 | t: 3.977828 | r:  -518.000000 | e:   1.000000 | Q:        nan | won: False 
#  146 | steps:  1786 | steps_t:     0 | t: 4.025921 | r:  -520.000000 | e:   1.000000 | Q:        nan | won: False 
#  147 | steps:  1812 | steps_t:     0 | t: 4.084831 | r:  -525.000000 | e:   1.000000 | Q:        nan | won: False 
#  148 | steps:  1820 | steps_t:     0 | t: 4.102142 | r:  -507.000000 | e:   1.000000 | Q:        nan | won: False 
#  149 | steps:  1833 | steps_t:     0 | t: 4.131497 | r:  -501.000000 | e:   1.000000 | Q:        nan | won: False 
#  150 | steps:  1844 | steps_t:     0 | t: 4.156298 | r:  -510.000000 | e:   1.000000 | Q:        nan | won: False 
#  151 | steps:  1854 | steps_t:     0 | t: 4.178684 | r:  -509.000000 | e:   1.000000 | Q:        nan | won: False 
#  152 | steps:  1873 | steps_t:     0 | t: 4.220557 | r:  -507.000000 | e:   1.000000 | Q:        nan | won: False 
#  153 | steps:  1882 | steps_t:     0 | t: 4.242143 | r:  -508.000000 | e:   1.000000 | Q:        nan | won: False 
#  154 | steps:  1888 | steps_t:     0 | t: 4.255042 | r:  -505.000000 | e:   1.000000 | Q:        nan | won: False 
#  155 | steps:  1901 | steps_t:     0 | t: 4.284422 | r:  -512.000000 | e:   1.000000 | Q:        nan | won: False 
#  156 | steps:  1915 | steps_t:     0 | t: 4.316062 | r:  -513.000000 | e:   1.000000 | Q:        nan | won: False 
#  157 | steps:  1923 | steps_t:     0 | t: 4.334196 | r:  -507.000000 | e:   1.000000 | Q:        nan | won: False 
#  158 | steps:  1929 | steps_t:     0 | t: 4.346968 | r:  -505.000000 | e:   1.000000 | Q:        nan | won: False 
#  159 | steps:  1938 | steps_t:     0 | t: 4.367125 | r:  -508.000000 | e:   1.000000 | Q:        nan | won: False 
#  160 | steps:  1954 | steps_t:     0 | t: 4.403586 | r:  -504.000000 | e:   1.000000 | Q:        nan | won: False 
#  161 | steps:  1961 | steps_t:     0 | t: 4.418505 | r:  -506.000000 | e:   1.000000 | Q:        nan | won: False 
#  162 | steps:  1967 | steps_t:     0 | t: 4.431621 | r:  -505.000000 | e:   1.000000 | Q:        nan | won: False 
#  163 | steps:  1993 | steps_t:     0 | t: 4.490449 | r:  -525.000000 | e:   1.000000 | Q:        nan | won: False 
#  164 | steps:  2004 | steps_t:     0 | t: 4.514104 | r:  -510.000000 | e:   1.000000 | Q:        nan | won: False 
#  165 | steps:  2009 | steps_t:     0 | t: 4.524781 | r:  -504.000000 | e:   1.000000 | Q:        nan | won: False 
#  166 | steps:  2022 | steps_t:     0 | t: 4.553759 | r:  -512.000000 | e:   1.000000 | Q:        nan | won: False 
#  167 | steps:  2038 | steps_t:     0 | t: 4.589935 | r:  -515.000000 | e:   1.000000 | Q:        nan | won: False 
#  168 | steps:  2045 | steps_t:     0 | t: 4.604753 | r:  -506.000000 | e:   1.000000 | Q:        nan | won: False 
#  169 | steps:  2064 | steps_t:     0 | t: 4.646977 | r:  -507.000000 | e:   1.000000 | Q:        nan | won: False 
#  170 | steps:  2078 | steps_t:     0 | t: 4.678135 | r:  -513.000000 | e:   1.000000 | Q:        nan | won: False 
#  171 | steps:  2086 | steps_t:     0 | t: 4.694937 | r:  -507.000000 | e:   1.000000 | Q:        nan | won: False 
#  172 | steps:  2094 | steps_t:     0 | t: 4.712269 | r:  -507.000000 | e:   1.000000 | Q:        nan | won: False 
#  173 | steps:  2101 | steps_t:     0 | t: 4.727956 | r:  -506.000000 | e:   1.000000 | Q:        nan | won: False 
#  174 | steps:  2107 | steps_t:     0 | t: 4.741193 | r:  -505.000000 | e:   1.000000 | Q:        nan | won: False 
#  175 | steps:  2118 | steps_t:     0 | t: 4.764388 | r:  -510.000000 | e:   1.000000 | Q:        nan | won: False 
#  176 | steps:  2128 | steps_t:     0 | t: 4.786669 | r:  -509.000000 | e:   1.000000 | Q:        nan | won: False 
#  177 | steps:  2157 | steps_t:     0 | t: 4.851876 | r:  -528.000000 | e:   1.000000 | Q:        nan | won: False 
#  178 | steps:  2176 | steps_t:     0 | t: 4.893879 | r:  -518.000000 | e:   1.000000 | Q:        nan | won: False 
#  179 | steps:  2188 | steps_t:     0 | t: 4.920136 | r:  -511.000000 | e:   1.000000 | Q:        nan | won: False 
#  180 | steps:  2198 | steps_t:     0 | t: 4.942688 | r:  -509.000000 | e:   1.000000 | Q:        nan | won: False 
#  181 | steps:  2210 | steps_t:     0 | t: 4.969294 | r:  -511.000000 | e:   1.000000 | Q:        nan | won: False 
#  182 | steps:  2220 | steps_t:     0 | t: 4.991774 | r:  -509.000000 | e:   1.000000 | Q:        nan | won: False 
#  183 | steps:  2229 | steps_t:     0 | t: 5.011279 | r:  -508.000000 | e:   1.000000 | Q:        nan | won: False 
#  184 | steps:  2239 | steps_t:     0 | t: 5.032463 | r:  -509.000000 | e:   1.000000 | Q:        nan | won: False 
#  185 | steps:  2246 | steps_t:     0 | t: 5.048148 | r:  -506.000000 | e:   1.000000 | Q:        nan | won: False 
#  186 | steps:  2255 | steps_t:     0 | t: 5.067836 | r:  -508.000000 | e:   1.000000 | Q:        nan | won: False 
#  187 | steps:  2261 | steps_t:     0 | t: 5.080525 | r:  -505.000000 | e:   1.000000 | Q:        nan | won: False 
#  188 | steps:  2269 | steps_t:     0 | t: 5.098239 | r:  -507.000000 | e:   1.000000 | Q:        nan | won: False 
#  189 | steps:  2276 | steps_t:     0 | t: 5.113095 | r:  -506.000000 | e:   1.000000 | Q:        nan | won: False 
#  190 | steps:  2283 | steps_t:     0 | t: 5.128885 | r:  -506.000000 | e:   1.000000 | Q:        nan | won: False 
#  191 | steps:  2294 | steps_t:     0 | t: 5.152972 | r:  -510.000000 | e:   1.000000 | Q:        nan | won: False 
#  192 | steps:  2306 | steps_t:     0 | t: 5.180072 | r:  -511.000000 | e:   1.000000 | Q:        nan | won: False 
#  193 | steps:  2316 | steps_t:     0 | t: 5.202301 | r:  -509.000000 | e:   1.000000 | Q:        nan | won: False 
#  194 | steps:  2323 | steps_t:     0 | t: 5.217123 | r:  -506.000000 | e:   1.000000 | Q:        nan | won: False 
#  195 | steps:  2336 | steps_t:     0 | t: 5.247233 | r:  -512.000000 | e:   1.000000 | Q:        nan | won: False 
#  196 | steps:  2345 | steps_t:     0 | t: 5.267679 | r:  -508.000000 | e:   1.000000 | Q:        nan | won: False 
#  197 | steps:  2351 | steps_t:     0 | t: 5.280477 | r:  -505.000000 | e:   1.000000 | Q:        nan | won: False 
#  198 | steps:  2364 | steps_t:     0 | t: 5.310205 | r:  -512.000000 | e:   1.000000 | Q:        nan | won: False 
#  199 | steps:  2373 | steps_t:     0 | t: 5.330831 | r:  -508.000000 | e:   1.000000 | Q:        nan | won: False 
#  200 | steps:  2397 | steps_t:     0 | t: 5.385148 | r:  -523.000000 | e:   1.000000 | Q:        nan | won: False 
#  201 | steps:  2412 | steps_t:     0 | t: 5.419812 | r:  -492.000000 | e:   1.000000 | Q:        nan | won: False 
#  202 | steps:  2420 | steps_t:     0 | t: 5.437262 | r:  -507.000000 | e:   1.000000 | Q:        nan | won: False 
#  203 | steps:  2446 | steps_t:     0 | t: 5.495489 | r:    86.000000 | e:   1.000000 | Q:        nan | won: True 
#  204 | steps:  2456 | steps_t:     0 | t: 5.517189 | r:  -509.000000 | e:   1.000000 | Q:        nan | won: False 
#  205 | steps:  2468 | steps_t:     0 | t: 5.544889 | r:  -511.000000 | e:   1.000000 | Q:        nan | won: False 
#  206 | steps:  2476 | steps_t:     0 | t: 5.563305 | r:  -507.000000 | e:   1.000000 | Q:        nan | won: False 
#  207 | steps:  2485 | steps_t:     0 | t: 5.582765 | r:  -508.000000 | e:   1.000000 | Q:        nan | won: False 
#  208 | steps:  2497 | steps_t:     0 | t: 5.610383 | r:  -511.000000 | e:   1.000000 | Q:        nan | won: False 
#  209 | steps:  2506 | steps_t:     0 | t: 5.631318 | r:  -508.000000 | e:   1.000000 | Q:        nan | won: False 
#  210 | steps:  2515 | steps_t:     0 | t: 5.651536 | r:  -508.000000 | e:   1.000000 | Q:        nan | won: False 
#  211 | steps:  2520 | steps_t:     0 | t: 5.661988 | r:  -504.000000 | e:   1.000000 | Q:        nan | won: False 
#  212 | steps:  2528 | steps_t:     0 | t: 5.680736 | r:  -507.000000 | e:   1.000000 | Q:        nan | won: False 
#  213 | steps:  2543 | steps_t:     0 | t: 5.715672 | r:  -514.000000 | e:   1.000000 | Q:        nan | won: False 
#  214 | steps:  2555 | steps_t:     0 | t: 5.743181 | r:  -511.000000 | e:   1.000000 | Q:        nan | won: False 
#  215 | steps:  2569 | steps_t:     0 | t: 5.775219 | r:  -513.000000 | e:   1.000000 | Q:        nan | won: False 
#  216 | steps:  2581 | steps_t:     0 | t: 5.802043 | r:  -511.000000 | e:   1.000000 | Q:        nan | won: False 
#  217 | steps:  2590 | steps_t:     0 | t: 5.822025 | r:  -508.000000 | e:   1.000000 | Q:        nan | won: False 
#  218 | steps:  2598 | steps_t:     0 | t: 5.840228 | r:  -507.000000 | e:   1.000000 | Q:        nan | won: False 
#  219 | steps:  2613 | steps_t:     0 | t: 5.874261 | r:  -514.000000 | e:   1.000000 | Q:        nan | won: False 
#  220 | steps:  2634 | steps_t:     0 | t: 5.922522 | r:  -520.000000 | e:   1.000000 | Q:        nan | won: False 
#  221 | steps:  2649 | steps_t:     0 | t: 5.956336 | r:  -514.000000 | e:   1.000000 | Q:        nan | won: False 
#  222 | steps:  2658 | steps_t:     0 | t: 5.976942 | r:  -508.000000 | e:   1.000000 | Q:        nan | won: False 
#  223 | steps:  2667 | steps_t:     0 | t: 5.995930 | r:  -508.000000 | e:   1.000000 | Q:        nan | won: False 
#  224 | steps:  2676 | steps_t:     0 | t: 6.016418 | r:  -508.000000 | e:   1.000000 | Q:        nan | won: False 
#  225 | steps:  2691 | steps_t:     0 | t: 6.050665 | r:  -492.000000 | e:   1.000000 | Q:        nan | won: False 
#  226 | steps:  2701 | steps_t:     0 | t: 6.073601 | r:  -509.000000 | e:   1.000000 | Q:        nan | won: False 
#  227 | steps:  2717 | steps_t:     0 | t: 6.110495 | r:  -515.000000 | e:   1.000000 | Q:        nan | won: False 
#  228 | steps:  2729 | steps_t:     0 | t: 6.137974 | r:  -500.000000 | e:   1.000000 | Q:        nan | won: False 
#  229 | steps:  2739 | steps_t:     0 | t: 6.160495 | r:  -509.000000 | e:   1.000000 | Q:        nan | won: False 
#  230 | steps:  2752 | steps_t:     0 | t: 6.190578 | r:  -512.000000 | e:   1.000000 | Q:        nan | won: False 
#  231 | steps:  2759 | steps_t:     0 | t: 6.205606 | r:  -506.000000 | e:   1.000000 | Q:        nan | won: False 
#  232 | steps:  2769 | steps_t:     0 | t: 6.228878 | r:  -509.000000 | e:   1.000000 | Q:        nan | won: False 
#  233 | steps:  2776 | steps_t:     0 | t: 6.243752 | r:  -506.000000 | e:   1.000000 | Q:        nan | won: False 
#  234 | steps:  2783 | steps_t:     0 | t: 6.259470 | r:  -506.000000 | e:   1.000000 | Q:        nan | won: False 
#  235 | steps:  2796 | steps_t:     0 | t: 6.289880 | r:  -512.000000 | e:   1.000000 | Q:        nan | won: False 
#  236 | steps:  2817 | steps_t:     0 | t: 6.337742 | r:  -520.000000 | e:   1.000000 | Q:        nan | won: False 
#  237 | steps:  2825 | steps_t:     0 | t: 6.355217 | r:  -507.000000 | e:   1.000000 | Q:        nan | won: False 
#  238 | steps:  2832 | steps_t:     0 | t: 6.371417 | r:  -506.000000 | e:   1.000000 | Q:        nan | won: False 
#  239 | steps:  2852 | steps_t:     0 | t: 6.416826 | r:  -508.000000 | e:   1.000000 | Q:        nan | won: False 
#  240 | steps:  2861 | steps_t:     0 | t: 6.436961 | r:  -508.000000 | e:   1.000000 | Q:        nan | won: False 
#  241 | steps:  2871 | steps_t:     0 | t: 6.459515 | r:  -509.000000 | e:   1.000000 | Q:        nan | won: False 
#  242 | steps:  2883 | steps_t:     0 | t: 6.485920 | r:  -511.000000 | e:   1.000000 | Q:        nan | won: False 
#  243 | steps:  2895 | steps_t:     0 | t: 6.513461 | r:  -511.000000 | e:   1.000000 | Q:        nan | won: False 
#  244 | steps:  2905 | steps_t:     0 | t: 6.536240 | r:  -509.000000 | e:   1.000000 | Q:        nan | won: False 
#  245 | steps:  2916 | steps_t:     0 | t: 6.561720 | r:  -510.000000 | e:   1.000000 | Q:        nan | won: False 
#  246 | steps:  2922 | steps_t:     0 | t: 6.574368 | r:  -505.000000 | e:   1.000000 | Q:        nan | won: False 
#  247 | steps:  2937 | steps_t:     0 | t: 6.608449 | r:  -514.000000 | e:   1.000000 | Q:        nan | won: False 
#  248 | steps:  2949 | steps_t:     0 | t: 6.635456 | r:  -511.000000 | e:   1.000000 | Q:        nan | won: False 
#  249 | steps:  2959 | steps_t:     0 | t: 6.658154 | r:  -509.000000 | e:   1.000000 | Q:        nan | won: False 
#  250 | steps:  2985 | steps_t:     0 | t: 6.715927 | r:  -514.000000 | e:   1.000000 | Q:        nan | won: False 
#  251 | steps:  2999 | steps_t:     0 | t: 6.746924 | r:  -502.000000 | e:   1.000000 | Q:        nan | won: False 
#  252 | steps:  3011 | steps_t:     0 | t: 6.774136 | r:  -511.000000 | e:   1.000000 | Q:        nan | won: False 
#  253 | steps:  3023 | steps_t:     0 | t: 6.800556 | r:  -511.000000 | e:   1.000000 | Q:        nan | won: False 
#  254 | steps:  3032 | steps_t:     0 | t: 6.820990 | r:  -508.000000 | e:   1.000000 | Q:        nan | won: False 
#  255 | steps:  3052 | steps_t:     0 | t: 6.866058 | r:  -519.000000 | e:   1.000000 | Q:        nan | won: False 
#  256 | steps:  3063 | steps_t:     0 | t: 6.890813 | r:  -510.000000 | e:   1.000000 | Q:        nan | won: False 
#  257 | steps:  3074 | steps_t:     0 | t: 6.915685 | r:  -510.000000 | e:   1.000000 | Q:        nan | won: False 
#  258 | steps:  3093 | steps_t:     0 | t: 6.958862 | r:  -507.000000 | e:   1.000000 | Q:        nan | won: False 
#  259 | steps:  3098 | steps_t:     0 | t: 6.969114 | r:  -504.000000 | e:   1.000000 | Q:        nan | won: False 
#  260 | steps:  3104 | steps_t:     0 | t: 6.981972 | r:  -505.000000 | e:   1.000000 | Q:        nan | won: False 
#  261 | steps:  3127 | steps_t:     0 | t: 7.034103 | r:  -522.000000 | e:   1.000000 | Q:        nan | won: False 
#  262 | steps:  3140 | steps_t:     0 | t: 7.062946 | r:  -512.000000 | e:   1.000000 | Q:        nan | won: False 
#  263 | steps:  3160 | steps_t:     0 | t: 7.108398 | r:  -519.000000 | e:   1.000000 | Q:        nan | won: False 
#  264 | steps:  3170 | steps_t:     0 | t: 7.131006 | r:  -509.000000 | e:   1.000000 | Q:        nan | won: False 
#  265 | steps:  3181 | steps_t:     0 | t: 7.155857 | r:  -510.000000 | e:   1.000000 | Q:        nan | won: False 
#  266 | steps:  3188 | steps_t:     0 | t: 7.170786 | r:  -506.000000 | e:   1.000000 | Q:        nan | won: False 
#  267 | steps:  3197 | steps_t:     0 | t: 7.190974 | r:  -508.000000 | e:   1.000000 | Q:        nan | won: False 
#  268 | steps:  3206 | steps_t:     0 | t: 7.210485 | r:  -508.000000 | e:   1.000000 | Q:        nan | won: False 
#  269 | steps:  3221 | steps_t:     0 | t: 7.244606 | r:  -514.000000 | e:   1.000000 | Q:        nan | won: False 
#  270 | steps:  3240 | steps_t:     0 | t: 7.287801 | r:  -507.000000 | e:   1.000000 | Q:        nan | won: False 
#  271 | steps:  3258 | steps_t:     0 | t: 7.327692 | r:  -517.000000 | e:   1.000000 | Q:        nan | won: False 
#  272 | steps:  3267 | steps_t:     0 | t: 7.347942 | r:  -508.000000 | e:   1.000000 | Q:        nan | won: False 
#  273 | steps:  3282 | steps_t:     0 | t: 7.381797 | r:  -503.000000 | e:   1.000000 | Q:        nan | won: False 
#  274 | steps:  3290 | steps_t:     0 | t: 7.399018 | r:  -507.000000 | e:   1.000000 | Q:        nan | won: False 
#  275 | steps:  3300 | steps_t:     0 | t: 7.421654 | r:  -509.000000 | e:   1.000000 | Q:        nan | won: False 
#  276 | steps:  3312 | steps_t:     0 | t: 7.448644 | r:  -511.000000 | e:   1.000000 | Q:        nan | won: False 
#  277 | steps:  3321 | steps_t:     0 | t: 7.467715 | r:  -508.000000 | e:   1.000000 | Q:        nan | won: False 
#  278 | steps:  3342 | steps_t:     0 | t: 7.515301 | r:  -520.000000 | e:   1.000000 | Q:        nan | won: False 
#  279 | steps:  3355 | steps_t:     0 | t: 7.543605 | r:  -512.000000 | e:   1.000000 | Q:        nan | won: False 
#  280 | steps:  3363 | steps_t:     0 | t: 7.560802 | r:  -507.000000 | e:   1.000000 | Q:        nan | won: False 
#  281 | steps:  3371 | steps_t:     0 | t: 7.578549 | r:  -507.000000 | e:   1.000000 | Q:        nan | won: False 
#  282 | steps:  3379 | steps_t:     0 | t: 7.595430 | r:  -507.000000 | e:   1.000000 | Q:        nan | won: False 
#  283 | steps:  3393 | steps_t:     0 | t: 7.627313 | r:  -513.000000 | e:   1.000000 | Q:        nan | won: False 
#  284 | steps:  3402 | steps_t:     0 | t: 7.647629 | r:  -508.000000 | e:   1.000000 | Q:        nan | won: False 
#  285 | steps:  3422 | steps_t:     0 | t: 7.691777 | r:  -508.000000 | e:   1.000000 | Q:        nan | won: False 
#  286 | steps:  3431 | steps_t:     0 | t: 7.711529 | r:  -508.000000 | e:   1.000000 | Q:        nan | won: False 
#  287 | steps:  3439 | steps_t:     0 | t: 7.728016 | r:  -507.000000 | e:   1.000000 | Q:        nan | won: False 
#  288 | steps:  3450 | steps_t:     0 | t: 7.753015 | r:  -510.000000 | e:   1.000000 | Q:        nan | won: False 
#  289 | steps:  3457 | steps_t:     0 | t: 7.768741 | r:  -506.000000 | e:   1.000000 | Q:        nan | won: False 
#  290 | steps:  3466 | steps_t:     0 | t: 7.788205 | r:  -508.000000 | e:   1.000000 | Q:        nan | won: False 
#  291 | steps:  3486 | steps_t:     0 | t: 7.833276 | r:  -519.000000 | e:   1.000000 | Q:        nan | won: False 
#  292 | steps:  3499 | steps_t:     0 | t: 7.862732 | r:  -512.000000 | e:   1.000000 | Q:        nan | won: False 
#  293 | steps:  3505 | steps_t:     0 | t: 7.875254 | r:  -505.000000 | e:   1.000000 | Q:        nan | won: False 
#  294 | steps:  3513 | steps_t:     0 | t: 7.893261 | r:  -507.000000 | e:   1.000000 | Q:        nan | won: False 
#  295 | steps:  3539 | steps_t:     0 | t: 7.952015 | r:  -514.000000 | e:   1.000000 | Q:        nan | won: False 
#  296 | steps:  3553 | steps_t:     0 | t: 7.982929 | r:  -513.000000 | e:   1.000000 | Q:        nan | won: False 
#  297 | steps:  3576 | steps_t:     0 | t: 8.034865 | r:  -522.000000 | e:   1.000000 | Q:        nan | won: False 
#  298 | steps:  3584 | steps_t:     0 | t: 8.052449 | r:  -507.000000 | e:   1.000000 | Q:        nan | won: False 
#  299 | steps:  3589 | steps_t:     0 | t: 8.063759 | r:  -504.000000 | e:   1.000000 | Q:        nan | won: False 
#  300 | steps:  3605 | steps_t:     0 | t: 8.099405 | r:  -504.000000 | e:   1.000000 | Q:        nan | won: False 
#  301 | steps:  3624 | steps_t:     0 | t: 8.141939 | r:  -518.000000 | e:   1.000000 | Q:        nan | won: False 
#  302 | steps:  3637 | steps_t:     0 | t: 8.171137 | r:  -512.000000 | e:   1.000000 | Q:        nan | won: False 
#  303 | steps:  3644 | steps_t:     0 | t: 8.186216 | r:  -506.000000 | e:   1.000000 | Q:        nan | won: False 
#  304 | steps:  3650 | steps_t:     0 | t: 8.199512 | r:  -505.000000 | e:   1.000000 | Q:        nan | won: False 
#  305 | steps:  3659 | steps_t:     0 | t: 8.218755 | r:  -508.000000 | e:   1.000000 | Q:        nan | won: False 
#  306 | steps:  3670 | steps_t:     0 | t: 8.243056 | r:  -510.000000 | e:   1.000000 | Q:        nan | won: False 
#  307 | steps:  3684 | steps_t:     0 | t: 8.274425 | r:  -502.000000 | e:   1.000000 | Q:        nan | won: False 
#  308 | steps:  3689 | steps_t:     0 | t: 8.285730 | r:  -504.000000 | e:   1.000000 | Q:        nan | won: False 
#  309 | steps:  3707 | steps_t:     0 | t: 8.326645 | r:  -517.000000 | e:   1.000000 | Q:        nan | won: False 
#  310 | steps:  3715 | steps_t:     0 | t: 8.344039 | r:  -507.000000 | e:   1.000000 | Q:        nan | won: False 
#  311 | steps:  3726 | steps_t:     0 | t: 8.368747 | r:  -510.000000 | e:   1.000000 | Q:        nan | won: False 
#  312 | steps:  3731 | steps_t:     0 | t: 8.379946 | r:  -504.000000 | e:   1.000000 | Q:        nan | won: False 
#  313 | steps:  3748 | steps_t:     0 | t: 8.418681 | r:  -505.000000 | e:   1.000000 | Q:        nan | won: False 
#  314 | steps:  3762 | steps_t:     0 | t: 8.450279 | r:  -502.000000 | e:   1.000000 | Q:        nan | won: False 
#  315 | steps:  3772 | steps_t:     0 | t: 8.472991 | r:  -509.000000 | e:   1.000000 | Q:        nan | won: False 
#  316 | steps:  3791 | steps_t:     0 | t: 8.515657 | r:  -518.000000 | e:   1.000000 | Q:        nan | won: False 
#  317 | steps:  3799 | steps_t:     0 | t: 8.533284 | r:  -507.000000 | e:   1.000000 | Q:        nan | won: False 
#  318 | steps:  3814 | steps_t:     0 | t: 8.567335 | r:  -503.000000 | e:   1.000000 | Q:        nan | won: False 
#  319 | steps:  3821 | steps_t:     0 | t: 8.582146 | r:  -506.000000 | e:   1.000000 | Q:        nan | won: False 
#  320 | steps:  3828 | steps_t:     0 | t: 8.597329 | r:  -506.000000 | e:   1.000000 | Q:        nan | won: False 
#  321 | steps:  3838 | steps_t:     0 | t: 8.618926 | r:  -509.000000 | e:   1.000000 | Q:        nan | won: False 
#  322 | steps:  3853 | steps_t:     0 | t: 8.653166 | r:  -503.000000 | e:   1.000000 | Q:        nan | won: False 
#  323 | steps:  3871 | steps_t:     0 | t: 8.694083 | r:  -517.000000 | e:   1.000000 | Q:        nan | won: False 
#  324 | steps:  3881 | steps_t:     0 | t: 8.715933 | r:  -509.000000 | e:   1.000000 | Q:        nan | won: False 
#  325 | steps:  3888 | steps_t:     0 | t: 8.731605 | r:  -506.000000 | e:   1.000000 | Q:        nan | won: False 
#  326 | steps:  3907 | steps_t:     0 | t: 8.774463 | r:  -507.000000 | e:   1.000000 | Q:        nan | won: False 
#  327 | steps:  3918 | steps_t:     0 | t: 8.799385 | r:  -510.000000 | e:   1.000000 | Q:        nan | won: False 
#  328 | steps:  3931 | steps_t:     0 | t: 8.829087 | r:  -512.000000 | e:   1.000000 | Q:        nan | won: False 
#  329 | steps:  3938 | steps_t:     0 | t: 8.844006 | r:  -506.000000 | e:   1.000000 | Q:        nan | won: False 
#  330 | steps:  3952 | steps_t:     0 | t: 8.875789 | r:  -502.000000 | e:   1.000000 | Q:        nan | won: False 
#  331 | steps:  3961 | steps_t:     0 | t: 8.896087 | r:  -508.000000 | e:   1.000000 | Q:        nan | won: False 
#  332 | steps:  3970 | steps_t:     0 | t: 8.916166 | r:  -508.000000 | e:   1.000000 | Q:        nan | won: False 
#  333 | steps:  3977 | steps_t:     0 | t: 8.931062 | r:  -506.000000 | e:   1.000000 | Q:        nan | won: False 
#  334 | steps:  3989 | steps_t:     0 | t: 8.958265 | r:  -500.000000 | e:   1.000000 | Q:        nan | won: False 
#  335 | steps:  3997 | steps_t:     0 | t: 8.976182 | r:  -507.000000 | e:   1.000000 | Q:        nan | won: False 
#  336 | steps:  4009 | steps_t:     0 | t: 9.002601 | r:  -511.000000 | e:   1.000000 | Q:        nan | won: False 
#  337 | steps:  4016 | steps_t:     0 | t: 9.018475 | r:  -506.000000 | e:   1.000000 | Q:        nan | won: False 
#  338 | steps:  4031 | steps_t:     0 | t: 9.052869 | r:  -492.000000 | e:   1.000000 | Q:        nan | won: False 
#  339 | steps:  4047 | steps_t:     0 | t: 9.089309 | r:  -515.000000 | e:   1.000000 | Q:        nan | won: False 
#  340 | steps:  4057 | steps_t:     0 | t: 9.112098 | r:  -509.000000 | e:   1.000000 | Q:        nan | won: False 
#  341 | steps:  4066 | steps_t:     0 | t: 9.132547 | r:  -508.000000 | e:   1.000000 | Q:        nan | won: False 
#  342 | steps:  4082 | steps_t:     0 | t: 9.169020 | r:  -515.000000 | e:   1.000000 | Q:        nan | won: False 
#  343 | steps:  4088 | steps_t:     0 | t: 9.181498 | r:  -505.000000 | e:   1.000000 | Q:        nan | won: False 
#  344 | steps:  4101 | steps_t:     0 | t: 9.210990 | r:  -512.000000 | e:   1.000000 | Q:        nan | won: False 
#  345 | steps:  4117 | steps_t:     0 | t: 9.247704 | r:  -515.000000 | e:   1.000000 | Q:        nan | won: False 
#  346 | steps:  4134 | steps_t:     0 | t: 9.286466 | r:  -505.000000 | e:   1.000000 | Q:        nan | won: False 
#  347 | steps:  4149 | steps_t:     0 | t: 9.320414 | r:  -503.000000 | e:   1.000000 | Q:        nan | won: False 
#  348 | steps:  4155 | steps_t:     0 | t: 9.333545 | r:  -505.000000 | e:   1.000000 | Q:        nan | won: False 
#  349 | steps:  4166 | steps_t:     0 | t: 9.358593 | r:  -510.000000 | e:   1.000000 | Q:        nan | won: False 
#  350 | steps:  4172 | steps_t:     0 | t: 9.371186 | r:  -505.000000 | e:   1.000000 | Q:        nan | won: False 
#  351 | steps:  4182 | steps_t:     0 | t: 9.393671 | r:  -509.000000 | e:   1.000000 | Q:        nan | won: False 
#  352 | steps:  4196 | steps_t:     0 | t: 9.424431 | r:  -513.000000 | e:   1.000000 | Q:        nan | won: False 
#  353 | steps:  4207 | steps_t:     0 | t: 9.448291 | r:  -510.000000 | e:   1.000000 | Q:        nan | won: False 
#  354 | steps:  4217 | steps_t:     0 | t: 9.470109 | r:  -509.000000 | e:   1.000000 | Q:        nan | won: False 
#  355 | steps:  4223 | steps_t:     0 | t: 9.482574 | r:  -505.000000 | e:   1.000000 | Q:        nan | won: False 
#  356 | steps:  4234 | steps_t:     0 | t: 9.506443 | r:  -510.000000 | e:   1.000000 | Q:        nan | won: False 
#  357 | steps:  4239 | steps_t:     0 | t: 9.516613 | r:  -504.000000 | e:   1.000000 | Q:        nan | won: False 
#  358 | steps:  4246 | steps_t:     0 | t: 9.531428 | r:  -506.000000 | e:   1.000000 | Q:        nan | won: False 
#  359 | steps:  4256 | steps_t:     0 | t: 9.553309 | r:  -509.000000 | e:   1.000000 | Q:        nan | won: False 
#  360 | steps:  4264 | steps_t:     0 | t: 9.571593 | r:  -507.000000 | e:   1.000000 | Q:        nan | won: False 
#  361 | steps:  4275 | steps_t:     0 | t: 9.595706 | r:  -510.000000 | e:   1.000000 | Q:        nan | won: False 
#  362 | steps:  4286 | steps_t:     0 | t: 9.620975 | r:  -510.000000 | e:   1.000000 | Q:        nan | won: False 
#  363 | steps:  4305 | steps_t:     0 | t: 9.664727 | r:  -518.000000 | e:   1.000000 | Q:        nan | won: False 
#  364 | steps:  4315 | steps_t:     0 | t: 9.685722 | r:  -509.000000 | e:   1.000000 | Q:        nan | won: False 
#  365 | steps:  4330 | steps_t:     0 | t: 9.719487 | r:  -492.000000 | e:   1.000000 | Q:        nan | won: False 
#  366 | steps:  4347 | steps_t:     0 | t: 9.758304 | r:  -505.000000 | e:   1.000000 | Q:        nan | won: False 
#  367 | steps:  4354 | steps_t:     0 | t: 9.773269 | r:  -506.000000 | e:   1.000000 | Q:        nan | won: False 
#  368 | steps:  4361 | steps_t:     0 | t: 9.789319 | r:  -506.000000 | e:   1.000000 | Q:        nan | won: False 
#  369 | steps:  4372 | steps_t:     0 | t: 9.813296 | r:  -510.000000 | e:   1.000000 | Q:        nan | won: False 
#  370 | steps:  4381 | steps_t:     0 | t: 9.833555 | r:  -508.000000 | e:   1.000000 | Q:        nan | won: False 
#  371 | steps:  4389 | steps_t:     0 | t: 9.851449 | r:  -507.000000 | e:   1.000000 | Q:        nan | won: False 
#  372 | steps:  4398 | steps_t:     0 | t: 9.870961 | r:  -508.000000 | e:   1.000000 | Q:        nan | won: False 
#  373 | steps:  4410 | steps_t:     0 | t: 9.898520 | r:  -511.000000 | e:   1.000000 | Q:        nan | won: False 
#  374 | steps:  4415 | steps_t:     0 | t: 9.908710 | r:  -504.000000 | e:   1.000000 | Q:        nan | won: False 
#  375 | steps:  4436 | steps_t:     0 | t: 9.956757 | r:  -520.000000 | e:   1.000000 | Q:        nan | won: False 
#  376 | steps:  4458 | steps_t:     0 | t: 10.006521 | r:  -521.000000 | e:   1.000000 | Q:        nan | won: False 
#  377 | steps:  4468 | steps_t:     0 | t: 10.029703 | r:  -509.000000 | e:   1.000000 | Q:        nan | won: False 
#  378 | steps:  4477 | steps_t:     0 | t: 10.050042 | r:  -508.000000 | e:   1.000000 | Q:        nan | won: False 
#  379 | steps:  4486 | steps_t:     0 | t: 10.069675 | r:  -508.000000 | e:   1.000000 | Q:        nan | won: False 
#  380 | steps:  4499 | steps_t:     0 | t: 10.099773 | r:  -512.000000 | e:   1.000000 | Q:        nan | won: False 
#  381 | steps:  4509 | steps_t:     0 | t: 10.122599 | r:  -509.000000 | e:   1.000000 | Q:        nan | won: False 
#  382 | steps:  4515 | steps_t:     0 | t: 10.135266 | r:  -505.000000 | e:   1.000000 | Q:        nan | won: False 
#  383 | steps:  4529 | steps_t:     0 | t: 10.166808 | r:  -513.000000 | e:   1.000000 | Q:        nan | won: False 
#  384 | steps:  4534 | steps_t:     0 | t: 10.178048 | r:  -504.000000 | e:   1.000000 | Q:        nan | won: False 
#  385 | steps:  4548 | steps_t:     0 | t: 10.210066 | r:  -513.000000 | e:   1.000000 | Q:        nan | won: False 
#  386 | steps:  4556 | steps_t:     0 | t: 10.227420 | r:  -507.000000 | e:   1.000000 | Q:        nan | won: False 
#  387 | steps:  4573 | steps_t:     0 | t: 10.266440 | r:  -516.000000 | e:   1.000000 | Q:        nan | won: False 
#  388 | steps:  4586 | steps_t:     0 | t: 10.296946 | r:  -512.000000 | e:   1.000000 | Q:        nan | won: False 
#  389 | steps:  4605 | steps_t:     0 | t: 10.340620 | r:  -496.000000 | e:   1.000000 | Q:        nan | won: False 
#  390 | steps:  4612 | steps_t:     0 | t: 10.355815 | r:  -506.000000 | e:   1.000000 | Q:        nan | won: False 
#  391 | steps:  4623 | steps_t:     0 | t: 10.380633 | r:  -510.000000 | e:   1.000000 | Q:        nan | won: False 
#  392 | steps:  4645 | steps_t:     0 | t: 10.430885 | r:  -521.000000 | e:   1.000000 | Q:        nan | won: False 
#  393 | steps:  4655 | steps_t:     0 | t: 10.452458 | r:  -509.000000 | e:   1.000000 | Q:        nan | won: False 
#  394 | steps:  4663 | steps_t:     0 | t: 10.471364 | r:  -507.000000 | e:   1.000000 | Q:        nan | won: False 
#  395 | steps:  4681 | steps_t:     0 | t: 10.513444 | r:  -517.000000 | e:   1.000000 | Q:        nan | won: False 
#  396 | steps:  4687 | steps_t:     0 | t: 10.526870 | r:  -505.000000 | e:   1.000000 | Q:        nan | won: False 
#  397 | steps:  4695 | steps_t:     0 | t: 10.544174 | r:  -507.000000 | e:   1.000000 | Q:        nan | won: False 
#  398 | steps:  4710 | steps_t:     0 | t: 10.578576 | r:  -492.000000 | e:   1.000000 | Q:        nan | won: False 
#  399 | steps:  4716 | steps_t:     0 | t: 10.593160 | r:  -505.000000 | e:   1.000000 | Q:        nan | won: False 
#  400 | steps:  4724 | steps_t:     0 | t: 10.610498 | r:  -507.000000 | e:   1.000000 | Q:        nan | won: False 
#  401 | steps:  4739 | steps_t:     0 | t: 10.644413 | r:  -492.000000 | e:   1.000000 | Q:        nan | won: False 
#  402 | steps:  4754 | steps_t:     0 | t: 10.678366 | r:  -514.000000 | e:   1.000000 | Q:        nan | won: False 
#  403 | steps:  4775 | steps_t:     0 | t: 10.726844 | r:  -520.000000 | e:   1.000000 | Q:        nan | won: False 
#  404 | steps:  4782 | steps_t:     0 | t: 10.742842 | r:  -506.000000 | e:   1.000000 | Q:        nan | won: False 
#  405 | steps:  4800 | steps_t:     0 | t: 10.784342 | r:  -506.000000 | e:   1.000000 | Q:        nan | won: False 
#  406 | steps:  4811 | steps_t:     0 | t: 10.809518 | r:  -510.000000 | e:   1.000000 | Q:        nan | won: False 
#  407 | steps:  4824 | steps_t:     0 | t: 10.839632 | r:  -512.000000 | e:   1.000000 | Q:        nan | won: False 
#  408 | steps:  4837 | steps_t:     0 | t: 10.869978 | r:  -512.000000 | e:   1.000000 | Q:        nan | won: False 
#  409 | steps:  4846 | steps_t:     0 | t: 10.890420 | r:  -508.000000 | e:   1.000000 | Q:        nan | won: False 
#  410 | steps:  4854 | steps_t:     0 | t: 10.907867 | r:  -507.000000 | e:   1.000000 | Q:        nan | won: False 
#  411 | steps:  4860 | steps_t:     0 | t: 10.921067 | r:  -505.000000 | e:   1.000000 | Q:        nan | won: False 
#  412 | steps:  4877 | steps_t:     0 | t: 10.960262 | r:  -516.000000 | e:   1.000000 | Q:        nan | won: False 
#  413 | steps:  4897 | steps_t:     0 | t: 11.006021 | r:  -508.000000 | e:   1.000000 | Q:        nan | won: False 
#  414 | steps:  4907 | steps_t:     0 | t: 11.029148 | r:  -509.000000 | e:   1.000000 | Q:        nan | won: False 
#  415 | steps:  4916 | steps_t:     0 | t: 11.049792 | r:  -508.000000 | e:   1.000000 | Q:        nan | won: False 
#  416 | steps:  4926 | steps_t:     0 | t: 11.071602 | r:  -509.000000 | e:   1.000000 | Q:        nan | won: False 
#  417 | steps:  4935 | steps_t:     0 | t: 11.092073 | r:  -508.000000 | e:   1.000000 | Q:        nan | won: False 
#  418 | steps:  4946 | steps_t:     0 | t: 11.117374 | r:  -510.000000 | e:   1.000000 | Q:        nan | won: False 
#  419 | steps:  4953 | steps_t:     0 | t: 11.132555 | r:  -506.000000 | e:   1.000000 | Q:        nan | won: False 
#  420 | steps:  4969 | steps_t:     0 | t: 11.169267 | r:  -504.000000 | e:   1.000000 | Q:        nan | won: False 
#  421 | steps:  4976 | steps_t:     0 | t: 11.184212 | r:  -506.000000 | e:   1.000000 | Q:        nan | won: False 
#  422 | steps:  4983 | steps_t:     0 | t: 11.199983 | r:  -506.000000 | e:   1.000000 | Q:        nan | won: False 
#  423 | steps:  4989 | steps_t:     0 | t: 11.212629 | r:  -505.000000 | e:   1.000000 | Q:        nan | won: False 
