#    1 | steps:    12 | steps_t:     0 | t: 0.026070 | r:  -511.000000 | e:   1.000000 | Q:        nan | won: False 
#    2 | steps:    23 | steps_t:     0 | t: 0.042075 | r:  -510.000000 | e:   1.000000 | Q:        nan | won: False 
#    3 | steps:    30 | steps_t:     0 | t: 0.052133 | r:  -506.000000 | e:   1.000000 | Q:        nan | won: False 
#    4 | steps:    38 | steps_t:     0 | t: 0.063769 | r:  -507.000000 | e:   1.000000 | Q:        nan | won: False 
#    5 | steps:    53 | steps_t:     0 | t: 0.086063 | r:  -492.000000 | e:   1.000000 | Q:        nan | won: False 
#    6 | steps:    58 | steps_t:     0 | t: 0.092534 | r:  -504.000000 | e:   1.000000 | Q:        nan | won: False 
#    7 | steps:    66 | steps_t:     0 | t: 0.103592 | r:  -507.000000 | e:   1.000000 | Q:        nan | won: False 
#    8 | steps:    72 | steps_t:     0 | t: 0.111493 | r:  -505.000000 | e:   1.000000 | Q:        nan | won: False 
#    9 | steps:    77 | steps_t:     0 | t: 0.118624 | r:  -504.000000 | e:   1.000000 | Q:        nan | won: False 
#   10 | steps:    89 | steps_t:     0 | t: 0.135055 | r:  -511.000000 | e:   1.000000 | Q:        nan | won: False 
#   11 | steps:    96 | steps_t:     0 | t: 0.144252 | r:  -506.000000 | e:   1.000000 | Q:        nan | won: False 
#   12 | steps:   101 | steps_t:     0 | t: 0.151125 | r:  -504.000000 | e:   1.000000 | Q:        nan | won: False 
#   13 | steps:   108 | steps_t:     0 | t: 0.160360 | r:  -506.000000 | e:   1.000000 | Q:        nan | won: False 
#   14 | steps:   116 | steps_t:     0 | t: 0.171010 | r:  -507.000000 | e:   1.000000 | Q:        nan | won: False 
#   15 | steps:   123 | steps_t:     0 | t: 0.180768 | r:  -506.000000 | e:   1.000000 | Q:        nan | won: False 
#   16 | steps:   132 | steps_t:     0 | t: 0.192691 | r:  -508.000000 | e:   1.000000 | Q:        nan | won: False 
#   17 | steps:   146 | steps_t:     0 | t: 0.212751 | r:  -513.000000 | e:   1.000000 | Q:        nan | won: False 
#   18 | steps:   153 | steps_t:     0 | t: 0.221881 | r:  -506.000000 | e:   1.000000 | Q:        nan | won: False 
#   19 | steps:   161 | steps_t:     0 | t: 0.233378 | r:  -507.000000 | e:   1.000000 | Q:        nan | won: False 
#   20 | steps:   169 | steps_t:     0 | t: 0.244853 | r:  -507.000000 | e:   1.000000 | Q:        nan | won: False 
#   21 | steps:   180 | steps_t:     0 | t: 0.259814 | r:  -510.000000 | e:   1.000000 | Q:        nan | won: False 
#   22 | steps:   190 | steps_t:     0 | t: 0.274167 | r:  -509.000000 | e:   1.000000 | Q:        nan | won: False 
#   23 | steps:   202 | steps_t:     0 | t: 0.290576 | r:  -511.000000 | e:   1.000000 | Q:        nan | won: False 
#   24 | steps:   214 | steps_t:     0 | t: 0.307802 | r:  -511.000000 | e:   1.000000 | Q:        nan | won: False 
#   25 | steps:   220 | steps_t:     0 | t: 0.315507 | r:  -505.000000 | e:   1.000000 | Q:        nan | won: False 
#   26 | steps:   233 | steps_t:     0 | t: 0.334128 | r:  -512.000000 | e:   1.000000 | Q:        nan | won: False 
#   27 | steps:   247 | steps_t:     0 | t: 0.353531 | r:  -513.000000 | e:   1.000000 | Q:        nan | won: False 
#   28 | steps:   260 | steps_t:     0 | t: 0.372360 | r:  -512.000000 | e:   1.000000 | Q:        nan | won: False 
#   29 | steps:   272 | steps_t:     0 | t: 0.388651 | r:  -511.000000 | e:   1.000000 | Q:        nan | won: False 
#   30 | steps:   287 | steps_t:     0 | t: 0.410487 | r:  -514.000000 | e:   1.000000 | Q:        nan | won: False 
#   31 | steps:   300 | steps_t:     0 | t: 0.429946 | r:  -512.000000 | e:   1.000000 | Q:        nan | won: False 
#   32 | steps:   308 | steps_t:     0 | t: 0.440479 | r:  -507.000000 | e:   1.000000 | Q:        nan | won: False 
#   33 | steps:   318 | steps_t:     0 | t: 0.454099 | r:  -509.000000 | e:   1.000000 | Q:        nan | won: False 
#   34 | steps:   327 | steps_t:     0 | t: 0.467116 | r:  -508.000000 | e:   1.000000 | Q:        nan | won: False 
#   35 | steps:   357 | steps_t:     0 | t: 0.510546 | r:    82.000000 | e:   1.000000 | Q:        nan | won: True 
#   36 | steps:   363 | steps_t:     0 | t: 0.518271 | r:  -505.000000 | e:   1.000000 | Q:        nan | won: False 
#   37 | steps:   384 | steps_t:     0 | t: 0.548555 | r:  -509.000000 | e:   1.000000 | Q:        nan | won: False 
#   38 | steps:   394 | steps_t:     0 | t: 0.563160 | r:  -509.000000 | e:   1.000000 | Q:        nan | won: False 
#   39 | steps:   404 | steps_t:     0 | t: 0.576847 | r:  -509.000000 | e:   1.000000 | Q:        nan | won: False 
#   40 | steps:   411 | steps_t:     0 | t: 0.587035 | r:  -506.000000 | e:   1.000000 | Q:        nan | won: False 
#   41 | steps:   421 | steps_t:     0 | t: 0.600548 | r:  -509.000000 | e:   1.000000 | Q:        nan | won: False 
#   42 | steps:   429 | steps_t:     0 | t: 0.611285 | r:  -507.000000 | e:   1.000000 | Q:        nan | won: False 
#   43 | steps:   438 | steps_t:     0 | t: 0.625158 | r:  -508.000000 | e:   1.000000 | Q:        nan | won: False 
#   44 | steps:   447 | steps_t:     0 | t: 0.637165 | r:  -508.000000 | e:   1.000000 | Q:        nan | won: False 
#   45 | steps:   455 | steps_t:     0 | t: 0.648762 | r:  -507.000000 | e:   1.000000 | Q:        nan | won: False 
#   46 | steps:   469 | steps_t:     0 | t: 0.668240 | r:  -513.000000 | e:   1.000000 | Q:        nan | won: False 
#   47 | steps:   475 | steps_t:     0 | t: 0.675966 | r:  -505.000000 | e:   1.000000 | Q:        nan | won: False 
#   48 | steps:   487 | steps_t:     0 | t: 0.693269 | r:  -511.000000 | e:   1.000000 | Q:        nan | won: False 
#   49 | steps:   499 | steps_t:     0 | t: 0.710238 | r:  -511.000000 | e:   1.000000 | Q:        nan | won: False 
#   50 | steps:   510 | steps_t:     0 | t: 0.725858 | r:  -510.000000 | e:   1.000000 | Q:        nan | won: False 
#   51 | steps:   529 | steps_t:     0 | t: 0.753442 | r:  -518.000000 | e:   1.000000 | Q:        nan | won: False 
#   52 | steps:   535 | steps_t:     0 | t: 0.761199 | r:  -505.000000 | e:   1.000000 | Q:        nan | won: False 
#   53 | steps:   547 | steps_t:     0 | t: 0.778755 | r:  -511.000000 | e:   1.000000 | Q:        nan | won: False 
#   54 | steps:   563 | steps_t:     0 | t: 0.800976 | r:  -504.000000 | e:   1.000000 | Q:        nan | won: False 
#   55 | steps:   575 | steps_t:     0 | t: 0.818534 | r:  -511.000000 | e:   1.000000 | Q:        nan | won: False 
#   56 | steps:   582 | steps_t:     0 | t: 0.828403 | r:  -506.000000 | e:   1.000000 | Q:        nan | won: False 
#   57 | steps:   589 | steps_t:     0 | t: 0.838492 | r:  -506.000000 | e:   1.000000 | Q:        nan | won: False 
#   58 | steps:   600 | steps_t:     0 | t: 0.853761 | r:  -510.000000 | e:   1.000000 | Q:        nan | won: False 
#   59 | steps:   608 | steps_t:     0 | t: 0.864520 | r:  -507.000000 | e:   1.000000 | Q:        nan | won: False 
#   60 | steps:   626 | steps_t:     0 | t: 0.890582 | r:  -506.000000 | e:   1.000000 | Q:        nan | won: False 
#   61 | steps:   637 | steps_t:     0 | t: 0.906510 | r:  -510.000000 | e:   1.000000 | Q:        nan | won: False 
#   62 | steps:   644 | steps_t:     0 | t: 0.915784 | r:  -506.000000 | e:   1.000000 | Q:        nan | won: False 
#   63 | steps:   654 | steps_t:     0 | t: 0.929744 | r:  -509.000000 | e:   1.000000 | Q:        nan | won: False 
#   64 | steps:   672 | steps_t:     0 | t: 0.955477 | r:  -517.000000 | e:   1.000000 | Q:        nan | won: False 
#   65 | steps:   691 | steps_t:     0 | t: 0.982955 | r:  -507.000000 | e:   1.000000 | Q:        nan | won: False 
#   66 | steps:   710 | steps_t:     0 | t: 1.010412 | r:  -507.000000 | e:   1.000000 | Q:        nan | won: False 
#   67 | steps:   723 | steps_t:     0 | t: 1.030151 | r:  -512.000000 | e:   1.000000 | Q:        nan | won: False 
#   68 | steps:   728 | steps_t:     0 | t: 1.036426 | r:  -504.000000 | e:   1.000000 | Q:        nan | won: False 
#   69 | steps:   741 | steps_t:     0 | t: 1.054554 | r:  -512.000000 | e:   1.000000 | Q:        nan | won: False 
#   70 | steps:   747 | steps_t:     0 | t: 1.063276 | r:  -505.000000 | e:   1.000000 | Q:        nan | won: False 
#   71 | steps:   780 | steps_t:     0 | t: 1.111473 | r:  -532.000000 | e:   1.000000 | Q:        nan | won: False 
#   72 | steps:   798 | steps_t:     0 | t: 1.137635 | r:  -506.000000 | e:   1.000000 | Q:        nan | won: False 
#   73 | steps:   810 | steps_t:     0 | t: 1.155035 | r:  -511.000000 | e:   1.000000 | Q:        nan | won: False 
#   74 | steps:   823 | steps_t:     0 | t: 1.173248 | r:  -512.000000 | e:   1.000000 | Q:        nan | won: False 
#   75 | steps:   839 | steps_t:     0 | t: 1.196645 | r:  -515.000000 | e:   1.000000 | Q:        nan | won: False 
#   76 | steps:   847 | steps_t:     0 | t: 1.207392 | r:  -507.000000 | e:   1.000000 | Q:        nan | won: False 
#   77 | steps:   872 | steps_t:     0 | t: 1.244921 | r:  -524.000000 | e:   1.000000 | Q:        nan | won: False 
#   78 | steps:   879 | steps_t:     0 | t: 1.254047 | r:  -506.000000 | e:   1.000000 | Q:        nan | won: False 
#   79 | steps:   885 | steps_t:     0 | t: 1.262395 | r:  -505.000000 | e:   1.000000 | Q:        nan | won: False 
#   80 | steps:   904 | steps_t:     0 | t: 1.290439 | r:  -518.000000 | e:   1.000000 | Q:        nan | won: False 
#   81 | steps:   909 | steps_t:     0 | t: 1.296687 | r:  -504.000000 | e:   1.000000 | Q:        nan | won: False 
#   82 | steps:   914 | steps_t:     0 | t: 1.303604 | r:  -504.000000 | e:   1.000000 | Q:        nan | won: False 
#   83 | steps:   923 | steps_t:     0 | t: 1.316095 | r:  -508.000000 | e:   1.000000 | Q:        nan | won: False 
#   84 | steps:   929 | steps_t:     0 | t: 1.323784 | r:  -505.000000 | e:   1.000000 | Q:        nan | won: False 
#   85 | steps:   957 | steps_t:     0 | t: 1.364781 | r:  -527.000000 | e:   1.000000 | Q:        nan | won: False 
#   86 | steps:   962 | steps_t:     0 | t: 1.370906 | r:  -504.000000 | e:   1.000000 | Q:        nan | won: False 
#   87 | steps:   979 | steps_t:     0 | t: 1.395828 | r:  -516.000000 | e:   1.000000 | Q:        nan | won: False 
#   88 | steps:  1003 | steps_t:     0 | t: 1.431460 | r:  -523.000000 | e:   1.000000 | Q:        nan | won: False 
#   89 | steps:  1015 | steps_t:     0 | t: 1.448060 | r:  -511.000000 | e:   1.000000 | Q:        nan | won: False 
#   90 | steps:  1027 | steps_t:     0 | t: 1.465416 | r:  -500.000000 | e:   1.000000 | Q:        nan | won: False 
#   91 | steps:  1032 | steps_t:     0 | t: 1.471550 | r:  -504.000000 | e:   1.000000 | Q:        nan | won: False 
#   92 | steps:  1050 | steps_t:     0 | t: 1.497772 | r:  -506.000000 | e:   1.000000 | Q:        nan | won: False 
#   93 | steps:  1059 | steps_t:     0 | t: 1.509826 | r:  -508.000000 | e:   1.000000 | Q:        nan | won: False 
#   94 | steps:  1068 | steps_t:     0 | t: 1.522794 | r:  -508.000000 | e:   1.000000 | Q:        nan | won: False 
#   95 | steps:  1077 | steps_t:     0 | t: 1.534849 | r:  -508.000000 | e:   1.000000 | Q:        nan | won: False 
#   96 | steps:  1102 | steps_t:     0 | t: 1.571162 | r:  -524.000000 | e:   1.000000 | Q:        nan | won: False 
#   97 | steps:  1109 | steps_t:     0 | t: 1.581013 | r:  -506.000000 | e:   1.000000 | Q:        nan | won: False 
#   98 | steps:  1116 | steps_t:     0 | t: 1.590094 | r:  -506.000000 | e:   1.000000 | Q:        nan | won: False 
#   99 | steps:  1139 | steps_t:     0 | t: 1.624093 | r:  -522.000000 | e:   1.000000 | Q:        nan | won: False 
#  100 | steps:  1155 | steps_t:     0 | t: 1.647416 | r:  -504.000000 | e:   1.000000 | Q:        nan | won: False 
#  101 | steps:  1162 | steps_t:     0 | t: 1.656557 | r:  -506.000000 | e:   1.000000 | Q:        nan | won: False 
#  102 | steps:  1173 | steps_t:     0 | t: 1.671517 | r:  -510.000000 | e:   1.000000 | Q:        nan | won: False 
#  103 | steps:  1184 | steps_t:     0 | t: 1.687436 | r:  -510.000000 | e:   1.000000 | Q:        nan | won: False 
#  104 | steps:  1190 | steps_t:     0 | t: 1.695029 | r:  -505.000000 | e:   1.000000 | Q:        nan | won: False 
#  105 | steps:  1201 | steps_t:     0 | t: 1.710908 | r:  -510.000000 | e:   1.000000 | Q:        nan | won: False 
#  106 | steps:  1211 | steps_t:     0 | t: 1.724562 | r:  -509.000000 | e:   1.000000 | Q:        nan | won: False 
#  107 | steps:  1217 | steps_t:     0 | t: 1.732268 | r:  -505.000000 | e:   1.000000 | Q:        nan | won: False 
#  108 | steps:  1223 | steps_t:     0 | t: 1.740752 | r:  -505.000000 | e:   1.000000 | Q:        nan | won: False 
#  109 | steps:  1233 | steps_t:     0 | t: 1.754168 | r:  -509.000000 | e:   1.000000 | Q:        nan | won: False 
#  110 | steps:  1238 | steps_t:     0 | t: 1.760451 | r:  -504.000000 | e:   1.000000 | Q:        nan | won: False 
#  111 | steps:  1248 | steps_t:     0 | t: 1.774806 | r:  -509.000000 | e:   1.000000 | Q:        nan | won: False 
#  112 | steps:  1262 | steps_t:     0 | t: 1.794370 | r:  -513.000000 | e:   1.000000 | Q:        nan | won: False 
#  113 | steps:  1269 | steps_t:     0 | t: 1.804259 | r:  -506.000000 | e:   1.000000 | Q:        nan | won: False 
#  114 | steps:  1278 | steps_t:     0 | t: 1.816391 | r:  -508.000000 | e:   1.000000 | Q:        nan | won: False 
#  115 | steps:  1284 | steps_t:     0 | t: 1.823911 | r:  -505.000000 | e:   1.000000 | Q:        nan | won: False 
#  116 | steps:  1294 | steps_t:     0 | t: 1.838966 | r:  -509.000000 | e:   1.000000 | Q:        nan | won: False 
#  117 | steps:  1301 | steps_t:     0 | t: 1.848056 | r:  -506.000000 | e:   1.000000 | Q:        nan | won: False 
#  118 | steps:  1314 | steps_t:     0 | t: 1.866865 | r:  -512.000000 | e:   1.000000 | Q:        nan | won: False 
#  119 | steps:  1340 | steps_t:     0 | t: 1.904660 | r:  -525.000000 | e:   1.000000 | Q:        nan | won: False 
#  120 | steps:  1355 | steps_t:     0 | t: 1.925541 | r:  -514.000000 | e:   1.000000 | Q:        nan | won: False 
#  121 | steps:  1375 | steps_t:     0 | t: 1.954538 | r:  -519.000000 | e:   1.000000 | Q:        nan | won: False 
#  122 | steps:  1390 | steps_t:     0 | t: 1.976289 | r:  -503.000000 | e:   1.000000 | Q:        nan | won: False 
#  123 | steps:  1404 | steps_t:     0 | t: 1.996474 | r:  -513.000000 | e:   1.000000 | Q:        nan | won: False 
#  124 | steps:  1413 | steps_t:     0 | t: 2.008605 | r:  -508.000000 | e:   1.000000 | Q:        nan | won: False 
#  125 | steps:  1421 | steps_t:     0 | t: 2.019138 | r:  -507.000000 | e:   1.000000 | Q:        nan | won: False 
#  126 | steps:  1438 | steps_t:     0 | t: 2.044564 | r:  -505.000000 | e:   1.000000 | Q:        nan | won: False 
#  127 | steps:  1451 | steps_t:     0 | t: 2.099799 | r:  -512.000000 | e:   1.000000 | Q:        nan | won: False 
#  128 | steps:  1465 | steps_t:     0 | t: 2.121469 | r:  -513.000000 | e:   1.000000 | Q:        nan | won: False 
#  129 | steps:  1482 | steps_t:     0 | t: 2.146259 | r:  -516.000000 | e:   1.000000 | Q:        nan | won: False 
#  130 | steps:  1489 | steps_t:     0 | t: 2.155409 | r:  -506.000000 | e:   1.000000 | Q:        nan | won: False 
#  131 | steps:  1499 | steps_t:     0 | t: 2.169861 | r:  -509.000000 | e:   1.000000 | Q:        nan | won: False 
#  132 | steps:  1504 | steps_t:     0 | t: 2.176015 | r:  -504.000000 | e:   1.000000 | Q:        nan | won: False 
#  133 | steps:  1510 | steps_t:     0 | t: 2.183640 | r:  -505.000000 | e:   1.000000 | Q:        nan | won: False 
#  134 | steps:  1544 | steps_t:     0 | t: 2.232591 | r:  -533.000000 | e:   1.000000 | Q:        nan | won: False 
#  135 | steps:  1556 | steps_t:     0 | t: 2.249619 | r:  -511.000000 | e:   1.000000 | Q:        nan | won: False 
#  136 | steps:  1565 | steps_t:     0 | t: 2.262658 | r:  -508.000000 | e:   1.000000 | Q:        nan | won: False 
#  137 | steps:  1579 | steps_t:     0 | t: 2.281937 | r:  -502.000000 | e:   1.000000 | Q:        nan | won: False 
#  138 | steps:  1587 | steps_t:     0 | t: 2.293351 | r:  -507.000000 | e:   1.000000 | Q:        nan | won: False 
#  139 | steps:  1606 | steps_t:     0 | t: 2.320865 | r:  -518.000000 | e:   1.000000 | Q:        nan | won: False 
#  140 | steps:  1619 | steps_t:     0 | t: 2.339768 | r:  -512.000000 | e:   1.000000 | Q:        nan | won: False 
#  141 | steps:  1630 | steps_t:     0 | t: 2.355502 | r:  -510.000000 | e:   1.000000 | Q:        nan | won: False 
#  142 | steps:  1636 | steps_t:     0 | t: 2.363199 | r:  -505.000000 | e:   1.000000 | Q:        nan | won: False 
#  143 | steps:  1653 | steps_t:     0 | t: 2.387510 | r:  -505.000000 | e:   1.000000 | Q:        nan | won: False 
#  144 | steps:  1660 | steps_t:     0 | t: 2.396521 | r:  -506.000000 | e:   1.000000 | Q:        nan | won: False 
#  145 | steps:  1671 | steps_t:     0 | t: 2.411495 | r:  -510.000000 | e:   1.000000 | Q:        nan | won: False 
#  146 | steps:  1684 | steps_t:     0 | t: 2.430456 | r:  -512.000000 | e:   1.000000 | Q:        nan | won: False 
#  147 | steps:  1699 | steps_t:     0 | t: 2.452156 | r:  -492.000000 | e:   1.000000 | Q:        nan | won: False 
#  148 | steps:  1715 | steps_t:     0 | t: 2.474721 | r:  -515.000000 | e:   1.000000 | Q:        nan | won: False 
#  149 | steps:  1726 | steps_t:     0 | t: 2.490495 | r:  -510.000000 | e:   1.000000 | Q:        nan | won: False 
#  150 | steps:  1752 | steps_t:     0 | t: 2.528876 | r:  -514.000000 | e:   1.000000 | Q:        nan | won: False 
#  151 | steps:  1763 | steps_t:     0 | t: 2.544855 | r:  -510.000000 | e:   1.000000 | Q:        nan | won: False 
#  152 | steps:  1776 | steps_t:     0 | t: 2.562527 | r:  -501.000000 | e:   1.000000 | Q:        nan | won: False 
#  153 | steps:  1791 | steps_t:     0 | t: 2.584282 | r:  -503.000000 | e:   1.000000 | Q:        nan | won: False 
#  154 | steps:  1811 | steps_t:     0 | t: 2.613462 | r:  -519.000000 | e:   1.000000 | Q:        nan | won: False 
#  155 | steps:  1818 | steps_t:     0 | t: 2.622465 | r:  -506.000000 | e:   1.000000 | Q:        nan | won: False 
#  156 | steps:  1829 | steps_t:     0 | t: 2.638240 | r:  -510.000000 | e:   1.000000 | Q:        nan | won: False 
#  157 | steps:  1836 | steps_t:     0 | t: 2.647641 | r:  -506.000000 | e:   1.000000 | Q:        nan | won: False 
#  158 | steps:  1843 | steps_t:     0 | t: 2.656687 | r:  -506.000000 | e:   1.000000 | Q:        nan | won: False 
#  159 | steps:  1857 | steps_t:     0 | t: 2.676857 | r:  -513.000000 | e:   1.000000 | Q:        nan | won: False 
#  160 | steps:  1882 | steps_t:     0 | t: 2.713639 | r:  -513.000000 | e:   1.000000 | Q:        nan | won: False 
#  161 | steps:  1896 | steps_t:     0 | t: 2.733918 | r:  -502.000000 | e:   1.000000 | Q:        nan | won: False 
#  162 | steps:  1904 | steps_t:     0 | t: 2.744432 | r:  -507.000000 | e:   1.000000 | Q:        nan | won: False 
#  163 | steps:  1921 | steps_t:     0 | t: 2.769415 | r:  -516.000000 | e:   1.000000 | Q:        nan | won: False 
#  164 | steps:  1936 | steps_t:     0 | t: 2.790166 | r:  -514.000000 | e:   1.000000 | Q:        nan | won: False 
#  165 | steps:  1944 | steps_t:     0 | t: 2.801688 | r:  -507.000000 | e:   1.000000 | Q:        nan | won: False 
#  166 | steps:  1950 | steps_t:     0 | t: 2.809230 | r:  -505.000000 | e:   1.000000 | Q:        nan | won: False 
#  167 | steps:  1973 | steps_t:     0 | t: 2.842710 | r:  -522.000000 | e:   1.000000 | Q:        nan | won: False 
#  168 | steps:  1993 | steps_t:     0 | t: 2.871713 | r:  -519.000000 | e:   1.000000 | Q:        nan | won: False 
#  169 | steps:  2012 | steps_t:     0 | t: 2.899387 | r:  -518.000000 | e:   1.000000 | Q:        nan | won: False 
#  170 | steps:  2022 | steps_t:     0 | t: 2.913332 | r:  -509.000000 | e:   1.000000 | Q:        nan | won: False 
#  171 | steps:  2037 | steps_t:     0 | t: 2.935755 | r:  -503.000000 | e:   1.000000 | Q:        nan | won: False 
#  172 | steps:  2047 | steps_t:     0 | t: 2.949531 | r:  -509.000000 | e:   1.000000 | Q:        nan | won: False 
#  173 | steps:  2064 | steps_t:     0 | t: 2.973781 | r:  -516.000000 | e:   1.000000 | Q:        nan | won: False 
#  174 | steps:  2086 | steps_t:     0 | t: 3.006007 | r:  -521.000000 | e:   1.000000 | Q:        nan | won: False 
#  175 | steps:  2093 | steps_t:     0 | t: 3.015910 | r:  -506.000000 | e:   1.000000 | Q:        nan | won: False 
#  176 | steps:  2102 | steps_t:     0 | t: 3.027999 | r:  -508.000000 | e:   1.000000 | Q:        nan | won: False 
#  177 | steps:  2121 | steps_t:     0 | t: 3.055714 | r:  -518.000000 | e:   1.000000 | Q:        nan | won: False 
#  178 | steps:  2142 | steps_t:     0 | t: 3.086254 | r:  -520.000000 | e:   1.000000 | Q:        nan | won: False 
#  179 | steps:  2150 | steps_t:     0 | t: 3.096964 | r:  -507.000000 | e:   1.000000 | Q:        nan | won: False 
#  180 | steps:  2158 | steps_t:     0 | t: 3.108359 | r:  -507.000000 | e:   1.000000 | Q:        nan | won: False 
#  181 | steps:  2177 | steps_t:     0 | t: 3.134703 | r:  -507.000000 | e:   1.000000 | Q:        nan | won: False 
#  182 | steps:  2189 | steps_t:     0 | t: 3.152745 | r:  -511.000000 | e:   1.000000 | Q:        nan | won: False 
#  183 | steps:  2200 | steps_t:     0 | t: 3.167719 | r:  -510.000000 | e:   1.000000 | Q:        nan | won: False 
#  184 | steps:  2213 | steps_t:     0 | t: 3.186494 | r:  -512.000000 | e:   1.000000 | Q:        nan | won: False 
#  185 | steps:  2223 | steps_t:     0 | t: 3.200232 | r:  -509.000000 | e:   1.000000 | Q:        nan | won: False 
#  186 | steps:  2233 | steps_t:     0 | t: 3.214319 | r:  -509.000000 | e:   1.000000 | Q:        nan | won: False 
#  187 | steps:  2245 | steps_t:     0 | t: 3.230811 | r:  -511.000000 | e:   1.000000 | Q:        nan | won: False 
#  188 | steps:  2253 | steps_t:     0 | t: 3.242352 | r:  -507.000000 | e:   1.000000 | Q:        nan | won: False 
#  189 | steps:  2266 | steps_t:     0 | t: 3.260116 | r:  -512.000000 | e:   1.000000 | Q:        nan | won: False 
#  190 | steps:  2278 | steps_t:     0 | t: 3.277501 | r:  -511.000000 | e:   1.000000 | Q:        nan | won: False 
#  191 | steps:  2290 | steps_t:     0 | t: 3.293897 | r:  -511.000000 | e:   1.000000 | Q:        nan | won: False 
#  192 | steps:  2300 | steps_t:     0 | t: 3.308290 | r:  -509.000000 | e:   1.000000 | Q:        nan | won: False 
#  193 | steps:  2308 | steps_t:     0 | t: 3.318770 | r:  -507.000000 | e:   1.000000 | Q:        nan | won: False 
#  194 | steps:  2319 | steps_t:     0 | t: 3.334544 | r:  -510.000000 | e:   1.000000 | Q:        nan | won: False 
#  195 | steps:  2330 | steps_t:     0 | t: 3.349175 | r:  -510.000000 | e:   1.000000 | Q:        nan | won: False 
#  196 | steps:  2340 | steps_t:     0 | t: 3.363935 | r:  -509.000000 | e:   1.000000 | Q:        nan | won: False 
#  197 | steps:  2349 | steps_t:     0 | t: 3.375893 | r:  -508.000000 | e:   1.000000 | Q:        nan | won: False 
#  198 | steps:  2360 | steps_t:     0 | t: 3.391564 | r:  -510.000000 | e:   1.000000 | Q:        nan | won: False 
#  199 | steps:  2371 | steps_t:     0 | t: 3.406553 | r:  -510.000000 | e:   1.000000 | Q:        nan | won: False 
#  200 | steps:  2380 | steps_t:     0 | t: 3.418570 | r:  -508.000000 | e:   1.000000 | Q:        nan | won: False 
#  201 | steps:  2393 | steps_t:     0 | t: 3.437449 | r:  -512.000000 | e:   1.000000 | Q:        nan | won: False 
#  202 | steps:  2406 | steps_t:     0 | t: 3.456209 | r:  -512.000000 | e:   1.000000 | Q:        nan | won: False 
#  203 | steps:  2412 | steps_t:     0 | t: 3.463915 | r:  -505.000000 | e:   1.000000 | Q:        nan | won: False 
#  204 | steps:  2421 | steps_t:     0 | t: 3.475972 | r:  -508.000000 | e:   1.000000 | Q:        nan | won: False 
#  205 | steps:  2433 | steps_t:     0 | t: 3.493104 | r:  -511.000000 | e:   1.000000 | Q:        nan | won: False 
#  206 | steps:  2443 | steps_t:     0 | t: 3.506637 | r:  -509.000000 | e:   1.000000 | Q:        nan | won: False 
#  207 | steps:  2451 | steps_t:     0 | t: 3.517957 | r:  -507.000000 | e:   1.000000 | Q:        nan | won: False 
#  208 | steps:  2465 | steps_t:     0 | t: 3.537358 | r:  -513.000000 | e:   1.000000 | Q:        nan | won: False 
#  209 | steps:  2473 | steps_t:     0 | t: 3.548832 | r:  -507.000000 | e:   1.000000 | Q:        nan | won: False 
#  210 | steps:  2479 | steps_t:     0 | t: 3.556435 | r:  -505.000000 | e:   1.000000 | Q:        nan | won: False 
#  211 | steps:  2506 | steps_t:     0 | t: 3.596077 | r:  -504.000000 | e:   1.000000 | Q:        nan | won: False 
#  212 | steps:  2512 | steps_t:     0 | t: 3.603781 | r:  -505.000000 | e:   1.000000 | Q:        nan | won: False 
#  213 | steps:  2522 | steps_t:     0 | t: 3.618231 | r:  -509.000000 | e:   1.000000 | Q:        nan | won: False 
#  214 | steps:  2528 | steps_t:     0 | t: 3.625997 | r:  -505.000000 | e:   1.000000 | Q:        nan | won: False 
#  215 | steps:  2539 | steps_t:     0 | t: 3.641830 | r:  -510.000000 | e:   1.000000 | Q:        nan | won: False 
#  216 | steps:  2562 | steps_t:     0 | t: 3.675258 | r:  -522.000000 | e:   1.000000 | Q:        nan | won: False 
#  217 | steps:  2568 | steps_t:     0 | t: 3.682821 | r:  -505.000000 | e:   1.000000 | Q:        nan | won: False 
#  218 | steps:  2577 | steps_t:     0 | t: 3.694943 | r:  -508.000000 | e:   1.000000 | Q:        nan | won: False 
#  219 | steps:  2583 | steps_t:     0 | t: 3.702785 | r:  -505.000000 | e:   1.000000 | Q:        nan | won: False 
#  220 | steps:  2589 | steps_t:     0 | t: 3.711049 | r:  -505.000000 | e:   1.000000 | Q:        nan | won: False 
#  221 | steps:  2603 | steps_t:     0 | t: 3.730419 | r:  -502.000000 | e:   1.000000 | Q:        nan | won: False 
#  222 | steps:  2625 | steps_t:     0 | t: 3.762542 | r:  -521.000000 | e:   1.000000 | Q:        nan | won: False 
#  223 | steps:  2632 | steps_t:     0 | t: 3.772609 | r:  -506.000000 | e:   1.000000 | Q:        nan | won: False 
#  224 | steps:  2638 | steps_t:     0 | t: 3.781051 | r:  -505.000000 | e:   1.000000 | Q:        nan | won: False 
#  225 | steps:  2658 | steps_t:     0 | t: 3.809749 | r:  -508.000000 | e:   1.000000 | Q:        nan | won: False 
#  226 | steps:  2669 | steps_t:     0 | t: 3.824793 | r:  -510.000000 | e:   1.000000 | Q:        nan | won: False 
#  227 | steps:  2676 | steps_t:     0 | t: 3.834869 | r:  -506.000000 | e:   1.000000 | Q:        nan | won: False 
#  228 | steps:  2682 | steps_t:     0 | t: 3.842423 | r:  -505.000000 | e:   1.000000 | Q:        nan | won: False 
#  229 | steps:  2694 | steps_t:     0 | t: 3.858787 | r:  -511.000000 | e:   1.000000 | Q:        nan | won: False 
#  230 | steps:  2703 | steps_t:     0 | t: 3.871768 | r:  -508.000000 | e:   1.000000 | Q:        nan | won: False 
#  231 | steps:  2709 | steps_t:     0 | t: 3.879336 | r:  -505.000000 | e:   1.000000 | Q:        nan | won: False 
#  232 | steps:  2715 | steps_t:     0 | t: 3.886977 | r:  -505.000000 | e:   1.000000 | Q:        nan | won: False 
#  233 | steps:  2724 | steps_t:     0 | t: 3.899907 | r:  -508.000000 | e:   1.000000 | Q:        nan | won: False 
#  234 | steps:  2732 | steps_t:     0 | t: 3.910576 | r:  -507.000000 | e:   1.000000 | Q:        nan | won: False 
#  235 | steps:  2750 | steps_t:     0 | t: 3.936847 | r:  -517.000000 | e:   1.000000 | Q:        nan | won: False 
#  236 | steps:  2773 | steps_t:     0 | t: 3.970347 | r:  -522.000000 | e:   1.000000 | Q:        nan | won: False 
#  237 | steps:  2791 | steps_t:     0 | t: 3.997334 | r:  -517.000000 | e:   1.000000 | Q:        nan | won: False 
#  238 | steps:  2797 | steps_t:     0 | t: 4.005011 | r:  -505.000000 | e:   1.000000 | Q:        nan | won: False 
#  239 | steps:  2805 | steps_t:     0 | t: 4.015556 | r:  -507.000000 | e:   1.000000 | Q:        nan | won: False 
#  240 | steps:  2822 | steps_t:     0 | t: 4.039864 | r:  -505.000000 | e:   1.000000 | Q:        nan | won: False 
#  241 | steps:  2841 | steps_t:     0 | t: 4.067243 | r:  -507.000000 | e:   1.000000 | Q:        nan | won: False 
#  242 | steps:  2861 | steps_t:     0 | t: 4.095795 | r:  -508.000000 | e:   1.000000 | Q:        nan | won: False 
#  243 | steps:  2872 | steps_t:     0 | t: 4.111269 | r:  -510.000000 | e:   1.000000 | Q:        nan | won: False 
#  244 | steps:  2881 | steps_t:     0 | t: 4.123629 | r:  -508.000000 | e:   1.000000 | Q:        nan | won: False 
#  245 | steps:  2901 | steps_t:     0 | t: 4.152201 | r:  -508.000000 | e:   1.000000 | Q:        nan | won: False 
#  246 | steps:  2917 | steps_t:     0 | t: 4.175409 | r:  -515.000000 | e:   1.000000 | Q:        nan | won: False 
#  247 | steps:  2927 | steps_t:     0 | t: 4.188982 | r:  -509.000000 | e:   1.000000 | Q:        nan | won: False 
#  248 | steps:  2939 | steps_t:     0 | t: 4.207170 | r:  -511.000000 | e:   1.000000 | Q:        nan | won: False 
#  249 | steps:  2947 | steps_t:     0 | t: 4.218023 | r:  -507.000000 | e:   1.000000 | Q:        nan | won: False 
#  250 | steps:  2954 | steps_t:     0 | t: 4.227074 | r:  -506.000000 | e:   1.000000 | Q:        nan | won: False 
#  251 | steps:  2963 | steps_t:     0 | t: 4.240155 | r:  -508.000000 | e:   1.000000 | Q:        nan | won: False 
#  252 | steps:  2996 | steps_t:     0 | t: 4.287802 | r:  -521.000000 | e:   1.000000 | Q:        nan | won: False 
#  253 | steps:  3004 | steps_t:     0 | t: 4.298250 | r:  -507.000000 | e:   1.000000 | Q:        nan | won: False 
#  254 | steps:  3022 | steps_t:     0 | t: 4.324182 | r:  -506.000000 | e:   1.000000 | Q:        nan | won: False 
#  255 | steps:  3032 | steps_t:     0 | t: 4.338520 | r:  -509.000000 | e:   1.000000 | Q:        nan | won: False 
#  256 | steps:  3043 | steps_t:     0 | t: 4.353422 | r:  -510.000000 | e:   1.000000 | Q:        nan | won: False 
#  257 | steps:  3050 | steps_t:     0 | t: 4.363206 | r:  -506.000000 | e:   1.000000 | Q:        nan | won: False 
#  258 | steps:  3063 | steps_t:     0 | t: 4.381299 | r:  -512.000000 | e:   1.000000 | Q:        nan | won: False 
#  259 | steps:  3072 | steps_t:     0 | t: 4.393399 | r:  -508.000000 | e:   1.000000 | Q:        nan | won: False 
#  260 | steps:  3092 | steps_t:     0 | t: 4.423115 | r:  -508.000000 | e:   1.000000 | Q:        nan | won: False 
#  261 | steps:  3102 | steps_t:     0 | t: 4.493339 | r:  -509.000000 | e:   1.000000 | Q:        nan | won: False 
#  262 | steps:  3120 | steps_t:     0 | t: 4.521158 | r:  -517.000000 | e:   1.000000 | Q:        nan | won: False 
#  263 | steps:  3130 | steps_t:     0 | t: 4.534543 | r:  -509.000000 | e:   1.000000 | Q:        nan | won: False 
#  264 | steps:  3135 | steps_t:     0 | t: 4.540773 | r:  -504.000000 | e:   1.000000 | Q:        nan | won: False 
#  265 | steps:  3155 | steps_t:     0 | t: 4.569546 | r:  -508.000000 | e:   1.000000 | Q:        nan | won: False 
#  266 | steps:  3163 | steps_t:     0 | t: 4.580016 | r:  -507.000000 | e:   1.000000 | Q:        nan | won: False 
#  267 | steps:  3178 | steps_t:     0 | t: 4.601470 | r:  -503.000000 | e:   1.000000 | Q:        nan | won: False 
#  268 | steps:  3184 | steps_t:     0 | t: 4.609135 | r:  -505.000000 | e:   1.000000 | Q:        nan | won: False 
#  269 | steps:  3193 | steps_t:     0 | t: 4.622228 | r:  -508.000000 | e:   1.000000 | Q:        nan | won: False 
#  270 | steps:  3200 | steps_t:     0 | t: 4.631191 | r:  -506.000000 | e:   1.000000 | Q:        nan | won: False 
#  271 | steps:  3209 | steps_t:     0 | t: 4.643310 | r:  -508.000000 | e:   1.000000 | Q:        nan | won: False 
#  272 | steps:  3220 | steps_t:     0 | t: 4.659088 | r:  -510.000000 | e:   1.000000 | Q:        nan | won: False 
#  273 | steps:  3237 | steps_t:     0 | t: 4.683736 | r:  -516.000000 | e:   1.000000 | Q:        nan | won: False 
#  274 | steps:  3243 | steps_t:     0 | t: 4.692084 | r:  -505.000000 | e:   1.000000 | Q:        nan | won: False 
#  275 | steps:  3251 | steps_t:     0 | t: 4.702581 | r:  -507.000000 | e:   1.000000 | Q:        nan | won: False 
#  276 | steps:  3258 | steps_t:     0 | t: 4.712600 | r:  -506.000000 | e:   1.000000 | Q:        nan | won: False 
#  277 | steps:  3267 | steps_t:     0 | t: 4.724792 | r:  -508.000000 | e:   1.000000 | Q:        nan | won: False 
#  278 | steps:  3278 | steps_t:     0 | t: 4.740505 | r:  -510.000000 | e:   1.000000 | Q:        nan | won: False 
#  279 | steps:  3285 | steps_t:     0 | t: 4.749264 | r:  -506.000000 | e:   1.000000 | Q:        nan | won: False 
#  280 | steps:  3310 | steps_t:     0 | t: 4.784185 | r:  -513.000000 | e:   1.000000 | Q:        nan | won: False 
#  281 | steps:  3326 | steps_t:     0 | t: 4.807338 | r:  -515.000000 | e:   1.000000 | Q:        nan | won: False 
#  282 | steps:  3336 | steps_t:     0 | t: 4.820890 | r:  -509.000000 | e:   1.000000 | Q:        nan | won: False 
#  283 | steps:  3343 | steps_t:     0 | t: 4.830027 | r:  -506.000000 | e:   1.000000 | Q:        nan | won: False 
#  284 | steps:  3352 | steps_t:     0 | t: 4.842829 | r:  -508.000000 | e:   1.000000 | Q:        nan | won: False 
#  285 | steps:  3361 | steps_t:     0 | t: 4.854793 | r:  -508.000000 | e:   1.000000 | Q:        nan | won: False 
#  286 | steps:  3370 | steps_t:     0 | t: 4.867815 | r:  -508.000000 | e:   1.000000 | Q:        nan | won: False 
#  287 | steps:  3387 | steps_t:     0 | t: 4.891563 | r:  -516.000000 | e:   1.000000 | Q:        nan | won: False 
#  288 | steps:  3397 | steps_t:     0 | t: 4.906642 | r:  -509.000000 | e:   1.000000 | Q:        nan | won: False 
#  289 | steps:  3404 | steps_t:     0 | t: 4.915689 | r:  -506.000000 | e:   1.000000 | Q:        nan | won: False 
#  290 | steps:  3418 | steps_t:     0 | t: 4.936043 | r:  -513.000000 | e:   1.000000 | Q:        nan | won: False 
#  291 | steps:  3438 | steps_t:     0 | t: 4.965187 | r:  -519.000000 | e:   1.000000 | Q:        nan | won: False 
#  292 | steps:  3449 | steps_t:     0 | t: 4.980190 | r:  -510.000000 | e:   1.000000 | Q:        nan | won: False 
#  293 | steps:  3460 | steps_t:     0 | t: 4.996127 | r:  -510.000000 | e:   1.000000 | Q:        nan | won: False 
#  294 | steps:  3475 | steps_t:     0 | t: 5.016967 | r:  -492.000000 | e:   1.000000 | Q:        nan | won: False 
#  295 | steps:  3495 | steps_t:     0 | t: 5.046216 | r:  -519.000000 | e:   1.000000 | Q:        nan | won: False 
#  296 | steps:  3501 | steps_t:     0 | t: 5.054690 | r:  -505.000000 | e:   1.000000 | Q:        nan | won: False 
#  297 | steps:  3506 | steps_t:     0 | t: 5.060796 | r:  -504.000000 | e:   1.000000 | Q:        nan | won: False 
#  298 | steps:  3513 | steps_t:     0 | t: 5.069982 | r:  -506.000000 | e:   1.000000 | Q:        nan | won: False 
#  299 | steps:  3531 | steps_t:     0 | t: 5.095979 | r:  -506.000000 | e:   1.000000 | Q:        nan | won: False 
#  300 | steps:  3541 | steps_t:     0 | t: 5.109501 | r:  -509.000000 | e:   1.000000 | Q:        nan | won: False 
#  301 | steps:  3547 | steps_t:     0 | t: 5.118717 | r:  -505.000000 | e:   1.000000 | Q:        nan | won: False 
#  302 | steps:  3560 | steps_t:     0 | t: 5.136690 | r:  -512.000000 | e:   1.000000 | Q:        nan | won: False 
#  303 | steps:  3570 | steps_t:     0 | t: 5.149986 | r:  -509.000000 | e:   1.000000 | Q:        nan | won: False 
#  304 | steps:  3579 | steps_t:     0 | t: 5.161897 | r:  -508.000000 | e:   1.000000 | Q:        nan | won: False 
#  305 | steps:  3605 | steps_t:     0 | t: 5.197914 | r:  -514.000000 | e:   1.000000 | Q:        nan | won: False 
#  306 | steps:  3617 | steps_t:     0 | t: 5.214277 | r:  -511.000000 | e:   1.000000 | Q:        nan | won: False 
#  307 | steps:  3629 | steps_t:     0 | t: 5.230510 | r:  -511.000000 | e:   1.000000 | Q:        nan | won: False 
#  308 | steps:  3642 | steps_t:     0 | t: 5.248379 | r:  -512.000000 | e:   1.000000 | Q:        nan | won: False 
#  309 | steps:  3650 | steps_t:     0 | t: 5.258724 | r:  -507.000000 | e:   1.000000 | Q:        nan | won: False 
#  310 | steps:  3664 | steps_t:     0 | t: 5.277886 | r:  -513.000000 | e:   1.000000 | Q:        nan | won: False 
#  311 | steps:  3672 | steps_t:     0 | t: 5.288372 | r:  -507.000000 | e:   1.000000 | Q:        nan | won: False 
#  312 | steps:  3680 | steps_t:     0 | t: 5.298832 | r:  -507.000000 | e:   1.000000 | Q:        nan | won: False 
#  313 | steps:  3687 | steps_t:     0 | t: 5.308224 | r:  -506.000000 | e:   1.000000 | Q:        nan | won: False 
#  314 | steps:  3695 | steps_t:     0 | t: 5.319462 | r:  -507.000000 | e:   1.000000 | Q:        nan | won: False 
#  315 | steps:  3714 | steps_t:     0 | t: 5.345979 | r:  -507.000000 | e:   1.000000 | Q:        nan | won: False 
#  316 | steps:  3720 | steps_t:     0 | t: 5.353677 | r:  -505.000000 | e:   1.000000 | Q:        nan | won: False 
#  317 | steps:  3743 | steps_t:     0 | t: 5.386217 | r:  -522.000000 | e:   1.000000 | Q:        nan | won: False 
#  318 | steps:  3761 | steps_t:     0 | t: 5.411631 | r:  -506.000000 | e:   1.000000 | Q:        nan | won: False 
#  319 | steps:  3774 | steps_t:     0 | t: 5.429591 | r:  -512.000000 | e:   1.000000 | Q:        nan | won: False 
#  320 | steps:  3781 | steps_t:     0 | t: 5.438624 | r:  -506.000000 | e:   1.000000 | Q:        nan | won: False 
#  321 | steps:  3793 | steps_t:     0 | t: 5.455063 | r:  -511.000000 | e:   1.000000 | Q:        nan | won: False 
#  322 | steps:  3807 | steps_t:     0 | t: 5.474675 | r:  -513.000000 | e:   1.000000 | Q:        nan | won: False 
#  323 | steps:  3837 | steps_t:     0 | t: 5.517305 | r:  -518.000000 | e:   1.000000 | Q:        nan | won: False 
#  324 | steps:  3845 | steps_t:     0 | t: 5.528515 | r:  -507.000000 | e:   1.000000 | Q:        nan | won: False 
#  325 | steps:  3857 | steps_t:     0 | t: 5.544761 | r:  -511.000000 | e:   1.000000 | Q:        nan | won: False 
#  326 | steps:  3869 | steps_t:     0 | t: 5.561100 | r:  -511.000000 | e:   1.000000 | Q:        nan | won: False 
#  327 | steps:  3875 | steps_t:     0 | t: 5.568767 | r:  -505.000000 | e:   1.000000 | Q:        nan | won: False 
#  328 | steps:  3885 | steps_t:     0 | t: 5.582277 | r:  -509.000000 | e:   1.000000 | Q:        nan | won: False 
#  329 | steps:  3898 | steps_t:     0 | t: 5.600198 | r:  -501.000000 | e:   1.000000 | Q:        nan | won: False 
#  330 | steps:  3928 | steps_t:     0 | t: 5.642580 | r:  -518.000000 | e:   1.000000 | Q:        nan | won: False 
#  331 | steps:  3935 | steps_t:     0 | t: 5.651402 | r:  -506.000000 | e:   1.000000 | Q:        nan | won: False 
#  332 | steps:  3944 | steps_t:     0 | t: 5.663372 | r:  -508.000000 | e:   1.000000 | Q:        nan | won: False 
#  333 | steps:  3957 | steps_t:     0 | t: 5.681028 | r:  -501.000000 | e:   1.000000 | Q:        nan | won: False 
#  334 | steps:  3973 | steps_t:     0 | t: 5.703403 | r:  -515.000000 | e:   1.000000 | Q:        nan | won: False 
#  335 | steps:  3981 | steps_t:     0 | t: 5.713879 | r:  -507.000000 | e:   1.000000 | Q:        nan | won: False 
#  336 | steps:  3987 | steps_t:     0 | t: 5.721425 | r:  -505.000000 | e:   1.000000 | Q:        nan | won: False 
#  337 | steps:  3995 | steps_t:     0 | t: 5.732718 | r:  -507.000000 | e:   1.000000 | Q:        nan | won: False 
#  338 | steps:  4008 | steps_t:     0 | t: 5.750675 | r:  -512.000000 | e:   1.000000 | Q:        nan | won: False 
#  339 | steps:  4016 | steps_t:     0 | t: 5.761130 | r:  -507.000000 | e:   1.000000 | Q:        nan | won: False 
#  340 | steps:  4023 | steps_t:     0 | t: 5.770264 | r:  -506.000000 | e:   1.000000 | Q:        nan | won: False 
#  341 | steps:  4029 | steps_t:     0 | t: 5.777770 | r:  -505.000000 | e:   1.000000 | Q:        nan | won: False 
#  342 | steps:  4038 | steps_t:     0 | t: 5.789801 | r:  -508.000000 | e:   1.000000 | Q:        nan | won: False 
#  343 | steps:  4051 | steps_t:     0 | t: 5.807493 | r:  -512.000000 | e:   1.000000 | Q:        nan | won: False 
#  344 | steps:  4067 | steps_t:     0 | t: 5.829637 | r:  -515.000000 | e:   1.000000 | Q:        nan | won: False 
#  345 | steps:  4076 | steps_t:     0 | t: 5.841593 | r:  -508.000000 | e:   1.000000 | Q:        nan | won: False 
#  346 | steps:  4082 | steps_t:     0 | t: 5.849118 | r:  -505.000000 | e:   1.000000 | Q:        nan | won: False 
#  347 | steps:  4093 | steps_t:     0 | t: 5.863860 | r:  -510.000000 | e:   1.000000 | Q:        nan | won: False 
#  348 | steps:  4099 | steps_t:     0 | t: 5.871459 | r:  -505.000000 | e:   1.000000 | Q:        nan | won: False 
#  349 | steps:  4107 | steps_t:     0 | t: 5.882370 | r:  -507.000000 | e:   1.000000 | Q:        nan | won: False 
#  350 | steps:  4119 | steps_t:     0 | t: 5.898917 | r:  -511.000000 | e:   1.000000 | Q:        nan | won: False 
#  351 | steps:  4126 | steps_t:     0 | t: 5.908157 | r:  -506.000000 | e:   1.000000 | Q:        nan | won: False 
#  352 | steps:  4134 | steps_t:     0 | t: 5.918692 | r:  -507.000000 | e:   1.000000 | Q:        nan | won: False 
#  353 | steps:  4141 | steps_t:     0 | t: 5.927889 | r:  -506.000000 | e:   1.000000 | Q:        nan | won: False 
#  354 | steps:  4167 | steps_t:     0 | t: 5.965515 | r:  -514.000000 | e:   1.000000 | Q:        nan | won: False 
#  355 | steps:  4177 | steps_t:     0 | t: 5.978891 | r:  -509.000000 | e:   1.000000 | Q:        nan | won: False 
#  356 | steps:  4186 | steps_t:     0 | t: 5.990728 | r:  -508.000000 | e:   1.000000 | Q:        nan | won: False 
#  357 | steps:  4193 | steps_t:     0 | t: 5.999766 | r:  -506.000000 | e:   1.000000 | Q:        nan | won: False 
#  358 | steps:  4202 | steps_t:     0 | t: 6.011855 | r:  -508.000000 | e:   1.000000 | Q:        nan | won: False 
#  359 | steps:  4210 | steps_t:     0 | t: 6.022233 | r:  -507.000000 | e:   1.000000 | Q:        nan | won: False 
#  360 | steps:  4219 | steps_t:     0 | t: 6.034186 | r:  -508.000000 | e:   1.000000 | Q:        nan | won: False 
#  361 | steps:  4244 | steps_t:     0 | t: 6.068977 | r:  -513.000000 | e:   1.000000 | Q:        nan | won: False 
#  362 | steps:  4253 | steps_t:     0 | t: 6.080753 | r:  -508.000000 | e:   1.000000 | Q:        nan | won: False 
#  363 | steps:  4266 | steps_t:     0 | t: 6.098768 | r:  -512.000000 | e:   1.000000 | Q:        nan | won: False 
#  364 | steps:  4274 | steps_t:     0 | t: 6.109163 | r:  -507.000000 | e:   1.000000 | Q:        nan | won: False 
#  365 | steps:  4285 | steps_t:     0 | t: 6.123926 | r:  -510.000000 | e:   1.000000 | Q:        nan | won: False 
#  366 | steps:  4300 | steps_t:     0 | t: 6.144747 | r:  -503.000000 | e:   1.000000 | Q:        nan | won: False 
#  367 | steps:  4310 | steps_t:     0 | t: 6.158913 | r:  -509.000000 | e:   1.000000 | Q:        nan | won: False 
#  368 | steps:  4324 | steps_t:     0 | t: 6.177963 | r:  -513.000000 | e:   1.000000 | Q:        nan | won: False 
#  369 | steps:  4334 | steps_t:     0 | t: 6.191498 | r:  -509.000000 | e:   1.000000 | Q:        nan | won: False 
#  370 | steps:  4342 | steps_t:     0 | t: 6.201951 | r:  -507.000000 | e:   1.000000 | Q:        nan | won: False 
#  371 | steps:  4359 | steps_t:     0 | t: 6.225596 | r:  -516.000000 | e:   1.000000 | Q:        nan | won: False 
#  372 | steps:  4371 | steps_t:     0 | t: 6.241627 | r:  -500.000000 | e:   1.000000 | Q:        nan | won: False 
#  373 | steps:  4378 | steps_t:     0 | t: 6.250633 | r:  -506.000000 | e:   1.000000 | Q:        nan | won: False 
#  374 | steps:  4384 | steps_t:     0 | t: 6.258203 | r:  -505.000000 | e:   1.000000 | Q:        nan | won: False 
#  375 | steps:  4393 | steps_t:     0 | t: 6.270230 | r:  -508.000000 | e:   1.000000 | Q:        nan | won: False 
#  376 | steps:  4408 | steps_t:     0 | t: 6.291044 | r:  -514.000000 | e:   1.000000 | Q:        nan | won: False 
#  377 | steps:  4430 | steps_t:     0 | t: 6.321811 | r:  -510.000000 | e:   1.000000 | Q:        nan | won: False 
#  378 | steps:  4444 | steps_t:     0 | t: 6.341115 | r:  -513.000000 | e:   1.000000 | Q:        nan | won: False 
#  379 | steps:  4455 | steps_t:     0 | t: 6.356885 | r:  -510.000000 | e:   1.000000 | Q:        nan | won: False 
#  380 | steps:  4462 | steps_t:     0 | t: 6.365934 | r:  -506.000000 | e:   1.000000 | Q:        nan | won: False 
#  381 | steps:  4470 | steps_t:     0 | t: 6.376575 | r:  -507.000000 | e:   1.000000 | Q:        nan | won: False 
#  382 | steps:  4480 | steps_t:     0 | t: 6.390196 | r:  -509.000000 | e:   1.000000 | Q:        nan | won: False 
#  383 | steps:  4492 | steps_t:     0 | t: 6.406533 | r:  -511.000000 | e:   1.000000 | Q:        nan | won: False 
#  384 | steps:  4499 | steps_t:     0 | t: 6.415565 | r:  -506.000000 | e:   1.000000 | Q:        nan | won: False 
#  385 | steps:  4508 | steps_t:     0 | t: 6.427758 | r:  -508.000000 | e:   1.000000 | Q:        nan | won: False 
#  386 | steps:  4522 | steps_t:     0 | t: 6.447127 | r:  -513.000000 | e:   1.000000 | Q:        nan | won: False 
#  387 | steps:  4530 | steps_t:     0 | t: 6.457678 | r:  -507.000000 | e:   1.000000 | Q:        nan | won: False 
#  388 | steps:  4540 | steps_t:     0 | t: 6.471098 | r:  -509.000000 | e:   1.000000 | Q:        nan | won: False 
#  389 | steps:  4548 | steps_t:     0 | t: 6.481611 | r:  -507.000000 | e:   1.000000 | Q:        nan | won: False 
#  390 | steps:  4586 | steps_t:     0 | t: 6.535318 | r:    74.000000 | e:   1.000000 | Q:        nan | won: True 
#  391 | steps:  4594 | steps_t:     0 | t: 6.545717 | r:  -507.000000 | e:   1.000000 | Q:        nan | won: False 
#  392 | steps:  4608 | steps_t:     0 | t: 6.565665 | r:  -513.000000 | e:   1.000000 | Q:        nan | won: False 
#  393 | steps:  4614 | steps_t:     0 | t: 6.573383 | r:  -505.000000 | e:   1.000000 | Q:        nan | won: False 
#  394 | steps:  4621 | steps_t:     0 | t: 6.582509 | r:  -506.000000 | e:   1.000000 | Q:        nan | won: False 
#  395 | steps:  4629 | steps_t:     0 | t: 6.593071 | r:  -507.000000 | e:   1.000000 | Q:        nan | won: False 
#  396 | steps:  4651 | steps_t:     0 | t: 6.623381 | r:  -510.000000 | e:   1.000000 | Q:        nan | won: False 
#  397 | steps:  4660 | steps_t:     0 | t: 6.635429 | r:  -508.000000 | e:   1.000000 | Q:        nan | won: False 
#  398 | steps:  4682 | steps_t:     0 | t: 6.666675 | r:  -521.000000 | e:   1.000000 | Q:        nan | won: False 
#  399 | steps:  4730 | steps_t:     0 | t: 6.734605 | r:  -547.000000 | e:   1.000000 | Q:        nan | won: False 
#  400 | steps:  4738 | steps_t:     0 | t: 6.744926 | r:  -507.000000 | e:   1.000000 | Q:        nan | won: False 
#  401 | steps:  4760 | steps_t:     0 | t: 6.851938 | r:  -521.000000 | e:   1.000000 | Q:        nan | won: False 
#  402 | steps:  4783 | steps_t:     0 | t: 6.885590 | r:  -522.000000 | e:   1.000000 | Q:        nan | won: False 
#  403 | steps:  4793 | steps_t:     0 | t: 6.899175 | r:  -509.000000 | e:   1.000000 | Q:        nan | won: False 
#  404 | steps:  4800 | steps_t:     0 | t: 6.908299 | r:  -506.000000 | e:   1.000000 | Q:        nan | won: False 
#  405 | steps:  4810 | steps_t:     0 | t: 6.921886 | r:  -509.000000 | e:   1.000000 | Q:        nan | won: False 
#  406 | steps:  4821 | steps_t:     0 | t: 6.936903 | r:  -510.000000 | e:   1.000000 | Q:        nan | won: False 
#  407 | steps:  4841 | steps_t:     0 | t: 6.964726 | r:  -508.000000 | e:   1.000000 | Q:        nan | won: False 
#  408 | steps:  4849 | steps_t:     0 | t: 6.975227 | r:  -507.000000 | e:   1.000000 | Q:        nan | won: False 
#  409 | steps:  4857 | steps_t:     0 | t: 6.985903 | r:  -507.000000 | e:   1.000000 | Q:        nan | won: False 
#  410 | steps:  4874 | steps_t:     0 | t: 7.009692 | r:  -505.000000 | e:   1.000000 | Q:        nan | won: False 
#  411 | steps:  4894 | steps_t:     0 | t: 7.038611 | r:    92.000000 | e:   1.000000 | Q:        nan | won: True 
#  412 | steps:  4901 | steps_t:     0 | t: 7.047990 | r:  -506.000000 | e:   1.000000 | Q:        nan | won: False 
#  413 | steps:  4913 | steps_t:     0 | t: 7.064348 | r:  -511.000000 | e:   1.000000 | Q:        nan | won: False 
#  414 | steps:  4924 | steps_t:     0 | t: 7.079459 | r:  -510.000000 | e:   1.000000 | Q:        nan | won: False 
#  415 | steps:  4940 | steps_t:     0 | t: 7.101747 | r:  -504.000000 | e:   1.000000 | Q:        nan | won: False 
#  416 | steps:  4956 | steps_t:     0 | t: 7.124003 | r:  -515.000000 | e:   1.000000 | Q:        nan | won: False 
#  417 | steps:  4969 | steps_t:     0 | t: 7.141780 | r:  -501.000000 | e:   1.000000 | Q:        nan | won: False 
#  418 | steps:  4975 | steps_t:     0 | t: 7.149317 | r:  -505.000000 | e:   1.000000 | Q:        nan | won: False 
#  419 | steps:  4986 | steps_t:     0 | t: 7.164018 | r:  -510.000000 | e:   1.000000 | Q:        nan | won: False 
