#    1 | steps:    15 | steps_t:     0 | t: 0.087355 | r:  -503.000000 | e:   1.000000 | Q:        nan | won: False 
#    2 | steps:    38 | steps_t:     0 | t: 0.207993 | r:  -522.000000 | e:   1.000000 | Q:        nan | won: False 
#    3 | steps:    55 | steps_t:     0 | t: 0.297029 | r:  -516.000000 | e:   1.000000 | Q:        nan | won: False 
#    4 | steps:    64 | steps_t:     0 | t: 0.342628 | r:  -508.000000 | e:   1.000000 | Q:        nan | won: False 
#    5 | steps:    71 | steps_t:     0 | t: 0.377618 | r:  -506.000000 | e:   1.000000 | Q:        nan | won: False 
#    6 | steps:    84 | steps_t:     0 | t: 0.444691 | r:  -512.000000 | e:   1.000000 | Q:        nan | won: False 
#    7 | steps:    91 | steps_t:     0 | t: 0.479482 | r:  -506.000000 | e:   1.000000 | Q:        nan | won: False 
#    8 | steps:   101 | steps_t:     0 | t: 0.530497 | r:  -509.000000 | e:   1.000000 | Q:        nan | won: False 
#    9 | steps:   113 | steps_t:     0 | t: 0.592312 | r:  -511.000000 | e:   1.000000 | Q:        nan | won: False 
#   10 | steps:   137 | steps_t:     0 | t: 0.718439 | r:    88.000000 | e:   1.000000 | Q:        nan | won: True 
#   11 | steps:   146 | steps_t:     0 | t: 0.764226 | r:  -508.000000 | e:   1.000000 | Q:        nan | won: False 
#   12 | steps:   168 | steps_t:     0 | t: 0.880118 | r:  -521.000000 | e:   1.000000 | Q:        nan | won: False 
#   13 | steps:   183 | steps_t:     0 | t: 0.957998 | r:  -492.000000 | e:   1.000000 | Q:        nan | won: False 
#   14 | steps:   194 | steps_t:     0 | t: 1.014760 | r:  -510.000000 | e:   1.000000 | Q:        nan | won: False 
#   15 | steps:   208 | steps_t:     0 | t: 1.087293 | r:  -502.000000 | e:   1.000000 | Q:        nan | won: False 
#   16 | steps:   215 | steps_t:     0 | t: 1.122574 | r:  -506.000000 | e:   1.000000 | Q:        nan | won: False 
#   17 | steps:   224 | steps_t:     0 | t: 1.168627 | r:  -508.000000 | e:   1.000000 | Q:        nan | won: False 
#   18 | steps:   229 | steps_t:     0 | t: 1.192875 | r:  -504.000000 | e:   1.000000 | Q:        nan | won: False 
#   19 | steps:   243 | steps_t:     0 | t: 1.265893 | r:  -513.000000 | e:   1.000000 | Q:        nan | won: False 
#   20 | steps:   250 | steps_t:     0 | t: 1.301175 | r:  -506.000000 | e:   1.000000 | Q:        nan | won: False 
#   21 | steps:   261 | steps_t:     0 | t: 1.357868 | r:  -510.000000 | e:   1.000000 | Q:        nan | won: False 
#   22 | steps:   269 | steps_t:     0 | t: 1.398359 | r:  -507.000000 | e:   1.000000 | Q:        nan | won: False 
#   23 | steps:   281 | steps_t:     0 | t: 1.460397 | r:  -511.000000 | e:   1.000000 | Q:        nan | won: False 
#   24 | steps:   297 | steps_t:     0 | t: 1.543928 | r:  -504.000000 | e:   1.000000 | Q:        nan | won: False 
#   25 | steps:   304 | steps_t:     0 | t: 1.579317 | r:  -506.000000 | e:   1.000000 | Q:        nan | won: False 
#   26 | steps:   315 | steps_t:     0 | t: 1.635808 | r:  -510.000000 | e:   1.000000 | Q:        nan | won: False 
#   27 | steps:   322 | steps_t:     0 | t: 1.671180 | r:  -506.000000 | e:   1.000000 | Q:        nan | won: False 
#   28 | steps:   339 | steps_t:     0 | t: 1.759819 | r:  -505.000000 | e:   1.000000 | Q:        nan | won: False 
#   29 | steps:   347 | steps_t:     0 | t: 1.800054 | r:  -507.000000 | e:   1.000000 | Q:        nan | won: False 
#   30 | steps:   368 | steps_t:     0 | t: 1.910584 | r:  -509.000000 | e:   1.000000 | Q:        nan | won: False 
#   31 | steps:   384 | steps_t:     0 | t: 1.994293 | r:  -504.000000 | e:   1.000000 | Q:        nan | won: False 
#   32 | steps:   395 | steps_t:     0 | t: 2.051135 | r:  -510.000000 | e:   1.000000 | Q:        nan | won: False 
#   33 | steps:   404 | steps_t:     0 | t: 2.097025 | r:  -508.000000 | e:   1.000000 | Q:        nan | won: False 
#   34 | steps:   414 | steps_t:     0 | t: 2.149356 | r:  -509.000000 | e:   1.000000 | Q:        nan | won: False 
#   35 | steps:   420 | steps_t:     0 | t: 2.180158 | r:  -505.000000 | e:   1.000000 | Q:        nan | won: False 
#   36 | steps:   429 | steps_t:     0 | t: 2.227639 | r:  -508.000000 | e:   1.000000 | Q:        nan | won: False 
#   37 | steps:   444 | steps_t:     0 | t: 2.307745 | r:  -492.000000 | e:   1.000000 | Q:        nan | won: False 
#   38 | steps:   451 | steps_t:     0 | t: 2.344052 | r:  -506.000000 | e:   1.000000 | Q:        nan | won: False 
#   39 | steps:   482 | steps_t:     0 | t: 2.508999 | r:  -519.000000 | e:   1.000000 | Q:        nan | won: False 
#   40 | steps:   497 | steps_t:     0 | t: 2.587657 | r:  -503.000000 | e:   1.000000 | Q:        nan | won: False 
#   41 | steps:   511 | steps_t:     0 | t: 2.661328 | r:  -513.000000 | e:   1.000000 | Q:        nan | won: False 
#   42 | steps:   532 | steps_t:     0 | t: 2.771597 | r:  -520.000000 | e:   1.000000 | Q:        nan | won: False 
#   43 | steps:   541 | steps_t:     0 | t: 2.817730 | r:  -508.000000 | e:   1.000000 | Q:        nan | won: False 
#   44 | steps:   548 | steps_t:     0 | t: 2.853199 | r:  -506.000000 | e:   1.000000 | Q:        nan | won: False 
#   45 | steps:   553 | steps_t:     0 | t: 2.878111 | r:  -504.000000 | e:   1.000000 | Q:        nan | won: False 
#   46 | steps:   567 | steps_t:     0 | t: 2.950979 | r:  -513.000000 | e:   1.000000 | Q:        nan | won: False 
#   47 | steps:   577 | steps_t:     0 | t: 3.001147 | r:  -509.000000 | e:   1.000000 | Q:        nan | won: False 
#   48 | steps:   591 | steps_t:     0 | t: 3.074120 | r:  -513.000000 | e:   1.000000 | Q:        nan | won: False 
#   49 | steps:   604 | steps_t:     0 | t: 3.141418 | r:  -512.000000 | e:   1.000000 | Q:        nan | won: False 
#   50 | steps:   610 | steps_t:     0 | t: 3.171239 | r:  -505.000000 | e:   1.000000 | Q:        nan | won: False 
#   51 | steps:   616 | steps_t:     0 | t: 3.201642 | r:  -505.000000 | e:   1.000000 | Q:        nan | won: False 
#   52 | steps:   623 | steps_t:     0 | t: 3.237252 | r:  -506.000000 | e:   1.000000 | Q:        nan | won: False 
#   53 | steps:   630 | steps_t:     0 | t: 3.272934 | r:  -506.000000 | e:   1.000000 | Q:        nan | won: False 
#   54 | steps:   638 | steps_t:     0 | t: 3.313723 | r:  -507.000000 | e:   1.000000 | Q:        nan | won: False 
#   55 | steps:   645 | steps_t:     0 | t: 3.348224 | r:  -506.000000 | e:   1.000000 | Q:        nan | won: False 
#   56 | steps:   662 | steps_t:     0 | t: 3.434423 | r:  -516.000000 | e:   1.000000 | Q:        nan | won: False 
#   57 | steps:   671 | steps_t:     0 | t: 3.479639 | r:  -508.000000 | e:   1.000000 | Q:        nan | won: False 
#   58 | steps:   683 | steps_t:     0 | t: 3.540545 | r:  -511.000000 | e:   1.000000 | Q:        nan | won: False 
#   59 | steps:   691 | steps_t:     0 | t: 3.580282 | r:  -507.000000 | e:   1.000000 | Q:        nan | won: False 
#   60 | steps:   706 | steps_t:     0 | t: 3.657218 | r:  -514.000000 | e:   1.000000 | Q:        nan | won: False 
#   61 | steps:   768 | steps_t:     0 | t: 3.977458 | r:  -550.000000 | e:   1.000000 | Q:        nan | won: False 
#   62 | steps:   780 | steps_t:     0 | t: 4.038410 | r:  -511.000000 | e:   1.000000 | Q:        nan | won: False 
#   63 | steps:   792 | steps_t:     0 | t: 4.099087 | r:  -511.000000 | e:   1.000000 | Q:        nan | won: False 
#   64 | steps:   803 | steps_t:     0 | t: 4.154822 | r:  -510.000000 | e:   1.000000 | Q:        nan | won: False 
#   65 | steps:   809 | steps_t:     0 | t: 4.183867 | r:  -505.000000 | e:   1.000000 | Q:        nan | won: False 
#   66 | steps:   822 | steps_t:     0 | t: 4.249886 | r:  -501.000000 | e:   1.000000 | Q:        nan | won: False 
#   67 | steps:   841 | steps_t:     0 | t: 4.346804 | r:  -518.000000 | e:   1.000000 | Q:        nan | won: False 
#   68 | steps:   862 | steps_t:     0 | t: 4.452879 | r:  -520.000000 | e:   1.000000 | Q:        nan | won: False 
#   69 | steps:   870 | steps_t:     0 | t: 4.492344 | r:  -507.000000 | e:   1.000000 | Q:        nan | won: False 
#   70 | steps:   882 | steps_t:     0 | t: 4.552851 | r:  -511.000000 | e:   1.000000 | Q:        nan | won: False 
#   71 | steps:   896 | steps_t:     0 | t: 4.623731 | r:  -502.000000 | e:   1.000000 | Q:        nan | won: False 
#   72 | steps:   902 | steps_t:     0 | t: 4.652958 | r:  -505.000000 | e:   1.000000 | Q:        nan | won: False 
#   73 | steps:   912 | steps_t:     0 | t: 4.703273 | r:  -509.000000 | e:   1.000000 | Q:        nan | won: False 
#   74 | steps:   922 | steps_t:     0 | t: 4.753580 | r:  -509.000000 | e:   1.000000 | Q:        nan | won: False 
#   75 | steps:   930 | steps_t:     0 | t: 4.793474 | r:  -507.000000 | e:   1.000000 | Q:        nan | won: False 
#   76 | steps:   935 | steps_t:     0 | t: 4.817501 | r:  -504.000000 | e:   1.000000 | Q:        nan | won: False 
#   77 | steps:   944 | steps_t:     0 | t: 4.862325 | r:  -508.000000 | e:   1.000000 | Q:        nan | won: False 
#   78 | steps:   959 | steps_t:     0 | t: 4.938826 | r:  -514.000000 | e:   1.000000 | Q:        nan | won: False 
#   79 | steps:   971 | steps_t:     0 | t: 4.998677 | r:  -511.000000 | e:   1.000000 | Q:        nan | won: False 
#   80 | steps:   992 | steps_t:     0 | t: 5.106386 | r:  -520.000000 | e:   1.000000 | Q:        nan | won: False 
#   81 | steps:   999 | steps_t:     0 | t: 5.140228 | r:  -506.000000 | e:   1.000000 | Q:        nan | won: False 
#   82 | steps:  1010 | steps_t:     0 | t: 5.195713 | r:  -510.000000 | e:   1.000000 | Q:        nan | won: False 
#   83 | steps:  1019 | steps_t:     0 | t: 5.240913 | r:  -508.000000 | e:   1.000000 | Q:        nan | won: False 
#   84 | steps:  1035 | steps_t:     0 | t: 5.321849 | r:  -504.000000 | e:   1.000000 | Q:        nan | won: False 
#   85 | steps:  1043 | steps_t:     0 | t: 5.360430 | r:  -507.000000 | e:   1.000000 | Q:        nan | won: False 
#   86 | steps:  1063 | steps_t:     0 | t: 5.462225 | r:  -519.000000 | e:   1.000000 | Q:        nan | won: False 
#   87 | steps:  1074 | steps_t:     0 | t: 5.516923 | r:  -510.000000 | e:   1.000000 | Q:        nan | won: False 
#   88 | steps:  1086 | steps_t:     0 | t: 5.577770 | r:  -511.000000 | e:   1.000000 | Q:        nan | won: False 
#   89 | steps:  1096 | steps_t:     0 | t: 5.627308 | r:  -509.000000 | e:   1.000000 | Q:        nan | won: False 
#   90 | steps:  1102 | steps_t:     0 | t: 5.656521 | r:  -505.000000 | e:   1.000000 | Q:        nan | won: False 
#   91 | steps:  1116 | steps_t:     0 | t: 5.727271 | r:  -513.000000 | e:   1.000000 | Q:        nan | won: False 
#   92 | steps:  1131 | steps_t:     0 | t: 5.802948 | r:  -492.000000 | e:   1.000000 | Q:        nan | won: False 
#   93 | steps:  1144 | steps_t:     0 | t: 5.869263 | r:  -512.000000 | e:   1.000000 | Q:        nan | won: False 
#   94 | steps:  1150 | steps_t:     0 | t: 5.897507 | r:  -505.000000 | e:   1.000000 | Q:        nan | won: False 
#   95 | steps:  1163 | steps_t:     0 | t: 5.963367 | r:  -512.000000 | e:   1.000000 | Q:        nan | won: False 
#   96 | steps:  1184 | steps_t:     0 | t: 6.069262 | r:  -520.000000 | e:   1.000000 | Q:        nan | won: False 
#   97 | steps:  1197 | steps_t:     0 | t: 6.135298 | r:  -501.000000 | e:   1.000000 | Q:        nan | won: False 
#   98 | steps:  1202 | steps_t:     0 | t: 6.159146 | r:  -504.000000 | e:   1.000000 | Q:        nan | won: False 
#   99 | steps:  1212 | steps_t:     0 | t: 6.208581 | r:  -509.000000 | e:   1.000000 | Q:        nan | won: False 
#  100 | steps:  1224 | steps_t:     0 | t: 6.268640 | r:  -511.000000 | e:   1.000000 | Q:        nan | won: False 
#  101 | steps:  1231 | steps_t:     0 | t: 6.302451 | r:  -506.000000 | e:   1.000000 | Q:        nan | won: False 
#  102 | steps:  1241 | steps_t:     0 | t: 6.352762 | r:  -509.000000 | e:   1.000000 | Q:        nan | won: False 
#  103 | steps:  1246 | steps_t:     0 | t: 6.376163 | r:  -504.000000 | e:   1.000000 | Q:        nan | won: False 
#  104 | steps:  1252 | steps_t:     0 | t: 6.404862 | r:  -505.000000 | e:   1.000000 | Q:        nan | won: False 
#  105 | steps:  1270 | steps_t:     0 | t: 6.497559 | r:  -517.000000 | e:   1.000000 | Q:        nan | won: False 
#  106 | steps:  1276 | steps_t:     0 | t: 6.525766 | r:  -505.000000 | e:   1.000000 | Q:        nan | won: False 
#  107 | steps:  1286 | steps_t:     0 | t: 6.575974 | r:  -509.000000 | e:   1.000000 | Q:        nan | won: False 
#  108 | steps:  1294 | steps_t:     0 | t: 6.615412 | r:  -507.000000 | e:   1.000000 | Q:        nan | won: False 
#  109 | steps:  1303 | steps_t:     0 | t: 6.660319 | r:  -508.000000 | e:   1.000000 | Q:        nan | won: False 
#  110 | steps:  1312 | steps_t:     0 | t: 6.704547 | r:  -508.000000 | e:   1.000000 | Q:        nan | won: False 
#  111 | steps:  1318 | steps_t:     0 | t: 6.733715 | r:  -505.000000 | e:   1.000000 | Q:        nan | won: False 
#  112 | steps:  1329 | steps_t:     0 | t: 6.789407 | r:  -510.000000 | e:   1.000000 | Q:        nan | won: False 
#  113 | steps:  1339 | steps_t:     0 | t: 6.838139 | r:  -509.000000 | e:   1.000000 | Q:        nan | won: False 
#  114 | steps:  1346 | steps_t:     0 | t: 6.872530 | r:  -506.000000 | e:   1.000000 | Q:        nan | won: False 
#  115 | steps:  1369 | steps_t:     0 | t: 6.989196 | r:  -511.000000 | e:   1.000000 | Q:        nan | won: False 
#  116 | steps:  1374 | steps_t:     0 | t: 7.012604 | r:  -504.000000 | e:   1.000000 | Q:        nan | won: False 
#  117 | steps:  1384 | steps_t:     0 | t: 7.062831 | r:  -509.000000 | e:   1.000000 | Q:        nan | won: False 
#  118 | steps:  1391 | steps_t:     0 | t: 7.097163 | r:  -506.000000 | e:   1.000000 | Q:        nan | won: False 
#  119 | steps:  1400 | steps_t:     0 | t: 7.141572 | r:  -508.000000 | e:   1.000000 | Q:        nan | won: False 
#  120 | steps:  1407 | steps_t:     0 | t: 7.175638 | r:  -506.000000 | e:   1.000000 | Q:        nan | won: False 
#  121 | steps:  1427 | steps_t:     0 | t: 7.277997 | r:  -519.000000 | e:   1.000000 | Q:        nan | won: False 
#  122 | steps:  1434 | steps_t:     0 | t: 7.311512 | r:  -506.000000 | e:   1.000000 | Q:        nan | won: False 
#  123 | steps:  1443 | steps_t:     0 | t: 7.356360 | r:  -508.000000 | e:   1.000000 | Q:        nan | won: False 
#  124 | steps:  1466 | steps_t:     0 | t: 7.473461 | r:  -522.000000 | e:   1.000000 | Q:        nan | won: False 
#  125 | steps:  1475 | steps_t:     0 | t: 7.517430 | r:  -508.000000 | e:   1.000000 | Q:        nan | won: False 
#  126 | steps:  1484 | steps_t:     0 | t: 7.562796 | r:  -508.000000 | e:   1.000000 | Q:        nan | won: False 
#  127 | steps:  1494 | steps_t:     0 | t: 7.613122 | r:  -509.000000 | e:   1.000000 | Q:        nan | won: False 
#  128 | steps:  1512 | steps_t:     0 | t: 7.705321 | r:  -506.000000 | e:   1.000000 | Q:        nan | won: False 
#  129 | steps:  1533 | steps_t:     0 | t: 7.811352 | r:  -520.000000 | e:   1.000000 | Q:        nan | won: False 
#  130 | steps:  1540 | steps_t:     0 | t: 7.845636 | r:  -506.000000 | e:   1.000000 | Q:        nan | won: False 
#  131 | steps:  1551 | steps_t:     0 | t: 7.900427 | r:  -510.000000 | e:   1.000000 | Q:        nan | won: False 
#  132 | steps:  1558 | steps_t:     0 | t: 7.934365 | r:  -506.000000 | e:   1.000000 | Q:        nan | won: False 
#  133 | steps:  1565 | steps_t:     0 | t: 7.968801 | r:  -506.000000 | e:   1.000000 | Q:        nan | won: False 
#  134 | steps:  1572 | steps_t:     0 | t: 8.002981 | r:  -506.000000 | e:   1.000000 | Q:        nan | won: False 
#  135 | steps:  1594 | steps_t:     0 | t: 8.114486 | r:  -510.000000 | e:   1.000000 | Q:        nan | won: False 
#  136 | steps:  1605 | steps_t:     0 | t: 8.168820 | r:  -510.000000 | e:   1.000000 | Q:        nan | won: False 
#  137 | steps:  1623 | steps_t:     0 | t: 8.260477 | r:  -506.000000 | e:   1.000000 | Q:        nan | won: False 
#  138 | steps:  1637 | steps_t:     0 | t: 8.331410 | r:  -513.000000 | e:   1.000000 | Q:        nan | won: False 
#  139 | steps:  1643 | steps_t:     0 | t: 8.360510 | r:  -505.000000 | e:   1.000000 | Q:        nan | won: False 
#  140 | steps:  1655 | steps_t:     0 | t: 8.421243 | r:  -511.000000 | e:   1.000000 | Q:        nan | won: False 
#  141 | steps:  1663 | steps_t:     0 | t: 8.460679 | r:  -507.000000 | e:   1.000000 | Q:        nan | won: False 
#  142 | steps:  1682 | steps_t:     0 | t: 8.557111 | r:  -496.000000 | e:   1.000000 | Q:        nan | won: False 
#  143 | steps:  1693 | steps_t:     0 | t: 8.612822 | r:  -510.000000 | e:   1.000000 | Q:        nan | won: False 
#  144 | steps:  1700 | steps_t:     0 | t: 8.647301 | r:  -506.000000 | e:   1.000000 | Q:        nan | won: False 
#  145 | steps:  1714 | steps_t:     0 | t: 8.717271 | r:  -513.000000 | e:   1.000000 | Q:        nan | won: False 
#  146 | steps:  1720 | steps_t:     0 | t: 8.746097 | r:  -505.000000 | e:   1.000000 | Q:        nan | won: False 
#  147 | steps:  1732 | steps_t:     0 | t: 8.806499 | r:  -511.000000 | e:   1.000000 | Q:        nan | won: False 
#  148 | steps:  1742 | steps_t:     0 | t: 8.856154 | r:  -509.000000 | e:   1.000000 | Q:        nan | won: False 
#  149 | steps:  1747 | steps_t:     0 | t: 8.879651 | r:  -504.000000 | e:   1.000000 | Q:        nan | won: False 
#  150 | steps:  1756 | steps_t:     0 | t: 8.924617 | r:  -508.000000 | e:   1.000000 | Q:        nan | won: False 
#  151 | steps:  1769 | steps_t:     0 | t: 8.996476 | r:  -512.000000 | e:   1.000000 | Q:        nan | won: False 
#  152 | steps:  1777 | steps_t:     0 | t: 9.036253 | r:  -507.000000 | e:   1.000000 | Q:        nan | won: False 
#  153 | steps:  1788 | steps_t:     0 | t: 9.091049 | r:  -510.000000 | e:   1.000000 | Q:        nan | won: False 
#  154 | steps:  1800 | steps_t:     0 | t: 9.151585 | r:  -511.000000 | e:   1.000000 | Q:        nan | won: False 
#  155 | steps:  1808 | steps_t:     0 | t: 9.190706 | r:  -507.000000 | e:   1.000000 | Q:        nan | won: False 
#  156 | steps:  1816 | steps_t:     0 | t: 9.229849 | r:  -507.000000 | e:   1.000000 | Q:        nan | won: False 
#  157 | steps:  1822 | steps_t:     0 | t: 9.259009 | r:  -505.000000 | e:   1.000000 | Q:        nan | won: False 
#  158 | steps:  1834 | steps_t:     0 | t: 9.319667 | r:  -511.000000 | e:   1.000000 | Q:        nan | won: False 
#  159 | steps:  1848 | steps_t:     0 | t: 9.389939 | r:  -513.000000 | e:   1.000000 | Q:        nan | won: False 
#  160 | steps:  1861 | steps_t:     0 | t: 9.455948 | r:  -501.000000 | e:   1.000000 | Q:        nan | won: False 
#  161 | steps:  1876 | steps_t:     0 | t: 9.532202 | r:  -514.000000 | e:   1.000000 | Q:        nan | won: False 
#  162 | steps:  1897 | steps_t:     0 | t: 9.639780 | r:  -520.000000 | e:   1.000000 | Q:        nan | won: False 
#  163 | steps:  1905 | steps_t:     0 | t: 9.678826 | r:  -507.000000 | e:   1.000000 | Q:        nan | won: False 
#  164 | steps:  1916 | steps_t:     0 | t: 9.734063 | r:  -510.000000 | e:   1.000000 | Q:        nan | won: False 
#  165 | steps:  1922 | steps_t:     0 | t: 9.763191 | r:  -505.000000 | e:   1.000000 | Q:        nan | won: False 
#  166 | steps:  1929 | steps_t:     0 | t: 9.797443 | r:  -506.000000 | e:   1.000000 | Q:        nan | won: False 
#  167 | steps:  1938 | steps_t:     0 | t: 9.842009 | r:  -508.000000 | e:   1.000000 | Q:        nan | won: False 
#  168 | steps:  1957 | steps_t:     0 | t: 9.938521 | r:  -518.000000 | e:   1.000000 | Q:        nan | won: False 
#  169 | steps:  1966 | steps_t:     0 | t: 9.982400 | r:  -508.000000 | e:   1.000000 | Q:        nan | won: False 
#  170 | steps:  1977 | steps_t:     0 | t: 10.036747 | r:  -510.000000 | e:   1.000000 | Q:        nan | won: False 
#  171 | steps:  1989 | steps_t:     0 | t: 10.095500 | r:  -511.000000 | e:   1.000000 | Q:        nan | won: False 
#  172 | steps:  1997 | steps_t:     0 | t: 10.134696 | r:  -507.000000 | e:   1.000000 | Q:        nan | won: False 
#  173 | steps:  2002 | steps_t:     0 | t: 10.158077 | r:  -504.000000 | e:   1.000000 | Q:        nan | won: False 
#  174 | steps:  2012 | steps_t:     0 | t: 10.207432 | r:  -509.000000 | e:   1.000000 | Q:        nan | won: False 
#  175 | steps:  2027 | steps_t:     0 | t: 10.284275 | r:  -492.000000 | e:   1.000000 | Q:        nan | won: False 
#  176 | steps:  2046 | steps_t:     0 | t: 10.382988 | r:  -518.000000 | e:   1.000000 | Q:        nan | won: False 
#  177 | steps:  2092 | steps_t:     0 | t: 10.615476 | r:  -534.000000 | e:   1.000000 | Q:        nan | won: False 
#  178 | steps:  2104 | steps_t:     0 | t: 10.676070 | r:  -511.000000 | e:   1.000000 | Q:        nan | won: False 
#  179 | steps:  2120 | steps_t:     0 | t: 10.758008 | r:  -515.000000 | e:   1.000000 | Q:        nan | won: False 
#  180 | steps:  2127 | steps_t:     0 | t: 10.792316 | r:  -506.000000 | e:   1.000000 | Q:        nan | won: False 
#  181 | steps:  2146 | steps_t:     0 | t: 10.889608 | r:  -496.000000 | e:   1.000000 | Q:        nan | won: False 
#  182 | steps:  2160 | steps_t:     0 | t: 10.959408 | r:  -502.000000 | e:   1.000000 | Q:        nan | won: False 
#  183 | steps:  2174 | steps_t:     0 | t: 11.028635 | r:  -502.000000 | e:   1.000000 | Q:        nan | won: False 
#  184 | steps:  2184 | steps_t:     0 | t: 11.078539 | r:  -509.000000 | e:   1.000000 | Q:        nan | won: False 
#  185 | steps:  2203 | steps_t:     0 | t: 11.175498 | r:  -518.000000 | e:   1.000000 | Q:        nan | won: False 
#  186 | steps:  2212 | steps_t:     0 | t: 11.220301 | r:  -508.000000 | e:   1.000000 | Q:        nan | won: False 
#  187 | steps:  2221 | steps_t:     0 | t: 11.265041 | r:  -508.000000 | e:   1.000000 | Q:        nan | won: False 
#  188 | steps:  2229 | steps_t:     0 | t: 11.305657 | r:  -507.000000 | e:   1.000000 | Q:        nan | won: False 
#  189 | steps:  2239 | steps_t:     0 | t: 11.356939 | r:  -509.000000 | e:   1.000000 | Q:        nan | won: False 
#  190 | steps:  2264 | steps_t:     0 | t: 11.486036 | r:  -513.000000 | e:   1.000000 | Q:        nan | won: False 
#  191 | steps:  2275 | steps_t:     0 | t: 11.540959 | r:  -499.000000 | e:   1.000000 | Q:        nan | won: False 
#  192 | steps:  2284 | steps_t:     0 | t: 11.585631 | r:  -508.000000 | e:   1.000000 | Q:        nan | won: False 
#  193 | steps:  2290 | steps_t:     0 | t: 11.615373 | r:  -505.000000 | e:   1.000000 | Q:        nan | won: False 
#  194 | steps:  2297 | steps_t:     0 | t: 11.650990 | r:  -506.000000 | e:   1.000000 | Q:        nan | won: False 
#  195 | steps:  2308 | steps_t:     0 | t: 11.706520 | r:  -510.000000 | e:   1.000000 | Q:        nan | won: False 
#  196 | steps:  2313 | steps_t:     0 | t: 11.729879 | r:  -504.000000 | e:   1.000000 | Q:        nan | won: False 
#  197 | steps:  2331 | steps_t:     0 | t: 11.821727 | r:  -506.000000 | e:   1.000000 | Q:        nan | won: False 
#  198 | steps:  2339 | steps_t:     0 | t: 11.862270 | r:  -507.000000 | e:   1.000000 | Q:        nan | won: False 
#  199 | steps:  2349 | steps_t:     0 | t: 11.912272 | r:  -509.000000 | e:   1.000000 | Q:        nan | won: False 
#  200 | steps:  2358 | steps_t:     0 | t: 11.957187 | r:  -508.000000 | e:   1.000000 | Q:        nan | won: False 
#  201 | steps:  2369 | steps_t:     0 | t: 12.014023 | r:  -510.000000 | e:   1.000000 | Q:        nan | won: False 
#  202 | steps:  2379 | steps_t:     0 | t: 12.064548 | r:  -509.000000 | e:   1.000000 | Q:        nan | won: False 
#  203 | steps:  2397 | steps_t:     0 | t: 12.156862 | r:  -517.000000 | e:   1.000000 | Q:        nan | won: False 
#  204 | steps:  2402 | steps_t:     0 | t: 12.180066 | r:  -504.000000 | e:   1.000000 | Q:        nan | won: False 
#  205 | steps:  2410 | steps_t:     0 | t: 12.219527 | r:  -507.000000 | e:   1.000000 | Q:        nan | won: False 
#  206 | steps:  2419 | steps_t:     0 | t: 12.265394 | r:  -508.000000 | e:   1.000000 | Q:        nan | won: False 
#  207 | steps:  2429 | steps_t:     0 | t: 12.316772 | r:  -509.000000 | e:   1.000000 | Q:        nan | won: False 
#  208 | steps:  2452 | steps_t:     0 | t: 12.436771 | r:  -511.000000 | e:   1.000000 | Q:        nan | won: False 
#  209 | steps:  2459 | steps_t:     0 | t: 12.471593 | r:  -506.000000 | e:   1.000000 | Q:        nan | won: False 
#  210 | steps:  2469 | steps_t:     0 | t: 12.521811 | r:  -509.000000 | e:   1.000000 | Q:        nan | won: False 
#  211 | steps:  2485 | steps_t:     0 | t: 12.604666 | r:  -515.000000 | e:   1.000000 | Q:        nan | won: False 
#  212 | steps:  2493 | steps_t:     0 | t: 12.644318 | r:  -507.000000 | e:   1.000000 | Q:        nan | won: False 
#  213 | steps:  2499 | steps_t:     0 | t: 12.674574 | r:  -505.000000 | e:   1.000000 | Q:        nan | won: False 
#  214 | steps:  2511 | steps_t:     0 | t: 12.735253 | r:  -511.000000 | e:   1.000000 | Q:        nan | won: False 
#  215 | steps:  2530 | steps_t:     0 | t: 12.832979 | r:  -507.000000 | e:   1.000000 | Q:        nan | won: False 
#  216 | steps:  2537 | steps_t:     0 | t: 12.867667 | r:  -506.000000 | e:   1.000000 | Q:        nan | won: False 
#  217 | steps:  2546 | steps_t:     0 | t: 12.913148 | r:  -508.000000 | e:   1.000000 | Q:        nan | won: False 
#  218 | steps:  2553 | steps_t:     0 | t: 12.948747 | r:  -506.000000 | e:   1.000000 | Q:        nan | won: False 
#  219 | steps:  2568 | steps_t:     0 | t: 13.024351 | r:  -503.000000 | e:   1.000000 | Q:        nan | won: False 
#  220 | steps:  2576 | steps_t:     0 | t: 13.064908 | r:  -507.000000 | e:   1.000000 | Q:        nan | won: False 
#  221 | steps:  2590 | steps_t:     0 | t: 13.136634 | r:  -513.000000 | e:   1.000000 | Q:        nan | won: False 
#  222 | steps:  2596 | steps_t:     0 | t: 13.166422 | r:  -505.000000 | e:   1.000000 | Q:        nan | won: False 
#  223 | steps:  2603 | steps_t:     0 | t: 13.201460 | r:  -506.000000 | e:   1.000000 | Q:        nan | won: False 
#  224 | steps:  2611 | steps_t:     0 | t: 13.242773 | r:  -507.000000 | e:   1.000000 | Q:        nan | won: False 
#  225 | steps:  2622 | steps_t:     0 | t: 13.299602 | r:  -510.000000 | e:   1.000000 | Q:        nan | won: False 
#  226 | steps:  2628 | steps_t:     0 | t: 13.329085 | r:  -505.000000 | e:   1.000000 | Q:        nan | won: False 
#  227 | steps:  2645 | steps_t:     0 | t: 13.417694 | r:  -516.000000 | e:   1.000000 | Q:        nan | won: False 
#  228 | steps:  2655 | steps_t:     0 | t: 13.469091 | r:  -509.000000 | e:   1.000000 | Q:        nan | won: False 
#  229 | steps:  2683 | steps_t:     0 | t: 13.611569 | r:  -516.000000 | e:   1.000000 | Q:        nan | won: False 
#  230 | steps:  2702 | steps_t:     0 | t: 13.710366 | r:  -507.000000 | e:   1.000000 | Q:        nan | won: False 
#  231 | steps:  2714 | steps_t:     0 | t: 13.772122 | r:  -500.000000 | e:   1.000000 | Q:        nan | won: False 
#  232 | steps:  2719 | steps_t:     0 | t: 13.796017 | r:  -504.000000 | e:   1.000000 | Q:        nan | won: False 
#  233 | steps:  2727 | steps_t:     0 | t: 13.836828 | r:  -507.000000 | e:   1.000000 | Q:        nan | won: False 
#  234 | steps:  2747 | steps_t:     0 | t: 13.939404 | r:  -508.000000 | e:   1.000000 | Q:        nan | won: False 
#  235 | steps:  2762 | steps_t:     0 | t: 14.017052 | r:  -514.000000 | e:   1.000000 | Q:        nan | won: False 
#  236 | steps:  2773 | steps_t:     0 | t: 14.073377 | r:  -510.000000 | e:   1.000000 | Q:        nan | won: False 
#  237 | steps:  2810 | steps_t:     0 | t: 14.265214 | r:  -525.000000 | e:   1.000000 | Q:        nan | won: False 
#  238 | steps:  2827 | steps_t:     0 | t: 14.353064 | r:  -505.000000 | e:   1.000000 | Q:        nan | won: False 
#  239 | steps:  2837 | steps_t:     0 | t: 14.403226 | r:  -509.000000 | e:   1.000000 | Q:        nan | won: False 
#  240 | steps:  2848 | steps_t:     0 | t: 14.460486 | r:  -510.000000 | e:   1.000000 | Q:        nan | won: False 
#  241 | steps:  2868 | steps_t:     0 | t: 14.562310 | r:  -508.000000 | e:   1.000000 | Q:        nan | won: False 
#  242 | steps:  2876 | steps_t:     0 | t: 14.602586 | r:  -507.000000 | e:   1.000000 | Q:        nan | won: False 
#  243 | steps:  2887 | steps_t:     0 | t: 14.658387 | r:  -510.000000 | e:   1.000000 | Q:        nan | won: False 
#  244 | steps:  2903 | steps_t:     0 | t: 14.739347 | r:  -515.000000 | e:   1.000000 | Q:        nan | won: False 
#  245 | steps:  2920 | steps_t:     0 | t: 14.826858 | r:  -516.000000 | e:   1.000000 | Q:        nan | won: False 
#  246 | steps:  2928 | steps_t:     0 | t: 14.866691 | r:  -507.000000 | e:   1.000000 | Q:        nan | won: False 
#  247 | steps:  2938 | steps_t:     0 | t: 14.918183 | r:  -509.000000 | e:   1.000000 | Q:        nan | won: False 
#  248 | steps:  2943 | steps_t:     0 | t: 14.942110 | r:  -504.000000 | e:   1.000000 | Q:        nan | won: False 
#  249 | steps:  2955 | steps_t:     0 | t: 15.003535 | r:  -511.000000 | e:   1.000000 | Q:        nan | won: False 
#  250 | steps:  2964 | steps_t:     0 | t: 15.048673 | r:  -508.000000 | e:   1.000000 | Q:        nan | won: False 
#  251 | steps:  2977 | steps_t:     0 | t: 15.114704 | r:  -512.000000 | e:   1.000000 | Q:        nan | won: False 
#  252 | steps:  2982 | steps_t:     0 | t: 15.137965 | r:  -504.000000 | e:   1.000000 | Q:        nan | won: False 
#  253 | steps:  2993 | steps_t:     0 | t: 15.194820 | r:  -510.000000 | e:   1.000000 | Q:        nan | won: False 
#  254 | steps:  3007 | steps_t:     0 | t: 15.267576 | r:  -513.000000 | e:   1.000000 | Q:        nan | won: False 
#  255 | steps:  3014 | steps_t:     0 | t: 15.302223 | r:  -506.000000 | e:   1.000000 | Q:        nan | won: False 
#  256 | steps:  3025 | steps_t:     0 | t: 15.359076 | r:  -510.000000 | e:   1.000000 | Q:        nan | won: False 
#  257 | steps:  3030 | steps_t:     0 | t: 15.382970 | r:  -504.000000 | e:   1.000000 | Q:        nan | won: False 
#  258 | steps:  3036 | steps_t:     0 | t: 15.412486 | r:  -505.000000 | e:   1.000000 | Q:        nan | won: False 
#  259 | steps:  3045 | steps_t:     0 | t: 15.457697 | r:  -508.000000 | e:   1.000000 | Q:        nan | won: False 
#  260 | steps:  3068 | steps_t:     0 | t: 15.581678 | r:  -522.000000 | e:   1.000000 | Q:        nan | won: False 
#  261 | steps:  3075 | steps_t:     0 | t: 15.616557 | r:  -506.000000 | e:   1.000000 | Q:        nan | won: False 
#  262 | steps:  3083 | steps_t:     0 | t: 15.656134 | r:  -507.000000 | e:   1.000000 | Q:        nan | won: False 
#  263 | steps:  3093 | steps_t:     0 | t: 15.707046 | r:  -509.000000 | e:   1.000000 | Q:        nan | won: False 
#  264 | steps:  3099 | steps_t:     0 | t: 15.736256 | r:  -505.000000 | e:   1.000000 | Q:        nan | won: False 
#  265 | steps:  3108 | steps_t:     0 | t: 15.781456 | r:  -508.000000 | e:   1.000000 | Q:        nan | won: False 
#  266 | steps:  3121 | steps_t:     0 | t: 15.848279 | r:  -501.000000 | e:   1.000000 | Q:        nan | won: False 
#  267 | steps:  3132 | steps_t:     0 | t: 15.903485 | r:  -510.000000 | e:   1.000000 | Q:        nan | won: False 
#  268 | steps:  3142 | steps_t:     0 | t: 15.953845 | r:  -509.000000 | e:   1.000000 | Q:        nan | won: False 
#  269 | steps:  3149 | steps_t:     0 | t: 15.989276 | r:  -506.000000 | e:   1.000000 | Q:        nan | won: False 
#  270 | steps:  3158 | steps_t:     0 | t: 16.034264 | r:  -508.000000 | e:   1.000000 | Q:        nan | won: False 
#  271 | steps:  3171 | steps_t:     0 | t: 16.100529 | r:  -512.000000 | e:   1.000000 | Q:        nan | won: False 
#  272 | steps:  3177 | steps_t:     0 | t: 16.130905 | r:  -505.000000 | e:   1.000000 | Q:        nan | won: False 
#  273 | steps:  3185 | steps_t:     0 | t: 16.172002 | r:  -507.000000 | e:   1.000000 | Q:        nan | won: False 
#  274 | steps:  3194 | steps_t:     0 | t: 16.217688 | r:  -508.000000 | e:   1.000000 | Q:        nan | won: False 
#  275 | steps:  3203 | steps_t:     0 | t: 16.264064 | r:  -508.000000 | e:   1.000000 | Q:        nan | won: False 
#  276 | steps:  3209 | steps_t:     0 | t: 16.293108 | r:  -505.000000 | e:   1.000000 | Q:        nan | won: False 
#  277 | steps:  3215 | steps_t:     0 | t: 16.324136 | r:  -505.000000 | e:   1.000000 | Q:        nan | won: False 
#  278 | steps:  3225 | steps_t:     0 | t: 16.375589 | r:  -509.000000 | e:   1.000000 | Q:        nan | won: False 
#  279 | steps:  3235 | steps_t:     0 | t: 16.426560 | r:  -509.000000 | e:   1.000000 | Q:        nan | won: False 
#  280 | steps:  3244 | steps_t:     0 | t: 16.472140 | r:  -508.000000 | e:   1.000000 | Q:        nan | won: False 
#  281 | steps:  3256 | steps_t:     0 | t: 16.532824 | r:  -511.000000 | e:   1.000000 | Q:        nan | won: False 
#  282 | steps:  3263 | steps_t:     0 | t: 16.567253 | r:  -506.000000 | e:   1.000000 | Q:        nan | won: False 
#  283 | steps:  3270 | steps_t:     0 | t: 16.601475 | r:  -506.000000 | e:   1.000000 | Q:        nan | won: False 
#  284 | steps:  3278 | steps_t:     0 | t: 16.641952 | r:  -507.000000 | e:   1.000000 | Q:        nan | won: False 
#  285 | steps:  3285 | steps_t:     0 | t: 16.676347 | r:  -506.000000 | e:   1.000000 | Q:        nan | won: False 
#  286 | steps:  3307 | steps_t:     0 | t: 16.788008 | r:  -510.000000 | e:   1.000000 | Q:        nan | won: False 
#  287 | steps:  3329 | steps_t:     0 | t: 16.900539 | r:  -510.000000 | e:   1.000000 | Q:        nan | won: False 
#  288 | steps:  3340 | steps_t:     0 | t: 16.959002 | r:  -510.000000 | e:   1.000000 | Q:        nan | won: False 
#  289 | steps:  3351 | steps_t:     0 | t: 17.015766 | r:  -510.000000 | e:   1.000000 | Q:        nan | won: False 
#  290 | steps:  3374 | steps_t:     0 | t: 17.133948 | r:  -522.000000 | e:   1.000000 | Q:        nan | won: False 
#  291 | steps:  3382 | steps_t:     0 | t: 17.173456 | r:  -507.000000 | e:   1.000000 | Q:        nan | won: False 
#  292 | steps:  3390 | steps_t:     0 | t: 17.214216 | r:  -507.000000 | e:   1.000000 | Q:        nan | won: False 
#  293 | steps:  3401 | steps_t:     0 | t: 17.271004 | r:  -510.000000 | e:   1.000000 | Q:        nan | won: False 
#  294 | steps:  3408 | steps_t:     0 | t: 17.305989 | r:  -506.000000 | e:   1.000000 | Q:        nan | won: False 
#  295 | steps:  3417 | steps_t:     0 | t: 17.352660 | r:  -508.000000 | e:   1.000000 | Q:        nan | won: False 
#  296 | steps:  3425 | steps_t:     0 | t: 17.393468 | r:  -507.000000 | e:   1.000000 | Q:        nan | won: False 
#  297 | steps:  3439 | steps_t:     0 | t: 17.464256 | r:  -502.000000 | e:   1.000000 | Q:        nan | won: False 
#  298 | steps:  3446 | steps_t:     0 | t: 17.498505 | r:  -506.000000 | e:   1.000000 | Q:        nan | won: False 
#  299 | steps:  3453 | steps_t:     0 | t: 17.533429 | r:  -506.000000 | e:   1.000000 | Q:        nan | won: False 
#  300 | steps:  3460 | steps_t:     0 | t: 17.568438 | r:  -506.000000 | e:   1.000000 | Q:        nan | won: False 
#  301 | steps:  3469 | steps_t:     0 | t: 17.614509 | r:  -508.000000 | e:   1.000000 | Q:        nan | won: False 
#  302 | steps:  3477 | steps_t:     0 | t: 17.655002 | r:  -507.000000 | e:   1.000000 | Q:        nan | won: False 
#  303 | steps:  3492 | steps_t:     0 | t: 17.732126 | r:  -492.000000 | e:   1.000000 | Q:        nan | won: False 
#  304 | steps:  3503 | steps_t:     0 | t: 17.788112 | r:  -510.000000 | e:   1.000000 | Q:        nan | won: False 
#  305 | steps:  3508 | steps_t:     0 | t: 17.812868 | r:  -504.000000 | e:   1.000000 | Q:        nan | won: False 
#  306 | steps:  3519 | steps_t:     0 | t: 17.869429 | r:  -510.000000 | e:   1.000000 | Q:        nan | won: False 
#  307 | steps:  3529 | steps_t:     0 | t: 17.920591 | r:  -509.000000 | e:   1.000000 | Q:        nan | won: False 
#  308 | steps:  3542 | steps_t:     0 | t: 17.987025 | r:  -512.000000 | e:   1.000000 | Q:        nan | won: False 
#  309 | steps:  3554 | steps_t:     0 | t: 18.048834 | r:  -511.000000 | e:   1.000000 | Q:        nan | won: False 
#  310 | steps:  3561 | steps_t:     0 | t: 18.083057 | r:  -506.000000 | e:   1.000000 | Q:        nan | won: False 
#  311 | steps:  3575 | steps_t:     0 | t: 18.154622 | r:  -513.000000 | e:   1.000000 | Q:        nan | won: False 
#  312 | steps:  3589 | steps_t:     0 | t: 18.225803 | r:  -502.000000 | e:   1.000000 | Q:        nan | won: False 
#  313 | steps:  3596 | steps_t:     0 | t: 18.260225 | r:  -506.000000 | e:   1.000000 | Q:        nan | won: False 
#  314 | steps:  3604 | steps_t:     0 | t: 18.300286 | r:  -507.000000 | e:   1.000000 | Q:        nan | won: False 
#  315 | steps:  3615 | steps_t:     0 | t: 18.356263 | r:  -510.000000 | e:   1.000000 | Q:        nan | won: False 
#  316 | steps:  3621 | steps_t:     0 | t: 18.384928 | r:  -505.000000 | e:   1.000000 | Q:        nan | won: False 
#  317 | steps:  3627 | steps_t:     0 | t: 18.413891 | r:  -505.000000 | e:   1.000000 | Q:        nan | won: False 
#  318 | steps:  3634 | steps_t:     0 | t: 18.447966 | r:  -506.000000 | e:   1.000000 | Q:        nan | won: False 
#  319 | steps:  3653 | steps_t:     0 | t: 18.543677 | r:  -507.000000 | e:   1.000000 | Q:        nan | won: False 
#  320 | steps:  3665 | steps_t:     0 | t: 18.603510 | r:  -511.000000 | e:   1.000000 | Q:        nan | won: False 
#  321 | steps:  3674 | steps_t:     0 | t: 18.648656 | r:  -508.000000 | e:   1.000000 | Q:        nan | won: False 
#  322 | steps:  3680 | steps_t:     0 | t: 18.677752 | r:  -505.000000 | e:   1.000000 | Q:        nan | won: False 
#  323 | steps:  3700 | steps_t:     0 | t: 18.778995 | r:  -508.000000 | e:   1.000000 | Q:        nan | won: False 
#  324 | steps:  3709 | steps_t:     0 | t: 18.823648 | r:  -508.000000 | e:   1.000000 | Q:        nan | won: False 
#  325 | steps:  3724 | steps_t:     0 | t: 18.898151 | r:  -514.000000 | e:   1.000000 | Q:        nan | won: False 
#  326 | steps:  3737 | steps_t:     0 | t: 18.963820 | r:  -512.000000 | e:   1.000000 | Q:        nan | won: False 
#  327 | steps:  3747 | steps_t:     0 | t: 19.013289 | r:  -509.000000 | e:   1.000000 | Q:        nan | won: False 
#  328 | steps:  3752 | steps_t:     0 | t: 19.036718 | r:  -504.000000 | e:   1.000000 | Q:        nan | won: False 
#  329 | steps:  3758 | steps_t:     0 | t: 19.065779 | r:  -505.000000 | e:   1.000000 | Q:        nan | won: False 
#  330 | steps:  3774 | steps_t:     0 | t: 19.147578 | r:  -515.000000 | e:   1.000000 | Q:        nan | won: False 
#  331 | steps:  3788 | steps_t:     0 | t: 19.217649 | r:  -513.000000 | e:   1.000000 | Q:        nan | won: False 
#  332 | steps:  3796 | steps_t:     0 | t: 19.257404 | r:  -507.000000 | e:   1.000000 | Q:        nan | won: False 
#  333 | steps:  3813 | steps_t:     0 | t: 19.343586 | r:  -516.000000 | e:   1.000000 | Q:        nan | won: False 
#  334 | steps:  3819 | steps_t:     0 | t: 19.372124 | r:  -505.000000 | e:   1.000000 | Q:        nan | won: False 
#  335 | steps:  3829 | steps_t:     0 | t: 19.422494 | r:  -509.000000 | e:   1.000000 | Q:        nan | won: False 
#  336 | steps:  3837 | steps_t:     0 | t: 19.462944 | r:  -507.000000 | e:   1.000000 | Q:        nan | won: False 
#  337 | steps:  3851 | steps_t:     0 | t: 19.534741 | r:  -513.000000 | e:   1.000000 | Q:        nan | won: False 
#  338 | steps:  3869 | steps_t:     0 | t: 19.626974 | r:  -517.000000 | e:   1.000000 | Q:        nan | won: False 
#  339 | steps:  3883 | steps_t:     0 | t: 19.698302 | r:  -513.000000 | e:   1.000000 | Q:        nan | won: False 
#  340 | steps:  3889 | steps_t:     0 | t: 19.727589 | r:  -505.000000 | e:   1.000000 | Q:        nan | won: False 
#  341 | steps:  3895 | steps_t:     0 | t: 19.756784 | r:  -505.000000 | e:   1.000000 | Q:        nan | won: False 
#  342 | steps:  3909 | steps_t:     0 | t: 19.827677 | r:  -502.000000 | e:   1.000000 | Q:        nan | won: False 
#  343 | steps:  3919 | steps_t:     0 | t: 19.877679 | r:  -509.000000 | e:   1.000000 | Q:        nan | won: False 
#  344 | steps:  3932 | steps_t:     0 | t: 19.943300 | r:  -501.000000 | e:   1.000000 | Q:        nan | won: False 
#  345 | steps:  3937 | steps_t:     0 | t: 19.966463 | r:  -504.000000 | e:   1.000000 | Q:        nan | won: False 
#  346 | steps:  3945 | steps_t:     0 | t: 20.005997 | r:  -507.000000 | e:   1.000000 | Q:        nan | won: False 
#  347 | steps:  3952 | steps_t:     0 | t: 20.040577 | r:  -506.000000 | e:   1.000000 | Q:        nan | won: False 
#  348 | steps:  3958 | steps_t:     0 | t: 20.069497 | r:  -505.000000 | e:   1.000000 | Q:        nan | won: False 
#  349 | steps:  3973 | steps_t:     0 | t: 20.145172 | r:  -503.000000 | e:   1.000000 | Q:        nan | won: False 
#  350 | steps:  3983 | steps_t:     0 | t: 20.195310 | r:  -509.000000 | e:   1.000000 | Q:        nan | won: False 
#  351 | steps:  3997 | steps_t:     0 | t: 20.265593 | r:  -502.000000 | e:   1.000000 | Q:        nan | won: False 
#  352 | steps:  4003 | steps_t:     0 | t: 20.294099 | r:  -505.000000 | e:   1.000000 | Q:        nan | won: False 
#  353 | steps:  4024 | steps_t:     0 | t: 20.401145 | r:  -520.000000 | e:   1.000000 | Q:        nan | won: False 
#  354 | steps:  4037 | steps_t:     0 | t: 20.467233 | r:  -512.000000 | e:   1.000000 | Q:        nan | won: False 
#  355 | steps:  4044 | steps_t:     0 | t: 20.501902 | r:  -506.000000 | e:   1.000000 | Q:        nan | won: False 
#  356 | steps:  4056 | steps_t:     0 | t: 20.563049 | r:  -511.000000 | e:   1.000000 | Q:        nan | won: False 
#  357 | steps:  4064 | steps_t:     0 | t: 20.602674 | r:  -507.000000 | e:   1.000000 | Q:        nan | won: False 
#  358 | steps:  4077 | steps_t:     0 | t: 20.668884 | r:  -512.000000 | e:   1.000000 | Q:        nan | won: False 
#  359 | steps:  4093 | steps_t:     0 | t: 20.749751 | r:  -504.000000 | e:   1.000000 | Q:        nan | won: False 
#  360 | steps:  4107 | steps_t:     0 | t: 20.820225 | r:  -513.000000 | e:   1.000000 | Q:        nan | won: False 
#  361 | steps:  4123 | steps_t:     0 | t: 20.902193 | r:  -515.000000 | e:   1.000000 | Q:        nan | won: False 
#  362 | steps:  4136 | steps_t:     0 | t: 20.967912 | r:  -501.000000 | e:   1.000000 | Q:        nan | won: False 
#  363 | steps:  4145 | steps_t:     0 | t: 21.013233 | r:  -508.000000 | e:   1.000000 | Q:        nan | won: False 
#  364 | steps:  4155 | steps_t:     0 | t: 21.063221 | r:  -509.000000 | e:   1.000000 | Q:        nan | won: False 
#  365 | steps:  4164 | steps_t:     0 | t: 21.108490 | r:  -508.000000 | e:   1.000000 | Q:        nan | won: False 
#  366 | steps:  4173 | steps_t:     0 | t: 21.153703 | r:  -508.000000 | e:   1.000000 | Q:        nan | won: False 
#  367 | steps:  4193 | steps_t:     0 | t: 21.255576 | r:  -508.000000 | e:   1.000000 | Q:        nan | won: False 
#  368 | steps:  4202 | steps_t:     0 | t: 21.300052 | r:  -508.000000 | e:   1.000000 | Q:        nan | won: False 
#  369 | steps:  4217 | steps_t:     0 | t: 21.377361 | r:  -514.000000 | e:   1.000000 | Q:        nan | won: False 
#  370 | steps:  4227 | steps_t:     0 | t: 21.427378 | r:  -509.000000 | e:   1.000000 | Q:        nan | won: False 
#  371 | steps:  4245 | steps_t:     0 | t: 21.518978 | r:  -506.000000 | e:   1.000000 | Q:        nan | won: False 
#  372 | steps:  4255 | steps_t:     0 | t: 21.568367 | r:  -509.000000 | e:   1.000000 | Q:        nan | won: False 
#  373 | steps:  4272 | steps_t:     0 | t: 21.655011 | r:  -505.000000 | e:   1.000000 | Q:        nan | won: False 
#  374 | steps:  4283 | steps_t:     0 | t: 21.709317 | r:  -510.000000 | e:   1.000000 | Q:        nan | won: False 
#  375 | steps:  4294 | steps_t:     0 | t: 21.764993 | r:  -510.000000 | e:   1.000000 | Q:        nan | won: False 
#  376 | steps:  4313 | steps_t:     0 | t: 21.861465 | r:  -518.000000 | e:   1.000000 | Q:        nan | won: False 
#  377 | steps:  4321 | steps_t:     0 | t: 21.901080 | r:  -507.000000 | e:   1.000000 | Q:        nan | won: False 
#  378 | steps:  4332 | steps_t:     0 | t: 21.956479 | r:  -510.000000 | e:   1.000000 | Q:        nan | won: False 
#  379 | steps:  4344 | steps_t:     0 | t: 22.016199 | r:  -511.000000 | e:   1.000000 | Q:        nan | won: False 
#  380 | steps:  4363 | steps_t:     0 | t: 22.113631 | r:  -507.000000 | e:   1.000000 | Q:        nan | won: False 
#  381 | steps:  4379 | steps_t:     0 | t: 22.195741 | r:  -515.000000 | e:   1.000000 | Q:        nan | won: False 
#  382 | steps:  4389 | steps_t:     0 | t: 22.246355 | r:  -509.000000 | e:   1.000000 | Q:        nan | won: False 
#  383 | steps:  4401 | steps_t:     0 | t: 22.306628 | r:  -511.000000 | e:   1.000000 | Q:        nan | won: False 
#  384 | steps:  4408 | steps_t:     0 | t: 22.340370 | r:  -506.000000 | e:   1.000000 | Q:        nan | won: False 
#  385 | steps:  4417 | steps_t:     0 | t: 22.386031 | r:  -508.000000 | e:   1.000000 | Q:        nan | won: False 
#  386 | steps:  4431 | steps_t:     0 | t: 22.455977 | r:  -513.000000 | e:   1.000000 | Q:        nan | won: False 
#  387 | steps:  4445 | steps_t:     0 | t: 22.526749 | r:  -513.000000 | e:   1.000000 | Q:        nan | won: False 
#  388 | steps:  4460 | steps_t:     0 | t: 22.603352 | r:  -503.000000 | e:   1.000000 | Q:        nan | won: False 
#  389 | steps:  4472 | steps_t:     0 | t: 22.664565 | r:  -511.000000 | e:   1.000000 | Q:        nan | won: False 
#  390 | steps:  4484 | steps_t:     0 | t: 22.725593 | r:  -511.000000 | e:   1.000000 | Q:        nan | won: False 
#  391 | steps:  4505 | steps_t:     0 | t: 22.835737 | r:  -520.000000 | e:   1.000000 | Q:        nan | won: False 
#  392 | steps:  4534 | steps_t:     0 | t: 22.987023 | r:  -528.000000 | e:   1.000000 | Q:        nan | won: False 
#  393 | steps:  4553 | steps_t:     0 | t: 23.083184 | r:  -507.000000 | e:   1.000000 | Q:        nan | won: False 
#  394 | steps:  4559 | steps_t:     0 | t: 23.112137 | r:  -505.000000 | e:   1.000000 | Q:        nan | won: False 
#  395 | steps:  4585 | steps_t:     0 | t: 23.246694 | r:  -514.000000 | e:   1.000000 | Q:        nan | won: False 
#  396 | steps:  4592 | steps_t:     0 | t: 23.281140 | r:  -506.000000 | e:   1.000000 | Q:        nan | won: False 
#  397 | steps:  4609 | steps_t:     0 | t: 23.369393 | r:  -505.000000 | e:   1.000000 | Q:        nan | won: False 
#  398 | steps:  4616 | steps_t:     0 | t: 23.403785 | r:  -506.000000 | e:   1.000000 | Q:        nan | won: False 
#  399 | steps:  4625 | steps_t:     0 | t: 23.449577 | r:  -508.000000 | e:   1.000000 | Q:        nan | won: False 
#  400 | steps:  4657 | steps_t:     0 | t: 23.612188 | r:  -520.000000 | e:   1.000000 | Q:        nan | won: False 
#  401 | steps:  4662 | steps_t:     0 | t: 23.636596 | r:  -504.000000 | e:   1.000000 | Q:        nan | won: False 
#  402 | steps:  4671 | steps_t:     0 | t: 23.681418 | r:  -508.000000 | e:   1.000000 | Q:        nan | won: False 
#  403 | steps:  4685 | steps_t:     0 | t: 23.753242 | r:  -513.000000 | e:   1.000000 | Q:        nan | won: False 
#  404 | steps:  4695 | steps_t:     0 | t: 23.804225 | r:  -509.000000 | e:   1.000000 | Q:        nan | won: False 
#  405 | steps:  4712 | steps_t:     0 | t: 23.890421 | r:  -516.000000 | e:   1.000000 | Q:        nan | won: False 
#  406 | steps:  4722 | steps_t:     0 | t: 23.941421 | r:  -509.000000 | e:   1.000000 | Q:        nan | won: False 
#  407 | steps:  4740 | steps_t:     0 | t: 24.032079 | r:  -506.000000 | e:   1.000000 | Q:        nan | won: False 
#  408 | steps:  4752 | steps_t:     0 | t: 24.092052 | r:  -511.000000 | e:   1.000000 | Q:        nan | won: False 
#  409 | steps:  4761 | steps_t:     0 | t: 24.137486 | r:  -508.000000 | e:   1.000000 | Q:        nan | won: False 
#  410 | steps:  4773 | steps_t:     0 | t: 24.197006 | r:  -511.000000 | e:   1.000000 | Q:        nan | won: False 
#  411 | steps:  4780 | steps_t:     0 | t: 24.231952 | r:  -506.000000 | e:   1.000000 | Q:        nan | won: False 
#  412 | steps:  4789 | steps_t:     0 | t: 24.278201 | r:  -508.000000 | e:   1.000000 | Q:        nan | won: False 
#  413 | steps:  4800 | steps_t:     0 | t: 24.333428 | r:  -510.000000 | e:   1.000000 | Q:        nan | won: False 
#  414 | steps:  4809 | steps_t:     0 | t: 24.379245 | r:  -508.000000 | e:   1.000000 | Q:        nan | won: False 
#  415 | steps:  4820 | steps_t:     0 | t: 24.435815 | r:  -510.000000 | e:   1.000000 | Q:        nan | won: False 
#  416 | steps:  4830 | steps_t:     0 | t: 24.486277 | r:  -509.000000 | e:   1.000000 | Q:        nan | won: False 
#  417 | steps:  4837 | steps_t:     0 | t: 24.521074 | r:  -506.000000 | e:   1.000000 | Q:        nan | won: False 
#  418 | steps:  4845 | steps_t:     0 | t: 24.561680 | r:  -507.000000 | e:   1.000000 | Q:        nan | won: False 
#  419 | steps:  4859 | steps_t:     0 | t: 24.634678 | r:  -513.000000 | e:   1.000000 | Q:        nan | won: False 
#  420 | steps:  4866 | steps_t:     0 | t: 24.668931 | r:  -506.000000 | e:   1.000000 | Q:        nan | won: False 
#  421 | steps:  4872 | steps_t:     0 | t: 24.699033 | r:  -505.000000 | e:   1.000000 | Q:        nan | won: False 
#  422 | steps:  4880 | steps_t:     0 | t: 24.739968 | r:  -507.000000 | e:   1.000000 | Q:        nan | won: False 
#  423 | steps:  4887 | steps_t:     0 | t: 24.775121 | r:  -506.000000 | e:   1.000000 | Q:        nan | won: False 
#  424 | steps:  4905 | steps_t:     0 | t: 24.867266 | r:  -506.000000 | e:   1.000000 | Q:        nan | won: False 
#  425 | steps:  4911 | steps_t:     0 | t: 24.895878 | r:  -505.000000 | e:   1.000000 | Q:        nan | won: False 
#  426 | steps:  4918 | steps_t:     0 | t: 24.929523 | r:  -506.000000 | e:   1.000000 | Q:        nan | won: False 
#  427 | steps:  4931 | steps_t:     0 | t: 24.994761 | r:  -512.000000 | e:   1.000000 | Q:        nan | won: False 
#  428 | steps:  4951 | steps_t:     0 | t: 25.096609 | r:  -508.000000 | e:   1.000000 | Q:        nan | won: False 
#  429 | steps:  4961 | steps_t:     0 | t: 25.149404 | r:  -509.000000 | e:   1.000000 | Q:        nan | won: False 
#  430 | steps:  4970 | steps_t:     0 | t: 25.194990 | r:  -508.000000 | e:   1.000000 | Q:        nan | won: False 
#  431 | steps:  4978 | steps_t:     0 | t: 25.235605 | r:  -507.000000 | e:   1.000000 | Q:        nan | won: False 
#  432 | steps:  4991 | steps_t:     0 | t: 25.301143 | r:  -512.000000 | e:   1.000000 | Q:        nan | won: False 
#  433 | steps:  4997 | steps_t:     0 | t: 25.330953 | r:  -505.000000 | e:   1.000000 | Q:        nan | won: False 
