#    1 | steps:    15 | steps_t:     0 | t: 0.043252 | r:  -503.000000 | e:   1.000000 | Q:        nan | won: False 
#    2 | steps:    21 | steps_t:     0 | t: 0.056146 | r:  -505.000000 | e:   1.000000 | Q:        nan | won: False 
#    3 | steps:    28 | steps_t:     0 | t: 0.072209 | r:  -506.000000 | e:   1.000000 | Q:        nan | won: False 
#    4 | steps:    38 | steps_t:     0 | t: 0.094746 | r:  -509.000000 | e:   1.000000 | Q:        nan | won: False 
#    5 | steps:    50 | steps_t:     0 | t: 0.122394 | r:  -511.000000 | e:   1.000000 | Q:        nan | won: False 
#    6 | steps:    65 | steps_t:     0 | t: 0.156964 | r:  -492.000000 | e:   1.000000 | Q:        nan | won: False 
#    7 | steps:    72 | steps_t:     0 | t: 0.172194 | r:  -506.000000 | e:   1.000000 | Q:        nan | won: False 
#    8 | steps:    84 | steps_t:     0 | t: 0.199075 | r:  -511.000000 | e:   1.000000 | Q:        nan | won: False 
#    9 | steps:    99 | steps_t:     0 | t: 0.232948 | r:  -503.000000 | e:   1.000000 | Q:        nan | won: False 
#   10 | steps:   105 | steps_t:     0 | t: 0.245880 | r:  -505.000000 | e:   1.000000 | Q:        nan | won: False 
#   11 | steps:   115 | steps_t:     0 | t: 0.267900 | r:  -509.000000 | e:   1.000000 | Q:        nan | won: False 
#   12 | steps:   125 | steps_t:     0 | t: 0.290190 | r:  -509.000000 | e:   1.000000 | Q:        nan | won: False 
#   13 | steps:   134 | steps_t:     0 | t: 0.310074 | r:  -508.000000 | e:   1.000000 | Q:        nan | won: False 
#   14 | steps:   155 | steps_t:     0 | t: 0.357932 | r:  -520.000000 | e:   1.000000 | Q:        nan | won: False 
#   15 | steps:   162 | steps_t:     0 | t: 0.373214 | r:  -506.000000 | e:   1.000000 | Q:        nan | won: False 
#   16 | steps:   170 | steps_t:     0 | t: 0.390794 | r:  -507.000000 | e:   1.000000 | Q:        nan | won: False 
#   17 | steps:   177 | steps_t:     0 | t: 0.406031 | r:  -506.000000 | e:   1.000000 | Q:        nan | won: False 
#   18 | steps:   187 | steps_t:     0 | t: 0.428292 | r:  -509.000000 | e:   1.000000 | Q:        nan | won: False 
#   19 | steps:   206 | steps_t:     0 | t: 0.471460 | r:  -518.000000 | e:   1.000000 | Q:        nan | won: False 
#   20 | steps:   216 | steps_t:     0 | t: 0.493841 | r:  -509.000000 | e:   1.000000 | Q:        nan | won: False 
#   21 | steps:   238 | steps_t:     0 | t: 0.543808 | r:  -510.000000 | e:   1.000000 | Q:        nan | won: False 
#   22 | steps:   247 | steps_t:     0 | t: 0.563696 | r:  -508.000000 | e:   1.000000 | Q:        nan | won: False 
#   23 | steps:   256 | steps_t:     0 | t: 0.583581 | r:  -508.000000 | e:   1.000000 | Q:        nan | won: False 
#   24 | steps:   264 | steps_t:     0 | t: 0.601218 | r:  -507.000000 | e:   1.000000 | Q:        nan | won: False 
#   25 | steps:   276 | steps_t:     0 | t: 0.628157 | r:  -511.000000 | e:   1.000000 | Q:        nan | won: False 
#   26 | steps:   285 | steps_t:     0 | t: 0.648421 | r:  -508.000000 | e:   1.000000 | Q:        nan | won: False 
#   27 | steps:   296 | steps_t:     0 | t: 0.673042 | r:  -510.000000 | e:   1.000000 | Q:        nan | won: False 
#   28 | steps:   306 | steps_t:     0 | t: 0.696205 | r:  -509.000000 | e:   1.000000 | Q:        nan | won: False 
#   29 | steps:   313 | steps_t:     0 | t: 0.711474 | r:  -506.000000 | e:   1.000000 | Q:        nan | won: False 
#   30 | steps:   322 | steps_t:     0 | t: 0.732449 | r:  -508.000000 | e:   1.000000 | Q:        nan | won: False 
#   31 | steps:   333 | steps_t:     0 | t: 0.757125 | r:  -510.000000 | e:   1.000000 | Q:        nan | won: False 
#   32 | steps:   340 | steps_t:     0 | t: 0.773247 | r:  -506.000000 | e:   1.000000 | Q:        nan | won: False 
#   33 | steps:   349 | steps_t:     0 | t: 0.794277 | r:  -508.000000 | e:   1.000000 | Q:        nan | won: False 
#   34 | steps:   357 | steps_t:     0 | t: 0.811941 | r:  -507.000000 | e:   1.000000 | Q:        nan | won: False 
#   35 | steps:   366 | steps_t:     0 | t: 0.832854 | r:  -508.000000 | e:   1.000000 | Q:        nan | won: False 
#   36 | steps:   383 | steps_t:     0 | t: 0.872457 | r:  -516.000000 | e:   1.000000 | Q:        nan | won: False 
#   37 | steps:   403 | steps_t:     0 | t: 0.919056 | r:  -508.000000 | e:   1.000000 | Q:        nan | won: False 
#   38 | steps:   412 | steps_t:     0 | t: 0.940518 | r:  -508.000000 | e:   1.000000 | Q:        nan | won: False 
#   39 | steps:   420 | steps_t:     0 | t: 0.959349 | r:  -507.000000 | e:   1.000000 | Q:        nan | won: False 
#   40 | steps:   438 | steps_t:     0 | t: 1.001603 | r:  -517.000000 | e:   1.000000 | Q:        nan | won: False 
#   41 | steps:   455 | steps_t:     0 | t: 1.041221 | r:  -516.000000 | e:   1.000000 | Q:        nan | won: False 
#   42 | steps:   465 | steps_t:     0 | t: 1.063375 | r:  -509.000000 | e:   1.000000 | Q:        nan | won: False 
#   43 | steps:   477 | steps_t:     0 | t: 1.090546 | r:  -511.000000 | e:   1.000000 | Q:        nan | won: False 
#   44 | steps:   483 | steps_t:     0 | t: 1.103560 | r:  -505.000000 | e:   1.000000 | Q:        nan | won: False 
#   45 | steps:   491 | steps_t:     0 | t: 1.121426 | r:  -507.000000 | e:   1.000000 | Q:        nan | won: False 
#   46 | steps:   500 | steps_t:     0 | t: 1.141443 | r:  -508.000000 | e:   1.000000 | Q:        nan | won: False 
#   47 | steps:   505 | steps_t:     0 | t: 1.152089 | r:  -504.000000 | e:   1.000000 | Q:        nan | won: False 
#   48 | steps:   512 | steps_t:     0 | t: 1.167342 | r:  -506.000000 | e:   1.000000 | Q:        nan | won: False 
#   49 | steps:   523 | steps_t:     0 | t: 1.192000 | r:  -510.000000 | e:   1.000000 | Q:        nan | won: False 
#   50 | steps:   530 | steps_t:     0 | t: 1.207330 | r:  -506.000000 | e:   1.000000 | Q:        nan | won: False 
#   51 | steps:   541 | steps_t:     0 | t: 1.232149 | r:  -510.000000 | e:   1.000000 | Q:        nan | won: False 
#   52 | steps:   550 | steps_t:     0 | t: 1.252024 | r:  -508.000000 | e:   1.000000 | Q:        nan | won: False 
#   53 | steps:   564 | steps_t:     0 | t: 1.283867 | r:  -513.000000 | e:   1.000000 | Q:        nan | won: False 
#   54 | steps:   571 | steps_t:     0 | t: 1.299129 | r:  -506.000000 | e:   1.000000 | Q:        nan | won: False 
#   55 | steps:   582 | steps_t:     0 | t: 1.323877 | r:  -510.000000 | e:   1.000000 | Q:        nan | won: False 
#   56 | steps:   592 | steps_t:     0 | t: 1.346206 | r:  -509.000000 | e:   1.000000 | Q:        nan | won: False 
#   57 | steps:   600 | steps_t:     0 | t: 1.363843 | r:  -507.000000 | e:   1.000000 | Q:        nan | won: False 
#   58 | steps:   609 | steps_t:     0 | t: 1.383885 | r:  -508.000000 | e:   1.000000 | Q:        nan | won: False 
#   59 | steps:   622 | steps_t:     0 | t: 1.413214 | r:  -512.000000 | e:   1.000000 | Q:        nan | won: False 
#   60 | steps:   647 | steps_t:     0 | t: 1.471241 | r:  -524.000000 | e:   1.000000 | Q:        nan | won: False 
#   61 | steps:   663 | steps_t:     0 | t: 1.507516 | r:  -515.000000 | e:   1.000000 | Q:        nan | won: False 
#   62 | steps:   671 | steps_t:     0 | t: 1.525184 | r:  -507.000000 | e:   1.000000 | Q:        nan | won: False 
#   63 | steps:   680 | steps_t:     0 | t: 1.545223 | r:  -508.000000 | e:   1.000000 | Q:        nan | won: False 
#   64 | steps:   694 | steps_t:     0 | t: 1.579555 | r:  -513.000000 | e:   1.000000 | Q:        nan | won: False 
#   65 | steps:   707 | steps_t:     0 | t: 1.609037 | r:  -512.000000 | e:   1.000000 | Q:        nan | won: False 
#   66 | steps:   716 | steps_t:     0 | t: 1.629096 | r:  -508.000000 | e:   1.000000 | Q:        nan | won: False 
#   67 | steps:   725 | steps_t:     0 | t: 1.649354 | r:  -508.000000 | e:   1.000000 | Q:        nan | won: False 
#   68 | steps:   733 | steps_t:     0 | t: 1.667074 | r:  -507.000000 | e:   1.000000 | Q:        nan | won: False 
#   69 | steps:   740 | steps_t:     0 | t: 1.682523 | r:  -506.000000 | e:   1.000000 | Q:        nan | won: False 
#   70 | steps:   750 | steps_t:     0 | t: 1.704922 | r:  -509.000000 | e:   1.000000 | Q:        nan | won: False 
#   71 | steps:   770 | steps_t:     0 | t: 1.750414 | r:  -508.000000 | e:   1.000000 | Q:        nan | won: False 
#   72 | steps:   775 | steps_t:     0 | t: 1.761039 | r:  -504.000000 | e:   1.000000 | Q:        nan | won: False 
#   73 | steps:   798 | steps_t:     0 | t: 1.814181 | r:  -522.000000 | e:   1.000000 | Q:        nan | won: False 
#   74 | steps:   803 | steps_t:     0 | t: 1.824772 | r:  -504.000000 | e:   1.000000 | Q:        nan | won: False 
#   75 | steps:   814 | steps_t:     0 | t: 1.849480 | r:  -510.000000 | e:   1.000000 | Q:        nan | won: False 
#   76 | steps:   820 | steps_t:     0 | t: 1.862342 | r:  -505.000000 | e:   1.000000 | Q:        nan | won: False 
#   77 | steps:   831 | steps_t:     0 | t: 1.886934 | r:  -510.000000 | e:   1.000000 | Q:        nan | won: False 
#   78 | steps:   845 | steps_t:     0 | t: 1.918855 | r:  -513.000000 | e:   1.000000 | Q:        nan | won: False 
#   79 | steps:   850 | steps_t:     0 | t: 1.929447 | r:  -504.000000 | e:   1.000000 | Q:        nan | won: False 
#   80 | steps:   871 | steps_t:     0 | t: 1.977709 | r:  -520.000000 | e:   1.000000 | Q:        nan | won: False 
#   81 | steps:   885 | steps_t:     0 | t: 2.009369 | r:  -502.000000 | e:   1.000000 | Q:        nan | won: False 
#   82 | steps:   894 | steps_t:     0 | t: 2.029424 | r:  -508.000000 | e:   1.000000 | Q:        nan | won: False 
#   83 | steps:   908 | steps_t:     0 | t: 2.061239 | r:  -513.000000 | e:   1.000000 | Q:        nan | won: False 
#   84 | steps:   918 | steps_t:     0 | t: 2.083730 | r:  -509.000000 | e:   1.000000 | Q:        nan | won: False 
#   85 | steps:   928 | steps_t:     0 | t: 2.106112 | r:  -509.000000 | e:   1.000000 | Q:        nan | won: False 
#   86 | steps:   944 | steps_t:     0 | t: 2.142869 | r:  -515.000000 | e:   1.000000 | Q:        nan | won: False 
#   87 | steps:   952 | steps_t:     0 | t: 2.160602 | r:  -507.000000 | e:   1.000000 | Q:        nan | won: False 
#   88 | steps:   957 | steps_t:     0 | t: 2.171267 | r:  -504.000000 | e:   1.000000 | Q:        nan | won: False 
#   89 | steps:   964 | steps_t:     0 | t: 2.186516 | r:  -506.000000 | e:   1.000000 | Q:        nan | won: False 
#   90 | steps:   977 | steps_t:     0 | t: 2.215940 | r:  -512.000000 | e:   1.000000 | Q:        nan | won: False 
#   91 | steps:   994 | steps_t:     0 | t: 2.254644 | r:  -505.000000 | e:   1.000000 | Q:        nan | won: False 
#   92 | steps:  1007 | steps_t:     0 | t: 2.284304 | r:  -512.000000 | e:   1.000000 | Q:        nan | won: False 
#   93 | steps:  1025 | steps_t:     0 | t: 2.325777 | r:  -517.000000 | e:   1.000000 | Q:        nan | won: False 
#   94 | steps:  1035 | steps_t:     0 | t: 2.348183 | r:  -509.000000 | e:   1.000000 | Q:        nan | won: False 
#   95 | steps:  1049 | steps_t:     0 | t: 2.379907 | r:  -502.000000 | e:   1.000000 | Q:        nan | won: False 
#   96 | steps:  1061 | steps_t:     0 | t: 2.407182 | r:  -511.000000 | e:   1.000000 | Q:        nan | won: False 
#   97 | steps:  1068 | steps_t:     0 | t: 2.422695 | r:  -506.000000 | e:   1.000000 | Q:        nan | won: False 
#   98 | steps:  1081 | steps_t:     0 | t: 2.452220 | r:  -512.000000 | e:   1.000000 | Q:        nan | won: False 
#   99 | steps:  1090 | steps_t:     0 | t: 2.472327 | r:  -508.000000 | e:   1.000000 | Q:        nan | won: False 
#  100 | steps:  1101 | steps_t:     0 | t: 2.497184 | r:  -510.000000 | e:   1.000000 | Q:        nan | won: False 
#  101 | steps:  1111 | steps_t:     0 | t: 2.519750 | r:  -509.000000 | e:   1.000000 | Q:        nan | won: False 
#  102 | steps:  1135 | steps_t:     0 | t: 2.575042 | r:  -512.000000 | e:   1.000000 | Q:        nan | won: False 
#  103 | steps:  1150 | steps_t:     0 | t: 2.609796 | r:  -492.000000 | e:   1.000000 | Q:        nan | won: False 
#  104 | steps:  1157 | steps_t:     0 | t: 2.625252 | r:  -506.000000 | e:   1.000000 | Q:        nan | won: False 
#  105 | steps:  1170 | steps_t:     0 | t: 2.654917 | r:  -512.000000 | e:   1.000000 | Q:        nan | won: False 
#  106 | steps:  1187 | steps_t:     0 | t: 2.693933 | r:  -516.000000 | e:   1.000000 | Q:        nan | won: False 
#  107 | steps:  1201 | steps_t:     0 | t: 2.725899 | r:  -513.000000 | e:   1.000000 | Q:        nan | won: False 
#  108 | steps:  1218 | steps_t:     0 | t: 2.764649 | r:  -516.000000 | e:   1.000000 | Q:        nan | won: False 
#  109 | steps:  1224 | steps_t:     0 | t: 2.777615 | r:  -505.000000 | e:   1.000000 | Q:        nan | won: False 
#  110 | steps:  1235 | steps_t:     0 | t: 2.802355 | r:  -510.000000 | e:   1.000000 | Q:        nan | won: False 
#  111 | steps:  1243 | steps_t:     0 | t: 2.820149 | r:  -507.000000 | e:   1.000000 | Q:        nan | won: False 
#  112 | steps:  1261 | steps_t:     0 | t: 2.860730 | r:  -506.000000 | e:   1.000000 | Q:        nan | won: False 
#  113 | steps:  1282 | steps_t:     0 | t: 2.908190 | r:  -520.000000 | e:   1.000000 | Q:        nan | won: False 
#  114 | steps:  1302 | steps_t:     0 | t: 2.953412 | r:  -508.000000 | e:   1.000000 | Q:        nan | won: False 
#  115 | steps:  1318 | steps_t:     0 | t: 2.989536 | r:  -515.000000 | e:   1.000000 | Q:        nan | won: False 
#  116 | steps:  1326 | steps_t:     0 | t: 3.006970 | r:  -507.000000 | e:   1.000000 | Q:        nan | won: False 
#  117 | steps:  1343 | steps_t:     0 | t: 3.045175 | r:  -516.000000 | e:   1.000000 | Q:        nan | won: False 
#  118 | steps:  1354 | steps_t:     0 | t: 3.069446 | r:  -510.000000 | e:   1.000000 | Q:        nan | won: False 
#  119 | steps:  1365 | steps_t:     0 | t: 3.093882 | r:  -510.000000 | e:   1.000000 | Q:        nan | won: False 
#  120 | steps:  1371 | steps_t:     0 | t: 3.106669 | r:  -505.000000 | e:   1.000000 | Q:        nan | won: False 
#  121 | steps:  1383 | steps_t:     0 | t: 3.133383 | r:  -511.000000 | e:   1.000000 | Q:        nan | won: False 
#  122 | steps:  1401 | steps_t:     0 | t: 3.175261 | r:  -517.000000 | e:   1.000000 | Q:        nan | won: False 
#  123 | steps:  1409 | steps_t:     0 | t: 3.193125 | r:  -507.000000 | e:   1.000000 | Q:        nan | won: False 
#  124 | steps:  1417 | steps_t:     0 | t: 3.211586 | r:  -507.000000 | e:   1.000000 | Q:        nan | won: False 
#  125 | steps:  1440 | steps_t:     0 | t: 3.264113 | r:  -511.000000 | e:   1.000000 | Q:        nan | won: False 
#  126 | steps:  1461 | steps_t:     0 | t: 3.312650 | r:  -509.000000 | e:   1.000000 | Q:        nan | won: False 
#  127 | steps:  1470 | steps_t:     0 | t: 3.333183 | r:  -508.000000 | e:   1.000000 | Q:        nan | won: False 
#  128 | steps:  1487 | steps_t:     0 | t: 3.372459 | r:  -516.000000 | e:   1.000000 | Q:        nan | won: False 
#  129 | steps:  1512 | steps_t:     0 | t: 3.430547 | r:  -524.000000 | e:   1.000000 | Q:        nan | won: False 
#  130 | steps:  1531 | steps_t:     0 | t: 3.474684 | r:  -518.000000 | e:   1.000000 | Q:        nan | won: False 
#  131 | steps:  1538 | steps_t:     0 | t: 3.490620 | r:  -506.000000 | e:   1.000000 | Q:        nan | won: False 
#  132 | steps:  1556 | steps_t:     0 | t: 3.531911 | r:  -506.000000 | e:   1.000000 | Q:        nan | won: False 
#  133 | steps:  1563 | steps_t:     0 | t: 3.547003 | r:  -506.000000 | e:   1.000000 | Q:        nan | won: False 
#  134 | steps:  1573 | steps_t:     0 | t: 3.570009 | r:  -509.000000 | e:   1.000000 | Q:        nan | won: False 
#  135 | steps:  1581 | steps_t:     0 | t: 3.588414 | r:  -507.000000 | e:   1.000000 | Q:        nan | won: False 
#  136 | steps:  1591 | steps_t:     0 | t: 3.610439 | r:  -509.000000 | e:   1.000000 | Q:        nan | won: False 
#  137 | steps:  1609 | steps_t:     0 | t: 3.651920 | r:  -517.000000 | e:   1.000000 | Q:        nan | won: False 
#  138 | steps:  1617 | steps_t:     0 | t: 3.670021 | r:  -507.000000 | e:   1.000000 | Q:        nan | won: False 
#  139 | steps:  1641 | steps_t:     0 | t: 3.725433 | r:  -512.000000 | e:   1.000000 | Q:        nan | won: False 
#  140 | steps:  1655 | steps_t:     0 | t: 3.757883 | r:  -513.000000 | e:   1.000000 | Q:        nan | won: False 
#  141 | steps:  1663 | steps_t:     0 | t: 3.775288 | r:  -507.000000 | e:   1.000000 | Q:        nan | won: False 
#  142 | steps:  1679 | steps_t:     0 | t: 3.811960 | r:  -504.000000 | e:   1.000000 | Q:        nan | won: False 
#  143 | steps:  1701 | steps_t:     0 | t: 3.862585 | r:  -521.000000 | e:   1.000000 | Q:        nan | won: False 
#  144 | steps:  1711 | steps_t:     0 | t: 3.885260 | r:  -509.000000 | e:   1.000000 | Q:        nan | won: False 
#  145 | steps:  1725 | steps_t:     0 | t: 3.917553 | r:  -502.000000 | e:   1.000000 | Q:        nan | won: False 
#  146 | steps:  1735 | steps_t:     0 | t: 3.940438 | r:  -509.000000 | e:   1.000000 | Q:        nan | won: False 
#  147 | steps:  1750 | steps_t:     0 | t: 3.974935 | r:  -492.000000 | e:   1.000000 | Q:        nan | won: False 
#  148 | steps:  1764 | steps_t:     0 | t: 4.006962 | r:  -513.000000 | e:   1.000000 | Q:        nan | won: False 
#  149 | steps:  1774 | steps_t:     0 | t: 4.030044 | r:  -509.000000 | e:   1.000000 | Q:        nan | won: False 
#  150 | steps:  1780 | steps_t:     0 | t: 4.042822 | r:  -505.000000 | e:   1.000000 | Q:        nan | won: False 
#  151 | steps:  1797 | steps_t:     0 | t: 4.082088 | r:  -516.000000 | e:   1.000000 | Q:        nan | won: False 
#  152 | steps:  1810 | steps_t:     0 | t: 4.112110 | r:  -512.000000 | e:   1.000000 | Q:        nan | won: False 
#  153 | steps:  1815 | steps_t:     0 | t: 4.122533 | r:  -504.000000 | e:   1.000000 | Q:        nan | won: False 
#  154 | steps:  1823 | steps_t:     0 | t: 4.140874 | r:  -507.000000 | e:   1.000000 | Q:        nan | won: False 
#  155 | steps:  1843 | steps_t:     0 | t: 4.186995 | r:  -519.000000 | e:   1.000000 | Q:        nan | won: False 
#  156 | steps:  1856 | steps_t:     0 | t: 4.217004 | r:  -501.000000 | e:   1.000000 | Q:        nan | won: False 
#  157 | steps:  1863 | steps_t:     0 | t: 4.232157 | r:  -506.000000 | e:   1.000000 | Q:        nan | won: False 
#  158 | steps:  1869 | steps_t:     0 | t: 4.245903 | r:  -505.000000 | e:   1.000000 | Q:        nan | won: False 
#  159 | steps:  1878 | steps_t:     0 | t: 4.265943 | r:  -508.000000 | e:   1.000000 | Q:        nan | won: False 
#  160 | steps:  1885 | steps_t:     0 | t: 4.281644 | r:  -506.000000 | e:   1.000000 | Q:        nan | won: False 
#  161 | steps:  1905 | steps_t:     0 | t: 4.327669 | r:  -508.000000 | e:   1.000000 | Q:        nan | won: False 
#  162 | steps:  1932 | steps_t:     0 | t: 4.389718 | r:  -515.000000 | e:   1.000000 | Q:        nan | won: False 
#  163 | steps:  1940 | steps_t:     0 | t: 4.407891 | r:  -507.000000 | e:   1.000000 | Q:        nan | won: False 
#  164 | steps:  1948 | steps_t:     0 | t: 4.426261 | r:  -507.000000 | e:   1.000000 | Q:        nan | won: False 
#  165 | steps:  1955 | steps_t:     0 | t: 4.441549 | r:  -506.000000 | e:   1.000000 | Q:        nan | won: False 
#  166 | steps:  1960 | steps_t:     0 | t: 4.452972 | r:  -504.000000 | e:   1.000000 | Q:        nan | won: False 
#  167 | steps:  1968 | steps_t:     0 | t: 4.470561 | r:  -507.000000 | e:   1.000000 | Q:        nan | won: False 
#  168 | steps:  1975 | steps_t:     0 | t: 4.486596 | r:  -506.000000 | e:   1.000000 | Q:        nan | won: False 
#  169 | steps:  1988 | steps_t:     0 | t: 4.516505 | r:  -512.000000 | e:   1.000000 | Q:        nan | won: False 
#  170 | steps:  1994 | steps_t:     0 | t: 4.529251 | r:  -505.000000 | e:   1.000000 | Q:        nan | won: False 
#  171 | steps:  2004 | steps_t:     0 | t: 4.552198 | r:  -509.000000 | e:   1.000000 | Q:        nan | won: False 
#  172 | steps:  2019 | steps_t:     0 | t: 4.587005 | r:  -492.000000 | e:   1.000000 | Q:        nan | won: False 
#  173 | steps:  2025 | steps_t:     0 | t: 4.599849 | r:  -505.000000 | e:   1.000000 | Q:        nan | won: False 
#  174 | steps:  2035 | steps_t:     0 | t: 4.622872 | r:  -509.000000 | e:   1.000000 | Q:        nan | won: False 
#  175 | steps:  2059 | steps_t:     0 | t: 4.677861 | r:  -512.000000 | e:   1.000000 | Q:        nan | won: False 
#  176 | steps:  2071 | steps_t:     0 | t: 4.705648 | r:  -511.000000 | e:   1.000000 | Q:        nan | won: False 
#  177 | steps:  2085 | steps_t:     0 | t: 4.737989 | r:  -502.000000 | e:   1.000000 | Q:        nan | won: False 
#  178 | steps:  2092 | steps_t:     0 | t: 4.753248 | r:  -506.000000 | e:   1.000000 | Q:        nan | won: False 
#  179 | steps:  2116 | steps_t:     0 | t: 4.809004 | r:  -523.000000 | e:   1.000000 | Q:        nan | won: False 
#  180 | steps:  2122 | steps_t:     0 | t: 4.821694 | r:  -505.000000 | e:   1.000000 | Q:        nan | won: False 
#  181 | steps:  2152 | steps_t:     0 | t: 4.890490 | r:  -529.000000 | e:   1.000000 | Q:        nan | won: False 
#  182 | steps:  2165 | steps_t:     0 | t: 4.920573 | r:  -512.000000 | e:   1.000000 | Q:        nan | won: False 
#  183 | steps:  2175 | steps_t:     0 | t: 4.942731 | r:  -509.000000 | e:   1.000000 | Q:        nan | won: False 
#  184 | steps:  2185 | steps_t:     0 | t: 4.965820 | r:  -509.000000 | e:   1.000000 | Q:        nan | won: False 
#  185 | steps:  2199 | steps_t:     0 | t: 4.998338 | r:  -513.000000 | e:   1.000000 | Q:        nan | won: False 
#  186 | steps:  2210 | steps_t:     0 | t: 5.023552 | r:  -510.000000 | e:   1.000000 | Q:        nan | won: False 
#  187 | steps:  2216 | steps_t:     0 | t: 5.036343 | r:  -505.000000 | e:   1.000000 | Q:        nan | won: False 
#  188 | steps:  2242 | steps_t:     0 | t: 5.096231 | r:  -525.000000 | e:   1.000000 | Q:        nan | won: False 
#  189 | steps:  2252 | steps_t:     0 | t: 5.119019 | r:  -509.000000 | e:   1.000000 | Q:        nan | won: False 
#  190 | steps:  2269 | steps_t:     0 | t: 5.159059 | r:  -505.000000 | e:   1.000000 | Q:        nan | won: False 
#  191 | steps:  2278 | steps_t:     0 | t: 5.179272 | r:  -508.000000 | e:   1.000000 | Q:        nan | won: False 
#  192 | steps:  2284 | steps_t:     0 | t: 5.193144 | r:  -505.000000 | e:   1.000000 | Q:        nan | won: False 
#  193 | steps:  2297 | steps_t:     0 | t: 5.223129 | r:  -512.000000 | e:   1.000000 | Q:        nan | won: False 
#  194 | steps:  2304 | steps_t:     0 | t: 5.238204 | r:  -506.000000 | e:   1.000000 | Q:        nan | won: False 
#  195 | steps:  2313 | steps_t:     0 | t: 5.259055 | r:  -508.000000 | e:   1.000000 | Q:        nan | won: False 
#  196 | steps:  2327 | steps_t:     0 | t: 5.291370 | r:  -513.000000 | e:   1.000000 | Q:        nan | won: False 
#  197 | steps:  2352 | steps_t:     0 | t: 5.349179 | r:  -524.000000 | e:   1.000000 | Q:        nan | won: False 
#  198 | steps:  2366 | steps_t:     0 | t: 5.381415 | r:  -513.000000 | e:   1.000000 | Q:        nan | won: False 
#  199 | steps:  2376 | steps_t:     0 | t: 5.403509 | r:  -509.000000 | e:   1.000000 | Q:        nan | won: False 
#  200 | steps:  2402 | steps_t:     0 | t: 5.463476 | r:  -525.000000 | e:   1.000000 | Q:        nan | won: False 
#  201 | steps:  2411 | steps_t:     0 | t: 5.483676 | r:  -508.000000 | e:   1.000000 | Q:        nan | won: False 
#  202 | steps:  2427 | steps_t:     0 | t: 5.520529 | r:  -515.000000 | e:   1.000000 | Q:        nan | won: False 
#  203 | steps:  2434 | steps_t:     0 | t: 5.536184 | r:  -506.000000 | e:   1.000000 | Q:        nan | won: False 
#  204 | steps:  2452 | steps_t:     0 | t: 5.577588 | r:  -517.000000 | e:   1.000000 | Q:        nan | won: False 
#  205 | steps:  2462 | steps_t:     0 | t: 5.600233 | r:  -509.000000 | e:   1.000000 | Q:        nan | won: False 
#  206 | steps:  2475 | steps_t:     0 | t: 5.630355 | r:  -512.000000 | e:   1.000000 | Q:        nan | won: False 
#  207 | steps:  2481 | steps_t:     0 | t: 5.644123 | r:  -505.000000 | e:   1.000000 | Q:        nan | won: False 
#  208 | steps:  2495 | steps_t:     0 | t: 5.676509 | r:  -513.000000 | e:   1.000000 | Q:        nan | won: False 
#  209 | steps:  2503 | steps_t:     0 | t: 5.693872 | r:  -507.000000 | e:   1.000000 | Q:        nan | won: False 
#  210 | steps:  2514 | steps_t:     0 | t: 5.719130 | r:  -510.000000 | e:   1.000000 | Q:        nan | won: False 
#  211 | steps:  2523 | steps_t:     0 | t: 5.739778 | r:  -508.000000 | e:   1.000000 | Q:        nan | won: False 
#  212 | steps:  2530 | steps_t:     0 | t: 5.755178 | r:  -506.000000 | e:   1.000000 | Q:        nan | won: False 
#  213 | steps:  2540 | steps_t:     0 | t: 5.778233 | r:  -509.000000 | e:   1.000000 | Q:        nan | won: False 
#  214 | steps:  2555 | steps_t:     0 | t: 5.812607 | r:  -503.000000 | e:   1.000000 | Q:        nan | won: False 
#  215 | steps:  2562 | steps_t:     0 | t: 5.828658 | r:  -506.000000 | e:   1.000000 | Q:        nan | won: False 
#  216 | steps:  2572 | steps_t:     0 | t: 5.850701 | r:  -509.000000 | e:   1.000000 | Q:        nan | won: False 
#  217 | steps:  2593 | steps_t:     0 | t: 5.899175 | r:  -520.000000 | e:   1.000000 | Q:        nan | won: False 
#  218 | steps:  2602 | steps_t:     0 | t: 5.919974 | r:  -508.000000 | e:   1.000000 | Q:        nan | won: False 
#  219 | steps:  2615 | steps_t:     0 | t: 5.949839 | r:  -512.000000 | e:   1.000000 | Q:        nan | won: False 
#  220 | steps:  2623 | steps_t:     0 | t: 5.968305 | r:  -507.000000 | e:   1.000000 | Q:        nan | won: False 
#  221 | steps:  2635 | steps_t:     0 | t: 5.995974 | r:  -511.000000 | e:   1.000000 | Q:        nan | won: False 
#  222 | steps:  2652 | steps_t:     0 | t: 6.035465 | r:  -516.000000 | e:   1.000000 | Q:        nan | won: False 
#  223 | steps:  2670 | steps_t:     0 | t: 6.076695 | r:  -506.000000 | e:   1.000000 | Q:        nan | won: False 
#  224 | steps:  2676 | steps_t:     0 | t: 6.090393 | r:  -505.000000 | e:   1.000000 | Q:        nan | won: False 
#  225 | steps:  2692 | steps_t:     0 | t: 6.126964 | r:  -504.000000 | e:   1.000000 | Q:        nan | won: False 
#  226 | steps:  2709 | steps_t:     0 | t: 6.166289 | r:  -505.000000 | e:   1.000000 | Q:        nan | won: False 
#  227 | steps:  2720 | steps_t:     0 | t: 6.191712 | r:  -510.000000 | e:   1.000000 | Q:        nan | won: False 
#  228 | steps:  2742 | steps_t:     0 | t: 6.242664 | r:  -521.000000 | e:   1.000000 | Q:        nan | won: False 
#  229 | steps:  2753 | steps_t:     0 | t: 6.267767 | r:  -510.000000 | e:   1.000000 | Q:        nan | won: False 
#  230 | steps:  2767 | steps_t:     0 | t: 6.300170 | r:  -513.000000 | e:   1.000000 | Q:        nan | won: False 
#  231 | steps:  2776 | steps_t:     0 | t: 6.320837 | r:  -508.000000 | e:   1.000000 | Q:        nan | won: False 
#  232 | steps:  2786 | steps_t:     0 | t: 6.343896 | r:  -509.000000 | e:   1.000000 | Q:        nan | won: False 
#  233 | steps:  2805 | steps_t:     0 | t: 6.387646 | r:  -518.000000 | e:   1.000000 | Q:        nan | won: False 
#  234 | steps:  2814 | steps_t:     0 | t: 6.407802 | r:  -508.000000 | e:   1.000000 | Q:        nan | won: False 
#  235 | steps:  2822 | steps_t:     0 | t: 6.425201 | r:  -507.000000 | e:   1.000000 | Q:        nan | won: False 
#  236 | steps:  2836 | steps_t:     0 | t: 6.457545 | r:  -502.000000 | e:   1.000000 | Q:        nan | won: False 
#  237 | steps:  2855 | steps_t:     0 | t: 6.501372 | r:  -518.000000 | e:   1.000000 | Q:        nan | won: False 
#  238 | steps:  2864 | steps_t:     0 | t: 6.521903 | r:  -508.000000 | e:   1.000000 | Q:        nan | won: False 
#  239 | steps:  2873 | steps_t:     0 | t: 6.542672 | r:  -508.000000 | e:   1.000000 | Q:        nan | won: False 
#  240 | steps:  2883 | steps_t:     0 | t: 6.565672 | r:  -509.000000 | e:   1.000000 | Q:        nan | won: False 
#  241 | steps:  2888 | steps_t:     0 | t: 6.576215 | r:  -504.000000 | e:   1.000000 | Q:        nan | won: False 
#  242 | steps:  2895 | steps_t:     0 | t: 6.592130 | r:  -506.000000 | e:   1.000000 | Q:        nan | won: False 
#  243 | steps:  2908 | steps_t:     0 | t: 6.621258 | r:  -512.000000 | e:   1.000000 | Q:        nan | won: False 
#  244 | steps:  2928 | steps_t:     0 | t: 6.667808 | r:  -519.000000 | e:   1.000000 | Q:        nan | won: False 
#  245 | steps:  2944 | steps_t:     0 | t: 6.704922 | r:  -515.000000 | e:   1.000000 | Q:        nan | won: False 
#  246 | steps:  2950 | steps_t:     0 | t: 6.717781 | r:  -505.000000 | e:   1.000000 | Q:        nan | won: False 
#  247 | steps:  2968 | steps_t:     0 | t: 6.759601 | r:  -506.000000 | e:   1.000000 | Q:        nan | won: False 
#  248 | steps:  2978 | steps_t:     0 | t: 6.782154 | r:  -509.000000 | e:   1.000000 | Q:        nan | won: False 
#  249 | steps:  2988 | steps_t:     0 | t: 6.805317 | r:  -509.000000 | e:   1.000000 | Q:        nan | won: False 
#  250 | steps:  3008 | steps_t:     0 | t: 6.851546 | r:  -519.000000 | e:   1.000000 | Q:        nan | won: False 
#  251 | steps:  3019 | steps_t:     0 | t: 6.876388 | r:  -510.000000 | e:   1.000000 | Q:        nan | won: False 
#  252 | steps:  3033 | steps_t:     0 | t: 6.908737 | r:  -513.000000 | e:   1.000000 | Q:        nan | won: False 
#  253 | steps:  3042 | steps_t:     0 | t: 6.929546 | r:  -508.000000 | e:   1.000000 | Q:        nan | won: False 
#  254 | steps:  3049 | steps_t:     0 | t: 6.945510 | r:  -506.000000 | e:   1.000000 | Q:        nan | won: False 
#  255 | steps:  3055 | steps_t:     0 | t: 6.958410 | r:  -505.000000 | e:   1.000000 | Q:        nan | won: False 
#  256 | steps:  3065 | steps_t:     0 | t: 6.981497 | r:  -509.000000 | e:   1.000000 | Q:        nan | won: False 
#  257 | steps:  3085 | steps_t:     0 | t: 7.027784 | r:  -519.000000 | e:   1.000000 | Q:        nan | won: False 
#  258 | steps:  3090 | steps_t:     0 | t: 7.039241 | r:  -504.000000 | e:   1.000000 | Q:        nan | won: False 
#  259 | steps:  3103 | steps_t:     0 | t: 7.068862 | r:  -512.000000 | e:   1.000000 | Q:        nan | won: False 
#  260 | steps:  3108 | steps_t:     0 | t: 7.079709 | r:  -504.000000 | e:   1.000000 | Q:        nan | won: False 
#  261 | steps:  3117 | steps_t:     0 | t: 7.099406 | r:  -508.000000 | e:   1.000000 | Q:        nan | won: False 
#  262 | steps:  3124 | steps_t:     0 | t: 7.115418 | r:  -506.000000 | e:   1.000000 | Q:        nan | won: False 
#  263 | steps:  3138 | steps_t:     0 | t: 7.147811 | r:  -502.000000 | e:   1.000000 | Q:        nan | won: False 
#  264 | steps:  3160 | steps_t:     0 | t: 7.198761 | r:  -521.000000 | e:   1.000000 | Q:        nan | won: False 
#  265 | steps:  3172 | steps_t:     0 | t: 7.225488 | r:  -511.000000 | e:   1.000000 | Q:        nan | won: False 
#  266 | steps:  3180 | steps_t:     0 | t: 7.243797 | r:  -507.000000 | e:   1.000000 | Q:        nan | won: False 
#  267 | steps:  3199 | steps_t:     0 | t: 7.287768 | r:  -518.000000 | e:   1.000000 | Q:        nan | won: False 
#  268 | steps:  3205 | steps_t:     0 | t: 7.301471 | r:  -505.000000 | e:   1.000000 | Q:        nan | won: False 
#  269 | steps:  3212 | steps_t:     0 | t: 7.316536 | r:  -506.000000 | e:   1.000000 | Q:        nan | won: False 
#  270 | steps:  3223 | steps_t:     0 | t: 7.341833 | r:  -510.000000 | e:   1.000000 | Q:        nan | won: False 
#  271 | steps:  3230 | steps_t:     0 | t: 7.357841 | r:  -506.000000 | e:   1.000000 | Q:        nan | won: False 
#  272 | steps:  3238 | steps_t:     0 | t: 7.375354 | r:  -507.000000 | e:   1.000000 | Q:        nan | won: False 
#  273 | steps:  3252 | steps_t:     0 | t: 7.407648 | r:  -513.000000 | e:   1.000000 | Q:        nan | won: False 
#  274 | steps:  3272 | steps_t:     0 | t: 7.453790 | r:  -519.000000 | e:   1.000000 | Q:        nan | won: False 
#  275 | steps:  3277 | steps_t:     0 | t: 7.464361 | r:  -504.000000 | e:   1.000000 | Q:        nan | won: False 
#  276 | steps:  3288 | steps_t:     0 | t: 7.489955 | r:  -510.000000 | e:   1.000000 | Q:        nan | won: False 
#  277 | steps:  3308 | steps_t:     0 | t: 7.536122 | r:  -519.000000 | e:   1.000000 | Q:        nan | won: False 
#  278 | steps:  3319 | steps_t:     0 | t: 7.561718 | r:  -510.000000 | e:   1.000000 | Q:        nan | won: False 
#  279 | steps:  3325 | steps_t:     0 | t: 7.575132 | r:  -505.000000 | e:   1.000000 | Q:        nan | won: False 
#  280 | steps:  3334 | steps_t:     0 | t: 7.595203 | r:  -508.000000 | e:   1.000000 | Q:        nan | won: False 
#  281 | steps:  3347 | steps_t:     0 | t: 7.625266 | r:  -512.000000 | e:   1.000000 | Q:        nan | won: False 
#  282 | steps:  3352 | steps_t:     0 | t: 7.635786 | r:  -504.000000 | e:   1.000000 | Q:        nan | won: False 
#  283 | steps:  3358 | steps_t:     0 | t: 7.649614 | r:  -505.000000 | e:   1.000000 | Q:        nan | won: False 
#  284 | steps:  3367 | steps_t:     0 | t: 7.670069 | r:  -508.000000 | e:   1.000000 | Q:        nan | won: False 
#  285 | steps:  3377 | steps_t:     0 | t: 7.692359 | r:  -509.000000 | e:   1.000000 | Q:        nan | won: False 
#  286 | steps:  3401 | steps_t:     0 | t: 7.747541 | r:    88.000000 | e:   1.000000 | Q:        nan | won: True 
#  287 | steps:  3418 | steps_t:     0 | t: 7.787200 | r:  -516.000000 | e:   1.000000 | Q:        nan | won: False 
#  288 | steps:  3426 | steps_t:     0 | t: 7.805102 | r:  -507.000000 | e:   1.000000 | Q:        nan | won: False 
#  289 | steps:  3434 | steps_t:     0 | t: 7.823056 | r:  -507.000000 | e:   1.000000 | Q:        nan | won: False 
#  290 | steps:  3440 | steps_t:     0 | t: 7.836221 | r:  -505.000000 | e:   1.000000 | Q:        nan | won: False 
#  291 | steps:  3482 | steps_t:     0 | t: 7.933472 | r:  -530.000000 | e:   1.000000 | Q:        nan | won: False 
#  292 | steps:  3492 | steps_t:     0 | t: 7.956224 | r:  -509.000000 | e:   1.000000 | Q:        nan | won: False 
#  293 | steps:  3499 | steps_t:     0 | t: 7.972141 | r:  -506.000000 | e:   1.000000 | Q:        nan | won: False 
#  294 | steps:  3533 | steps_t:     0 | t: 8.051094 | r:  -533.000000 | e:   1.000000 | Q:        nan | won: False 
#  295 | steps:  3543 | steps_t:     0 | t: 8.073698 | r:  -509.000000 | e:   1.000000 | Q:        nan | won: False 
#  296 | steps:  3555 | steps_t:     0 | t: 8.101585 | r:  -511.000000 | e:   1.000000 | Q:        nan | won: False 
#  297 | steps:  3566 | steps_t:     0 | t: 8.126848 | r:  -510.000000 | e:   1.000000 | Q:        nan | won: False 
#  298 | steps:  3574 | steps_t:     0 | t: 8.145175 | r:  -507.000000 | e:   1.000000 | Q:        nan | won: False 
#  299 | steps:  3586 | steps_t:     0 | t: 8.172122 | r:  -511.000000 | e:   1.000000 | Q:        nan | won: False 
#  300 | steps:  3593 | steps_t:     0 | t: 8.188024 | r:  -506.000000 | e:   1.000000 | Q:        nan | won: False 
#  301 | steps:  3603 | steps_t:     0 | t: 8.211050 | r:  -509.000000 | e:   1.000000 | Q:        nan | won: False 
#  302 | steps:  3611 | steps_t:     0 | t: 8.228487 | r:  -507.000000 | e:   1.000000 | Q:        nan | won: False 
#  303 | steps:  3623 | steps_t:     0 | t: 8.256166 | r:  -511.000000 | e:   1.000000 | Q:        nan | won: False 
#  304 | steps:  3629 | steps_t:     0 | t: 8.269868 | r:  -505.000000 | e:   1.000000 | Q:        nan | won: False 
#  305 | steps:  3637 | steps_t:     0 | t: 8.287288 | r:  -507.000000 | e:   1.000000 | Q:        nan | won: False 
#  306 | steps:  3643 | steps_t:     0 | t: 8.300927 | r:  -505.000000 | e:   1.000000 | Q:        nan | won: False 
#  307 | steps:  3649 | steps_t:     0 | t: 8.313809 | r:  -505.000000 | e:   1.000000 | Q:        nan | won: False 
#  308 | steps:  3654 | steps_t:     0 | t: 8.324290 | r:  -504.000000 | e:   1.000000 | Q:        nan | won: False 
#  309 | steps:  3659 | steps_t:     0 | t: 8.335701 | r:  -504.000000 | e:   1.000000 | Q:        nan | won: False 
#  310 | steps:  3666 | steps_t:     0 | t: 8.350825 | r:  -506.000000 | e:   1.000000 | Q:        nan | won: False 
#  311 | steps:  3672 | steps_t:     0 | t: 8.364505 | r:  -505.000000 | e:   1.000000 | Q:        nan | won: False 
#  312 | steps:  3691 | steps_t:     0 | t: 8.408533 | r:  -507.000000 | e:   1.000000 | Q:        nan | won: False 
#  313 | steps:  3700 | steps_t:     0 | t: 8.429124 | r:  -508.000000 | e:   1.000000 | Q:        nan | won: False 
#  314 | steps:  3706 | steps_t:     0 | t: 8.441975 | r:  -505.000000 | e:   1.000000 | Q:        nan | won: False 
#  315 | steps:  3737 | steps_t:     0 | t: 8.512934 | r:  -519.000000 | e:   1.000000 | Q:        nan | won: False 
#  316 | steps:  3745 | steps_t:     0 | t: 8.530721 | r:  -507.000000 | e:   1.000000 | Q:        nan | won: False 
#  317 | steps:  3751 | steps_t:     0 | t: 8.544426 | r:  -505.000000 | e:   1.000000 | Q:        nan | won: False 
#  318 | steps:  3764 | steps_t:     0 | t: 8.574327 | r:  -512.000000 | e:   1.000000 | Q:        nan | won: False 
#  319 | steps:  3778 | steps_t:     0 | t: 8.606608 | r:  -502.000000 | e:   1.000000 | Q:        nan | won: False 
#  320 | steps:  3791 | steps_t:     0 | t: 8.636799 | r:  -512.000000 | e:   1.000000 | Q:        nan | won: False 
#  321 | steps:  3797 | steps_t:     0 | t: 8.649701 | r:  -505.000000 | e:   1.000000 | Q:        nan | won: False 
#  322 | steps:  3809 | steps_t:     0 | t: 8.677851 | r:  -511.000000 | e:   1.000000 | Q:        nan | won: False 
#  323 | steps:  3816 | steps_t:     0 | t: 8.693029 | r:  -506.000000 | e:   1.000000 | Q:        nan | won: False 
#  324 | steps:  3825 | steps_t:     0 | t: 8.713750 | r:  -508.000000 | e:   1.000000 | Q:        nan | won: False 
#  325 | steps:  3834 | steps_t:     0 | t: 8.734497 | r:  -508.000000 | e:   1.000000 | Q:        nan | won: False 
#  326 | steps:  3842 | steps_t:     0 | t: 8.751925 | r:  -507.000000 | e:   1.000000 | Q:        nan | won: False 
#  327 | steps:  3862 | steps_t:     0 | t: 8.798100 | r:  -508.000000 | e:   1.000000 | Q:        nan | won: False 
#  328 | steps:  3869 | steps_t:     0 | t: 8.813798 | r:  -506.000000 | e:   1.000000 | Q:        nan | won: False 
#  329 | steps:  3879 | steps_t:     0 | t: 8.836610 | r:  -509.000000 | e:   1.000000 | Q:        nan | won: False 
#  330 | steps:  3886 | steps_t:     0 | t: 8.851591 | r:  -506.000000 | e:   1.000000 | Q:        nan | won: False 
#  331 | steps:  3899 | steps_t:     0 | t: 8.881936 | r:  -512.000000 | e:   1.000000 | Q:        nan | won: False 
#  332 | steps:  3910 | steps_t:     0 | t: 8.907424 | r:  -510.000000 | e:   1.000000 | Q:        nan | won: False 
#  333 | steps:  3917 | steps_t:     0 | t: 8.923636 | r:  -506.000000 | e:   1.000000 | Q:        nan | won: False 
#  334 | steps:  3932 | steps_t:     0 | t: 8.958737 | r:  -503.000000 | e:   1.000000 | Q:        nan | won: False 
#  335 | steps:  3937 | steps_t:     0 | t: 8.969360 | r:  -504.000000 | e:   1.000000 | Q:        nan | won: False 
#  336 | steps:  3953 | steps_t:     0 | t: 9.006767 | r:  -515.000000 | e:   1.000000 | Q:        nan | won: False 
#  337 | steps:  3961 | steps_t:     0 | t: 9.025402 | r:  -507.000000 | e:   1.000000 | Q:        nan | won: False 
#  338 | steps:  3979 | steps_t:     0 | t: 9.068135 | r:  -517.000000 | e:   1.000000 | Q:        nan | won: False 
#  339 | steps:  3987 | steps_t:     0 | t: 9.086490 | r:  -507.000000 | e:   1.000000 | Q:        nan | won: False 
#  340 | steps:  3996 | steps_t:     0 | t: 9.106236 | r:  -508.000000 | e:   1.000000 | Q:        nan | won: False 
#  341 | steps:  4010 | steps_t:     0 | t: 9.139781 | r:  -513.000000 | e:   1.000000 | Q:        nan | won: False 
#  342 | steps:  4023 | steps_t:     0 | t: 9.168402 | r:  -512.000000 | e:   1.000000 | Q:        nan | won: False 
#  343 | steps:  4044 | steps_t:     0 | t: 9.216985 | r:  -520.000000 | e:   1.000000 | Q:        nan | won: False 
#  344 | steps:  4052 | steps_t:     0 | t: 9.234627 | r:  -507.000000 | e:   1.000000 | Q:        nan | won: False 
#  345 | steps:  4061 | steps_t:     0 | t: 9.256876 | r:  -508.000000 | e:   1.000000 | Q:        nan | won: False 
#  346 | steps:  4069 | steps_t:     0 | t: 9.275237 | r:  -507.000000 | e:   1.000000 | Q:        nan | won: False 
#  347 | steps:  4079 | steps_t:     0 | t: 9.297295 | r:  -509.000000 | e:   1.000000 | Q:        nan | won: False 
#  348 | steps:  4089 | steps_t:     0 | t: 9.320817 | r:  -509.000000 | e:   1.000000 | Q:        nan | won: False 
#  349 | steps:  4100 | steps_t:     0 | t: 9.346331 | r:  -510.000000 | e:   1.000000 | Q:        nan | won: False 
#  350 | steps:  4106 | steps_t:     0 | t: 9.359248 | r:  -505.000000 | e:   1.000000 | Q:        nan | won: False 
#  351 | steps:  4127 | steps_t:     0 | t: 9.408092 | r:  -520.000000 | e:   1.000000 | Q:        nan | won: False 
#  352 | steps:  4145 | steps_t:     0 | t: 9.448982 | r:  -506.000000 | e:   1.000000 | Q:        nan | won: False 
#  353 | steps:  4153 | steps_t:     0 | t: 9.467707 | r:  -507.000000 | e:   1.000000 | Q:        nan | won: False 
#  354 | steps:  4160 | steps_t:     0 | t: 9.483135 | r:  -506.000000 | e:   1.000000 | Q:        nan | won: False 
#  355 | steps:  4168 | steps_t:     0 | t: 9.501813 | r:  -507.000000 | e:   1.000000 | Q:        nan | won: False 
#  356 | steps:  4178 | steps_t:     0 | t: 9.524058 | r:  -509.000000 | e:   1.000000 | Q:        nan | won: False 
#  357 | steps:  4197 | steps_t:     0 | t: 9.568387 | r:  -518.000000 | e:   1.000000 | Q:        nan | won: False 
#  358 | steps:  4204 | steps_t:     0 | t: 9.583562 | r:  -506.000000 | e:   1.000000 | Q:        nan | won: False 
#  359 | steps:  4216 | steps_t:     0 | t: 9.611749 | r:  -511.000000 | e:   1.000000 | Q:        nan | won: False 
#  360 | steps:  4227 | steps_t:     0 | t: 9.637265 | r:  -510.000000 | e:   1.000000 | Q:        nan | won: False 
#  361 | steps:  4234 | steps_t:     0 | t: 9.652459 | r:  -506.000000 | e:   1.000000 | Q:        nan | won: False 
#  362 | steps:  4240 | steps_t:     0 | t: 9.666415 | r:  -505.000000 | e:   1.000000 | Q:        nan | won: False 
#  363 | steps:  4254 | steps_t:     0 | t: 9.699330 | r:  -513.000000 | e:   1.000000 | Q:        nan | won: False 
#  364 | steps:  4263 | steps_t:     0 | t: 9.719343 | r:  -508.000000 | e:   1.000000 | Q:        nan | won: False 
#  365 | steps:  4272 | steps_t:     0 | t: 9.740290 | r:  -508.000000 | e:   1.000000 | Q:        nan | won: False 
#  366 | steps:  4287 | steps_t:     0 | t: 9.775206 | r:  -492.000000 | e:   1.000000 | Q:        nan | won: False 
#  367 | steps:  4298 | steps_t:     0 | t: 9.801229 | r:  -510.000000 | e:   1.000000 | Q:        nan | won: False 
#  368 | steps:  4306 | steps_t:     0 | t: 9.820904 | r:  -507.000000 | e:   1.000000 | Q:        nan | won: False 
#  369 | steps:  4313 | steps_t:     0 | t: 9.836337 | r:  -506.000000 | e:   1.000000 | Q:        nan | won: False 
#  370 | steps:  4322 | steps_t:     0 | t: 9.857567 | r:  -508.000000 | e:   1.000000 | Q:        nan | won: False 
#  371 | steps:  4329 | steps_t:     0 | t: 9.872733 | r:  -506.000000 | e:   1.000000 | Q:        nan | won: False 
#  372 | steps:  4336 | steps_t:     0 | t: 9.889472 | r:  -506.000000 | e:   1.000000 | Q:        nan | won: False 
#  373 | steps:  4348 | steps_t:     0 | t: 9.917193 | r:  -511.000000 | e:   1.000000 | Q:        nan | won: False 
#  374 | steps:  4375 | steps_t:     0 | t: 9.980290 | r:  -526.000000 | e:   1.000000 | Q:        nan | won: False 
#  375 | steps:  4395 | steps_t:     0 | t: 10.027454 | r:  -519.000000 | e:   1.000000 | Q:        nan | won: False 
#  376 | steps:  4407 | steps_t:     0 | t: 10.055486 | r:  -511.000000 | e:   1.000000 | Q:        nan | won: False 
#  377 | steps:  4414 | steps_t:     0 | t: 10.070964 | r:  -506.000000 | e:   1.000000 | Q:        nan | won: False 
#  378 | steps:  4430 | steps_t:     0 | t: 10.109997 | r:  -515.000000 | e:   1.000000 | Q:        nan | won: False 
#  379 | steps:  4443 | steps_t:     0 | t: 10.140706 | r:  -501.000000 | e:   1.000000 | Q:        nan | won: False 
#  380 | steps:  4448 | steps_t:     0 | t: 10.151012 | r:  -504.000000 | e:   1.000000 | Q:        nan | won: False 
#  381 | steps:  4461 | steps_t:     0 | t: 10.179832 | r:  -512.000000 | e:   1.000000 | Q:        nan | won: False 
#  382 | steps:  4476 | steps_t:     0 | t: 10.213362 | r:  -514.000000 | e:   1.000000 | Q:        nan | won: False 
#  383 | steps:  4487 | steps_t:     0 | t: 10.237181 | r:  -510.000000 | e:   1.000000 | Q:        nan | won: False 
#  384 | steps:  4492 | steps_t:     0 | t: 10.247604 | r:  -504.000000 | e:   1.000000 | Q:        nan | won: False 
#  385 | steps:  4501 | steps_t:     0 | t: 10.267446 | r:  -508.000000 | e:   1.000000 | Q:        nan | won: False 
#  386 | steps:  4529 | steps_t:     0 | t: 10.330894 | r:  -527.000000 | e:   1.000000 | Q:        nan | won: False 
#  387 | steps:  4540 | steps_t:     0 | t: 10.355306 | r:  -510.000000 | e:   1.000000 | Q:        nan | won: False 
#  388 | steps:  4549 | steps_t:     0 | t: 10.375023 | r:  -508.000000 | e:   1.000000 | Q:        nan | won: False 
#  389 | steps:  4562 | steps_t:     0 | t: 10.403990 | r:  -512.000000 | e:   1.000000 | Q:        nan | won: False 
#  390 | steps:  4570 | steps_t:     0 | t: 10.421392 | r:  -507.000000 | e:   1.000000 | Q:        nan | won: False 
#  391 | steps:  4588 | steps_t:     0 | t: 10.461592 | r:  -506.000000 | e:   1.000000 | Q:        nan | won: False 
#  392 | steps:  4598 | steps_t:     0 | t: 10.483568 | r:  -509.000000 | e:   1.000000 | Q:        nan | won: False 
#  393 | steps:  4606 | steps_t:     0 | t: 10.500994 | r:  -507.000000 | e:   1.000000 | Q:        nan | won: False 
#  394 | steps:  4616 | steps_t:     0 | t: 10.522912 | r:  -509.000000 | e:   1.000000 | Q:        nan | won: False 
#  395 | steps:  4624 | steps_t:     0 | t: 10.540193 | r:  -507.000000 | e:   1.000000 | Q:        nan | won: False 
#  396 | steps:  4631 | steps_t:     0 | t: 10.555277 | r:  -506.000000 | e:   1.000000 | Q:        nan | won: False 
#  397 | steps:  4640 | steps_t:     0 | t: 10.574807 | r:  -508.000000 | e:   1.000000 | Q:        nan | won: False 
#  398 | steps:  4649 | steps_t:     0 | t: 10.594556 | r:  -508.000000 | e:   1.000000 | Q:        nan | won: False 
#  399 | steps:  4661 | steps_t:     0 | t: 10.621264 | r:  -511.000000 | e:   1.000000 | Q:        nan | won: False 
#  400 | steps:  4668 | steps_t:     0 | t: 10.636396 | r:  -506.000000 | e:   1.000000 | Q:        nan | won: False 
#  401 | steps:  4682 | steps_t:     0 | t: 10.667704 | r:  -513.000000 | e:   1.000000 | Q:        nan | won: False 
#  402 | steps:  4690 | steps_t:     0 | t: 10.685174 | r:  -507.000000 | e:   1.000000 | Q:        nan | won: False 
#  403 | steps:  4716 | steps_t:     0 | t: 10.744356 | r:  -525.000000 | e:   1.000000 | Q:        nan | won: False 
#  404 | steps:  4723 | steps_t:     0 | t: 10.759519 | r:  -506.000000 | e:   1.000000 | Q:        nan | won: False 
#  405 | steps:  4746 | steps_t:     0 | t: 10.811361 | r:  -522.000000 | e:   1.000000 | Q:        nan | won: False 
#  406 | steps:  4755 | steps_t:     0 | t: 10.830910 | r:  -508.000000 | e:   1.000000 | Q:        nan | won: False 
#  407 | steps:  4781 | steps_t:     0 | t: 10.889868 | r:  -514.000000 | e:   1.000000 | Q:        nan | won: False 
#  408 | steps:  4799 | steps_t:     0 | t: 10.930913 | r:  -506.000000 | e:   1.000000 | Q:        nan | won: False 
#  409 | steps:  4807 | steps_t:     0 | t: 10.948353 | r:  -507.000000 | e:   1.000000 | Q:        nan | won: False 
#  410 | steps:  4814 | steps_t:     0 | t: 10.963485 | r:  -506.000000 | e:   1.000000 | Q:        nan | won: False 
#  411 | steps:  4826 | steps_t:     0 | t: 10.989946 | r:  -511.000000 | e:   1.000000 | Q:        nan | won: False 
#  412 | steps:  4833 | steps_t:     0 | t: 11.004913 | r:  -506.000000 | e:   1.000000 | Q:        nan | won: False 
#  413 | steps:  4843 | steps_t:     0 | t: 11.026909 | r:  -509.000000 | e:   1.000000 | Q:        nan | won: False 
#  414 | steps:  4862 | steps_t:     0 | t: 11.069809 | r:  -518.000000 | e:   1.000000 | Q:        nan | won: False 
#  415 | steps:  4869 | steps_t:     0 | t: 11.084852 | r:  -506.000000 | e:   1.000000 | Q:        nan | won: False 
#  416 | steps:  4880 | steps_t:     0 | t: 11.109443 | r:  -510.000000 | e:   1.000000 | Q:        nan | won: False 
#  417 | steps:  4885 | steps_t:     0 | t: 11.119920 | r:  -504.000000 | e:   1.000000 | Q:        nan | won: False 
#  418 | steps:  4896 | steps_t:     0 | t: 11.145423 | r:  -510.000000 | e:   1.000000 | Q:        nan | won: False 
#  419 | steps:  4918 | steps_t:     0 | t: 11.196675 | r:  -521.000000 | e:   1.000000 | Q:        nan | won: False 
#  420 | steps:  4924 | steps_t:     0 | t: 11.210025 | r:  -505.000000 | e:   1.000000 | Q:        nan | won: False 
#  421 | steps:  4937 | steps_t:     0 | t: 11.239995 | r:  -512.000000 | e:   1.000000 | Q:        nan | won: False 
#  422 | steps:  4946 | steps_t:     0 | t: 11.260667 | r:  -508.000000 | e:   1.000000 | Q:        nan | won: False 
#  423 | steps:  4952 | steps_t:     0 | t: 11.273380 | r:  -505.000000 | e:   1.000000 | Q:        nan | won: False 
#  424 | steps:  4960 | steps_t:     0 | t: 11.292150 | r:  -507.000000 | e:   1.000000 | Q:        nan | won: False 
#  425 | steps:  4969 | steps_t:     0 | t: 11.311875 | r:  -508.000000 | e:   1.000000 | Q:        nan | won: False 
#  426 | steps:  4982 | steps_t:     0 | t: 11.341818 | r:  -512.000000 | e:   1.000000 | Q:        nan | won: False 
#  427 | steps:  4989 | steps_t:     0 | t: 11.357855 | r:  -506.000000 | e:   1.000000 | Q:        nan | won: False 
