#    1 | steps:    12 | steps_t:     0 | t: 0.073450 | r:  -511.000000 | e:   1.000000 | Q:        nan | won: False 
#    2 | steps:    31 | steps_t:     0 | t: 0.176229 | r:  -507.000000 | e:   1.000000 | Q:        nan | won: False 
#    3 | steps:    37 | steps_t:     0 | t: 0.206806 | r:  -505.000000 | e:   1.000000 | Q:        nan | won: False 
#    4 | steps:    47 | steps_t:     0 | t: 0.259443 | r:  -509.000000 | e:   1.000000 | Q:        nan | won: False 
#    5 | steps:    53 | steps_t:     0 | t: 0.290178 | r:  -505.000000 | e:   1.000000 | Q:        nan | won: False 
#    6 | steps:    63 | steps_t:     0 | t: 0.343740 | r:  -509.000000 | e:   1.000000 | Q:        nan | won: False 
#    7 | steps:    72 | steps_t:     0 | t: 0.390794 | r:  -508.000000 | e:   1.000000 | Q:        nan | won: False 
#    8 | steps:    78 | steps_t:     0 | t: 0.421670 | r:  -505.000000 | e:   1.000000 | Q:        nan | won: False 
#    9 | steps:    88 | steps_t:     0 | t: 0.474375 | r:  -509.000000 | e:   1.000000 | Q:        nan | won: False 
#   10 | steps:   115 | steps_t:     0 | t: 0.621496 | r:  -515.000000 | e:   1.000000 | Q:        nan | won: False 
#   11 | steps:   124 | steps_t:     0 | t: 0.668762 | r:  -508.000000 | e:   1.000000 | Q:        nan | won: False 
#   12 | steps:   139 | steps_t:     0 | t: 0.749638 | r:  -514.000000 | e:   1.000000 | Q:        nan | won: False 
#   13 | steps:   146 | steps_t:     0 | t: 0.785750 | r:  -506.000000 | e:   1.000000 | Q:        nan | won: False 
#   14 | steps:   155 | steps_t:     0 | t: 0.833307 | r:  -508.000000 | e:   1.000000 | Q:        nan | won: False 
#   15 | steps:   161 | steps_t:     0 | t: 0.864406 | r:  -505.000000 | e:   1.000000 | Q:        nan | won: False 
#   16 | steps:   172 | steps_t:     0 | t: 0.922623 | r:  -510.000000 | e:   1.000000 | Q:        nan | won: False 
#   17 | steps:   177 | steps_t:     0 | t: 0.947737 | r:  -504.000000 | e:   1.000000 | Q:        nan | won: False 
#   18 | steps:   184 | steps_t:     0 | t: 0.984271 | r:  -506.000000 | e:   1.000000 | Q:        nan | won: False 
#   19 | steps:   194 | steps_t:     0 | t: 1.037615 | r:  -509.000000 | e:   1.000000 | Q:        nan | won: False 
#   20 | steps:   203 | steps_t:     0 | t: 1.085258 | r:  -508.000000 | e:   1.000000 | Q:        nan | won: False 
#   21 | steps:   213 | steps_t:     0 | t: 1.138394 | r:  -509.000000 | e:   1.000000 | Q:        nan | won: False 
#   22 | steps:   239 | steps_t:     0 | t: 1.279727 | r:  -525.000000 | e:   1.000000 | Q:        nan | won: False 
#   23 | steps:   246 | steps_t:     0 | t: 1.315543 | r:  -506.000000 | e:   1.000000 | Q:        nan | won: False 
#   24 | steps:   264 | steps_t:     0 | t: 1.413095 | r:  -517.000000 | e:   1.000000 | Q:        nan | won: False 
#   25 | steps:   273 | steps_t:     0 | t: 1.460056 | r:  -508.000000 | e:   1.000000 | Q:        nan | won: False 
#   26 | steps:   291 | steps_t:     0 | t: 1.557683 | r:  -517.000000 | e:   1.000000 | Q:        nan | won: False 
#   27 | steps:   306 | steps_t:     0 | t: 1.638784 | r:  -514.000000 | e:   1.000000 | Q:        nan | won: False 
#   28 | steps:   315 | steps_t:     0 | t: 1.686521 | r:  -508.000000 | e:   1.000000 | Q:        nan | won: False 
#   29 | steps:   333 | steps_t:     0 | t: 1.783073 | r:  -506.000000 | e:   1.000000 | Q:        nan | won: False 
#   30 | steps:   346 | steps_t:     0 | t: 1.852605 | r:  -512.000000 | e:   1.000000 | Q:        nan | won: False 
#   31 | steps:   361 | steps_t:     0 | t: 1.933018 | r:  -503.000000 | e:   1.000000 | Q:        nan | won: False 
#   32 | steps:   373 | steps_t:     0 | t: 1.997858 | r:  -511.000000 | e:   1.000000 | Q:        nan | won: False 
#   33 | steps:   382 | steps_t:     0 | t: 2.045619 | r:  -508.000000 | e:   1.000000 | Q:        nan | won: False 
#   34 | steps:   389 | steps_t:     0 | t: 2.082430 | r:  -506.000000 | e:   1.000000 | Q:        nan | won: False 
#   35 | steps:   412 | steps_t:     0 | t: 2.206931 | r:  -511.000000 | e:   1.000000 | Q:        nan | won: False 
#   36 | steps:   423 | steps_t:     0 | t: 2.266066 | r:  -510.000000 | e:   1.000000 | Q:        nan | won: False 
#   37 | steps:   438 | steps_t:     0 | t: 2.347509 | r:  -492.000000 | e:   1.000000 | Q:        nan | won: False 
#   38 | steps:   449 | steps_t:     0 | t: 2.406592 | r:  -510.000000 | e:   1.000000 | Q:        nan | won: False 
#   39 | steps:   457 | steps_t:     0 | t: 2.448233 | r:  -507.000000 | e:   1.000000 | Q:        nan | won: False 
#   40 | steps:   464 | steps_t:     0 | t: 2.484913 | r:  -506.000000 | e:   1.000000 | Q:        nan | won: False 
#   41 | steps:   477 | steps_t:     0 | t: 2.554939 | r:  -512.000000 | e:   1.000000 | Q:        nan | won: False 
#   42 | steps:   490 | steps_t:     0 | t: 2.624131 | r:  -501.000000 | e:   1.000000 | Q:        nan | won: False 
#   43 | steps:   500 | steps_t:     0 | t: 2.676753 | r:  -509.000000 | e:   1.000000 | Q:        nan | won: False 
#   44 | steps:   508 | steps_t:     0 | t: 2.717982 | r:  -507.000000 | e:   1.000000 | Q:        nan | won: False 
#   45 | steps:   518 | steps_t:     0 | t: 2.770764 | r:  -509.000000 | e:   1.000000 | Q:        nan | won: False 
#   46 | steps:   524 | steps_t:     0 | t: 2.801465 | r:  -505.000000 | e:   1.000000 | Q:        nan | won: False 
#   47 | steps:   532 | steps_t:     0 | t: 2.842943 | r:  -507.000000 | e:   1.000000 | Q:        nan | won: False 
#   48 | steps:   544 | steps_t:     0 | t: 2.905794 | r:  -511.000000 | e:   1.000000 | Q:        nan | won: False 
#   49 | steps:   560 | steps_t:     0 | t: 2.991239 | r:  -504.000000 | e:   1.000000 | Q:        nan | won: False 
#   50 | steps:   570 | steps_t:     0 | t: 3.043499 | r:  -509.000000 | e:   1.000000 | Q:        nan | won: False 
#   51 | steps:   579 | steps_t:     0 | t: 3.090541 | r:  -508.000000 | e:   1.000000 | Q:        nan | won: False 
#   52 | steps:   591 | steps_t:     0 | t: 3.154317 | r:  -511.000000 | e:   1.000000 | Q:        nan | won: False 
#   53 | steps:   600 | steps_t:     0 | t: 3.201338 | r:  -508.000000 | e:   1.000000 | Q:        nan | won: False 
#   54 | steps:   607 | steps_t:     0 | t: 3.237102 | r:  -506.000000 | e:   1.000000 | Q:        nan | won: False 
#   55 | steps:   617 | steps_t:     0 | t: 3.289037 | r:  -509.000000 | e:   1.000000 | Q:        nan | won: False 
#   56 | steps:   626 | steps_t:     0 | t: 3.335546 | r:  -508.000000 | e:   1.000000 | Q:        nan | won: False 
#   57 | steps:   637 | steps_t:     0 | t: 3.392765 | r:  -510.000000 | e:   1.000000 | Q:        nan | won: False 
#   58 | steps:   647 | steps_t:     0 | t: 3.445281 | r:  -509.000000 | e:   1.000000 | Q:        nan | won: False 
#   59 | steps:   652 | steps_t:     0 | t: 3.470066 | r:  -504.000000 | e:   1.000000 | Q:        nan | won: False 
#   60 | steps:   660 | steps_t:     0 | t: 3.511703 | r:  -507.000000 | e:   1.000000 | Q:        nan | won: False 
#   61 | steps:   671 | steps_t:     0 | t: 3.569194 | r:  -510.000000 | e:   1.000000 | Q:        nan | won: False 
#   62 | steps:   693 | steps_t:     0 | t: 3.686173 | r:  -521.000000 | e:   1.000000 | Q:        nan | won: False 
#   63 | steps:   706 | steps_t:     0 | t: 3.754181 | r:  -512.000000 | e:   1.000000 | Q:        nan | won: False 
#   64 | steps:   714 | steps_t:     0 | t: 3.795053 | r:  -507.000000 | e:   1.000000 | Q:        nan | won: False 
#   65 | steps:   724 | steps_t:     0 | t: 3.847277 | r:  -509.000000 | e:   1.000000 | Q:        nan | won: False 
#   66 | steps:   768 | steps_t:     0 | t: 4.082469 | r:  -532.000000 | e:   1.000000 | Q:        nan | won: False 
#   67 | steps:   779 | steps_t:     0 | t: 4.138936 | r:  -510.000000 | e:   1.000000 | Q:        nan | won: False 
#   68 | steps:   806 | steps_t:     0 | t: 4.282993 | r:  -504.000000 | e:   1.000000 | Q:        nan | won: False 
#   69 | steps:   817 | steps_t:     0 | t: 4.339380 | r:  -510.000000 | e:   1.000000 | Q:        nan | won: False 
#   70 | steps:   825 | steps_t:     0 | t: 4.380267 | r:  -507.000000 | e:   1.000000 | Q:        nan | won: False 
#   71 | steps:   835 | steps_t:     0 | t: 4.432794 | r:  -509.000000 | e:   1.000000 | Q:        nan | won: False 
#   72 | steps:   844 | steps_t:     0 | t: 4.478803 | r:  -508.000000 | e:   1.000000 | Q:        nan | won: False 
#   73 | steps:   853 | steps_t:     0 | t: 4.525771 | r:  -508.000000 | e:   1.000000 | Q:        nan | won: False 
#   74 | steps:   864 | steps_t:     0 | t: 4.583400 | r:  -510.000000 | e:   1.000000 | Q:        nan | won: False 
#   75 | steps:   871 | steps_t:     0 | t: 4.618448 | r:  -506.000000 | e:   1.000000 | Q:        nan | won: False 
#   76 | steps:   886 | steps_t:     0 | t: 4.697956 | r:  -503.000000 | e:   1.000000 | Q:        nan | won: False 
#   77 | steps:   891 | steps_t:     0 | t: 4.722430 | r:  -504.000000 | e:   1.000000 | Q:        nan | won: False 
#   78 | steps:   903 | steps_t:     0 | t: 4.784399 | r:  -511.000000 | e:   1.000000 | Q:        nan | won: False 
#   79 | steps:   916 | steps_t:     0 | t: 4.853443 | r:  -512.000000 | e:   1.000000 | Q:        nan | won: False 
#   80 | steps:   936 | steps_t:     0 | t: 4.961654 | r:  -508.000000 | e:   1.000000 | Q:        nan | won: False 
#   81 | steps:   958 | steps_t:     0 | t: 5.078121 | r:  -510.000000 | e:   1.000000 | Q:        nan | won: False 
#   82 | steps:   966 | steps_t:     0 | t: 5.117916 | r:  -507.000000 | e:   1.000000 | Q:        nan | won: False 
#   83 | steps:   984 | steps_t:     0 | t: 5.212892 | r:  -506.000000 | e:   1.000000 | Q:        nan | won: False 
#   84 | steps:   991 | steps_t:     0 | t: 5.247333 | r:  -506.000000 | e:   1.000000 | Q:        nan | won: False 
#   85 | steps:  1002 | steps_t:     0 | t: 5.304736 | r:  -510.000000 | e:   1.000000 | Q:        nan | won: False 
#   86 | steps:  1017 | steps_t:     0 | t: 5.383774 | r:  -492.000000 | e:   1.000000 | Q:        nan | won: False 
#   87 | steps:  1035 | steps_t:     0 | t: 5.478501 | r:  -517.000000 | e:   1.000000 | Q:        nan | won: False 
#   88 | steps:  1050 | steps_t:     0 | t: 5.557621 | r:  -514.000000 | e:   1.000000 | Q:        nan | won: False 
#   89 | steps:  1065 | steps_t:     0 | t: 5.636858 | r:  -503.000000 | e:   1.000000 | Q:        nan | won: False 
#   90 | steps:  1073 | steps_t:     0 | t: 5.678159 | r:  -507.000000 | e:   1.000000 | Q:        nan | won: False 
#   91 | steps:  1091 | steps_t:     0 | t: 5.773108 | r:  -517.000000 | e:   1.000000 | Q:        nan | won: False 
#   92 | steps:  1104 | steps_t:     0 | t: 5.841248 | r:  -512.000000 | e:   1.000000 | Q:        nan | won: False 
#   93 | steps:  1123 | steps_t:     0 | t: 5.945479 | r:  -518.000000 | e:   1.000000 | Q:        nan | won: False 
#   94 | steps:  1131 | steps_t:     0 | t: 5.988708 | r:  -507.000000 | e:   1.000000 | Q:        nan | won: False 
#   95 | steps:  1139 | steps_t:     0 | t: 6.030586 | r:  -507.000000 | e:   1.000000 | Q:        nan | won: False 
#   96 | steps:  1146 | steps_t:     0 | t: 6.067250 | r:  -506.000000 | e:   1.000000 | Q:        nan | won: False 
#   97 | steps:  1152 | steps_t:     0 | t: 6.097739 | r:  -505.000000 | e:   1.000000 | Q:        nan | won: False 
#   98 | steps:  1160 | steps_t:     0 | t: 6.142243 | r:  -507.000000 | e:   1.000000 | Q:        nan | won: False 
#   99 | steps:  1169 | steps_t:     0 | t: 6.189861 | r:  -508.000000 | e:   1.000000 | Q:        nan | won: False 
#  100 | steps:  1179 | steps_t:     0 | t: 6.243672 | r:  -509.000000 | e:   1.000000 | Q:        nan | won: False 
#  101 | steps:  1187 | steps_t:     0 | t: 6.285875 | r:  -507.000000 | e:   1.000000 | Q:        nan | won: False 
#  102 | steps:  1196 | steps_t:     0 | t: 6.333966 | r:  -508.000000 | e:   1.000000 | Q:        nan | won: False 
#  103 | steps:  1202 | steps_t:     0 | t: 6.365031 | r:  -505.000000 | e:   1.000000 | Q:        nan | won: False 
#  104 | steps:  1217 | steps_t:     0 | t: 6.445074 | r:  -514.000000 | e:   1.000000 | Q:        nan | won: False 
#  105 | steps:  1226 | steps_t:     0 | t: 6.492728 | r:  -508.000000 | e:   1.000000 | Q:        nan | won: False 
#  106 | steps:  1246 | steps_t:     0 | t: 6.601588 | r:  -519.000000 | e:   1.000000 | Q:        nan | won: False 
#  107 | steps:  1267 | steps_t:     0 | t: 6.715496 | r:  -520.000000 | e:   1.000000 | Q:        nan | won: False 
#  108 | steps:  1287 | steps_t:     0 | t: 6.821419 | r:  -519.000000 | e:   1.000000 | Q:        nan | won: False 
#  109 | steps:  1302 | steps_t:     0 | t: 6.903687 | r:  -503.000000 | e:   1.000000 | Q:        nan | won: False 
#  110 | steps:  1324 | steps_t:     0 | t: 7.023756 | r:    90.000000 | e:   1.000000 | Q:        nan | won: True 
#  111 | steps:  1336 | steps_t:     0 | t: 7.089929 | r:  -511.000000 | e:   1.000000 | Q:        nan | won: False 
#  112 | steps:  1346 | steps_t:     0 | t: 7.143478 | r:  -509.000000 | e:   1.000000 | Q:        nan | won: False 
#  113 | steps:  1356 | steps_t:     0 | t: 7.197690 | r:  -509.000000 | e:   1.000000 | Q:        nan | won: False 
#  114 | steps:  1364 | steps_t:     0 | t: 7.239966 | r:  -507.000000 | e:   1.000000 | Q:        nan | won: False 
#  115 | steps:  1372 | steps_t:     0 | t: 7.283099 | r:  -507.000000 | e:   1.000000 | Q:        nan | won: False 
#  116 | steps:  1378 | steps_t:     0 | t: 7.314261 | r:  -505.000000 | e:   1.000000 | Q:        nan | won: False 
#  117 | steps:  1389 | steps_t:     0 | t: 7.373217 | r:  -510.000000 | e:   1.000000 | Q:        nan | won: False 
#  118 | steps:  1398 | steps_t:     0 | t: 7.421710 | r:  -508.000000 | e:   1.000000 | Q:        nan | won: False 
#  119 | steps:  1408 | steps_t:     0 | t: 7.476611 | r:  -509.000000 | e:   1.000000 | Q:        nan | won: False 
#  120 | steps:  1414 | steps_t:     0 | t: 7.507899 | r:  -505.000000 | e:   1.000000 | Q:        nan | won: False 
#  121 | steps:  1424 | steps_t:     0 | t: 7.562327 | r:  -509.000000 | e:   1.000000 | Q:        nan | won: False 
#  122 | steps:  1434 | steps_t:     0 | t: 7.615967 | r:  -509.000000 | e:   1.000000 | Q:        nan | won: False 
#  123 | steps:  1446 | steps_t:     0 | t: 7.681233 | r:  -511.000000 | e:   1.000000 | Q:        nan | won: False 
#  124 | steps:  1454 | steps_t:     0 | t: 7.723409 | r:  -507.000000 | e:   1.000000 | Q:        nan | won: False 
#  125 | steps:  1461 | steps_t:     0 | t: 7.759923 | r:  -506.000000 | e:   1.000000 | Q:        nan | won: False 
#  126 | steps:  1470 | steps_t:     0 | t: 7.809156 | r:  -508.000000 | e:   1.000000 | Q:        nan | won: False 
#  127 | steps:  1480 | steps_t:     0 | t: 7.861726 | r:  -509.000000 | e:   1.000000 | Q:        nan | won: False 
#  128 | steps:  1489 | steps_t:     0 | t: 7.910516 | r:  -508.000000 | e:   1.000000 | Q:        nan | won: False 
#  129 | steps:  1501 | steps_t:     0 | t: 7.975623 | r:  -511.000000 | e:   1.000000 | Q:        nan | won: False 
#  130 | steps:  1517 | steps_t:     0 | t: 8.062254 | r:  -515.000000 | e:   1.000000 | Q:        nan | won: False 
#  131 | steps:  1543 | steps_t:     0 | t: 8.201828 | r:  -525.000000 | e:   1.000000 | Q:        nan | won: False 
#  132 | steps:  1550 | steps_t:     0 | t: 8.238287 | r:  -506.000000 | e:   1.000000 | Q:        nan | won: False 
#  133 | steps:  1558 | steps_t:     0 | t: 8.282590 | r:  -507.000000 | e:   1.000000 | Q:        nan | won: False 
#  134 | steps:  1563 | steps_t:     0 | t: 8.308406 | r:  -504.000000 | e:   1.000000 | Q:        nan | won: False 
#  135 | steps:  1580 | steps_t:     0 | t: 8.399758 | r:  -516.000000 | e:   1.000000 | Q:        nan | won: False 
#  136 | steps:  1599 | steps_t:     0 | t: 8.502850 | r:  -507.000000 | e:   1.000000 | Q:        nan | won: False 
#  137 | steps:  1618 | steps_t:     0 | t: 8.607141 | r:  -518.000000 | e:   1.000000 | Q:        nan | won: False 
#  138 | steps:  1625 | steps_t:     0 | t: 8.643930 | r:  -506.000000 | e:   1.000000 | Q:        nan | won: False 
#  139 | steps:  1651 | steps_t:     0 | t: 8.785283 | r:  -525.000000 | e:   1.000000 | Q:        nan | won: False 
#  140 | steps:  1663 | steps_t:     0 | t: 8.849786 | r:  -511.000000 | e:   1.000000 | Q:        nan | won: False 
#  141 | steps:  1674 | steps_t:     0 | t: 8.908080 | r:  -510.000000 | e:   1.000000 | Q:        nan | won: False 
#  142 | steps:  1695 | steps_t:     0 | t: 9.022887 | r:  -509.000000 | e:   1.000000 | Q:        nan | won: False 
#  143 | steps:  1704 | steps_t:     0 | t: 9.069934 | r:  -508.000000 | e:   1.000000 | Q:        nan | won: False 
#  144 | steps:  1715 | steps_t:     0 | t: 9.128513 | r:  -510.000000 | e:   1.000000 | Q:        nan | won: False 
#  145 | steps:  1722 | steps_t:     0 | t: 9.165011 | r:  -506.000000 | e:   1.000000 | Q:        nan | won: False 
#  146 | steps:  1733 | steps_t:     0 | t: 9.225096 | r:  -510.000000 | e:   1.000000 | Q:        nan | won: False 
#  147 | steps:  1747 | steps_t:     0 | t: 9.301024 | r:  -513.000000 | e:   1.000000 | Q:        nan | won: False 
#  148 | steps:  1757 | steps_t:     0 | t: 9.355648 | r:  -509.000000 | e:   1.000000 | Q:        nan | won: False 
#  149 | steps:  1772 | steps_t:     0 | t: 9.435658 | r:  -514.000000 | e:   1.000000 | Q:        nan | won: False 
#  150 | steps:  1781 | steps_t:     0 | t: 9.483744 | r:  -508.000000 | e:   1.000000 | Q:        nan | won: False 
#  151 | steps:  1789 | steps_t:     0 | t: 9.525944 | r:  -507.000000 | e:   1.000000 | Q:        nan | won: False 
#  152 | steps:  1796 | steps_t:     0 | t: 9.563572 | r:  -506.000000 | e:   1.000000 | Q:        nan | won: False 
#  153 | steps:  1813 | steps_t:     0 | t: 9.654130 | r:  -505.000000 | e:   1.000000 | Q:        nan | won: False 
#  154 | steps:  1821 | steps_t:     0 | t: 9.696522 | r:  -507.000000 | e:   1.000000 | Q:        nan | won: False 
#  155 | steps:  1830 | steps_t:     0 | t: 9.744280 | r:  -508.000000 | e:   1.000000 | Q:        nan | won: False 
#  156 | steps:  1844 | steps_t:     0 | t: 9.819396 | r:  -502.000000 | e:   1.000000 | Q:        nan | won: False 
#  157 | steps:  1854 | steps_t:     0 | t: 9.872694 | r:  -509.000000 | e:   1.000000 | Q:        nan | won: False 
#  158 | steps:  1864 | steps_t:     0 | t: 9.926219 | r:  -509.000000 | e:   1.000000 | Q:        nan | won: False 
#  159 | steps:  1884 | steps_t:     0 | t: 10.034558 | r:  -508.000000 | e:   1.000000 | Q:        nan | won: False 
#  160 | steps:  1900 | steps_t:     0 | t: 10.120422 | r:  -515.000000 | e:   1.000000 | Q:        nan | won: False 
#  161 | steps:  1909 | steps_t:     0 | t: 10.168665 | r:  -508.000000 | e:   1.000000 | Q:        nan | won: False 
#  162 | steps:  1926 | steps_t:     0 | t: 10.259668 | r:  -516.000000 | e:   1.000000 | Q:        nan | won: False 
#  163 | steps:  1934 | steps_t:     0 | t: 10.302139 | r:  -507.000000 | e:   1.000000 | Q:        nan | won: False 
#  164 | steps:  1940 | steps_t:     0 | t: 10.333751 | r:  -505.000000 | e:   1.000000 | Q:        nan | won: False 
#  165 | steps:  1947 | steps_t:     0 | t: 10.370212 | r:  -506.000000 | e:   1.000000 | Q:        nan | won: False 
#  166 | steps:  1956 | steps_t:     0 | t: 10.417526 | r:  -508.000000 | e:   1.000000 | Q:        nan | won: False 
#  167 | steps:  1967 | steps_t:     0 | t: 10.478007 | r:  -510.000000 | e:   1.000000 | Q:        nan | won: False 
#  168 | steps:  1977 | steps_t:     0 | t: 10.531339 | r:  -509.000000 | e:   1.000000 | Q:        nan | won: False 
#  169 | steps:  1989 | steps_t:     0 | t: 10.595684 | r:  -511.000000 | e:   1.000000 | Q:        nan | won: False 
#  170 | steps:  2007 | steps_t:     0 | t: 10.692867 | r:  -506.000000 | e:   1.000000 | Q:        nan | won: False 
#  171 | steps:  2012 | steps_t:     0 | t: 10.718284 | r:  -504.000000 | e:   1.000000 | Q:        nan | won: False 
#  172 | steps:  2024 | steps_t:     0 | t: 10.781831 | r:  -511.000000 | e:   1.000000 | Q:        nan | won: False 
#  173 | steps:  2033 | steps_t:     0 | t: 10.829360 | r:  -508.000000 | e:   1.000000 | Q:        nan | won: False 
#  174 | steps:  2042 | steps_t:     0 | t: 10.876153 | r:  -508.000000 | e:   1.000000 | Q:        nan | won: False 
#  175 | steps:  2052 | steps_t:     0 | t: 10.932148 | r:  -509.000000 | e:   1.000000 | Q:        nan | won: False 
#  176 | steps:  2065 | steps_t:     0 | t: 11.011211 | r:  -512.000000 | e:   1.000000 | Q:        nan | won: False 
#  177 | steps:  2081 | steps_t:     0 | t: 11.096392 | r:  -515.000000 | e:   1.000000 | Q:        nan | won: False 
#  178 | steps:  2101 | steps_t:     0 | t: 11.203422 | r:  -519.000000 | e:   1.000000 | Q:        nan | won: False 
#  179 | steps:  2109 | steps_t:     0 | t: 11.244091 | r:  -507.000000 | e:   1.000000 | Q:        nan | won: False 
#  180 | steps:  2117 | steps_t:     0 | t: 11.285063 | r:  -507.000000 | e:   1.000000 | Q:        nan | won: False 
#  181 | steps:  2133 | steps_t:     0 | t: 11.369330 | r:  -515.000000 | e:   1.000000 | Q:        nan | won: False 
#  182 | steps:  2147 | steps_t:     0 | t: 11.441833 | r:  -513.000000 | e:   1.000000 | Q:        nan | won: False 
#  183 | steps:  2156 | steps_t:     0 | t: 11.487758 | r:  -508.000000 | e:   1.000000 | Q:        nan | won: False 
#  184 | steps:  2163 | steps_t:     0 | t: 11.523585 | r:  -506.000000 | e:   1.000000 | Q:        nan | won: False 
#  185 | steps:  2170 | steps_t:     0 | t: 11.559168 | r:  -506.000000 | e:   1.000000 | Q:        nan | won: False 
#  186 | steps:  2183 | steps_t:     0 | t: 11.626600 | r:  -512.000000 | e:   1.000000 | Q:        nan | won: False 
#  187 | steps:  2193 | steps_t:     0 | t: 11.677423 | r:  -509.000000 | e:   1.000000 | Q:        nan | won: False 
#  188 | steps:  2208 | steps_t:     0 | t: 11.755863 | r:  -514.000000 | e:   1.000000 | Q:        nan | won: False 
#  189 | steps:  2227 | steps_t:     0 | t: 11.856848 | r:  -518.000000 | e:   1.000000 | Q:        nan | won: False 
#  190 | steps:  2235 | steps_t:     0 | t: 11.896774 | r:  -507.000000 | e:   1.000000 | Q:        nan | won: False 
#  191 | steps:  2241 | steps_t:     0 | t: 11.926039 | r:  -505.000000 | e:   1.000000 | Q:        nan | won: False 
#  192 | steps:  2286 | steps_t:     0 | t: 12.164867 | r:  -533.000000 | e:   1.000000 | Q:        nan | won: False 
#  193 | steps:  2296 | steps_t:     0 | t: 12.216886 | r:  -509.000000 | e:   1.000000 | Q:        nan | won: False 
#  194 | steps:  2318 | steps_t:     0 | t: 12.334737 | r:  -521.000000 | e:   1.000000 | Q:        nan | won: False 
#  195 | steps:  2325 | steps_t:     0 | t: 12.370391 | r:  -506.000000 | e:   1.000000 | Q:        nan | won: False 
#  196 | steps:  2336 | steps_t:     0 | t: 12.428162 | r:  -510.000000 | e:   1.000000 | Q:        nan | won: False 
#  197 | steps:  2341 | steps_t:     0 | t: 12.452828 | r:  -504.000000 | e:   1.000000 | Q:        nan | won: False 
#  198 | steps:  2357 | steps_t:     0 | t: 12.537885 | r:  -504.000000 | e:   1.000000 | Q:        nan | won: False 
#  199 | steps:  2367 | steps_t:     0 | t: 12.589026 | r:  -509.000000 | e:   1.000000 | Q:        nan | won: False 
#  200 | steps:  2383 | steps_t:     0 | t: 12.673253 | r:  -504.000000 | e:   1.000000 | Q:        nan | won: False 
#  201 | steps:  2393 | steps_t:     0 | t: 12.725538 | r:  -509.000000 | e:   1.000000 | Q:        nan | won: False 
#  202 | steps:  2403 | steps_t:     0 | t: 12.777956 | r:  -509.000000 | e:   1.000000 | Q:        nan | won: False 
#  203 | steps:  2418 | steps_t:     0 | t: 12.857708 | r:  -492.000000 | e:   1.000000 | Q:        nan | won: False 
#  204 | steps:  2434 | steps_t:     0 | t: 12.942211 | r:  -515.000000 | e:   1.000000 | Q:        nan | won: False 
#  205 | steps:  2451 | steps_t:     0 | t: 13.032805 | r:  -516.000000 | e:   1.000000 | Q:        nan | won: False 
#  206 | steps:  2461 | steps_t:     0 | t: 13.083842 | r:  -509.000000 | e:   1.000000 | Q:        nan | won: False 
#  207 | steps:  2473 | steps_t:     0 | t: 13.146676 | r:  -511.000000 | e:   1.000000 | Q:        nan | won: False 
#  208 | steps:  2499 | steps_t:     0 | t: 13.283763 | r:  -525.000000 | e:   1.000000 | Q:        nan | won: False 
#  209 | steps:  2513 | steps_t:     0 | t: 13.355335 | r:  -513.000000 | e:   1.000000 | Q:        nan | won: False 
#  210 | steps:  2528 | steps_t:     0 | t: 13.433581 | r:  -514.000000 | e:   1.000000 | Q:        nan | won: False 
#  211 | steps:  2537 | steps_t:     0 | t: 13.478982 | r:  -508.000000 | e:   1.000000 | Q:        nan | won: False 
#  212 | steps:  2554 | steps_t:     0 | t: 13.568756 | r:  -516.000000 | e:   1.000000 | Q:        nan | won: False 
#  213 | steps:  2564 | steps_t:     0 | t: 13.620130 | r:  -509.000000 | e:   1.000000 | Q:        nan | won: False 
#  214 | steps:  2572 | steps_t:     0 | t: 13.661354 | r:  -507.000000 | e:   1.000000 | Q:        nan | won: False 
#  215 | steps:  2591 | steps_t:     0 | t: 13.761476 | r:  -507.000000 | e:   1.000000 | Q:        nan | won: False 
#  216 | steps:  2600 | steps_t:     0 | t: 13.807381 | r:  -508.000000 | e:   1.000000 | Q:        nan | won: False 
#  217 | steps:  2621 | steps_t:     0 | t: 13.916841 | r:  -509.000000 | e:   1.000000 | Q:        nan | won: False 
#  218 | steps:  2630 | steps_t:     0 | t: 13.962047 | r:  -508.000000 | e:   1.000000 | Q:        nan | won: False 
#  219 | steps:  2645 | steps_t:     0 | t: 14.039816 | r:  -514.000000 | e:   1.000000 | Q:        nan | won: False 
#  220 | steps:  2652 | steps_t:     0 | t: 14.075157 | r:  -506.000000 | e:   1.000000 | Q:        nan | won: False 
#  221 | steps:  2664 | steps_t:     0 | t: 14.138580 | r:  -511.000000 | e:   1.000000 | Q:        nan | won: False 
#  222 | steps:  2670 | steps_t:     0 | t: 14.168190 | r:  -505.000000 | e:   1.000000 | Q:        nan | won: False 
#  223 | steps:  2680 | steps_t:     0 | t: 14.219867 | r:  -509.000000 | e:   1.000000 | Q:        nan | won: False 
#  224 | steps:  2686 | steps_t:     0 | t: 14.249246 | r:  -505.000000 | e:   1.000000 | Q:        nan | won: False 
#  225 | steps:  2703 | steps_t:     0 | t: 14.337571 | r:  -505.000000 | e:   1.000000 | Q:        nan | won: False 
#  226 | steps:  2720 | steps_t:     0 | t: 14.427027 | r:  -516.000000 | e:   1.000000 | Q:        nan | won: False 
#  227 | steps:  2737 | steps_t:     0 | t: 14.514730 | r:  -516.000000 | e:   1.000000 | Q:        nan | won: False 
#  228 | steps:  2751 | steps_t:     0 | t: 14.586679 | r:  -513.000000 | e:   1.000000 | Q:        nan | won: False 
#  229 | steps:  2766 | steps_t:     0 | t: 14.664932 | r:  -514.000000 | e:   1.000000 | Q:        nan | won: False 
#  230 | steps:  2777 | steps_t:     0 | t: 14.721866 | r:  -510.000000 | e:   1.000000 | Q:        nan | won: False 
#  231 | steps:  2784 | steps_t:     0 | t: 14.756449 | r:  -506.000000 | e:   1.000000 | Q:        nan | won: False 
#  232 | steps:  2789 | steps_t:     0 | t: 14.780543 | r:  -504.000000 | e:   1.000000 | Q:        nan | won: False 
#  233 | steps:  2797 | steps_t:     0 | t: 14.821292 | r:  -507.000000 | e:   1.000000 | Q:        nan | won: False 
#  234 | steps:  2811 | steps_t:     0 | t: 14.894583 | r:  -513.000000 | e:   1.000000 | Q:        nan | won: False 
#  235 | steps:  2821 | steps_t:     0 | t: 14.946804 | r:  -509.000000 | e:   1.000000 | Q:        nan | won: False 
#  236 | steps:  2831 | steps_t:     0 | t: 14.999269 | r:  -509.000000 | e:   1.000000 | Q:        nan | won: False 
#  237 | steps:  2843 | steps_t:     0 | t: 15.060884 | r:  -511.000000 | e:   1.000000 | Q:        nan | won: False 
#  238 | steps:  2850 | steps_t:     0 | t: 15.095817 | r:  -506.000000 | e:   1.000000 | Q:        nan | won: False 
#  239 | steps:  2859 | steps_t:     0 | t: 15.143346 | r:  -508.000000 | e:   1.000000 | Q:        nan | won: False 
#  240 | steps:  2868 | steps_t:     0 | t: 15.190002 | r:  -508.000000 | e:   1.000000 | Q:        nan | won: False 
#  241 | steps:  2879 | steps_t:     0 | t: 15.247611 | r:  -510.000000 | e:   1.000000 | Q:        nan | won: False 
#  242 | steps:  2889 | steps_t:     0 | t: 15.300465 | r:  -509.000000 | e:   1.000000 | Q:        nan | won: False 
#  243 | steps:  2907 | steps_t:     0 | t: 15.395666 | r:  -517.000000 | e:   1.000000 | Q:        nan | won: False 
#  244 | steps:  2917 | steps_t:     0 | t: 15.446513 | r:  -509.000000 | e:   1.000000 | Q:        nan | won: False 
#  245 | steps:  2930 | steps_t:     0 | t: 15.514530 | r:  -512.000000 | e:   1.000000 | Q:        nan | won: False 
#  246 | steps:  2944 | steps_t:     0 | t: 15.587382 | r:  -513.000000 | e:   1.000000 | Q:        nan | won: False 
#  247 | steps:  2978 | steps_t:     0 | t: 15.768409 | r:  -522.000000 | e:   1.000000 | Q:        nan | won: False 
#  248 | steps:  2989 | steps_t:     0 | t: 15.824546 | r:  -510.000000 | e:   1.000000 | Q:        nan | won: False 
#  249 | steps:  3008 | steps_t:     0 | t: 15.924194 | r:  -507.000000 | e:   1.000000 | Q:        nan | won: False 
#  250 | steps:  3015 | steps_t:     0 | t: 15.958631 | r:  -506.000000 | e:   1.000000 | Q:        nan | won: False 
#  251 | steps:  3026 | steps_t:     0 | t: 16.014358 | r:  -510.000000 | e:   1.000000 | Q:        nan | won: False 
#  252 | steps:  3033 | steps_t:     0 | t: 16.049263 | r:  -506.000000 | e:   1.000000 | Q:        nan | won: False 
#  253 | steps:  3043 | steps_t:     0 | t: 16.101833 | r:  -509.000000 | e:   1.000000 | Q:        nan | won: False 
#  254 | steps:  3058 | steps_t:     0 | t: 16.180648 | r:  -514.000000 | e:   1.000000 | Q:        nan | won: False 
#  255 | steps:  3065 | steps_t:     0 | t: 16.216097 | r:  -506.000000 | e:   1.000000 | Q:        nan | won: False 
#  256 | steps:  3092 | steps_t:     0 | t: 16.359477 | r:  -504.000000 | e:   1.000000 | Q:        nan | won: False 
#  257 | steps:  3103 | steps_t:     0 | t: 16.416145 | r:  -510.000000 | e:   1.000000 | Q:        nan | won: False 
#  258 | steps:  3108 | steps_t:     0 | t: 16.440402 | r:  -504.000000 | e:   1.000000 | Q:        nan | won: False 
#  259 | steps:  3123 | steps_t:     0 | t: 16.518461 | r:  -503.000000 | e:   1.000000 | Q:        nan | won: False 
#  260 | steps:  3136 | steps_t:     0 | t: 16.588768 | r:  -512.000000 | e:   1.000000 | Q:        nan | won: False 
#  261 | steps:  3151 | steps_t:     0 | t: 16.670013 | r:  -492.000000 | e:   1.000000 | Q:        nan | won: False 
#  262 | steps:  3167 | steps_t:     0 | t: 16.755407 | r:  -515.000000 | e:   1.000000 | Q:        nan | won: False 
#  263 | steps:  3178 | steps_t:     0 | t: 16.814324 | r:  -510.000000 | e:   1.000000 | Q:        nan | won: False 
#  264 | steps:  3186 | steps_t:     0 | t: 16.857380 | r:  -507.000000 | e:   1.000000 | Q:        nan | won: False 
#  265 | steps:  3201 | steps_t:     0 | t: 16.938480 | r:  -514.000000 | e:   1.000000 | Q:        nan | won: False 
#  266 | steps:  3212 | steps_t:     0 | t: 16.996543 | r:  -510.000000 | e:   1.000000 | Q:        nan | won: False 
#  267 | steps:  3221 | steps_t:     0 | t: 17.044662 | r:  -508.000000 | e:   1.000000 | Q:        nan | won: False 
#  268 | steps:  3227 | steps_t:     0 | t: 17.076061 | r:  -505.000000 | e:   1.000000 | Q:        nan | won: False 
#  269 | steps:  3235 | steps_t:     0 | t: 17.118101 | r:  -507.000000 | e:   1.000000 | Q:        nan | won: False 
#  270 | steps:  3241 | steps_t:     0 | t: 17.149666 | r:  -505.000000 | e:   1.000000 | Q:        nan | won: False 
#  271 | steps:  3247 | steps_t:     0 | t: 17.181565 | r:  -505.000000 | e:   1.000000 | Q:        nan | won: False 
#  272 | steps:  3252 | steps_t:     0 | t: 17.207283 | r:  -504.000000 | e:   1.000000 | Q:        nan | won: False 
#  273 | steps:  3258 | steps_t:     0 | t: 17.238610 | r:  -505.000000 | e:   1.000000 | Q:        nan | won: False 
#  274 | steps:  3276 | steps_t:     0 | t: 17.335426 | r:  -506.000000 | e:   1.000000 | Q:        nan | won: False 
#  275 | steps:  3285 | steps_t:     0 | t: 17.383388 | r:  -508.000000 | e:   1.000000 | Q:        nan | won: False 
#  276 | steps:  3291 | steps_t:     0 | t: 17.414244 | r:  -505.000000 | e:   1.000000 | Q:        nan | won: False 
#  277 | steps:  3296 | steps_t:     0 | t: 17.440171 | r:  -504.000000 | e:   1.000000 | Q:        nan | won: False 
#  278 | steps:  3302 | steps_t:     0 | t: 17.471296 | r:  -505.000000 | e:   1.000000 | Q:        nan | won: False 
#  279 | steps:  3308 | steps_t:     0 | t: 17.503618 | r:  -505.000000 | e:   1.000000 | Q:        nan | won: False 
#  280 | steps:  3333 | steps_t:     0 | t: 17.636104 | r:  -524.000000 | e:   1.000000 | Q:        nan | won: False 
#  281 | steps:  3338 | steps_t:     0 | t: 17.661134 | r:  -504.000000 | e:   1.000000 | Q:        nan | won: False 
#  282 | steps:  3348 | steps_t:     0 | t: 17.715688 | r:  -509.000000 | e:   1.000000 | Q:        nan | won: False 
#  283 | steps:  3362 | steps_t:     0 | t: 17.791785 | r:  -513.000000 | e:   1.000000 | Q:        nan | won: False 
#  284 | steps:  3370 | steps_t:     0 | t: 17.834937 | r:  -507.000000 | e:   1.000000 | Q:        nan | won: False 
#  285 | steps:  3379 | steps_t:     0 | t: 17.882502 | r:  -508.000000 | e:   1.000000 | Q:        nan | won: False 
#  286 | steps:  3396 | steps_t:     0 | t: 17.975507 | r:  -516.000000 | e:   1.000000 | Q:        nan | won: False 
#  287 | steps:  3404 | steps_t:     0 | t: 18.018930 | r:  -507.000000 | e:   1.000000 | Q:        nan | won: False 
#  288 | steps:  3413 | steps_t:     0 | t: 18.068951 | r:  -508.000000 | e:   1.000000 | Q:        nan | won: False 
#  289 | steps:  3429 | steps_t:     0 | t: 18.154919 | r:  -515.000000 | e:   1.000000 | Q:        nan | won: False 
#  290 | steps:  3448 | steps_t:     0 | t: 18.254864 | r:  -507.000000 | e:   1.000000 | Q:        nan | won: False 
#  291 | steps:  3468 | steps_t:     0 | t: 18.361619 | r:  -519.000000 | e:   1.000000 | Q:        nan | won: False 
#  292 | steps:  3482 | steps_t:     0 | t: 18.437101 | r:  -502.000000 | e:   1.000000 | Q:        nan | won: False 
#  293 | steps:  3490 | steps_t:     0 | t: 18.480065 | r:  -507.000000 | e:   1.000000 | Q:        nan | won: False 
#  294 | steps:  3504 | steps_t:     0 | t: 18.554572 | r:  -513.000000 | e:   1.000000 | Q:        nan | won: False 
#  295 | steps:  3538 | steps_t:     0 | t: 18.734997 | r:  -522.000000 | e:   1.000000 | Q:        nan | won: False 
#  296 | steps:  3555 | steps_t:     0 | t: 18.829210 | r:  -516.000000 | e:   1.000000 | Q:        nan | won: False 
#  297 | steps:  3562 | steps_t:     0 | t: 18.866615 | r:  -506.000000 | e:   1.000000 | Q:        nan | won: False 
#  298 | steps:  3572 | steps_t:     0 | t: 18.919847 | r:  -509.000000 | e:   1.000000 | Q:        nan | won: False 
#  299 | steps:  3588 | steps_t:     0 | t: 19.005402 | r:  -515.000000 | e:   1.000000 | Q:        nan | won: False 
#  300 | steps:  3597 | steps_t:     0 | t: 19.053456 | r:  -508.000000 | e:   1.000000 | Q:        nan | won: False 
#  301 | steps:  3605 | steps_t:     0 | t: 19.096057 | r:  -507.000000 | e:   1.000000 | Q:        nan | won: False 
#  302 | steps:  3610 | steps_t:     0 | t: 19.120307 | r:  -504.000000 | e:   1.000000 | Q:        nan | won: False 
#  303 | steps:  3618 | steps_t:     0 | t: 19.162192 | r:  -507.000000 | e:   1.000000 | Q:        nan | won: False 
#  304 | steps:  3632 | steps_t:     0 | t: 19.236419 | r:  -502.000000 | e:   1.000000 | Q:        nan | won: False 
#  305 | steps:  3640 | steps_t:     0 | t: 19.277600 | r:  -507.000000 | e:   1.000000 | Q:        nan | won: False 
#  306 | steps:  3648 | steps_t:     0 | t: 19.319755 | r:  -507.000000 | e:   1.000000 | Q:        nan | won: False 
#  307 | steps:  3660 | steps_t:     0 | t: 19.384209 | r:  -511.000000 | e:   1.000000 | Q:        nan | won: False 
#  308 | steps:  3669 | steps_t:     0 | t: 19.431478 | r:  -508.000000 | e:   1.000000 | Q:        nan | won: False 
#  309 | steps:  3679 | steps_t:     0 | t: 19.486128 | r:  -509.000000 | e:   1.000000 | Q:        nan | won: False 
#  310 | steps:  3690 | steps_t:     0 | t: 19.545886 | r:  -510.000000 | e:   1.000000 | Q:        nan | won: False 
#  311 | steps:  3707 | steps_t:     0 | t: 19.636519 | r:  -516.000000 | e:   1.000000 | Q:        nan | won: False 
#  312 | steps:  3718 | steps_t:     0 | t: 19.694083 | r:  -510.000000 | e:   1.000000 | Q:        nan | won: False 
#  313 | steps:  3727 | steps_t:     0 | t: 19.740748 | r:  -508.000000 | e:   1.000000 | Q:        nan | won: False 
#  314 | steps:  3736 | steps_t:     0 | t: 19.787508 | r:  -508.000000 | e:   1.000000 | Q:        nan | won: False 
#  315 | steps:  3742 | steps_t:     0 | t: 19.818256 | r:  -505.000000 | e:   1.000000 | Q:        nan | won: False 
#  316 | steps:  3753 | steps_t:     0 | t: 19.876947 | r:  -510.000000 | e:   1.000000 | Q:        nan | won: False 
#  317 | steps:  3801 | steps_t:     0 | t: 20.130512 | r:    64.000000 | e:   1.000000 | Q:        nan | won: True 
#  318 | steps:  3823 | steps_t:     0 | t: 20.247778 | r:  -521.000000 | e:   1.000000 | Q:        nan | won: False 
#  319 | steps:  3842 | steps_t:     0 | t: 20.350091 | r:  -507.000000 | e:   1.000000 | Q:        nan | won: False 
#  320 | steps:  3849 | steps_t:     0 | t: 20.386379 | r:  -506.000000 | e:   1.000000 | Q:        nan | won: False 
#  321 | steps:  3862 | steps_t:     0 | t: 20.454823 | r:  -512.000000 | e:   1.000000 | Q:        nan | won: False 
#  322 | steps:  3873 | steps_t:     0 | t: 20.513903 | r:  -510.000000 | e:   1.000000 | Q:        nan | won: False 
#  323 | steps:  3888 | steps_t:     0 | t: 20.593849 | r:  -492.000000 | e:   1.000000 | Q:        nan | won: False 
#  324 | steps:  3906 | steps_t:     0 | t: 20.689319 | r:  -517.000000 | e:   1.000000 | Q:        nan | won: False 
#  325 | steps:  3913 | steps_t:     0 | t: 20.725756 | r:  -506.000000 | e:   1.000000 | Q:        nan | won: False 
#  326 | steps:  3919 | steps_t:     0 | t: 20.756734 | r:  -505.000000 | e:   1.000000 | Q:        nan | won: False 
#  327 | steps:  3927 | steps_t:     0 | t: 20.798609 | r:  -507.000000 | e:   1.000000 | Q:        nan | won: False 
#  328 | steps:  3933 | steps_t:     0 | t: 20.829534 | r:  -505.000000 | e:   1.000000 | Q:        nan | won: False 
#  329 | steps:  3946 | steps_t:     0 | t: 20.897616 | r:  -512.000000 | e:   1.000000 | Q:        nan | won: False 
#  330 | steps:  3962 | steps_t:     0 | t: 20.982495 | r:  -504.000000 | e:   1.000000 | Q:        nan | won: False 
#  331 | steps:  3969 | steps_t:     0 | t: 21.017707 | r:  -506.000000 | e:   1.000000 | Q:        nan | won: False 
#  332 | steps:  3987 | steps_t:     0 | t: 21.112738 | r:  -517.000000 | e:   1.000000 | Q:        nan | won: False 
#  333 | steps:  4002 | steps_t:     0 | t: 21.193211 | r:  -503.000000 | e:   1.000000 | Q:        nan | won: False 
#  334 | steps:  4010 | steps_t:     0 | t: 21.234953 | r:  -507.000000 | e:   1.000000 | Q:        nan | won: False 
#  335 | steps:  4016 | steps_t:     0 | t: 21.265970 | r:  -505.000000 | e:   1.000000 | Q:        nan | won: False 
#  336 | steps:  4031 | steps_t:     0 | t: 21.344575 | r:  -503.000000 | e:   1.000000 | Q:        nan | won: False 
#  337 | steps:  4050 | steps_t:     0 | t: 21.445514 | r:  -518.000000 | e:   1.000000 | Q:        nan | won: False 
#  338 | steps:  4056 | steps_t:     0 | t: 21.475706 | r:  -505.000000 | e:   1.000000 | Q:        nan | won: False 
#  339 | steps:  4062 | steps_t:     0 | t: 21.506175 | r:  -505.000000 | e:   1.000000 | Q:        nan | won: False 
#  340 | steps:  4079 | steps_t:     0 | t: 21.596489 | r:  -505.000000 | e:   1.000000 | Q:        nan | won: False 
#  341 | steps:  4102 | steps_t:     0 | t: 21.718379 | r:  -522.000000 | e:   1.000000 | Q:        nan | won: False 
#  342 | steps:  4117 | steps_t:     0 | t: 21.797127 | r:  -492.000000 | e:   1.000000 | Q:        nan | won: False 
#  343 | steps:  4140 | steps_t:     0 | t: 21.919334 | r:  -522.000000 | e:   1.000000 | Q:        nan | won: False 
#  344 | steps:  4151 | steps_t:     0 | t: 21.976813 | r:  -510.000000 | e:   1.000000 | Q:        nan | won: False 
#  345 | steps:  4159 | steps_t:     0 | t: 22.019778 | r:  -507.000000 | e:   1.000000 | Q:        nan | won: False 
#  346 | steps:  4167 | steps_t:     0 | t: 22.061984 | r:  -507.000000 | e:   1.000000 | Q:        nan | won: False 
#  347 | steps:  4177 | steps_t:     0 | t: 22.113656 | r:  -509.000000 | e:   1.000000 | Q:        nan | won: False 
#  348 | steps:  4193 | steps_t:     0 | t: 22.198364 | r:  -515.000000 | e:   1.000000 | Q:        nan | won: False 
#  349 | steps:  4199 | steps_t:     0 | t: 22.229629 | r:  -505.000000 | e:   1.000000 | Q:        nan | won: False 
#  350 | steps:  4211 | steps_t:     0 | t: 22.294129 | r:  -511.000000 | e:   1.000000 | Q:        nan | won: False 
#  351 | steps:  4218 | steps_t:     0 | t: 22.330808 | r:  -506.000000 | e:   1.000000 | Q:        nan | won: False 
#  352 | steps:  4230 | steps_t:     0 | t: 22.393787 | r:  -511.000000 | e:   1.000000 | Q:        nan | won: False 
#  353 | steps:  4244 | steps_t:     0 | t: 22.467049 | r:  -513.000000 | e:   1.000000 | Q:        nan | won: False 
#  354 | steps:  4278 | steps_t:     0 | t: 22.648379 | r:  -522.000000 | e:   1.000000 | Q:        nan | won: False 
#  355 | steps:  4289 | steps_t:     0 | t: 22.707259 | r:  -510.000000 | e:   1.000000 | Q:        nan | won: False 
#  356 | steps:  4299 | steps_t:     0 | t: 22.760653 | r:  -509.000000 | e:   1.000000 | Q:        nan | won: False 
#  357 | steps:  4309 | steps_t:     0 | t: 22.813677 | r:  -509.000000 | e:   1.000000 | Q:        nan | won: False 
#  358 | steps:  4323 | steps_t:     0 | t: 22.888226 | r:  -513.000000 | e:   1.000000 | Q:        nan | won: False 
#  359 | steps:  4331 | steps_t:     0 | t: 22.928988 | r:  -507.000000 | e:   1.000000 | Q:        nan | won: False 
#  360 | steps:  4341 | steps_t:     0 | t: 22.981141 | r:  -509.000000 | e:   1.000000 | Q:        nan | won: False 
#  361 | steps:  4352 | steps_t:     0 | t: 23.038577 | r:  -510.000000 | e:   1.000000 | Q:        nan | won: False 
#  362 | steps:  4365 | steps_t:     0 | t: 23.106277 | r:  -512.000000 | e:   1.000000 | Q:        nan | won: False 
#  363 | steps:  4376 | steps_t:     0 | t: 23.163829 | r:  -510.000000 | e:   1.000000 | Q:        nan | won: False 
#  364 | steps:  4385 | steps_t:     0 | t: 23.209773 | r:  -508.000000 | e:   1.000000 | Q:        nan | won: False 
#  365 | steps:  4393 | steps_t:     0 | t: 23.251369 | r:  -507.000000 | e:   1.000000 | Q:        nan | won: False 
#  366 | steps:  4412 | steps_t:     0 | t: 23.351274 | r:  -507.000000 | e:   1.000000 | Q:        nan | won: False 
#  367 | steps:  4418 | steps_t:     0 | t: 23.381580 | r:  -505.000000 | e:   1.000000 | Q:        nan | won: False 
#  368 | steps:  4427 | steps_t:     0 | t: 23.428186 | r:  -508.000000 | e:   1.000000 | Q:        nan | won: False 
#  369 | steps:  4438 | steps_t:     0 | t: 23.485454 | r:  -510.000000 | e:   1.000000 | Q:        nan | won: False 
#  370 | steps:  4447 | steps_t:     0 | t: 23.531860 | r:  -508.000000 | e:   1.000000 | Q:        nan | won: False 
#  371 | steps:  4456 | steps_t:     0 | t: 23.578327 | r:  -508.000000 | e:   1.000000 | Q:        nan | won: False 
#  372 | steps:  4468 | steps_t:     0 | t: 23.641051 | r:  -511.000000 | e:   1.000000 | Q:        nan | won: False 
#  373 | steps:  4477 | steps_t:     0 | t: 23.687424 | r:  -508.000000 | e:   1.000000 | Q:        nan | won: False 
#  374 | steps:  4483 | steps_t:     0 | t: 23.718172 | r:  -505.000000 | e:   1.000000 | Q:        nan | won: False 
#  375 | steps:  4492 | steps_t:     0 | t: 23.765514 | r:  -508.000000 | e:   1.000000 | Q:        nan | won: False 
#  376 | steps:  4501 | steps_t:     0 | t: 23.813631 | r:  -508.000000 | e:   1.000000 | Q:        nan | won: False 
#  377 | steps:  4516 | steps_t:     0 | t: 23.891559 | r:  -492.000000 | e:   1.000000 | Q:        nan | won: False 
#  378 | steps:  4525 | steps_t:     0 | t: 23.939003 | r:  -508.000000 | e:   1.000000 | Q:        nan | won: False 
#  379 | steps:  4542 | steps_t:     0 | t: 24.028877 | r:  -516.000000 | e:   1.000000 | Q:        nan | won: False 
#  380 | steps:  4551 | steps_t:     0 | t: 24.074799 | r:  -508.000000 | e:   1.000000 | Q:        nan | won: False 
#  381 | steps:  4563 | steps_t:     0 | t: 24.137148 | r:  -511.000000 | e:   1.000000 | Q:        nan | won: False 
#  382 | steps:  4578 | steps_t:     0 | t: 24.215833 | r:  -514.000000 | e:   1.000000 | Q:        nan | won: False 
#  383 | steps:  4583 | steps_t:     0 | t: 24.240454 | r:  -504.000000 | e:   1.000000 | Q:        nan | won: False 
#  384 | steps:  4592 | steps_t:     0 | t: 24.288027 | r:  -508.000000 | e:   1.000000 | Q:        nan | won: False 
#  385 | steps:  4602 | steps_t:     0 | t: 24.341286 | r:  -509.000000 | e:   1.000000 | Q:        nan | won: False 
#  386 | steps:  4620 | steps_t:     0 | t: 24.436987 | r:  -506.000000 | e:   1.000000 | Q:        nan | won: False 
#  387 | steps:  4632 | steps_t:     0 | t: 24.500253 | r:  -511.000000 | e:   1.000000 | Q:        nan | won: False 
#  388 | steps:  4641 | steps_t:     0 | t: 24.547578 | r:  -508.000000 | e:   1.000000 | Q:        nan | won: False 
#  389 | steps:  4655 | steps_t:     0 | t: 24.622279 | r:  -513.000000 | e:   1.000000 | Q:        nan | won: False 
#  390 | steps:  4666 | steps_t:     0 | t: 24.680437 | r:  -510.000000 | e:   1.000000 | Q:        nan | won: False 
#  391 | steps:  4676 | steps_t:     0 | t: 24.733872 | r:  -509.000000 | e:   1.000000 | Q:        nan | won: False 
#  392 | steps:  4697 | steps_t:     0 | t: 24.845396 | r:  -509.000000 | e:   1.000000 | Q:        nan | won: False 
#  393 | steps:  4709 | steps_t:     0 | t: 24.909173 | r:  -511.000000 | e:   1.000000 | Q:        nan | won: False 
#  394 | steps:  4723 | steps_t:     0 | t: 24.983490 | r:  -502.000000 | e:   1.000000 | Q:        nan | won: False 
#  395 | steps:  4733 | steps_t:     0 | t: 25.036458 | r:  -509.000000 | e:   1.000000 | Q:        nan | won: False 
#  396 | steps:  4747 | steps_t:     0 | t: 25.110846 | r:  -513.000000 | e:   1.000000 | Q:        nan | won: False 
#  397 | steps:  4759 | steps_t:     0 | t: 25.174590 | r:  -511.000000 | e:   1.000000 | Q:        nan | won: False 
#  398 | steps:  4773 | steps_t:     0 | t: 25.249267 | r:  -502.000000 | e:   1.000000 | Q:        nan | won: False 
#  399 | steps:  4784 | steps_t:     0 | t: 25.307051 | r:  -510.000000 | e:   1.000000 | Q:        nan | won: False 
#  400 | steps:  4797 | steps_t:     0 | t: 25.375233 | r:  -512.000000 | e:   1.000000 | Q:        nan | won: False 
#  401 | steps:  4808 | steps_t:     0 | t: 25.432736 | r:  -510.000000 | e:   1.000000 | Q:        nan | won: False 
#  402 | steps:  4815 | steps_t:     0 | t: 25.469095 | r:  -506.000000 | e:   1.000000 | Q:        nan | won: False 
#  403 | steps:  4826 | steps_t:     0 | t: 25.525931 | r:  -510.000000 | e:   1.000000 | Q:        nan | won: False 
#  404 | steps:  4835 | steps_t:     0 | t: 25.573040 | r:  -508.000000 | e:   1.000000 | Q:        nan | won: False 
#  405 | steps:  4842 | steps_t:     0 | t: 25.609078 | r:  -506.000000 | e:   1.000000 | Q:        nan | won: False 
#  406 | steps:  4868 | steps_t:     0 | t: 25.745038 | r:  -525.000000 | e:   1.000000 | Q:        nan | won: False 
#  407 | steps:  4883 | steps_t:     0 | t: 25.824380 | r:  -492.000000 | e:   1.000000 | Q:        nan | won: False 
#  408 | steps:  4891 | steps_t:     0 | t: 25.866071 | r:  -507.000000 | e:   1.000000 | Q:        nan | won: False 
#  409 | steps:  4903 | steps_t:     0 | t: 25.929739 | r:  -511.000000 | e:   1.000000 | Q:        nan | won: False 
#  410 | steps:  4921 | steps_t:     0 | t: 26.023163 | r:  -506.000000 | e:   1.000000 | Q:        nan | won: False 
#  411 | steps:  4929 | steps_t:     0 | t: 26.063956 | r:  -507.000000 | e:   1.000000 | Q:        nan | won: False 
#  412 | steps:  4943 | steps_t:     0 | t: 26.138759 | r:  -513.000000 | e:   1.000000 | Q:        nan | won: False 
#  413 | steps:  4969 | steps_t:     0 | t: 26.277512 | r:  -525.000000 | e:   1.000000 | Q:        nan | won: False 
#  414 | steps:  4987 | steps_t:     0 | t: 26.374146 | r:  -517.000000 | e:   1.000000 | Q:        nan | won: False 
#  415 | steps:  4994 | steps_t:     0 | t: 26.410072 | r:  -506.000000 | e:   1.000000 | Q:        nan | won: False 
