#    1 | steps:    16 | steps_t:     0 | t: 0.045547 | r:  -515.000000 | e:   1.000000 | Q:        nan | won: False 
#    2 | steps:    27 | steps_t:     0 | t: 0.069780 | r:  -510.000000 | e:   1.000000 | Q:        nan | won: False 
#    3 | steps:    34 | steps_t:     0 | t: 0.084774 | r:  -506.000000 | e:   1.000000 | Q:        nan | won: False 
#    4 | steps:    42 | steps_t:     0 | t: 0.102163 | r:  -507.000000 | e:   1.000000 | Q:        nan | won: False 
#    5 | steps:    48 | steps_t:     0 | t: 0.114917 | r:  -505.000000 | e:   1.000000 | Q:        nan | won: False 
#    6 | steps:    56 | steps_t:     0 | t: 0.132227 | r:  -507.000000 | e:   1.000000 | Q:        nan | won: False 
#    7 | steps:    67 | steps_t:     0 | t: 0.157212 | r:  -510.000000 | e:   1.000000 | Q:        nan | won: False 
#    8 | steps:    73 | steps_t:     0 | t: 0.169978 | r:  -505.000000 | e:   1.000000 | Q:        nan | won: False 
#    9 | steps:    81 | steps_t:     0 | t: 0.187312 | r:  -507.000000 | e:   1.000000 | Q:        nan | won: False 
#   10 | steps:    92 | steps_t:     0 | t: 0.211529 | r:  -510.000000 | e:   1.000000 | Q:        nan | won: False 
#   11 | steps:   106 | steps_t:     0 | t: 0.242737 | r:  -513.000000 | e:   1.000000 | Q:        nan | won: False 
#   12 | steps:   125 | steps_t:     0 | t: 0.285523 | r:  -518.000000 | e:   1.000000 | Q:        nan | won: False 
#   13 | steps:   131 | steps_t:     0 | t: 0.298379 | r:  -505.000000 | e:   1.000000 | Q:        nan | won: False 
#   14 | steps:   140 | steps_t:     0 | t: 0.318101 | r:  -508.000000 | e:   1.000000 | Q:        nan | won: False 
#   15 | steps:   150 | steps_t:     0 | t: 0.340274 | r:  -509.000000 | e:   1.000000 | Q:        nan | won: False 
#   16 | steps:   166 | steps_t:     0 | t: 0.375973 | r:  -515.000000 | e:   1.000000 | Q:        nan | won: False 
#   17 | steps:   175 | steps_t:     0 | t: 0.395767 | r:  -508.000000 | e:   1.000000 | Q:        nan | won: False 
#   18 | steps:   186 | steps_t:     0 | t: 0.419958 | r:  -510.000000 | e:   1.000000 | Q:        nan | won: False 
#   19 | steps:   193 | steps_t:     0 | t: 0.434985 | r:  -506.000000 | e:   1.000000 | Q:        nan | won: False 
#   20 | steps:   201 | steps_t:     0 | t: 0.452333 | r:  -507.000000 | e:   1.000000 | Q:        nan | won: False 
#   21 | steps:   226 | steps_t:     0 | t: 0.508726 | r:  -524.000000 | e:   1.000000 | Q:        nan | won: False 
#   22 | steps:   241 | steps_t:     0 | t: 0.542415 | r:  -514.000000 | e:   1.000000 | Q:        nan | won: False 
#   23 | steps:   249 | steps_t:     0 | t: 0.559840 | r:  -507.000000 | e:   1.000000 | Q:        nan | won: False 
#   24 | steps:   260 | steps_t:     0 | t: 0.584304 | r:  -510.000000 | e:   1.000000 | Q:        nan | won: False 
#   25 | steps:   266 | steps_t:     0 | t: 0.597000 | r:  -505.000000 | e:   1.000000 | Q:        nan | won: False 
#   26 | steps:   273 | steps_t:     0 | t: 0.612014 | r:  -506.000000 | e:   1.000000 | Q:        nan | won: False 
#   27 | steps:   283 | steps_t:     0 | t: 0.634021 | r:  -509.000000 | e:   1.000000 | Q:        nan | won: False 
#   28 | steps:   290 | steps_t:     0 | t: 0.649153 | r:  -506.000000 | e:   1.000000 | Q:        nan | won: False 
#   29 | steps:   304 | steps_t:     0 | t: 0.680316 | r:  -502.000000 | e:   1.000000 | Q:        nan | won: False 
#   30 | steps:   324 | steps_t:     0 | t: 0.725837 | r:  -508.000000 | e:   1.000000 | Q:        nan | won: False 
#   31 | steps:   340 | steps_t:     0 | t: 0.761820 | r:  -515.000000 | e:   1.000000 | Q:        nan | won: False 
#   32 | steps:   349 | steps_t:     0 | t: 0.781598 | r:  -508.000000 | e:   1.000000 | Q:        nan | won: False 
#   33 | steps:   359 | steps_t:     0 | t: 0.803522 | r:  -509.000000 | e:   1.000000 | Q:        nan | won: False 
#   34 | steps:   364 | steps_t:     0 | t: 0.814026 | r:  -504.000000 | e:   1.000000 | Q:        nan | won: False 
#   35 | steps:   385 | steps_t:     0 | t: 0.861467 | r:  -509.000000 | e:   1.000000 | Q:        nan | won: False 
#   36 | steps:   403 | steps_t:     0 | t: 0.902279 | r:  -506.000000 | e:   1.000000 | Q:        nan | won: False 
#   37 | steps:   410 | steps_t:     0 | t: 0.917565 | r:  -506.000000 | e:   1.000000 | Q:        nan | won: False 
#   38 | steps:   417 | steps_t:     0 | t: 0.932675 | r:  -506.000000 | e:   1.000000 | Q:        nan | won: False 
#   39 | steps:   423 | steps_t:     0 | t: 0.945607 | r:  -505.000000 | e:   1.000000 | Q:        nan | won: False 
#   40 | steps:   432 | steps_t:     0 | t: 0.965423 | r:  -508.000000 | e:   1.000000 | Q:        nan | won: False 
#   41 | steps:   439 | steps_t:     0 | t: 0.980772 | r:  -506.000000 | e:   1.000000 | Q:        nan | won: False 
#   42 | steps:   459 | steps_t:     0 | t: 1.026186 | r:  -519.000000 | e:   1.000000 | Q:        nan | won: False 
#   43 | steps:   468 | steps_t:     0 | t: 1.046064 | r:  -508.000000 | e:   1.000000 | Q:        nan | won: False 
#   44 | steps:   488 | steps_t:     0 | t: 1.091048 | r:  -508.000000 | e:   1.000000 | Q:        nan | won: False 
#   45 | steps:   497 | steps_t:     0 | t: 1.110877 | r:  -508.000000 | e:   1.000000 | Q:        nan | won: False 
#   46 | steps:   503 | steps_t:     0 | t: 1.123704 | r:  -505.000000 | e:   1.000000 | Q:        nan | won: False 
#   47 | steps:   516 | steps_t:     0 | t: 1.152751 | r:  -512.000000 | e:   1.000000 | Q:        nan | won: False 
#   48 | steps:   524 | steps_t:     0 | t: 1.170223 | r:  -507.000000 | e:   1.000000 | Q:        nan | won: False 
#   49 | steps:   538 | steps_t:     0 | t: 1.201901 | r:  -513.000000 | e:   1.000000 | Q:        nan | won: False 
#   50 | steps:   543 | steps_t:     0 | t: 1.212377 | r:  -504.000000 | e:   1.000000 | Q:        nan | won: False 
#   51 | steps:   551 | steps_t:     0 | t: 1.229801 | r:  -507.000000 | e:   1.000000 | Q:        nan | won: False 
#   52 | steps:   565 | steps_t:     0 | t: 1.260991 | r:  -502.000000 | e:   1.000000 | Q:        nan | won: False 
#   53 | steps:   591 | steps_t:     0 | t: 1.320705 | r:  -525.000000 | e:   1.000000 | Q:        nan | won: False 
#   54 | steps:   606 | steps_t:     0 | t: 1.354573 | r:  -492.000000 | e:   1.000000 | Q:        nan | won: False 
#   55 | steps:   618 | steps_t:     0 | t: 1.381426 | r:  -511.000000 | e:   1.000000 | Q:        nan | won: False 
#   56 | steps:   629 | steps_t:     0 | t: 1.405647 | r:  -510.000000 | e:   1.000000 | Q:        nan | won: False 
#   57 | steps:   640 | steps_t:     0 | t: 1.430082 | r:  -510.000000 | e:   1.000000 | Q:        nan | won: False 
#   58 | steps:   656 | steps_t:     0 | t: 1.466076 | r:  -515.000000 | e:   1.000000 | Q:        nan | won: False 
#   59 | steps:   675 | steps_t:     0 | t: 1.508857 | r:  -507.000000 | e:   1.000000 | Q:        nan | won: False 
#   60 | steps:   682 | steps_t:     0 | t: 1.524121 | r:  -506.000000 | e:   1.000000 | Q:        nan | won: False 
#   61 | steps:   690 | steps_t:     0 | t: 1.541795 | r:  -507.000000 | e:   1.000000 | Q:        nan | won: False 
#   62 | steps:   703 | steps_t:     0 | t: 1.571065 | r:  -512.000000 | e:   1.000000 | Q:        nan | won: False 
#   63 | steps:   712 | steps_t:     0 | t: 1.590863 | r:  -508.000000 | e:   1.000000 | Q:        nan | won: False 
#   64 | steps:   718 | steps_t:     0 | t: 1.603581 | r:  -505.000000 | e:   1.000000 | Q:        nan | won: False 
#   65 | steps:   734 | steps_t:     0 | t: 1.639884 | r:  -515.000000 | e:   1.000000 | Q:        nan | won: False 
#   66 | steps:   743 | steps_t:     0 | t: 1.659746 | r:  -508.000000 | e:   1.000000 | Q:        nan | won: False 
#   67 | steps:   753 | steps_t:     0 | t: 1.681873 | r:  -509.000000 | e:   1.000000 | Q:        nan | won: False 
#   68 | steps:   762 | steps_t:     0 | t: 1.701688 | r:  -508.000000 | e:   1.000000 | Q:        nan | won: False 
#   69 | steps:   773 | steps_t:     0 | t: 1.726126 | r:  -510.000000 | e:   1.000000 | Q:        nan | won: False 
#   70 | steps:   781 | steps_t:     0 | t: 1.743743 | r:  -507.000000 | e:   1.000000 | Q:        nan | won: False 
#   71 | steps:   787 | steps_t:     0 | t: 1.756509 | r:  -505.000000 | e:   1.000000 | Q:        nan | won: False 
#   72 | steps:   808 | steps_t:     0 | t: 1.803657 | r:  -509.000000 | e:   1.000000 | Q:        nan | won: False 
#   73 | steps:   821 | steps_t:     0 | t: 1.832813 | r:  -512.000000 | e:   1.000000 | Q:        nan | won: False 
#   74 | steps:   833 | steps_t:     0 | t: 1.859847 | r:  -500.000000 | e:   1.000000 | Q:        nan | won: False 
#   75 | steps:   840 | steps_t:     0 | t: 1.875098 | r:  -506.000000 | e:   1.000000 | Q:        nan | won: False 
#   76 | steps:   851 | steps_t:     0 | t: 1.899696 | r:  -510.000000 | e:   1.000000 | Q:        nan | won: False 
#   77 | steps:   861 | steps_t:     0 | t: 1.921988 | r:  -509.000000 | e:   1.000000 | Q:        nan | won: False 
#   78 | steps:   868 | steps_t:     0 | t: 1.937386 | r:  -506.000000 | e:   1.000000 | Q:        nan | won: False 
#   79 | steps:   879 | steps_t:     0 | t: 1.961959 | r:  -510.000000 | e:   1.000000 | Q:        nan | won: False 
#   80 | steps:   901 | steps_t:     0 | t: 2.011957 | r:  -521.000000 | e:   1.000000 | Q:        nan | won: False 
#   81 | steps:   908 | steps_t:     0 | t: 2.027030 | r:  -506.000000 | e:   1.000000 | Q:        nan | won: False 
#   82 | steps:   922 | steps_t:     0 | t: 2.058640 | r:  -513.000000 | e:   1.000000 | Q:        nan | won: False 
#   83 | steps:   932 | steps_t:     0 | t: 2.080738 | r:  -509.000000 | e:   1.000000 | Q:        nan | won: False 
#   84 | steps:   951 | steps_t:     0 | t: 2.123727 | r:  -518.000000 | e:   1.000000 | Q:        nan | won: False 
#   85 | steps:   958 | steps_t:     0 | t: 2.139114 | r:  -506.000000 | e:   1.000000 | Q:        nan | won: False 
#   86 | steps:   980 | steps_t:     0 | t: 2.189026 | r:  -521.000000 | e:   1.000000 | Q:        nan | won: False 
#   87 | steps:   987 | steps_t:     0 | t: 2.204247 | r:  -506.000000 | e:   1.000000 | Q:        nan | won: False 
#   88 | steps:   997 | steps_t:     0 | t: 2.226555 | r:  -509.000000 | e:   1.000000 | Q:        nan | won: False 
#   89 | steps:  1004 | steps_t:     0 | t: 2.241916 | r:  -506.000000 | e:   1.000000 | Q:        nan | won: False 
#   90 | steps:  1016 | steps_t:     0 | t: 2.268778 | r:  -511.000000 | e:   1.000000 | Q:        nan | won: False 
#   91 | steps:  1026 | steps_t:     0 | t: 2.290990 | r:  -509.000000 | e:   1.000000 | Q:        nan | won: False 
#   92 | steps:  1038 | steps_t:     0 | t: 2.317867 | r:  -511.000000 | e:   1.000000 | Q:        nan | won: False 
#   93 | steps:  1044 | steps_t:     0 | t: 2.330745 | r:  -505.000000 | e:   1.000000 | Q:        nan | won: False 
#   94 | steps:  1065 | steps_t:     0 | t: 2.378770 | r:  -520.000000 | e:   1.000000 | Q:        nan | won: False 
#   95 | steps:  1097 | steps_t:     0 | t: 2.451639 | r:  -531.000000 | e:   1.000000 | Q:        nan | won: False 
#   96 | steps:  1107 | steps_t:     0 | t: 2.473510 | r:  -509.000000 | e:   1.000000 | Q:        nan | won: False 
#   97 | steps:  1117 | steps_t:     0 | t: 2.495465 | r:  -509.000000 | e:   1.000000 | Q:        nan | won: False 
#   98 | steps:  1129 | steps_t:     0 | t: 2.522221 | r:  -511.000000 | e:   1.000000 | Q:        nan | won: False 
#   99 | steps:  1136 | steps_t:     0 | t: 2.537543 | r:  -506.000000 | e:   1.000000 | Q:        nan | won: False 
#  100 | steps:  1145 | steps_t:     0 | t: 2.557401 | r:  -508.000000 | e:   1.000000 | Q:        nan | won: False 
#  101 | steps:  1154 | steps_t:     0 | t: 2.577058 | r:  -508.000000 | e:   1.000000 | Q:        nan | won: False 
#  102 | steps:  1161 | steps_t:     0 | t: 2.592136 | r:  -506.000000 | e:   1.000000 | Q:        nan | won: False 
#  103 | steps:  1167 | steps_t:     0 | t: 2.605039 | r:  -505.000000 | e:   1.000000 | Q:        nan | won: False 
#  104 | steps:  1176 | steps_t:     0 | t: 2.624729 | r:  -508.000000 | e:   1.000000 | Q:        nan | won: False 
#  105 | steps:  1183 | steps_t:     0 | t: 2.639839 | r:  -506.000000 | e:   1.000000 | Q:        nan | won: False 
#  106 | steps:  1192 | steps_t:     0 | t: 2.659449 | r:  -508.000000 | e:   1.000000 | Q:        nan | won: False 
#  107 | steps:  1203 | steps_t:     0 | t: 2.683650 | r:  -510.000000 | e:   1.000000 | Q:        nan | won: False 
#  108 | steps:  1219 | steps_t:     0 | t: 2.719140 | r:  -504.000000 | e:   1.000000 | Q:        nan | won: False 
#  109 | steps:  1231 | steps_t:     0 | t: 2.745682 | r:  -511.000000 | e:   1.000000 | Q:        nan | won: False 
#  110 | steps:  1248 | steps_t:     0 | t: 2.783862 | r:  -516.000000 | e:   1.000000 | Q:        nan | won: False 
#  111 | steps:  1262 | steps_t:     0 | t: 2.814913 | r:  -502.000000 | e:   1.000000 | Q:        nan | won: False 
#  112 | steps:  1270 | steps_t:     0 | t: 2.832436 | r:  -507.000000 | e:   1.000000 | Q:        nan | won: False 
#  113 | steps:  1278 | steps_t:     0 | t: 2.849567 | r:  -507.000000 | e:   1.000000 | Q:        nan | won: False 
#  114 | steps:  1290 | steps_t:     0 | t: 2.875833 | r:  -511.000000 | e:   1.000000 | Q:        nan | won: False 
#  115 | steps:  1303 | steps_t:     0 | t: 2.904764 | r:  -512.000000 | e:   1.000000 | Q:        nan | won: False 
#  116 | steps:  1327 | steps_t:     0 | t: 2.959450 | r:  -523.000000 | e:   1.000000 | Q:        nan | won: False 
#  117 | steps:  1342 | steps_t:     0 | t: 2.992732 | r:  -514.000000 | e:   1.000000 | Q:        nan | won: False 
#  118 | steps:  1350 | steps_t:     0 | t: 3.010076 | r:  -507.000000 | e:   1.000000 | Q:        nan | won: False 
#  119 | steps:  1359 | steps_t:     0 | t: 3.029686 | r:  -508.000000 | e:   1.000000 | Q:        nan | won: False 
#  120 | steps:  1366 | steps_t:     0 | t: 3.044668 | r:  -506.000000 | e:   1.000000 | Q:        nan | won: False 
#  121 | steps:  1378 | steps_t:     0 | t: 3.071137 | r:  -511.000000 | e:   1.000000 | Q:        nan | won: False 
#  122 | steps:  1385 | steps_t:     0 | t: 3.086100 | r:  -506.000000 | e:   1.000000 | Q:        nan | won: False 
#  123 | steps:  1393 | steps_t:     0 | t: 3.103307 | r:  -507.000000 | e:   1.000000 | Q:        nan | won: False 
#  124 | steps:  1401 | steps_t:     0 | t: 3.120485 | r:  -507.000000 | e:   1.000000 | Q:        nan | won: False 
#  125 | steps:  1417 | steps_t:     0 | t: 3.156355 | r:  -515.000000 | e:   1.000000 | Q:        nan | won: False 
#  126 | steps:  1429 | steps_t:     0 | t: 3.182878 | r:  -511.000000 | e:   1.000000 | Q:        nan | won: False 
#  127 | steps:  1442 | steps_t:     0 | t: 3.211523 | r:  -501.000000 | e:   1.000000 | Q:        nan | won: False 
#  128 | steps:  1449 | steps_t:     0 | t: 3.226492 | r:  -506.000000 | e:   1.000000 | Q:        nan | won: False 
#  129 | steps:  1469 | steps_t:     0 | t: 3.271507 | r:  -519.000000 | e:   1.000000 | Q:        nan | won: False 
#  130 | steps:  1476 | steps_t:     0 | t: 3.286717 | r:  -506.000000 | e:   1.000000 | Q:        nan | won: False 
#  131 | steps:  1482 | steps_t:     0 | t: 3.299417 | r:  -505.000000 | e:   1.000000 | Q:        nan | won: False 
#  132 | steps:  1493 | steps_t:     0 | t: 3.323574 | r:  -510.000000 | e:   1.000000 | Q:        nan | won: False 
#  133 | steps:  1505 | steps_t:     0 | t: 3.350114 | r:  -511.000000 | e:   1.000000 | Q:        nan | won: False 
#  134 | steps:  1522 | steps_t:     0 | t: 3.387533 | r:  -505.000000 | e:   1.000000 | Q:        nan | won: False 
#  135 | steps:  1531 | steps_t:     0 | t: 3.407178 | r:  -508.000000 | e:   1.000000 | Q:        nan | won: False 
#  136 | steps:  1537 | steps_t:     0 | t: 3.419864 | r:  -505.000000 | e:   1.000000 | Q:        nan | won: False 
#  137 | steps:  1551 | steps_t:     0 | t: 3.451312 | r:  -502.000000 | e:   1.000000 | Q:        nan | won: False 
#  138 | steps:  1556 | steps_t:     0 | t: 3.461712 | r:  -504.000000 | e:   1.000000 | Q:        nan | won: False 
#  139 | steps:  1565 | steps_t:     0 | t: 3.481270 | r:  -508.000000 | e:   1.000000 | Q:        nan | won: False 
#  140 | steps:  1572 | steps_t:     0 | t: 3.496391 | r:  -506.000000 | e:   1.000000 | Q:        nan | won: False 
#  141 | steps:  1580 | steps_t:     0 | t: 3.513610 | r:  -507.000000 | e:   1.000000 | Q:        nan | won: False 
#  142 | steps:  1592 | steps_t:     0 | t: 3.540199 | r:  -511.000000 | e:   1.000000 | Q:        nan | won: False 
#  143 | steps:  1602 | steps_t:     0 | t: 3.561977 | r:  -509.000000 | e:   1.000000 | Q:        nan | won: False 
#  144 | steps:  1612 | steps_t:     0 | t: 3.583735 | r:  -509.000000 | e:   1.000000 | Q:        nan | won: False 
#  145 | steps:  1629 | steps_t:     0 | t: 3.621646 | r:  -516.000000 | e:   1.000000 | Q:        nan | won: False 
#  146 | steps:  1649 | steps_t:     0 | t: 3.666518 | r:  -519.000000 | e:   1.000000 | Q:        nan | won: False 
#  147 | steps:  1658 | steps_t:     0 | t: 3.686131 | r:  -508.000000 | e:   1.000000 | Q:        nan | won: False 
#  148 | steps:  1673 | steps_t:     0 | t: 3.719658 | r:  -503.000000 | e:   1.000000 | Q:        nan | won: False 
#  149 | steps:  1684 | steps_t:     0 | t: 3.744006 | r:  -510.000000 | e:   1.000000 | Q:        nan | won: False 
#  150 | steps:  1696 | steps_t:     0 | t: 3.770554 | r:  -511.000000 | e:   1.000000 | Q:        nan | won: False 
#  151 | steps:  1704 | steps_t:     0 | t: 3.787769 | r:  -507.000000 | e:   1.000000 | Q:        nan | won: False 
#  152 | steps:  1713 | steps_t:     0 | t: 3.807451 | r:  -508.000000 | e:   1.000000 | Q:        nan | won: False 
#  153 | steps:  1724 | steps_t:     0 | t: 3.831285 | r:  -510.000000 | e:   1.000000 | Q:        nan | won: False 
#  154 | steps:  1736 | steps_t:     0 | t: 3.857855 | r:  -500.000000 | e:   1.000000 | Q:        nan | won: False 
#  155 | steps:  1742 | steps_t:     0 | t: 3.870547 | r:  -505.000000 | e:   1.000000 | Q:        nan | won: False 
#  156 | steps:  1759 | steps_t:     0 | t: 3.908273 | r:  -505.000000 | e:   1.000000 | Q:        nan | won: False 
#  157 | steps:  1768 | steps_t:     0 | t: 3.927931 | r:  -508.000000 | e:   1.000000 | Q:        nan | won: False 
#  158 | steps:  1783 | steps_t:     0 | t: 3.961663 | r:  -514.000000 | e:   1.000000 | Q:        nan | won: False 
#  159 | steps:  1789 | steps_t:     0 | t: 3.974313 | r:  -505.000000 | e:   1.000000 | Q:        nan | won: False 
#  160 | steps:  1798 | steps_t:     0 | t: 3.993492 | r:  -508.000000 | e:   1.000000 | Q:        nan | won: False 
#  161 | steps:  1810 | steps_t:     0 | t: 4.019943 | r:  -511.000000 | e:   1.000000 | Q:        nan | won: False 
#  162 | steps:  1821 | steps_t:     0 | t: 4.044153 | r:  -510.000000 | e:   1.000000 | Q:        nan | won: False 
#  163 | steps:  1828 | steps_t:     0 | t: 4.059126 | r:  -506.000000 | e:   1.000000 | Q:        nan | won: False 
#  164 | steps:  1846 | steps_t:     0 | t: 4.099466 | r:  -517.000000 | e:   1.000000 | Q:        nan | won: False 
#  165 | steps:  1873 | steps_t:     0 | t: 4.159197 | r:  -515.000000 | e:   1.000000 | Q:        nan | won: False 
#  166 | steps:  1882 | steps_t:     0 | t: 4.178241 | r:  -508.000000 | e:   1.000000 | Q:        nan | won: False 
#  167 | steps:  1892 | steps_t:     0 | t: 4.200043 | r:  -509.000000 | e:   1.000000 | Q:        nan | won: False 
#  168 | steps:  1902 | steps_t:     0 | t: 4.221928 | r:  -509.000000 | e:   1.000000 | Q:        nan | won: False 
#  169 | steps:  1908 | steps_t:     0 | t: 4.234561 | r:  -505.000000 | e:   1.000000 | Q:        nan | won: False 
#  170 | steps:  1928 | steps_t:     0 | t: 4.279418 | r:  -519.000000 | e:   1.000000 | Q:        nan | won: False 
#  171 | steps:  1934 | steps_t:     0 | t: 4.292098 | r:  -505.000000 | e:   1.000000 | Q:        nan | won: False 
#  172 | steps:  1954 | steps_t:     0 | t: 4.336622 | r:  -519.000000 | e:   1.000000 | Q:        nan | won: False 
#  173 | steps:  1960 | steps_t:     0 | t: 4.349540 | r:  -505.000000 | e:   1.000000 | Q:        nan | won: False 
#  174 | steps:  1967 | steps_t:     0 | t: 4.364590 | r:  -506.000000 | e:   1.000000 | Q:        nan | won: False 
#  175 | steps:  1975 | steps_t:     0 | t: 4.381956 | r:  -507.000000 | e:   1.000000 | Q:        nan | won: False 
#  176 | steps:  1980 | steps_t:     0 | t: 4.392358 | r:  -504.000000 | e:   1.000000 | Q:        nan | won: False 
#  177 | steps:  1990 | steps_t:     0 | t: 4.414475 | r:  -509.000000 | e:   1.000000 | Q:        nan | won: False 
#  178 | steps:  2002 | steps_t:     0 | t: 4.441781 | r:  -511.000000 | e:   1.000000 | Q:        nan | won: False 
#  179 | steps:  2017 | steps_t:     0 | t: 4.475237 | r:  -503.000000 | e:   1.000000 | Q:        nan | won: False 
#  180 | steps:  2024 | steps_t:     0 | t: 4.490071 | r:  -506.000000 | e:   1.000000 | Q:        nan | won: False 
#  181 | steps:  2033 | steps_t:     0 | t: 4.509800 | r:  -508.000000 | e:   1.000000 | Q:        nan | won: False 
#  182 | steps:  2051 | steps_t:     0 | t: 4.550960 | r:  -506.000000 | e:   1.000000 | Q:        nan | won: False 
#  183 | steps:  2059 | steps_t:     0 | t: 4.568748 | r:  -507.000000 | e:   1.000000 | Q:        nan | won: False 
#  184 | steps:  2074 | steps_t:     0 | t: 4.602564 | r:  -503.000000 | e:   1.000000 | Q:        nan | won: False 
#  185 | steps:  2084 | steps_t:     0 | t: 4.624637 | r:  -509.000000 | e:   1.000000 | Q:        nan | won: False 
#  186 | steps:  2103 | steps_t:     0 | t: 4.667505 | r:  -507.000000 | e:   1.000000 | Q:        nan | won: False 
#  187 | steps:  2113 | steps_t:     0 | t: 4.689991 | r:  -509.000000 | e:   1.000000 | Q:        nan | won: False 
#  188 | steps:  2127 | steps_t:     0 | t: 4.721922 | r:  -513.000000 | e:   1.000000 | Q:        nan | won: False 
#  189 | steps:  2141 | steps_t:     0 | t: 4.753835 | r:  -513.000000 | e:   1.000000 | Q:        nan | won: False 
#  190 | steps:  2149 | steps_t:     0 | t: 4.771811 | r:  -507.000000 | e:   1.000000 | Q:        nan | won: False 
#  191 | steps:  2156 | steps_t:     0 | t: 4.786663 | r:  -506.000000 | e:   1.000000 | Q:        nan | won: False 
#  192 | steps:  2165 | steps_t:     0 | t: 4.806732 | r:  -508.000000 | e:   1.000000 | Q:        nan | won: False 
#  193 | steps:  2173 | steps_t:     0 | t: 4.824182 | r:  -507.000000 | e:   1.000000 | Q:        nan | won: False 
#  194 | steps:  2183 | steps_t:     0 | t: 4.846729 | r:  -509.000000 | e:   1.000000 | Q:        nan | won: False 
#  195 | steps:  2196 | steps_t:     0 | t: 4.876170 | r:  -512.000000 | e:   1.000000 | Q:        nan | won: False 
#  196 | steps:  2213 | steps_t:     0 | t: 4.914695 | r:  -516.000000 | e:   1.000000 | Q:        nan | won: False 
#  197 | steps:  2222 | steps_t:     0 | t: 4.934235 | r:  -508.000000 | e:   1.000000 | Q:        nan | won: False 
#  198 | steps:  2233 | steps_t:     0 | t: 4.958841 | r:  -510.000000 | e:   1.000000 | Q:        nan | won: False 
#  199 | steps:  2240 | steps_t:     0 | t: 4.974120 | r:  -506.000000 | e:   1.000000 | Q:        nan | won: False 
#  200 | steps:  2247 | steps_t:     0 | t: 4.989511 | r:  -506.000000 | e:   1.000000 | Q:        nan | won: False 
#  201 | steps:  2256 | steps_t:     0 | t: 5.009421 | r:  -508.000000 | e:   1.000000 | Q:        nan | won: False 
#  202 | steps:  2263 | steps_t:     0 | t: 5.024670 | r:  -506.000000 | e:   1.000000 | Q:        nan | won: False 
#  203 | steps:  2285 | steps_t:     0 | t: 5.073971 | r:  -521.000000 | e:   1.000000 | Q:        nan | won: False 
#  204 | steps:  2303 | steps_t:     0 | t: 5.114756 | r:  -517.000000 | e:   1.000000 | Q:        nan | won: False 
#  205 | steps:  2314 | steps_t:     0 | t: 5.139652 | r:  -510.000000 | e:   1.000000 | Q:        nan | won: False 
#  206 | steps:  2320 | steps_t:     0 | t: 5.152473 | r:  -505.000000 | e:   1.000000 | Q:        nan | won: False 
#  207 | steps:  2332 | steps_t:     0 | t: 5.179559 | r:  -511.000000 | e:   1.000000 | Q:        nan | won: False 
#  208 | steps:  2361 | steps_t:     0 | t: 5.245399 | r:  -517.000000 | e:   1.000000 | Q:        nan | won: False 
#  209 | steps:  2369 | steps_t:     0 | t: 5.263446 | r:  -507.000000 | e:   1.000000 | Q:        nan | won: False 
#  210 | steps:  2377 | steps_t:     0 | t: 5.281046 | r:  -507.000000 | e:   1.000000 | Q:        nan | won: False 
#  211 | steps:  2394 | steps_t:     0 | t: 5.318549 | r:  -516.000000 | e:   1.000000 | Q:        nan | won: False 
#  212 | steps:  2399 | steps_t:     0 | t: 5.328582 | r:  -504.000000 | e:   1.000000 | Q:        nan | won: False 
#  213 | steps:  2427 | steps_t:     0 | t: 5.390988 | r:  -516.000000 | e:   1.000000 | Q:        nan | won: False 
#  214 | steps:  2434 | steps_t:     0 | t: 5.405608 | r:  -506.000000 | e:   1.000000 | Q:        nan | won: False 
#  215 | steps:  2442 | steps_t:     0 | t: 5.422422 | r:  -507.000000 | e:   1.000000 | Q:        nan | won: False 
#  216 | steps:  2452 | steps_t:     0 | t: 5.444443 | r:  -509.000000 | e:   1.000000 | Q:        nan | won: False 
#  217 | steps:  2462 | steps_t:     0 | t: 5.466458 | r:  -509.000000 | e:   1.000000 | Q:        nan | won: False 
#  218 | steps:  2475 | steps_t:     0 | t: 5.495331 | r:  -512.000000 | e:   1.000000 | Q:        nan | won: False 
#  219 | steps:  2487 | steps_t:     0 | t: 5.522250 | r:  -511.000000 | e:   1.000000 | Q:        nan | won: False 
#  220 | steps:  2493 | steps_t:     0 | t: 5.535020 | r:  -505.000000 | e:   1.000000 | Q:        nan | won: False 
#  221 | steps:  2500 | steps_t:     0 | t: 5.550227 | r:  -506.000000 | e:   1.000000 | Q:        nan | won: False 
#  222 | steps:  2510 | steps_t:     0 | t: 5.571890 | r:  -509.000000 | e:   1.000000 | Q:        nan | won: False 
#  223 | steps:  2518 | steps_t:     0 | t: 5.589420 | r:  -507.000000 | e:   1.000000 | Q:        nan | won: False 
#  224 | steps:  2526 | steps_t:     0 | t: 5.607117 | r:  -507.000000 | e:   1.000000 | Q:        nan | won: False 
#  225 | steps:  2539 | steps_t:     0 | t: 5.636597 | r:  -512.000000 | e:   1.000000 | Q:        nan | won: False 
#  226 | steps:  2547 | steps_t:     0 | t: 5.654199 | r:  -507.000000 | e:   1.000000 | Q:        nan | won: False 
#  227 | steps:  2558 | steps_t:     0 | t: 5.678740 | r:  -510.000000 | e:   1.000000 | Q:        nan | won: False 
#  228 | steps:  2566 | steps_t:     0 | t: 5.696284 | r:  -507.000000 | e:   1.000000 | Q:        nan | won: False 
#  229 | steps:  2576 | steps_t:     0 | t: 5.718258 | r:  -509.000000 | e:   1.000000 | Q:        nan | won: False 
#  230 | steps:  2590 | steps_t:     0 | t: 5.749794 | r:  -513.000000 | e:   1.000000 | Q:        nan | won: False 
#  231 | steps:  2599 | steps_t:     0 | t: 5.769855 | r:  -508.000000 | e:   1.000000 | Q:        nan | won: False 
#  232 | steps:  2615 | steps_t:     0 | t: 5.807036 | r:  -504.000000 | e:   1.000000 | Q:        nan | won: False 
#  233 | steps:  2624 | steps_t:     0 | t: 5.826605 | r:  -508.000000 | e:   1.000000 | Q:        nan | won: False 
#  234 | steps:  2648 | steps_t:     0 | t: 5.880636 | r:  -523.000000 | e:   1.000000 | Q:        nan | won: False 
#  235 | steps:  2655 | steps_t:     0 | t: 5.895603 | r:  -506.000000 | e:   1.000000 | Q:        nan | won: False 
#  236 | steps:  2662 | steps_t:     0 | t: 5.910562 | r:  -506.000000 | e:   1.000000 | Q:        nan | won: False 
#  237 | steps:  2670 | steps_t:     0 | t: 5.927733 | r:  -507.000000 | e:   1.000000 | Q:        nan | won: False 
#  238 | steps:  2680 | steps_t:     0 | t: 5.949593 | r:  -509.000000 | e:   1.000000 | Q:        nan | won: False 
#  239 | steps:  2686 | steps_t:     0 | t: 5.963291 | r:  -505.000000 | e:   1.000000 | Q:        nan | won: False 
#  240 | steps:  2700 | steps_t:     0 | t: 5.995366 | r:  -513.000000 | e:   1.000000 | Q:        nan | won: False 
#  241 | steps:  2713 | steps_t:     0 | t: 6.025036 | r:  -512.000000 | e:   1.000000 | Q:        nan | won: False 
#  242 | steps:  2721 | steps_t:     0 | t: 6.042182 | r:  -507.000000 | e:   1.000000 | Q:        nan | won: False 
#  243 | steps:  2734 | steps_t:     0 | t: 6.071971 | r:  -512.000000 | e:   1.000000 | Q:        nan | won: False 
#  244 | steps:  2745 | steps_t:     0 | t: 6.097218 | r:  -510.000000 | e:   1.000000 | Q:        nan | won: False 
#  245 | steps:  2756 | steps_t:     0 | t: 6.122499 | r:  -510.000000 | e:   1.000000 | Q:        nan | won: False 
#  246 | steps:  2764 | steps_t:     0 | t: 6.139969 | r:  -507.000000 | e:   1.000000 | Q:        nan | won: False 
#  247 | steps:  2773 | steps_t:     0 | t: 6.160737 | r:  -508.000000 | e:   1.000000 | Q:        nan | won: False 
#  248 | steps:  2787 | steps_t:     0 | t: 6.192773 | r:  -513.000000 | e:   1.000000 | Q:        nan | won: False 
#  249 | steps:  2810 | steps_t:     0 | t: 6.245511 | r:  -522.000000 | e:   1.000000 | Q:        nan | won: False 
#  250 | steps:  2819 | steps_t:     0 | t: 6.265055 | r:  -508.000000 | e:   1.000000 | Q:        nan | won: False 
#  251 | steps:  2831 | steps_t:     0 | t: 6.292265 | r:  -511.000000 | e:   1.000000 | Q:        nan | won: False 
#  252 | steps:  2846 | steps_t:     0 | t: 6.326794 | r:  -492.000000 | e:   1.000000 | Q:        nan | won: False 
#  253 | steps:  2859 | steps_t:     0 | t: 6.356949 | r:  -512.000000 | e:   1.000000 | Q:        nan | won: False 
#  254 | steps:  2866 | steps_t:     0 | t: 6.372871 | r:  -506.000000 | e:   1.000000 | Q:        nan | won: False 
#  255 | steps:  2876 | steps_t:     0 | t: 6.394965 | r:  -509.000000 | e:   1.000000 | Q:        nan | won: False 
#  256 | steps:  2884 | steps_t:     0 | t: 6.413391 | r:  -507.000000 | e:   1.000000 | Q:        nan | won: False 
#  257 | steps:  2907 | steps_t:     0 | t: 6.466569 | r:  -522.000000 | e:   1.000000 | Q:        nan | won: False 
#  258 | steps:  2927 | steps_t:     0 | t: 6.512410 | r:  -519.000000 | e:   1.000000 | Q:        nan | won: False 
#  259 | steps:  2936 | steps_t:     0 | t: 6.532888 | r:  -508.000000 | e:   1.000000 | Q:        nan | won: False 
#  260 | steps:  2944 | steps_t:     0 | t: 6.549937 | r:  -507.000000 | e:   1.000000 | Q:        nan | won: False 
#  261 | steps:  2958 | steps_t:     0 | t: 6.581739 | r:  -502.000000 | e:   1.000000 | Q:        nan | won: False 
#  262 | steps:  2966 | steps_t:     0 | t: 6.600183 | r:  -507.000000 | e:   1.000000 | Q:        nan | won: False 
#  263 | steps:  2973 | steps_t:     0 | t: 6.615200 | r:  -506.000000 | e:   1.000000 | Q:        nan | won: False 
#  264 | steps:  2980 | steps_t:     0 | t: 6.631289 | r:  -506.000000 | e:   1.000000 | Q:        nan | won: False 
#  265 | steps:  2991 | steps_t:     0 | t: 6.656456 | r:  -510.000000 | e:   1.000000 | Q:        nan | won: False 
#  266 | steps:  3005 | steps_t:     0 | t: 6.688133 | r:  -502.000000 | e:   1.000000 | Q:        nan | won: False 
#  267 | steps:  3015 | steps_t:     0 | t: 6.710268 | r:  -509.000000 | e:   1.000000 | Q:        nan | won: False 
#  268 | steps:  3036 | steps_t:     0 | t: 6.758115 | r:  -520.000000 | e:   1.000000 | Q:        nan | won: False 
#  269 | steps:  3042 | steps_t:     0 | t: 6.770931 | r:  -505.000000 | e:   1.000000 | Q:        nan | won: False 
#  270 | steps:  3047 | steps_t:     0 | t: 6.781219 | r:  -504.000000 | e:   1.000000 | Q:        nan | won: False 
#  271 | steps:  3073 | steps_t:     0 | t: 6.839922 | r:  -525.000000 | e:   1.000000 | Q:        nan | won: False 
#  272 | steps:  3082 | steps_t:     0 | t: 6.859920 | r:  -508.000000 | e:   1.000000 | Q:        nan | won: False 
#  273 | steps:  3091 | steps_t:     0 | t: 6.879872 | r:  -508.000000 | e:   1.000000 | Q:        nan | won: False 
#  274 | steps:  3117 | steps_t:     0 | t: 6.939165 | r:  -525.000000 | e:   1.000000 | Q:        nan | won: False 
#  275 | steps:  3126 | steps_t:     0 | t: 6.958841 | r:  -508.000000 | e:   1.000000 | Q:        nan | won: False 
#  276 | steps:  3146 | steps_t:     0 | t: 7.004786 | r:  -508.000000 | e:   1.000000 | Q:        nan | won: False 
#  277 | steps:  3155 | steps_t:     0 | t: 7.024513 | r:  -508.000000 | e:   1.000000 | Q:        nan | won: False 
#  278 | steps:  3162 | steps_t:     0 | t: 7.039655 | r:  -506.000000 | e:   1.000000 | Q:        nan | won: False 
#  279 | steps:  3172 | steps_t:     0 | t: 7.061941 | r:  -509.000000 | e:   1.000000 | Q:        nan | won: False 
#  280 | steps:  3183 | steps_t:     0 | t: 7.086275 | r:  -510.000000 | e:   1.000000 | Q:        nan | won: False 
#  281 | steps:  3189 | steps_t:     0 | t: 7.099149 | r:  -505.000000 | e:   1.000000 | Q:        nan | won: False 
#  282 | steps:  3210 | steps_t:     0 | t: 7.147169 | r:  -520.000000 | e:   1.000000 | Q:        nan | won: False 
#  283 | steps:  3222 | steps_t:     0 | t: 7.173611 | r:  -511.000000 | e:   1.000000 | Q:        nan | won: False 
#  284 | steps:  3230 | steps_t:     0 | t: 7.190576 | r:  -507.000000 | e:   1.000000 | Q:        nan | won: False 
#  285 | steps:  3236 | steps_t:     0 | t: 7.203520 | r:  -505.000000 | e:   1.000000 | Q:        nan | won: False 
#  286 | steps:  3250 | steps_t:     0 | t: 7.234771 | r:  -502.000000 | e:   1.000000 | Q:        nan | won: False 
#  287 | steps:  3262 | steps_t:     0 | t: 7.261512 | r:  -511.000000 | e:   1.000000 | Q:        nan | won: False 
#  288 | steps:  3272 | steps_t:     0 | t: 7.283303 | r:  -509.000000 | e:   1.000000 | Q:        nan | won: False 
#  289 | steps:  3280 | steps_t:     0 | t: 7.300778 | r:  -507.000000 | e:   1.000000 | Q:        nan | won: False 
#  290 | steps:  3290 | steps_t:     0 | t: 7.322708 | r:  -509.000000 | e:   1.000000 | Q:        nan | won: False 
#  291 | steps:  3298 | steps_t:     0 | t: 7.340112 | r:  -507.000000 | e:   1.000000 | Q:        nan | won: False 
#  292 | steps:  3306 | steps_t:     0 | t: 7.358034 | r:  -507.000000 | e:   1.000000 | Q:        nan | won: False 
#  293 | steps:  3313 | steps_t:     0 | t: 7.373323 | r:  -506.000000 | e:   1.000000 | Q:        nan | won: False 
#  294 | steps:  3330 | steps_t:     0 | t: 7.411745 | r:  -516.000000 | e:   1.000000 | Q:        nan | won: False 
#  295 | steps:  3341 | steps_t:     0 | t: 7.435382 | r:  -510.000000 | e:   1.000000 | Q:        nan | won: False 
#  296 | steps:  3348 | steps_t:     0 | t: 7.450463 | r:  -506.000000 | e:   1.000000 | Q:        nan | won: False 
#  297 | steps:  3354 | steps_t:     0 | t: 7.463256 | r:  -505.000000 | e:   1.000000 | Q:        nan | won: False 
#  298 | steps:  3365 | steps_t:     0 | t: 7.487906 | r:  -510.000000 | e:   1.000000 | Q:        nan | won: False 
#  299 | steps:  3386 | steps_t:     0 | t: 7.536314 | r:  -520.000000 | e:   1.000000 | Q:        nan | won: False 
#  300 | steps:  3399 | steps_t:     0 | t: 7.565648 | r:  -512.000000 | e:   1.000000 | Q:        nan | won: False 
#  301 | steps:  3416 | steps_t:     0 | t: 7.603809 | r:  -516.000000 | e:   1.000000 | Q:        nan | won: False 
#  302 | steps:  3428 | steps_t:     0 | t: 7.631038 | r:  -511.000000 | e:   1.000000 | Q:        nan | won: False 
#  303 | steps:  3435 | steps_t:     0 | t: 7.646661 | r:  -506.000000 | e:   1.000000 | Q:        nan | won: False 
#  304 | steps:  3443 | steps_t:     0 | t: 7.664147 | r:  -507.000000 | e:   1.000000 | Q:        nan | won: False 
#  305 | steps:  3450 | steps_t:     0 | t: 7.679418 | r:  -506.000000 | e:   1.000000 | Q:        nan | won: False 
#  306 | steps:  3460 | steps_t:     0 | t: 7.701744 | r:  -509.000000 | e:   1.000000 | Q:        nan | won: False 
#  307 | steps:  3470 | steps_t:     0 | t: 7.723628 | r:  -509.000000 | e:   1.000000 | Q:        nan | won: False 
#  308 | steps:  3479 | steps_t:     0 | t: 7.745886 | r:  -508.000000 | e:   1.000000 | Q:        nan | won: False 
#  309 | steps:  3489 | steps_t:     0 | t: 7.769529 | r:  -509.000000 | e:   1.000000 | Q:        nan | won: False 
#  310 | steps:  3504 | steps_t:     0 | t: 7.804324 | r:  -514.000000 | e:   1.000000 | Q:        nan | won: False 
#  311 | steps:  3511 | steps_t:     0 | t: 7.819432 | r:  -506.000000 | e:   1.000000 | Q:        nan | won: False 
#  312 | steps:  3519 | steps_t:     0 | t: 7.838192 | r:  -507.000000 | e:   1.000000 | Q:        nan | won: False 
#  313 | steps:  3529 | steps_t:     0 | t: 7.861572 | r:  -509.000000 | e:   1.000000 | Q:        nan | won: False 
#  314 | steps:  3535 | steps_t:     0 | t: 7.874486 | r:  -505.000000 | e:   1.000000 | Q:        nan | won: False 
#  315 | steps:  3551 | steps_t:     0 | t: 7.911077 | r:  -515.000000 | e:   1.000000 | Q:        nan | won: False 
#  316 | steps:  3568 | steps_t:     0 | t: 7.950554 | r:  -505.000000 | e:   1.000000 | Q:        nan | won: False 
#  317 | steps:  3575 | steps_t:     0 | t: 7.967104 | r:  -506.000000 | e:   1.000000 | Q:        nan | won: False 
#  318 | steps:  3581 | steps_t:     0 | t: 7.979826 | r:  -505.000000 | e:   1.000000 | Q:        nan | won: False 
#  319 | steps:  3593 | steps_t:     0 | t: 8.007556 | r:  -511.000000 | e:   1.000000 | Q:        nan | won: False 
#  320 | steps:  3612 | steps_t:     0 | t: 8.051571 | r:  -507.000000 | e:   1.000000 | Q:        nan | won: False 
#  321 | steps:  3619 | steps_t:     0 | t: 8.066504 | r:  -506.000000 | e:   1.000000 | Q:        nan | won: False 
#  322 | steps:  3630 | steps_t:     0 | t: 8.091461 | r:  -510.000000 | e:   1.000000 | Q:        nan | won: False 
#  323 | steps:  3641 | steps_t:     0 | t: 8.116770 | r:  -510.000000 | e:   1.000000 | Q:        nan | won: False 
#  324 | steps:  3646 | steps_t:     0 | t: 8.127355 | r:  -504.000000 | e:   1.000000 | Q:        nan | won: False 
#  325 | steps:  3657 | steps_t:     0 | t: 8.152593 | r:  -510.000000 | e:   1.000000 | Q:        nan | won: False 
#  326 | steps:  3665 | steps_t:     0 | t: 8.170035 | r:  -507.000000 | e:   1.000000 | Q:        nan | won: False 
#  327 | steps:  3684 | steps_t:     0 | t: 8.214399 | r:  -518.000000 | e:   1.000000 | Q:        nan | won: False 
#  328 | steps:  3705 | steps_t:     0 | t: 8.262940 | r:  -520.000000 | e:   1.000000 | Q:        nan | won: False 
#  329 | steps:  3715 | steps_t:     0 | t: 8.285743 | r:  -509.000000 | e:   1.000000 | Q:        nan | won: False 
#  330 | steps:  3724 | steps_t:     0 | t: 8.306555 | r:  -508.000000 | e:   1.000000 | Q:        nan | won: False 
#  331 | steps:  3739 | steps_t:     0 | t: 8.341390 | r:  -503.000000 | e:   1.000000 | Q:        nan | won: False 
#  332 | steps:  3754 | steps_t:     0 | t: 8.376036 | r:  -514.000000 | e:   1.000000 | Q:        nan | won: False 
#  333 | steps:  3759 | steps_t:     0 | t: 8.386388 | r:  -504.000000 | e:   1.000000 | Q:        nan | won: False 
#  334 | steps:  3780 | steps_t:     0 | t: 8.435217 | r:  -520.000000 | e:   1.000000 | Q:        nan | won: False 
#  335 | steps:  3789 | steps_t:     0 | t: 8.455025 | r:  -508.000000 | e:   1.000000 | Q:        nan | won: False 
#  336 | steps:  3801 | steps_t:     0 | t: 8.482867 | r:  -511.000000 | e:   1.000000 | Q:        nan | won: False 
#  337 | steps:  3835 | steps_t:     0 | t: 8.558806 | r:  -522.000000 | e:   1.000000 | Q:        nan | won: False 
#  338 | steps:  3840 | steps_t:     0 | t: 8.569080 | r:  -504.000000 | e:   1.000000 | Q:        nan | won: False 
#  339 | steps:  3861 | steps_t:     0 | t: 8.617550 | r:  -520.000000 | e:   1.000000 | Q:        nan | won: False 
#  340 | steps:  3877 | steps_t:     0 | t: 8.654300 | r:  -515.000000 | e:   1.000000 | Q:        nan | won: False 
#  341 | steps:  3902 | steps_t:     0 | t: 8.711600 | r:  -513.000000 | e:   1.000000 | Q:        nan | won: False 
#  342 | steps:  3911 | steps_t:     0 | t: 8.730902 | r:  -508.000000 | e:   1.000000 | Q:        nan | won: False 
#  343 | steps:  3918 | steps_t:     0 | t: 8.747351 | r:  -506.000000 | e:   1.000000 | Q:        nan | won: False 
#  344 | steps:  3936 | steps_t:     0 | t: 8.789569 | r:  -517.000000 | e:   1.000000 | Q:        nan | won: False 
#  345 | steps:  3948 | steps_t:     0 | t: 8.817253 | r:  -511.000000 | e:   1.000000 | Q:        nan | won: False 
#  346 | steps:  3962 | steps_t:     0 | t: 8.850013 | r:  -502.000000 | e:   1.000000 | Q:        nan | won: False 
#  347 | steps:  3986 | steps_t:     0 | t: 8.904645 | r:  -512.000000 | e:   1.000000 | Q:        nan | won: False 
#  348 | steps:  4005 | steps_t:     0 | t: 8.948684 | r:  -518.000000 | e:   1.000000 | Q:        nan | won: False 
#  349 | steps:  4016 | steps_t:     0 | t: 8.974157 | r:  -510.000000 | e:   1.000000 | Q:        nan | won: False 
#  350 | steps:  4033 | steps_t:     0 | t: 9.012960 | r:  -516.000000 | e:   1.000000 | Q:        nan | won: False 
#  351 | steps:  4047 | steps_t:     0 | t: 9.045146 | r:  -513.000000 | e:   1.000000 | Q:        nan | won: False 
#  352 | steps:  4065 | steps_t:     0 | t: 9.085916 | r:  -517.000000 | e:   1.000000 | Q:        nan | won: False 
#  353 | steps:  4090 | steps_t:     0 | t: 9.142855 | r:  -524.000000 | e:   1.000000 | Q:        nan | won: False 
#  354 | steps:  4124 | steps_t:     0 | t: 9.219244 | r:  -533.000000 | e:   1.000000 | Q:        nan | won: False 
#  355 | steps:  4130 | steps_t:     0 | t: 9.231946 | r:  -505.000000 | e:   1.000000 | Q:        nan | won: False 
#  356 | steps:  4135 | steps_t:     0 | t: 9.242459 | r:  -504.000000 | e:   1.000000 | Q:        nan | won: False 
#  357 | steps:  4143 | steps_t:     0 | t: 9.260863 | r:  -507.000000 | e:   1.000000 | Q:        nan | won: False 
#  358 | steps:  4153 | steps_t:     0 | t: 9.284709 | r:  -509.000000 | e:   1.000000 | Q:        nan | won: False 
#  359 | steps:  4169 | steps_t:     0 | t: 9.320701 | r:  -504.000000 | e:   1.000000 | Q:        nan | won: False 
#  360 | steps:  4200 | steps_t:     0 | t: 9.391484 | r:  -519.000000 | e:   1.000000 | Q:        nan | won: False 
#  361 | steps:  4214 | steps_t:     0 | t: 9.423926 | r:  -513.000000 | e:   1.000000 | Q:        nan | won: False 
#  362 | steps:  4224 | steps_t:     0 | t: 9.445963 | r:  -509.000000 | e:   1.000000 | Q:        nan | won: False 
#  363 | steps:  4231 | steps_t:     0 | t: 9.462171 | r:  -506.000000 | e:   1.000000 | Q:        nan | won: False 
#  364 | steps:  4263 | steps_t:     0 | t: 9.535335 | r:  -520.000000 | e:   1.000000 | Q:        nan | won: False 
#  365 | steps:  4270 | steps_t:     0 | t: 9.550539 | r:  -506.000000 | e:   1.000000 | Q:        nan | won: False 
#  366 | steps:  4277 | steps_t:     0 | t: 9.566541 | r:  -506.000000 | e:   1.000000 | Q:        nan | won: False 
#  367 | steps:  4286 | steps_t:     0 | t: 9.586370 | r:  -508.000000 | e:   1.000000 | Q:        nan | won: False 
#  368 | steps:  4295 | steps_t:     0 | t: 9.606786 | r:  -508.000000 | e:   1.000000 | Q:        nan | won: False 
#  369 | steps:  4306 | steps_t:     0 | t: 9.632181 | r:  -510.000000 | e:   1.000000 | Q:        nan | won: False 
#  370 | steps:  4315 | steps_t:     0 | t: 9.651809 | r:  -508.000000 | e:   1.000000 | Q:        nan | won: False 
#  371 | steps:  4320 | steps_t:     0 | t: 9.662808 | r:  -504.000000 | e:   1.000000 | Q:        nan | won: False 
#  372 | steps:  4334 | steps_t:     0 | t: 9.696221 | r:  -502.000000 | e:   1.000000 | Q:        nan | won: False 
#  373 | steps:  4342 | steps_t:     0 | t: 9.713563 | r:  -507.000000 | e:   1.000000 | Q:        nan | won: False 
#  374 | steps:  4368 | steps_t:     0 | t: 9.773126 | r:  -525.000000 | e:   1.000000 | Q:        nan | won: False 
#  375 | steps:  4375 | steps_t:     0 | t: 9.787960 | r:  -506.000000 | e:   1.000000 | Q:        nan | won: False 
#  376 | steps:  4396 | steps_t:     0 | t: 9.836725 | r:  -520.000000 | e:   1.000000 | Q:        nan | won: False 
#  377 | steps:  4404 | steps_t:     0 | t: 9.854349 | r:  -507.000000 | e:   1.000000 | Q:        nan | won: False 
#  378 | steps:  4417 | steps_t:     0 | t: 9.884586 | r:  -512.000000 | e:   1.000000 | Q:        nan | won: False 
#  379 | steps:  4426 | steps_t:     0 | t: 9.905377 | r:  -508.000000 | e:   1.000000 | Q:        nan | won: False 
#  380 | steps:  4433 | steps_t:     0 | t: 9.920316 | r:  -506.000000 | e:   1.000000 | Q:        nan | won: False 
#  381 | steps:  4445 | steps_t:     0 | t: 9.947941 | r:  -511.000000 | e:   1.000000 | Q:        nan | won: False 
#  382 | steps:  4461 | steps_t:     0 | t: 9.984633 | r:  -515.000000 | e:   1.000000 | Q:        nan | won: False 
#  383 | steps:  4471 | steps_t:     0 | t: 10.007791 | r:  -509.000000 | e:   1.000000 | Q:        nan | won: False 
#  384 | steps:  4490 | steps_t:     0 | t: 10.051679 | r:  -518.000000 | e:   1.000000 | Q:        nan | won: False 
#  385 | steps:  4506 | steps_t:     0 | t: 10.088515 | r:  -504.000000 | e:   1.000000 | Q:        nan | won: False 
#  386 | steps:  4521 | steps_t:     0 | t: 10.122999 | r:  -503.000000 | e:   1.000000 | Q:        nan | won: False 
#  387 | steps:  4530 | steps_t:     0 | t: 10.142886 | r:  -508.000000 | e:   1.000000 | Q:        nan | won: False 
#  388 | steps:  4544 | steps_t:     0 | t: 10.175569 | r:  -513.000000 | e:   1.000000 | Q:        nan | won: False 
#  389 | steps:  4554 | steps_t:     0 | t: 10.198716 | r:  -509.000000 | e:   1.000000 | Q:        nan | won: False 
#  390 | steps:  4562 | steps_t:     0 | t: 10.217313 | r:  -507.000000 | e:   1.000000 | Q:        nan | won: False 
#  391 | steps:  4571 | steps_t:     0 | t: 10.237106 | r:  -508.000000 | e:   1.000000 | Q:        nan | won: False 
#  392 | steps:  4579 | steps_t:     0 | t: 10.255522 | r:  -507.000000 | e:   1.000000 | Q:        nan | won: False 
#  393 | steps:  4603 | steps_t:     0 | t: 10.310789 | r:  -523.000000 | e:   1.000000 | Q:        nan | won: False 
#  394 | steps:  4611 | steps_t:     0 | t: 10.328209 | r:  -507.000000 | e:   1.000000 | Q:        nan | won: False 
#  395 | steps:  4626 | steps_t:     0 | t: 10.362799 | r:  -514.000000 | e:   1.000000 | Q:        nan | won: False 
#  396 | steps:  4642 | steps_t:     0 | t: 10.397972 | r:  -504.000000 | e:   1.000000 | Q:        nan | won: False 
#  397 | steps:  4649 | steps_t:     0 | t: 10.412918 | r:  -506.000000 | e:   1.000000 | Q:        nan | won: False 
#  398 | steps:  4661 | steps_t:     0 | t: 10.439293 | r:  -511.000000 | e:   1.000000 | Q:        nan | won: False 
#  399 | steps:  4673 | steps_t:     0 | t: 10.465696 | r:  -511.000000 | e:   1.000000 | Q:        nan | won: False 
#  400 | steps:  4678 | steps_t:     0 | t: 10.476103 | r:  -504.000000 | e:   1.000000 | Q:        nan | won: False 
#  401 | steps:  4687 | steps_t:     0 | t: 10.495610 | r:  -508.000000 | e:   1.000000 | Q:        nan | won: False 
#  402 | steps:  4708 | steps_t:     0 | t: 10.542712 | r:  -509.000000 | e:   1.000000 | Q:        nan | won: False 
#  403 | steps:  4724 | steps_t:     0 | t: 10.578260 | r:  -515.000000 | e:   1.000000 | Q:        nan | won: False 
#  404 | steps:  4741 | steps_t:     0 | t: 10.616041 | r:  -516.000000 | e:   1.000000 | Q:        nan | won: False 
#  405 | steps:  4746 | steps_t:     0 | t: 10.626463 | r:  -504.000000 | e:   1.000000 | Q:        nan | won: False 
#  406 | steps:  4754 | steps_t:     0 | t: 10.643724 | r:  -507.000000 | e:   1.000000 | Q:        nan | won: False 
#  407 | steps:  4769 | steps_t:     0 | t: 10.677023 | r:  -514.000000 | e:   1.000000 | Q:        nan | won: False 
#  408 | steps:  4777 | steps_t:     0 | t: 10.694313 | r:  -507.000000 | e:   1.000000 | Q:        nan | won: False 
#  409 | steps:  4791 | steps_t:     0 | t: 10.725199 | r:  -513.000000 | e:   1.000000 | Q:        nan | won: False 
#  410 | steps:  4806 | steps_t:     0 | t: 10.760231 | r:  -503.000000 | e:   1.000000 | Q:        nan | won: False 
#  411 | steps:  4833 | steps_t:     0 | t: 10.822212 | r:  -504.000000 | e:   1.000000 | Q:        nan | won: False 
#  412 | steps:  4850 | steps_t:     0 | t: 10.860434 | r:  -516.000000 | e:   1.000000 | Q:        nan | won: False 
#  413 | steps:  4859 | steps_t:     0 | t: 10.881084 | r:  -508.000000 | e:   1.000000 | Q:        nan | won: False 
#  414 | steps:  4871 | steps_t:     0 | t: 10.908452 | r:  -511.000000 | e:   1.000000 | Q:        nan | won: False 
#  415 | steps:  4880 | steps_t:     0 | t: 10.927652 | r:  -508.000000 | e:   1.000000 | Q:        nan | won: False 
#  416 | steps:  4891 | steps_t:     0 | t: 10.952913 | r:  -510.000000 | e:   1.000000 | Q:        nan | won: False 
#  417 | steps:  4907 | steps_t:     0 | t: 10.989609 | r:  -504.000000 | e:   1.000000 | Q:        nan | won: False 
#  418 | steps:  4913 | steps_t:     0 | t: 11.003420 | r:  -505.000000 | e:   1.000000 | Q:        nan | won: False 
#  419 | steps:  4928 | steps_t:     0 | t: 11.038074 | r:  -514.000000 | e:   1.000000 | Q:        nan | won: False 
#  420 | steps:  4939 | steps_t:     0 | t: 11.063002 | r:  -510.000000 | e:   1.000000 | Q:        nan | won: False 
#  421 | steps:  4947 | steps_t:     0 | t: 11.080442 | r:  -507.000000 | e:   1.000000 | Q:        nan | won: False 
#  422 | steps:  4961 | steps_t:     0 | t: 11.112817 | r:  -513.000000 | e:   1.000000 | Q:        nan | won: False 
#  423 | steps:  4969 | steps_t:     0 | t: 11.131290 | r:  -507.000000 | e:   1.000000 | Q:        nan | won: False 
#  424 | steps:  4978 | steps_t:     0 | t: 11.151040 | r:  -508.000000 | e:   1.000000 | Q:        nan | won: False 
#  425 | steps:  4992 | steps_t:     0 | t: 11.183155 | r:  -513.000000 | e:   1.000000 | Q:        nan | won: False 
#  426 | steps:  4999 | steps_t:     0 | t: 11.199279 | r:  -506.000000 | e:   1.000000 | Q:        nan | won: False 
