#    1 | steps:    10 | steps_t:     0 | t: 0.031404 | r:  -509.000000 | e:   1.000000 | Q:        nan | won: False 
#    2 | steps:    22 | steps_t:     0 | t: 0.057859 | r:  -511.000000 | e:   1.000000 | Q:        nan | won: False 
#    3 | steps:    34 | steps_t:     0 | t: 0.084221 | r:  -511.000000 | e:   1.000000 | Q:        nan | won: False 
#    4 | steps:    54 | steps_t:     0 | t: 0.129674 | r:  -519.000000 | e:   1.000000 | Q:        nan | won: False 
#    5 | steps:    66 | steps_t:     0 | t: 0.156048 | r:  -511.000000 | e:   1.000000 | Q:        nan | won: False 
#    6 | steps:    75 | steps_t:     0 | t: 0.175447 | r:  -508.000000 | e:   1.000000 | Q:        nan | won: False 
#    7 | steps:    87 | steps_t:     0 | t: 0.201799 | r:  -511.000000 | e:   1.000000 | Q:        nan | won: False 
#    8 | steps:    95 | steps_t:     0 | t: 0.218959 | r:  -507.000000 | e:   1.000000 | Q:        nan | won: False 
#    9 | steps:   104 | steps_t:     0 | t: 0.238389 | r:  -508.000000 | e:   1.000000 | Q:        nan | won: False 
#   10 | steps:   110 | steps_t:     0 | t: 0.250953 | r:  -505.000000 | e:   1.000000 | Q:        nan | won: False 
#   11 | steps:   116 | steps_t:     0 | t: 0.263596 | r:  -505.000000 | e:   1.000000 | Q:        nan | won: False 
#   12 | steps:   122 | steps_t:     0 | t: 0.276094 | r:  -505.000000 | e:   1.000000 | Q:        nan | won: False 
#   13 | steps:   140 | steps_t:     0 | t: 0.316065 | r:  -517.000000 | e:   1.000000 | Q:        nan | won: False 
#   14 | steps:   147 | steps_t:     0 | t: 0.330991 | r:  -506.000000 | e:   1.000000 | Q:        nan | won: False 
#   15 | steps:   163 | steps_t:     0 | t: 0.366867 | r:  -504.000000 | e:   1.000000 | Q:        nan | won: False 
#   16 | steps:   179 | steps_t:     0 | t: 0.402357 | r:  -515.000000 | e:   1.000000 | Q:        nan | won: False 
#   17 | steps:   197 | steps_t:     0 | t: 0.442315 | r:  -517.000000 | e:   1.000000 | Q:        nan | won: False 
#   18 | steps:   211 | steps_t:     0 | t: 0.473171 | r:  -513.000000 | e:   1.000000 | Q:        nan | won: False 
#   19 | steps:   219 | steps_t:     0 | t: 0.490390 | r:  -507.000000 | e:   1.000000 | Q:        nan | won: False 
#   20 | steps:   237 | steps_t:     0 | t: 0.530348 | r:  -517.000000 | e:   1.000000 | Q:        nan | won: False 
#   21 | steps:   279 | steps_t:     0 | t: 0.625125 | r:  -530.000000 | e:   1.000000 | Q:        nan | won: False 
#   22 | steps:   285 | steps_t:     0 | t: 0.637925 | r:  -505.000000 | e:   1.000000 | Q:        nan | won: False 
#   23 | steps:   291 | steps_t:     0 | t: 0.650590 | r:  -505.000000 | e:   1.000000 | Q:        nan | won: False 
#   24 | steps:   307 | steps_t:     0 | t: 0.686110 | r:  -515.000000 | e:   1.000000 | Q:        nan | won: False 
#   25 | steps:   315 | steps_t:     0 | t: 0.703292 | r:  -507.000000 | e:   1.000000 | Q:        nan | won: False 
#   26 | steps:   320 | steps_t:     0 | t: 0.713659 | r:  -504.000000 | e:   1.000000 | Q:        nan | won: False 
#   27 | steps:   329 | steps_t:     0 | t: 0.733197 | r:  -508.000000 | e:   1.000000 | Q:        nan | won: False 
#   28 | steps:   336 | steps_t:     0 | t: 0.748143 | r:  -506.000000 | e:   1.000000 | Q:        nan | won: False 
#   29 | steps:   343 | steps_t:     0 | t: 0.763253 | r:  -506.000000 | e:   1.000000 | Q:        nan | won: False 
#   30 | steps:   350 | steps_t:     0 | t: 0.778255 | r:  -506.000000 | e:   1.000000 | Q:        nan | won: False 
#   31 | steps:   356 | steps_t:     0 | t: 0.790944 | r:  -505.000000 | e:   1.000000 | Q:        nan | won: False 
#   32 | steps:   364 | steps_t:     0 | t: 0.808119 | r:  -507.000000 | e:   1.000000 | Q:        nan | won: False 
#   33 | steps:   370 | steps_t:     0 | t: 0.820791 | r:  -505.000000 | e:   1.000000 | Q:        nan | won: False 
#   34 | steps:   378 | steps_t:     0 | t: 0.838215 | r:  -507.000000 | e:   1.000000 | Q:        nan | won: False 
#   35 | steps:   390 | steps_t:     0 | t: 0.864751 | r:  -511.000000 | e:   1.000000 | Q:        nan | won: False 
#   36 | steps:   407 | steps_t:     0 | t: 0.902460 | r:  -516.000000 | e:   1.000000 | Q:        nan | won: False 
#   37 | steps:   419 | steps_t:     0 | t: 0.928998 | r:  -511.000000 | e:   1.000000 | Q:        nan | won: False 
#   38 | steps:   432 | steps_t:     0 | t: 0.958163 | r:  -512.000000 | e:   1.000000 | Q:        nan | won: False 
#   39 | steps:   438 | steps_t:     0 | t: 0.970866 | r:  -505.000000 | e:   1.000000 | Q:        nan | won: False 
#   40 | steps:   448 | steps_t:     0 | t: 0.992884 | r:  -509.000000 | e:   1.000000 | Q:        nan | won: False 
#   41 | steps:   459 | steps_t:     0 | t: 1.017122 | r:  -510.000000 | e:   1.000000 | Q:        nan | won: False 
#   42 | steps:   476 | steps_t:     0 | t: 1.054900 | r:  -505.000000 | e:   1.000000 | Q:        nan | won: False 
#   43 | steps:   486 | steps_t:     0 | t: 1.076802 | r:  -509.000000 | e:   1.000000 | Q:        nan | won: False 
#   44 | steps:   494 | steps_t:     0 | t: 1.094162 | r:  -507.000000 | e:   1.000000 | Q:        nan | won: False 
#   45 | steps:   507 | steps_t:     0 | t: 1.122951 | r:  -512.000000 | e:   1.000000 | Q:        nan | won: False 
#   46 | steps:   527 | steps_t:     0 | t: 1.168237 | r:  -508.000000 | e:   1.000000 | Q:        nan | won: False 
#   47 | steps:   536 | steps_t:     0 | t: 1.187999 | r:  -508.000000 | e:   1.000000 | Q:        nan | won: False 
#   48 | steps:   544 | steps_t:     0 | t: 1.205461 | r:  -507.000000 | e:   1.000000 | Q:        nan | won: False 
#   49 | steps:   573 | steps_t:     0 | t: 1.270489 | r:  -517.000000 | e:   1.000000 | Q:        nan | won: False 
#   50 | steps:   580 | steps_t:     0 | t: 1.285486 | r:  -506.000000 | e:   1.000000 | Q:        nan | won: False 
#   51 | steps:   598 | steps_t:     0 | t: 1.326212 | r:  -517.000000 | e:   1.000000 | Q:        nan | won: False 
#   52 | steps:   609 | steps_t:     0 | t: 1.350322 | r:  -510.000000 | e:   1.000000 | Q:        nan | won: False 
#   53 | steps:   622 | steps_t:     0 | t: 1.379134 | r:  -512.000000 | e:   1.000000 | Q:        nan | won: False 
#   54 | steps:   630 | steps_t:     0 | t: 1.396558 | r:  -507.000000 | e:   1.000000 | Q:        nan | won: False 
#   55 | steps:   638 | steps_t:     0 | t: 1.413943 | r:  -507.000000 | e:   1.000000 | Q:        nan | won: False 
#   56 | steps:   646 | steps_t:     0 | t: 1.431311 | r:  -507.000000 | e:   1.000000 | Q:        nan | won: False 
#   57 | steps:   655 | steps_t:     0 | t: 1.450821 | r:  -508.000000 | e:   1.000000 | Q:        nan | won: False 
#   58 | steps:   678 | steps_t:     0 | t: 1.502389 | r:  -522.000000 | e:   1.000000 | Q:        nan | won: False 
#   59 | steps:   690 | steps_t:     0 | t: 1.528819 | r:  -511.000000 | e:   1.000000 | Q:        nan | won: False 
#   60 | steps:   702 | steps_t:     0 | t: 1.555385 | r:  -511.000000 | e:   1.000000 | Q:        nan | won: False 
#   61 | steps:   720 | steps_t:     0 | t: 1.595868 | r:  -517.000000 | e:   1.000000 | Q:        nan | won: False 
#   62 | steps:   739 | steps_t:     0 | t: 1.638172 | r:  -518.000000 | e:   1.000000 | Q:        nan | won: False 
#   63 | steps:   749 | steps_t:     0 | t: 1.660229 | r:  -509.000000 | e:   1.000000 | Q:        nan | won: False 
#   64 | steps:   771 | steps_t:     0 | t: 1.709950 | r:  -521.000000 | e:   1.000000 | Q:        nan | won: False 
#   65 | steps:   783 | steps_t:     0 | t: 1.736769 | r:  -511.000000 | e:   1.000000 | Q:        nan | won: False 
#   66 | steps:   806 | steps_t:     0 | t: 1.788261 | r:  -522.000000 | e:   1.000000 | Q:        nan | won: False 
#   67 | steps:   817 | steps_t:     0 | t: 1.812409 | r:  -510.000000 | e:   1.000000 | Q:        nan | won: False 
#   68 | steps:   845 | steps_t:     0 | t: 1.875386 | r:  -516.000000 | e:   1.000000 | Q:        nan | won: False 
#   69 | steps:   854 | steps_t:     0 | t: 1.894590 | r:  -508.000000 | e:   1.000000 | Q:        nan | won: False 
#   70 | steps:   874 | steps_t:     0 | t: 1.939371 | r:    92.000000 | e:   1.000000 | Q:        nan | won: True 
#   71 | steps:   891 | steps_t:     0 | t: 1.977390 | r:  -516.000000 | e:   1.000000 | Q:        nan | won: False 
#   72 | steps:   901 | steps_t:     0 | t: 1.999413 | r:  -509.000000 | e:   1.000000 | Q:        nan | won: False 
#   73 | steps:   908 | steps_t:     0 | t: 2.014507 | r:  -506.000000 | e:   1.000000 | Q:        nan | won: False 
#   74 | steps:   929 | steps_t:     0 | t: 2.061209 | r:  -509.000000 | e:   1.000000 | Q:        nan | won: False 
#   75 | steps:   934 | steps_t:     0 | t: 2.071699 | r:  -504.000000 | e:   1.000000 | Q:        nan | won: False 
#   76 | steps:   942 | steps_t:     0 | t: 2.089698 | r:  -507.000000 | e:   1.000000 | Q:        nan | won: False 
#   77 | steps:   952 | steps_t:     0 | t: 2.111839 | r:  -509.000000 | e:   1.000000 | Q:        nan | won: False 
#   78 | steps:   966 | steps_t:     0 | t: 2.143229 | r:  -513.000000 | e:   1.000000 | Q:        nan | won: False 
#   79 | steps:   976 | steps_t:     0 | t: 2.165339 | r:  -509.000000 | e:   1.000000 | Q:        nan | won: False 
#   80 | steps:   992 | steps_t:     0 | t: 2.201111 | r:  -504.000000 | e:   1.000000 | Q:        nan | won: False 
#   81 | steps:  1002 | steps_t:     0 | t: 2.222545 | r:  -509.000000 | e:   1.000000 | Q:        nan | won: False 
#   82 | steps:  1015 | steps_t:     0 | t: 2.251352 | r:  -512.000000 | e:   1.000000 | Q:        nan | won: False 
#   83 | steps:  1025 | steps_t:     0 | t: 2.273676 | r:  -509.000000 | e:   1.000000 | Q:        nan | won: False 
#   84 | steps:  1030 | steps_t:     0 | t: 2.284287 | r:  -504.000000 | e:   1.000000 | Q:        nan | won: False 
#   85 | steps:  1041 | steps_t:     0 | t: 2.309406 | r:  -510.000000 | e:   1.000000 | Q:        nan | won: False 
#   86 | steps:  1088 | steps_t:     0 | t: 2.415024 | r:  -535.000000 | e:   1.000000 | Q:        nan | won: False 
#   87 | steps:  1112 | steps_t:     0 | t: 2.470244 | r:  -523.000000 | e:   1.000000 | Q:        nan | won: False 
#   88 | steps:  1120 | steps_t:     0 | t: 2.488080 | r:  -507.000000 | e:   1.000000 | Q:        nan | won: False 
#   89 | steps:  1138 | steps_t:     0 | t: 2.528526 | r:  -517.000000 | e:   1.000000 | Q:        nan | won: False 
#   90 | steps:  1144 | steps_t:     0 | t: 2.541410 | r:  -505.000000 | e:   1.000000 | Q:        nan | won: False 
#   91 | steps:  1154 | steps_t:     0 | t: 2.563087 | r:  -509.000000 | e:   1.000000 | Q:        nan | won: False 
#   92 | steps:  1160 | steps_t:     0 | t: 2.575689 | r:  -505.000000 | e:   1.000000 | Q:        nan | won: False 
#   93 | steps:  1172 | steps_t:     0 | t: 2.602425 | r:  -511.000000 | e:   1.000000 | Q:        nan | won: False 
#   94 | steps:  1178 | steps_t:     0 | t: 2.614763 | r:  -505.000000 | e:   1.000000 | Q:        nan | won: False 
#   95 | steps:  1188 | steps_t:     0 | t: 2.637660 | r:  -509.000000 | e:   1.000000 | Q:        nan | won: False 
#   96 | steps:  1195 | steps_t:     0 | t: 2.652459 | r:  -506.000000 | e:   1.000000 | Q:        nan | won: False 
#   97 | steps:  1206 | steps_t:     0 | t: 2.677295 | r:  -510.000000 | e:   1.000000 | Q:        nan | won: False 
#   98 | steps:  1217 | steps_t:     0 | t: 2.701696 | r:  -510.000000 | e:   1.000000 | Q:        nan | won: False 
#   99 | steps:  1242 | steps_t:     0 | t: 2.757554 | r:  -524.000000 | e:   1.000000 | Q:        nan | won: False 
#  100 | steps:  1257 | steps_t:     0 | t: 2.791270 | r:  -514.000000 | e:   1.000000 | Q:        nan | won: False 
#  101 | steps:  1269 | steps_t:     0 | t: 2.817233 | r:  -511.000000 | e:   1.000000 | Q:        nan | won: False 
#  102 | steps:  1278 | steps_t:     0 | t: 2.836604 | r:  -508.000000 | e:   1.000000 | Q:        nan | won: False 
#  103 | steps:  1288 | steps_t:     0 | t: 2.857843 | r:  -509.000000 | e:   1.000000 | Q:        nan | won: False 
#  104 | steps:  1295 | steps_t:     0 | t: 2.872925 | r:  -506.000000 | e:   1.000000 | Q:        nan | won: False 
#  105 | steps:  1306 | steps_t:     0 | t: 2.897494 | r:  -510.000000 | e:   1.000000 | Q:        nan | won: False 
#  106 | steps:  1313 | steps_t:     0 | t: 2.912393 | r:  -506.000000 | e:   1.000000 | Q:        nan | won: False 
#  107 | steps:  1329 | steps_t:     0 | t: 2.948472 | r:  -515.000000 | e:   1.000000 | Q:        nan | won: False 
#  108 | steps:  1340 | steps_t:     0 | t: 2.971735 | r:  -510.000000 | e:   1.000000 | Q:        nan | won: False 
#  109 | steps:  1350 | steps_t:     0 | t: 2.993584 | r:  -509.000000 | e:   1.000000 | Q:        nan | won: False 
#  110 | steps:  1359 | steps_t:     0 | t: 3.013319 | r:  -508.000000 | e:   1.000000 | Q:        nan | won: False 
#  111 | steps:  1372 | steps_t:     0 | t: 3.040731 | r:  -501.000000 | e:   1.000000 | Q:        nan | won: False 
#  112 | steps:  1379 | steps_t:     0 | t: 3.055622 | r:  -506.000000 | e:   1.000000 | Q:        nan | won: False 
#  113 | steps:  1385 | steps_t:     0 | t: 3.068062 | r:  -505.000000 | e:   1.000000 | Q:        nan | won: False 
#  114 | steps:  1394 | steps_t:     0 | t: 3.087629 | r:  -508.000000 | e:   1.000000 | Q:        nan | won: False 
#  115 | steps:  1409 | steps_t:     0 | t: 3.121941 | r:  -492.000000 | e:   1.000000 | Q:        nan | won: False 
#  116 | steps:  1420 | steps_t:     0 | t: 3.146677 | r:  -510.000000 | e:   1.000000 | Q:        nan | won: False 
#  117 | steps:  1429 | steps_t:     0 | t: 3.166040 | r:  -508.000000 | e:   1.000000 | Q:        nan | won: False 
#  118 | steps:  1444 | steps_t:     0 | t: 3.199944 | r:  -503.000000 | e:   1.000000 | Q:        nan | won: False 
#  119 | steps:  1458 | steps_t:     0 | t: 3.231039 | r:  -502.000000 | e:   1.000000 | Q:        nan | won: False 
#  120 | steps:  1468 | steps_t:     0 | t: 3.253404 | r:  -509.000000 | e:   1.000000 | Q:        nan | won: False 
#  121 | steps:  1478 | steps_t:     0 | t: 3.275990 | r:  -509.000000 | e:   1.000000 | Q:        nan | won: False 
#  122 | steps:  1488 | steps_t:     0 | t: 3.297503 | r:  -509.000000 | e:   1.000000 | Q:        nan | won: False 
#  123 | steps:  1502 | steps_t:     0 | t: 3.327109 | r:  -502.000000 | e:   1.000000 | Q:        nan | won: False 
#  124 | steps:  1508 | steps_t:     0 | t: 3.340080 | r:  -505.000000 | e:   1.000000 | Q:        nan | won: False 
#  125 | steps:  1517 | steps_t:     0 | t: 3.360001 | r:  -508.000000 | e:   1.000000 | Q:        nan | won: False 
#  126 | steps:  1528 | steps_t:     0 | t: 3.383741 | r:  -510.000000 | e:   1.000000 | Q:        nan | won: False 
#  127 | steps:  1537 | steps_t:     0 | t: 3.403680 | r:  -508.000000 | e:   1.000000 | Q:        nan | won: False 
#  128 | steps:  1550 | steps_t:     0 | t: 3.432681 | r:  -512.000000 | e:   1.000000 | Q:        nan | won: False 
#  129 | steps:  1558 | steps_t:     0 | t: 3.449843 | r:  -507.000000 | e:   1.000000 | Q:        nan | won: False 
#  130 | steps:  1567 | steps_t:     0 | t: 3.469015 | r:  -508.000000 | e:   1.000000 | Q:        nan | won: False 
#  131 | steps:  1588 | steps_t:     0 | t: 3.515499 | r:  -520.000000 | e:   1.000000 | Q:        nan | won: False 
#  132 | steps:  1593 | steps_t:     0 | t: 3.525968 | r:  -504.000000 | e:   1.000000 | Q:        nan | won: False 
#  133 | steps:  1604 | steps_t:     0 | t: 3.550420 | r:  -510.000000 | e:   1.000000 | Q:        nan | won: False 
#  134 | steps:  1622 | steps_t:     0 | t: 3.590611 | r:  -517.000000 | e:   1.000000 | Q:        nan | won: False 
#  135 | steps:  1636 | steps_t:     0 | t: 3.621048 | r:  -513.000000 | e:   1.000000 | Q:        nan | won: False 
#  136 | steps:  1651 | steps_t:     0 | t: 3.653678 | r:  -503.000000 | e:   1.000000 | Q:        nan | won: False 
#  137 | steps:  1658 | steps_t:     0 | t: 3.669292 | r:  -506.000000 | e:   1.000000 | Q:        nan | won: False 
#  138 | steps:  1667 | steps_t:     0 | t: 3.688522 | r:  -508.000000 | e:   1.000000 | Q:        nan | won: False 
#  139 | steps:  1685 | steps_t:     0 | t: 3.728873 | r:  -517.000000 | e:   1.000000 | Q:        nan | won: False 
#  140 | steps:  1703 | steps_t:     0 | t: 3.769006 | r:  -506.000000 | e:   1.000000 | Q:        nan | won: False 
#  141 | steps:  1708 | steps_t:     0 | t: 3.779076 | r:  -504.000000 | e:   1.000000 | Q:        nan | won: False 
#  142 | steps:  1727 | steps_t:     0 | t: 3.821091 | r:  -507.000000 | e:   1.000000 | Q:        nan | won: False 
#  143 | steps:  1734 | steps_t:     0 | t: 3.835616 | r:  -506.000000 | e:   1.000000 | Q:        nan | won: False 
#  144 | steps:  1743 | steps_t:     0 | t: 3.854935 | r:  -508.000000 | e:   1.000000 | Q:        nan | won: False 
#  145 | steps:  1756 | steps_t:     0 | t: 3.882437 | r:  -512.000000 | e:   1.000000 | Q:        nan | won: False 
#  146 | steps:  1769 | steps_t:     0 | t: 3.910994 | r:  -512.000000 | e:   1.000000 | Q:        nan | won: False 
#  147 | steps:  1782 | steps_t:     0 | t: 3.938547 | r:  -512.000000 | e:   1.000000 | Q:        nan | won: False 
#  148 | steps:  1790 | steps_t:     0 | t: 3.955487 | r:  -507.000000 | e:   1.000000 | Q:        nan | won: False 
#  149 | steps:  1799 | steps_t:     0 | t: 3.974722 | r:  -508.000000 | e:   1.000000 | Q:        nan | won: False 
#  150 | steps:  1807 | steps_t:     0 | t: 3.991125 | r:  -507.000000 | e:   1.000000 | Q:        nan | won: False 
#  151 | steps:  1817 | steps_t:     0 | t: 4.012600 | r:  -509.000000 | e:   1.000000 | Q:        nan | won: False 
#  152 | steps:  1823 | steps_t:     0 | t: 4.024629 | r:  -505.000000 | e:   1.000000 | Q:        nan | won: False 
#  153 | steps:  1841 | steps_t:     0 | t: 4.064695 | r:  -517.000000 | e:   1.000000 | Q:        nan | won: False 
#  154 | steps:  1860 | steps_t:     0 | t: 4.108407 | r:  -507.000000 | e:   1.000000 | Q:        nan | won: False 
#  155 | steps:  1869 | steps_t:     0 | t: 4.127440 | r:  -508.000000 | e:   1.000000 | Q:        nan | won: False 
#  156 | steps:  1877 | steps_t:     0 | t: 4.145295 | r:  -507.000000 | e:   1.000000 | Q:        nan | won: False 
#  157 | steps:  1894 | steps_t:     0 | t: 4.182282 | r:  -516.000000 | e:   1.000000 | Q:        nan | won: False 
#  158 | steps:  1906 | steps_t:     0 | t: 4.208946 | r:  -511.000000 | e:   1.000000 | Q:        nan | won: False 
#  159 | steps:  1917 | steps_t:     0 | t: 4.233626 | r:  -510.000000 | e:   1.000000 | Q:        nan | won: False 
#  160 | steps:  1922 | steps_t:     0 | t: 4.243778 | r:  -504.000000 | e:   1.000000 | Q:        nan | won: False 
#  161 | steps:  1936 | steps_t:     0 | t: 4.274276 | r:  -513.000000 | e:   1.000000 | Q:        nan | won: False 
#  162 | steps:  1946 | steps_t:     0 | t: 4.296260 | r:  -509.000000 | e:   1.000000 | Q:        nan | won: False 
#  163 | steps:  1956 | steps_t:     0 | t: 4.318442 | r:  -509.000000 | e:   1.000000 | Q:        nan | won: False 
#  164 | steps:  1964 | steps_t:     0 | t: 4.335507 | r:  -507.000000 | e:   1.000000 | Q:        nan | won: False 
#  165 | steps:  1970 | steps_t:     0 | t: 4.348027 | r:  -505.000000 | e:   1.000000 | Q:        nan | won: False 
#  166 | steps:  1977 | steps_t:     0 | t: 4.363354 | r:  -506.000000 | e:   1.000000 | Q:        nan | won: False 
#  167 | steps:  1995 | steps_t:     0 | t: 4.403647 | r:  -517.000000 | e:   1.000000 | Q:        nan | won: False 
#  168 | steps:  2008 | steps_t:     0 | t: 4.432251 | r:  -512.000000 | e:   1.000000 | Q:        nan | won: False 
#  169 | steps:  2015 | steps_t:     0 | t: 4.446666 | r:  -506.000000 | e:   1.000000 | Q:        nan | won: False 
#  170 | steps:  2026 | steps_t:     0 | t: 4.471535 | r:  -510.000000 | e:   1.000000 | Q:        nan | won: False 
#  171 | steps:  2042 | steps_t:     0 | t: 4.507054 | r:  -504.000000 | e:   1.000000 | Q:        nan | won: False 
#  172 | steps:  2050 | steps_t:     0 | t: 4.524603 | r:  -507.000000 | e:   1.000000 | Q:        nan | won: False 
#  173 | steps:  2058 | steps_t:     0 | t: 4.542316 | r:  -507.000000 | e:   1.000000 | Q:        nan | won: False 
#  174 | steps:  2071 | steps_t:     0 | t: 4.570737 | r:  -512.000000 | e:   1.000000 | Q:        nan | won: False 
#  175 | steps:  2078 | steps_t:     0 | t: 4.585202 | r:  -506.000000 | e:   1.000000 | Q:        nan | won: False 
#  176 | steps:  2089 | steps_t:     0 | t: 4.609769 | r:  -510.000000 | e:   1.000000 | Q:        nan | won: False 
#  177 | steps:  2099 | steps_t:     0 | t: 4.632377 | r:  -509.000000 | e:   1.000000 | Q:        nan | won: False 
#  178 | steps:  2109 | steps_t:     0 | t: 4.653941 | r:  -509.000000 | e:   1.000000 | Q:        nan | won: False 
#  179 | steps:  2117 | steps_t:     0 | t: 4.671071 | r:  -507.000000 | e:   1.000000 | Q:        nan | won: False 
#  180 | steps:  2135 | steps_t:     0 | t: 4.710855 | r:  -517.000000 | e:   1.000000 | Q:        nan | won: False 
#  181 | steps:  2142 | steps_t:     0 | t: 4.725196 | r:  -506.000000 | e:   1.000000 | Q:        nan | won: False 
#  182 | steps:  2149 | steps_t:     0 | t: 4.740162 | r:  -506.000000 | e:   1.000000 | Q:        nan | won: False 
#  183 | steps:  2172 | steps_t:     0 | t: 4.793131 | r:  -522.000000 | e:   1.000000 | Q:        nan | won: False 
#  184 | steps:  2183 | steps_t:     0 | t: 4.817770 | r:  -510.000000 | e:   1.000000 | Q:        nan | won: False 
#  185 | steps:  2192 | steps_t:     0 | t: 4.837409 | r:  -508.000000 | e:   1.000000 | Q:        nan | won: False 
#  186 | steps:  2200 | steps_t:     0 | t: 4.855126 | r:  -507.000000 | e:   1.000000 | Q:        nan | won: False 
#  187 | steps:  2209 | steps_t:     0 | t: 4.874978 | r:  -508.000000 | e:   1.000000 | Q:        nan | won: False 
#  188 | steps:  2215 | steps_t:     0 | t: 4.887501 | r:  -505.000000 | e:   1.000000 | Q:        nan | won: False 
#  189 | steps:  2226 | steps_t:     0 | t: 4.910665 | r:  -510.000000 | e:   1.000000 | Q:        nan | won: False 
#  190 | steps:  2237 | steps_t:     0 | t: 4.935823 | r:  -510.000000 | e:   1.000000 | Q:        nan | won: False 
#  191 | steps:  2248 | steps_t:     0 | t: 4.959777 | r:  -510.000000 | e:   1.000000 | Q:        nan | won: False 
#  192 | steps:  2254 | steps_t:     0 | t: 4.972818 | r:  -505.000000 | e:   1.000000 | Q:        nan | won: False 
#  193 | steps:  2261 | steps_t:     0 | t: 4.987754 | r:  -506.000000 | e:   1.000000 | Q:        nan | won: False 
#  194 | steps:  2272 | steps_t:     0 | t: 5.012005 | r:  -510.000000 | e:   1.000000 | Q:        nan | won: False 
#  195 | steps:  2280 | steps_t:     0 | t: 5.029774 | r:  -507.000000 | e:   1.000000 | Q:        nan | won: False 
#  196 | steps:  2288 | steps_t:     0 | t: 5.046450 | r:  -507.000000 | e:   1.000000 | Q:        nan | won: False 
#  197 | steps:  2294 | steps_t:     0 | t: 5.058835 | r:  -505.000000 | e:   1.000000 | Q:        nan | won: False 
#  198 | steps:  2302 | steps_t:     0 | t: 5.076061 | r:  -507.000000 | e:   1.000000 | Q:        nan | won: False 
#  199 | steps:  2308 | steps_t:     0 | t: 5.088959 | r:  -505.000000 | e:   1.000000 | Q:        nan | won: False 
#  200 | steps:  2326 | steps_t:     0 | t: 5.128743 | r:  -506.000000 | e:   1.000000 | Q:        nan | won: False 
#  201 | steps:  2349 | steps_t:     0 | t: 5.181094 | r:  -511.000000 | e:   1.000000 | Q:        nan | won: False 
#  202 | steps:  2372 | steps_t:     0 | t: 5.233140 | r:  -522.000000 | e:   1.000000 | Q:        nan | won: False 
#  203 | steps:  2384 | steps_t:     0 | t: 5.259476 | r:  -511.000000 | e:   1.000000 | Q:        nan | won: False 
#  204 | steps:  2390 | steps_t:     0 | t: 5.272719 | r:  -505.000000 | e:   1.000000 | Q:        nan | won: False 
#  205 | steps:  2399 | steps_t:     0 | t: 5.292679 | r:  -508.000000 | e:   1.000000 | Q:        nan | won: False 
#  206 | steps:  2409 | steps_t:     0 | t: 5.313803 | r:  -509.000000 | e:   1.000000 | Q:        nan | won: False 
#  207 | steps:  2418 | steps_t:     0 | t: 5.333199 | r:  -508.000000 | e:   1.000000 | Q:        nan | won: False 
#  208 | steps:  2429 | steps_t:     0 | t: 5.357670 | r:  -510.000000 | e:   1.000000 | Q:        nan | won: False 
#  209 | steps:  2439 | steps_t:     0 | t: 5.378923 | r:  -509.000000 | e:   1.000000 | Q:        nan | won: False 
#  210 | steps:  2447 | steps_t:     0 | t: 5.395978 | r:  -507.000000 | e:   1.000000 | Q:        nan | won: False 
#  211 | steps:  2458 | steps_t:     0 | t: 5.420624 | r:  -510.000000 | e:   1.000000 | Q:        nan | won: False 
#  212 | steps:  2477 | steps_t:     0 | t: 5.462847 | r:  -518.000000 | e:   1.000000 | Q:        nan | won: False 
#  213 | steps:  2486 | steps_t:     0 | t: 5.482270 | r:  -508.000000 | e:   1.000000 | Q:        nan | won: False 
#  214 | steps:  2501 | steps_t:     0 | t: 5.519727 | r:  -492.000000 | e:   1.000000 | Q:        nan | won: False 
#  215 | steps:  2511 | steps_t:     0 | t: 5.542022 | r:  -509.000000 | e:   1.000000 | Q:        nan | won: False 
#  216 | steps:  2521 | steps_t:     0 | t: 5.563652 | r:  -509.000000 | e:   1.000000 | Q:        nan | won: False 
#  217 | steps:  2528 | steps_t:     0 | t: 5.578907 | r:  -506.000000 | e:   1.000000 | Q:        nan | won: False 
#  218 | steps:  2535 | steps_t:     0 | t: 5.593814 | r:  -506.000000 | e:   1.000000 | Q:        nan | won: False 
#  219 | steps:  2550 | steps_t:     0 | t: 5.627741 | r:  -503.000000 | e:   1.000000 | Q:        nan | won: False 
#  220 | steps:  2558 | steps_t:     0 | t: 5.644149 | r:  -507.000000 | e:   1.000000 | Q:        nan | won: False 
#  221 | steps:  2577 | steps_t:     0 | t: 5.685375 | r:  -518.000000 | e:   1.000000 | Q:        nan | won: False 
#  222 | steps:  2584 | steps_t:     0 | t: 5.700176 | r:  -506.000000 | e:   1.000000 | Q:        nan | won: False 
#  223 | steps:  2590 | steps_t:     0 | t: 5.712687 | r:  -505.000000 | e:   1.000000 | Q:        nan | won: False 
#  224 | steps:  2607 | steps_t:     0 | t: 5.751504 | r:  -516.000000 | e:   1.000000 | Q:        nan | won: False 
#  225 | steps:  2617 | steps_t:     0 | t: 5.773607 | r:  -509.000000 | e:   1.000000 | Q:        nan | won: False 
#  226 | steps:  2624 | steps_t:     0 | t: 5.788451 | r:  -506.000000 | e:   1.000000 | Q:        nan | won: False 
#  227 | steps:  2639 | steps_t:     0 | t: 5.821900 | r:  -514.000000 | e:   1.000000 | Q:        nan | won: False 
#  228 | steps:  2654 | steps_t:     0 | t: 5.854719 | r:  -514.000000 | e:   1.000000 | Q:        nan | won: False 
#  229 | steps:  2664 | steps_t:     0 | t: 5.876171 | r:  -509.000000 | e:   1.000000 | Q:        nan | won: False 
#  230 | steps:  2673 | steps_t:     0 | t: 5.895040 | r:  -508.000000 | e:   1.000000 | Q:        nan | won: False 
#  231 | steps:  2680 | steps_t:     0 | t: 5.910364 | r:  -506.000000 | e:   1.000000 | Q:        nan | won: False 
#  232 | steps:  2688 | steps_t:     0 | t: 5.926995 | r:  -507.000000 | e:   1.000000 | Q:        nan | won: False 
#  233 | steps:  2698 | steps_t:     0 | t: 5.948917 | r:  -509.000000 | e:   1.000000 | Q:        nan | won: False 
#  234 | steps:  2708 | steps_t:     0 | t: 5.970275 | r:  -509.000000 | e:   1.000000 | Q:        nan | won: False 
#  235 | steps:  2716 | steps_t:     0 | t: 5.987801 | r:  -507.000000 | e:   1.000000 | Q:        nan | won: False 
#  236 | steps:  2739 | steps_t:     0 | t: 6.038710 | r:  -522.000000 | e:   1.000000 | Q:        nan | won: False 
#  237 | steps:  2748 | steps_t:     0 | t: 6.057772 | r:  -508.000000 | e:   1.000000 | Q:        nan | won: False 
#  238 | steps:  2755 | steps_t:     0 | t: 6.073107 | r:  -506.000000 | e:   1.000000 | Q:        nan | won: False 
#  239 | steps:  2762 | steps_t:     0 | t: 6.088533 | r:  -506.000000 | e:   1.000000 | Q:        nan | won: False 
#  240 | steps:  2772 | steps_t:     0 | t: 6.111005 | r:  -509.000000 | e:   1.000000 | Q:        nan | won: False 
#  241 | steps:  2783 | steps_t:     0 | t: 6.135922 | r:  -510.000000 | e:   1.000000 | Q:        nan | won: False 
#  242 | steps:  2790 | steps_t:     0 | t: 6.151376 | r:  -506.000000 | e:   1.000000 | Q:        nan | won: False 
#  243 | steps:  2806 | steps_t:     0 | t: 6.196533 | r:  -504.000000 | e:   1.000000 | Q:        nan | won: False 
#  244 | steps:  2817 | steps_t:     0 | t: 6.220592 | r:  -510.000000 | e:   1.000000 | Q:        nan | won: False 
#  245 | steps:  2825 | steps_t:     0 | t: 6.244194 | r:  -507.000000 | e:   1.000000 | Q:        nan | won: False 
#  246 | steps:  2835 | steps_t:     0 | t: 6.266237 | r:  -509.000000 | e:   1.000000 | Q:        nan | won: False 
#  247 | steps:  2862 | steps_t:     0 | t: 6.325890 | r:  -504.000000 | e:   1.000000 | Q:        nan | won: False 
#  248 | steps:  2877 | steps_t:     0 | t: 6.359710 | r:  -514.000000 | e:   1.000000 | Q:        nan | won: False 
#  249 | steps:  2889 | steps_t:     0 | t: 6.384855 | r:  -511.000000 | e:   1.000000 | Q:        nan | won: False 
#  250 | steps:  2898 | steps_t:     0 | t: 6.404182 | r:  -508.000000 | e:   1.000000 | Q:        nan | won: False 
#  251 | steps:  2903 | steps_t:     0 | t: 6.414035 | r:  -504.000000 | e:   1.000000 | Q:        nan | won: False 
#  252 | steps:  2914 | steps_t:     0 | t: 6.437680 | r:  -510.000000 | e:   1.000000 | Q:        nan | won: False 
#  253 | steps:  2923 | steps_t:     0 | t: 6.456986 | r:  -508.000000 | e:   1.000000 | Q:        nan | won: False 
#  254 | steps:  2943 | steps_t:     0 | t: 6.500026 | r:  -508.000000 | e:   1.000000 | Q:        nan | won: False 
#  255 | steps:  2959 | steps_t:     0 | t: 6.535108 | r:  -515.000000 | e:   1.000000 | Q:        nan | won: False 
#  256 | steps:  2974 | steps_t:     0 | t: 6.568361 | r:  -503.000000 | e:   1.000000 | Q:        nan | won: False 
#  257 | steps:  2983 | steps_t:     0 | t: 6.588014 | r:  -508.000000 | e:   1.000000 | Q:        nan | won: False 
#  258 | steps:  2998 | steps_t:     0 | t: 6.621529 | r:  -514.000000 | e:   1.000000 | Q:        nan | won: False 
#  259 | steps:  3008 | steps_t:     0 | t: 6.643717 | r:  -509.000000 | e:   1.000000 | Q:        nan | won: False 
#  260 | steps:  3017 | steps_t:     0 | t: 6.663530 | r:  -508.000000 | e:   1.000000 | Q:        nan | won: False 
#  261 | steps:  3025 | steps_t:     0 | t: 6.680625 | r:  -507.000000 | e:   1.000000 | Q:        nan | won: False 
#  262 | steps:  3031 | steps_t:     0 | t: 6.692928 | r:  -505.000000 | e:   1.000000 | Q:        nan | won: False 
#  263 | steps:  3040 | steps_t:     0 | t: 6.712726 | r:  -508.000000 | e:   1.000000 | Q:        nan | won: False 
#  264 | steps:  3046 | steps_t:     0 | t: 6.725961 | r:  -505.000000 | e:   1.000000 | Q:        nan | won: False 
#  265 | steps:  3053 | steps_t:     0 | t: 6.740325 | r:  -506.000000 | e:   1.000000 | Q:        nan | won: False 
#  266 | steps:  3067 | steps_t:     0 | t: 6.771151 | r:  -513.000000 | e:   1.000000 | Q:        nan | won: False 
#  267 | steps:  3081 | steps_t:     0 | t: 6.802382 | r:  -513.000000 | e:   1.000000 | Q:        nan | won: False 
#  268 | steps:  3086 | steps_t:     0 | t: 6.812259 | r:  -504.000000 | e:   1.000000 | Q:        nan | won: False 
#  269 | steps:  3099 | steps_t:     0 | t: 6.840171 | r:  -512.000000 | e:   1.000000 | Q:        nan | won: False 
#  270 | steps:  3110 | steps_t:     0 | t: 6.864074 | r:  -510.000000 | e:   1.000000 | Q:        nan | won: False 
#  271 | steps:  3120 | steps_t:     0 | t: 6.885086 | r:  -509.000000 | e:   1.000000 | Q:        nan | won: False 
#  272 | steps:  3132 | steps_t:     0 | t: 6.911652 | r:  -511.000000 | e:   1.000000 | Q:        nan | won: False 
#  273 | steps:  3147 | steps_t:     0 | t: 6.945383 | r:  -514.000000 | e:   1.000000 | Q:        nan | won: False 
#  274 | steps:  3162 | steps_t:     0 | t: 6.978837 | r:  -503.000000 | e:   1.000000 | Q:        nan | won: False 
#  275 | steps:  3172 | steps_t:     0 | t: 7.001168 | r:  -509.000000 | e:   1.000000 | Q:        nan | won: False 
#  276 | steps:  3186 | steps_t:     0 | t: 7.032500 | r:  -513.000000 | e:   1.000000 | Q:        nan | won: False 
#  277 | steps:  3200 | steps_t:     0 | t: 7.063990 | r:  -502.000000 | e:   1.000000 | Q:        nan | won: False 
#  278 | steps:  3207 | steps_t:     0 | t: 7.079584 | r:  -506.000000 | e:   1.000000 | Q:        nan | won: False 
#  279 | steps:  3219 | steps_t:     0 | t: 7.106748 | r:  -511.000000 | e:   1.000000 | Q:        nan | won: False 
#  280 | steps:  3230 | steps_t:     0 | t: 7.131732 | r:  -510.000000 | e:   1.000000 | Q:        nan | won: False 
#  281 | steps:  3238 | steps_t:     0 | t: 7.148851 | r:  -507.000000 | e:   1.000000 | Q:        nan | won: False 
#  282 | steps:  3250 | steps_t:     0 | t: 7.175724 | r:  -511.000000 | e:   1.000000 | Q:        nan | won: False 
#  283 | steps:  3258 | steps_t:     0 | t: 7.192761 | r:  -507.000000 | e:   1.000000 | Q:        nan | won: False 
#  284 | steps:  3266 | steps_t:     0 | t: 7.210382 | r:  -507.000000 | e:   1.000000 | Q:        nan | won: False 
#  285 | steps:  3271 | steps_t:     0 | t: 7.220707 | r:  -504.000000 | e:   1.000000 | Q:        nan | won: False 
#  286 | steps:  3280 | steps_t:     0 | t: 7.240740 | r:  -508.000000 | e:   1.000000 | Q:        nan | won: False 
#  287 | steps:  3292 | steps_t:     0 | t: 7.267065 | r:  -511.000000 | e:   1.000000 | Q:        nan | won: False 
#  288 | steps:  3302 | steps_t:     0 | t: 7.288435 | r:  -509.000000 | e:   1.000000 | Q:        nan | won: False 
#  289 | steps:  3309 | steps_t:     0 | t: 7.303853 | r:  -506.000000 | e:   1.000000 | Q:        nan | won: False 
#  290 | steps:  3316 | steps_t:     0 | t: 7.319239 | r:  -506.000000 | e:   1.000000 | Q:        nan | won: False 
#  291 | steps:  3325 | steps_t:     0 | t: 7.339026 | r:  -508.000000 | e:   1.000000 | Q:        nan | won: False 
#  292 | steps:  3332 | steps_t:     0 | t: 7.353511 | r:  -506.000000 | e:   1.000000 | Q:        nan | won: False 
#  293 | steps:  3357 | steps_t:     0 | t: 7.408902 | r:  -524.000000 | e:   1.000000 | Q:        nan | won: False 
#  294 | steps:  3370 | steps_t:     0 | t: 7.437042 | r:  -501.000000 | e:   1.000000 | Q:        nan | won: False 
#  295 | steps:  3379 | steps_t:     0 | t: 7.456368 | r:  -508.000000 | e:   1.000000 | Q:        nan | won: False 
#  296 | steps:  3395 | steps_t:     0 | t: 7.491157 | r:  -504.000000 | e:   1.000000 | Q:        nan | won: False 
#  297 | steps:  3402 | steps_t:     0 | t: 7.506426 | r:  -506.000000 | e:   1.000000 | Q:        nan | won: False 
#  298 | steps:  3410 | steps_t:     0 | t: 7.523932 | r:  -507.000000 | e:   1.000000 | Q:        nan | won: False 
#  299 | steps:  3420 | steps_t:     0 | t: 7.546137 | r:  -509.000000 | e:   1.000000 | Q:        nan | won: False 
#  300 | steps:  3433 | steps_t:     0 | t: 7.574981 | r:  -512.000000 | e:   1.000000 | Q:        nan | won: False 
#  301 | steps:  3455 | steps_t:     0 | t: 7.623127 | r:  -521.000000 | e:   1.000000 | Q:        nan | won: False 
#  302 | steps:  3464 | steps_t:     0 | t: 7.642028 | r:  -508.000000 | e:   1.000000 | Q:        nan | won: False 
#  303 | steps:  3473 | steps_t:     0 | t: 7.661473 | r:  -508.000000 | e:   1.000000 | Q:        nan | won: False 
#  304 | steps:  3480 | steps_t:     0 | t: 7.676257 | r:  -506.000000 | e:   1.000000 | Q:        nan | won: False 
#  305 | steps:  3503 | steps_t:     0 | t: 7.725992 | r:  -522.000000 | e:   1.000000 | Q:        nan | won: False 
#  306 | steps:  3521 | steps_t:     0 | t: 7.765696 | r:  -517.000000 | e:   1.000000 | Q:        nan | won: False 
#  307 | steps:  3538 | steps_t:     0 | t: 7.802468 | r:  -516.000000 | e:   1.000000 | Q:        nan | won: False 
#  308 | steps:  3553 | steps_t:     0 | t: 7.835119 | r:  -514.000000 | e:   1.000000 | Q:        nan | won: False 
#  309 | steps:  3560 | steps_t:     0 | t: 7.849390 | r:  -506.000000 | e:   1.000000 | Q:        nan | won: False 
#  310 | steps:  3571 | steps_t:     0 | t: 7.872972 | r:  -510.000000 | e:   1.000000 | Q:        nan | won: False 
#  311 | steps:  3601 | steps_t:     0 | t: 7.937844 | r:  -529.000000 | e:   1.000000 | Q:        nan | won: False 
#  312 | steps:  3607 | steps_t:     0 | t: 7.949976 | r:  -505.000000 | e:   1.000000 | Q:        nan | won: False 
#  313 | steps:  3617 | steps_t:     0 | t: 7.971725 | r:  -509.000000 | e:   1.000000 | Q:        nan | won: False 
#  314 | steps:  3635 | steps_t:     0 | t: 8.012296 | r:  -517.000000 | e:   1.000000 | Q:        nan | won: False 
#  315 | steps:  3647 | steps_t:     0 | t: 8.039280 | r:  -511.000000 | e:   1.000000 | Q:        nan | won: False 
#  316 | steps:  3655 | steps_t:     0 | t: 8.056285 | r:  -507.000000 | e:   1.000000 | Q:        nan | won: False 
#  317 | steps:  3666 | steps_t:     0 | t: 8.080911 | r:  -510.000000 | e:   1.000000 | Q:        nan | won: False 
#  318 | steps:  3682 | steps_t:     0 | t: 8.118059 | r:  -504.000000 | e:   1.000000 | Q:        nan | won: False 
#  319 | steps:  3706 | steps_t:     0 | t: 8.175619 | r:  -523.000000 | e:   1.000000 | Q:        nan | won: False 
#  320 | steps:  3724 | steps_t:     0 | t: 8.216397 | r:  -517.000000 | e:   1.000000 | Q:        nan | won: False 
#  321 | steps:  3735 | steps_t:     0 | t: 8.239618 | r:  -510.000000 | e:   1.000000 | Q:        nan | won: False 
#  322 | steps:  3741 | steps_t:     0 | t: 8.252598 | r:  -505.000000 | e:   1.000000 | Q:        nan | won: False 
#  323 | steps:  3752 | steps_t:     0 | t: 8.277542 | r:  -510.000000 | e:   1.000000 | Q:        nan | won: False 
#  324 | steps:  3767 | steps_t:     0 | t: 8.310274 | r:  -514.000000 | e:   1.000000 | Q:        nan | won: False 
#  325 | steps:  3779 | steps_t:     0 | t: 8.336528 | r:  -511.000000 | e:   1.000000 | Q:        nan | won: False 
#  326 | steps:  3789 | steps_t:     0 | t: 8.357475 | r:  -509.000000 | e:   1.000000 | Q:        nan | won: False 
#  327 | steps:  3795 | steps_t:     0 | t: 8.370140 | r:  -505.000000 | e:   1.000000 | Q:        nan | won: False 
#  328 | steps:  3803 | steps_t:     0 | t: 8.386412 | r:  -507.000000 | e:   1.000000 | Q:        nan | won: False 
#  329 | steps:  3827 | steps_t:     0 | t: 8.439752 | r:  -523.000000 | e:   1.000000 | Q:        nan | won: False 
#  330 | steps:  3833 | steps_t:     0 | t: 8.451755 | r:  -505.000000 | e:   1.000000 | Q:        nan | won: False 
#  331 | steps:  3838 | steps_t:     0 | t: 8.462081 | r:  -504.000000 | e:   1.000000 | Q:        nan | won: False 
#  332 | steps:  3849 | steps_t:     0 | t: 8.486415 | r:  -510.000000 | e:   1.000000 | Q:        nan | won: False 
#  333 | steps:  3857 | steps_t:     0 | t: 8.503369 | r:  -507.000000 | e:   1.000000 | Q:        nan | won: False 
#  334 | steps:  3866 | steps_t:     0 | t: 8.522346 | r:  -508.000000 | e:   1.000000 | Q:        nan | won: False 
#  335 | steps:  3872 | steps_t:     0 | t: 8.535270 | r:  -505.000000 | e:   1.000000 | Q:        nan | won: False 
#  336 | steps:  3896 | steps_t:     0 | t: 8.587827 | r:  -523.000000 | e:   1.000000 | Q:        nan | won: False 
#  337 | steps:  3904 | steps_t:     0 | t: 8.604608 | r:  -507.000000 | e:   1.000000 | Q:        nan | won: False 
#  338 | steps:  3918 | steps_t:     0 | t: 8.637210 | r:  -513.000000 | e:   1.000000 | Q:        nan | won: False 
#  339 | steps:  3937 | steps_t:     0 | t: 8.678632 | r:  -507.000000 | e:   1.000000 | Q:        nan | won: False 
#  340 | steps:  3947 | steps_t:     0 | t: 8.700288 | r:  -509.000000 | e:   1.000000 | Q:        nan | won: False 
#  341 | steps:  3962 | steps_t:     0 | t: 8.732714 | r:  -503.000000 | e:   1.000000 | Q:        nan | won: False 
#  342 | steps:  3976 | steps_t:     0 | t: 8.763233 | r:  -513.000000 | e:   1.000000 | Q:        nan | won: False 
#  343 | steps:  3988 | steps_t:     0 | t: 8.789055 | r:  -511.000000 | e:   1.000000 | Q:        nan | won: False 
#  344 | steps:  3998 | steps_t:     0 | t: 8.810237 | r:  -509.000000 | e:   1.000000 | Q:        nan | won: False 
#  345 | steps:  4005 | steps_t:     0 | t: 8.825511 | r:  -506.000000 | e:   1.000000 | Q:        nan | won: False 
#  346 | steps:  4030 | steps_t:     0 | t: 8.880527 | r:  -524.000000 | e:   1.000000 | Q:        nan | won: False 
#  347 | steps:  4039 | steps_t:     0 | t: 8.899512 | r:  -508.000000 | e:   1.000000 | Q:        nan | won: False 
#  348 | steps:  4045 | steps_t:     0 | t: 8.912462 | r:  -505.000000 | e:   1.000000 | Q:        nan | won: False 
#  349 | steps:  4055 | steps_t:     0 | t: 8.934650 | r:  -509.000000 | e:   1.000000 | Q:        nan | won: False 
#  350 | steps:  4067 | steps_t:     0 | t: 8.961479 | r:  -511.000000 | e:   1.000000 | Q:        nan | won: False 
#  351 | steps:  4076 | steps_t:     0 | t: 8.980869 | r:  -508.000000 | e:   1.000000 | Q:        nan | won: False 
#  352 | steps:  4082 | steps_t:     0 | t: 8.993738 | r:  -505.000000 | e:   1.000000 | Q:        nan | won: False 
#  353 | steps:  4093 | steps_t:     0 | t: 9.017596 | r:  -510.000000 | e:   1.000000 | Q:        nan | won: False 
#  354 | steps:  4103 | steps_t:     0 | t: 9.039551 | r:  -509.000000 | e:   1.000000 | Q:        nan | won: False 
#  355 | steps:  4111 | steps_t:     0 | t: 9.056849 | r:  -507.000000 | e:   1.000000 | Q:        nan | won: False 
#  356 | steps:  4126 | steps_t:     0 | t: 9.089880 | r:  -492.000000 | e:   1.000000 | Q:        nan | won: False 
#  357 | steps:  4142 | steps_t:     0 | t: 9.126382 | r:  -515.000000 | e:   1.000000 | Q:        nan | won: False 
#  358 | steps:  4160 | steps_t:     0 | t: 9.166436 | r:  -517.000000 | e:   1.000000 | Q:        nan | won: False 
#  359 | steps:  4170 | steps_t:     0 | t: 9.187652 | r:  -509.000000 | e:   1.000000 | Q:        nan | won: False 
#  360 | steps:  4176 | steps_t:     0 | t: 9.202459 | r:  -505.000000 | e:   1.000000 | Q:        nan | won: False 
#  361 | steps:  4190 | steps_t:     0 | t: 9.233886 | r:  -513.000000 | e:   1.000000 | Q:        nan | won: False 
#  362 | steps:  4199 | steps_t:     0 | t: 9.253219 | r:  -508.000000 | e:   1.000000 | Q:        nan | won: False 
#  363 | steps:  4207 | steps_t:     0 | t: 9.270884 | r:  -507.000000 | e:   1.000000 | Q:        nan | won: False 
#  364 | steps:  4216 | steps_t:     0 | t: 9.289614 | r:  -508.000000 | e:   1.000000 | Q:        nan | won: False 
#  365 | steps:  4236 | steps_t:     0 | t: 9.333615 | r:    92.000000 | e:   1.000000 | Q:        nan | won: True 
#  366 | steps:  4248 | steps_t:     0 | t: 9.360579 | r:  -511.000000 | e:   1.000000 | Q:        nan | won: False 
#  367 | steps:  4260 | steps_t:     0 | t: 9.386358 | r:  -511.000000 | e:   1.000000 | Q:        nan | won: False 
#  368 | steps:  4267 | steps_t:     0 | t: 9.401337 | r:  -506.000000 | e:   1.000000 | Q:        nan | won: False 
#  369 | steps:  4281 | steps_t:     0 | t: 9.431286 | r:  -513.000000 | e:   1.000000 | Q:        nan | won: False 
#  370 | steps:  4289 | steps_t:     0 | t: 9.448782 | r:  -507.000000 | e:   1.000000 | Q:        nan | won: False 
#  371 | steps:  4302 | steps_t:     0 | t: 9.477684 | r:  -512.000000 | e:   1.000000 | Q:        nan | won: False 
#  372 | steps:  4312 | steps_t:     0 | t: 9.499926 | r:  -509.000000 | e:   1.000000 | Q:        nan | won: False 
#  373 | steps:  4319 | steps_t:     0 | t: 9.515025 | r:  -506.000000 | e:   1.000000 | Q:        nan | won: False 
#  374 | steps:  4326 | steps_t:     0 | t: 9.529285 | r:  -506.000000 | e:   1.000000 | Q:        nan | won: False 
#  375 | steps:  4347 | steps_t:     0 | t: 9.575772 | r:  -509.000000 | e:   1.000000 | Q:        nan | won: False 
#  376 | steps:  4356 | steps_t:     0 | t: 9.595018 | r:  -508.000000 | e:   1.000000 | Q:        nan | won: False 
#  377 | steps:  4379 | steps_t:     0 | t: 9.647417 | r:  -522.000000 | e:   1.000000 | Q:        nan | won: False 
#  378 | steps:  4393 | steps_t:     0 | t: 9.677147 | r:  -502.000000 | e:   1.000000 | Q:        nan | won: False 
#  379 | steps:  4407 | steps_t:     0 | t: 9.708532 | r:  -513.000000 | e:   1.000000 | Q:        nan | won: False 
#  380 | steps:  4415 | steps_t:     0 | t: 9.725620 | r:  -507.000000 | e:   1.000000 | Q:        nan | won: False 
#  381 | steps:  4423 | steps_t:     0 | t: 9.742904 | r:  -507.000000 | e:   1.000000 | Q:        nan | won: False 
#  382 | steps:  4434 | steps_t:     0 | t: 9.766348 | r:  -510.000000 | e:   1.000000 | Q:        nan | won: False 
#  383 | steps:  4459 | steps_t:     0 | t: 9.822734 | r:  -524.000000 | e:   1.000000 | Q:        nan | won: False 
#  384 | steps:  4470 | steps_t:     0 | t: 9.847191 | r:  -510.000000 | e:   1.000000 | Q:        nan | won: False 
#  385 | steps:  4481 | steps_t:     0 | t: 9.870756 | r:  -510.000000 | e:   1.000000 | Q:        nan | won: False 
#  386 | steps:  4489 | steps_t:     0 | t: 9.887981 | r:  -507.000000 | e:   1.000000 | Q:        nan | won: False 
#  387 | steps:  4504 | steps_t:     0 | t: 9.921684 | r:  -492.000000 | e:   1.000000 | Q:        nan | won: False 
#  388 | steps:  4523 | steps_t:     0 | t: 9.963882 | r:  -518.000000 | e:   1.000000 | Q:        nan | won: False 
#  389 | steps:  4543 | steps_t:     0 | t: 10.006782 | r:  -508.000000 | e:   1.000000 | Q:        nan | won: False 
#  390 | steps:  4559 | steps_t:     0 | t: 10.041199 | r:  -504.000000 | e:   1.000000 | Q:        nan | won: False 
#  391 | steps:  4571 | steps_t:     0 | t: 10.067058 | r:  -511.000000 | e:   1.000000 | Q:        nan | won: False 
#  392 | steps:  4584 | steps_t:     0 | t: 10.095452 | r:  -512.000000 | e:   1.000000 | Q:        nan | won: False 
#  393 | steps:  4592 | steps_t:     0 | t: 10.113048 | r:  -507.000000 | e:   1.000000 | Q:        nan | won: False 
#  394 | steps:  4601 | steps_t:     0 | t: 10.132102 | r:  -508.000000 | e:   1.000000 | Q:        nan | won: False 
#  395 | steps:  4611 | steps_t:     0 | t: 10.153795 | r:  -509.000000 | e:   1.000000 | Q:        nan | won: False 
#  396 | steps:  4625 | steps_t:     0 | t: 10.184341 | r:  -513.000000 | e:   1.000000 | Q:        nan | won: False 
#  397 | steps:  4631 | steps_t:     0 | t: 10.196490 | r:  -505.000000 | e:   1.000000 | Q:        nan | won: False 
#  398 | steps:  4643 | steps_t:     0 | t: 10.222288 | r:  -511.000000 | e:   1.000000 | Q:        nan | won: False 
#  399 | steps:  4659 | steps_t:     0 | t: 10.257692 | r:  -515.000000 | e:   1.000000 | Q:        nan | won: False 
#  400 | steps:  4665 | steps_t:     0 | t: 10.270782 | r:  -505.000000 | e:   1.000000 | Q:        nan | won: False 
#  401 | steps:  4673 | steps_t:     0 | t: 10.287674 | r:  -507.000000 | e:   1.000000 | Q:        nan | won: False 
#  402 | steps:  4685 | steps_t:     0 | t: 10.313662 | r:  -511.000000 | e:   1.000000 | Q:        nan | won: False 
#  403 | steps:  4709 | steps_t:     0 | t: 10.368645 | r:  -523.000000 | e:   1.000000 | Q:        nan | won: False 
#  404 | steps:  4715 | steps_t:     0 | t: 10.381414 | r:  -505.000000 | e:   1.000000 | Q:        nan | won: False 
#  405 | steps:  4739 | steps_t:     0 | t: 10.434786 | r:  -523.000000 | e:   1.000000 | Q:        nan | won: False 
#  406 | steps:  4765 | steps_t:     0 | t: 10.490939 | r:  -514.000000 | e:   1.000000 | Q:        nan | won: False 
#  407 | steps:  4783 | steps_t:     0 | t: 10.529816 | r:  -506.000000 | e:   1.000000 | Q:        nan | won: False 
#  408 | steps:  4791 | steps_t:     0 | t: 10.546874 | r:  -507.000000 | e:   1.000000 | Q:        nan | won: False 
#  409 | steps:  4797 | steps_t:     0 | t: 10.559605 | r:  -505.000000 | e:   1.000000 | Q:        nan | won: False 
#  410 | steps:  4811 | steps_t:     0 | t: 10.589261 | r:  -502.000000 | e:   1.000000 | Q:        nan | won: False 
#  411 | steps:  4821 | steps_t:     0 | t: 10.610462 | r:  -509.000000 | e:   1.000000 | Q:        nan | won: False 
#  412 | steps:  4830 | steps_t:     0 | t: 10.629826 | r:  -508.000000 | e:   1.000000 | Q:        nan | won: False 
#  413 | steps:  4839 | steps_t:     0 | t: 10.649383 | r:  -508.000000 | e:   1.000000 | Q:        nan | won: False 
#  414 | steps:  4851 | steps_t:     0 | t: 10.674818 | r:  -511.000000 | e:   1.000000 | Q:        nan | won: False 
#  415 | steps:  4858 | steps_t:     0 | t: 10.689867 | r:  -506.000000 | e:   1.000000 | Q:        nan | won: False 
#  416 | steps:  4880 | steps_t:     0 | t: 10.737574 | r:  -521.000000 | e:   1.000000 | Q:        nan | won: False 
#  417 | steps:  4886 | steps_t:     0 | t: 10.749634 | r:  -505.000000 | e:   1.000000 | Q:        nan | won: False 
#  418 | steps:  4900 | steps_t:     0 | t: 10.780175 | r:  -513.000000 | e:   1.000000 | Q:        nan | won: False 
#  419 | steps:  4909 | steps_t:     0 | t: 10.799200 | r:  -508.000000 | e:   1.000000 | Q:        nan | won: False 
#  420 | steps:  4921 | steps_t:     0 | t: 10.825030 | r:  -511.000000 | e:   1.000000 | Q:        nan | won: False 
#  421 | steps:  4931 | steps_t:     0 | t: 10.846697 | r:  -509.000000 | e:   1.000000 | Q:        nan | won: False 
#  422 | steps:  4950 | steps_t:     0 | t: 10.888069 | r:  -518.000000 | e:   1.000000 | Q:        nan | won: False 
#  423 | steps:  4964 | steps_t:     0 | t: 10.918715 | r:  -513.000000 | e:   1.000000 | Q:        nan | won: False 
#  424 | steps:  4978 | steps_t:     0 | t: 10.948677 | r:  -502.000000 | e:   1.000000 | Q:        nan | won: False 
#  425 | steps:  4985 | steps_t:     0 | t: 10.963631 | r:  -506.000000 | e:   1.000000 | Q:        nan | won: False 
#  426 | steps:  4994 | steps_t:     0 | t: 10.982769 | r:  -508.000000 | e:   1.000000 | Q:        nan | won: False 
