#    1 | steps:     9 | steps_t:     0 | t: 0.029412 | r:  -508.000000 | e:   1.000000 | Q:        nan | won: False 
#    2 | steps:    20 | steps_t:     0 | t: 0.054365 | r:  -510.000000 | e:   1.000000 | Q:        nan | won: False 
#    3 | steps:    39 | steps_t:     0 | t: 0.098853 | r:  -507.000000 | e:   1.000000 | Q:        nan | won: False 
#    4 | steps:    50 | steps_t:     0 | t: 0.123783 | r:  -510.000000 | e:   1.000000 | Q:        nan | won: False 
#    5 | steps:    56 | steps_t:     0 | t: 0.137121 | r:  -505.000000 | e:   1.000000 | Q:        nan | won: False 
#    6 | steps:    73 | steps_t:     0 | t: 0.176023 | r:  -516.000000 | e:   1.000000 | Q:        nan | won: False 
#    7 | steps:    79 | steps_t:     0 | t: 0.188741 | r:  -505.000000 | e:   1.000000 | Q:        nan | won: False 
#    8 | steps:    91 | steps_t:     0 | t: 0.216072 | r:  -511.000000 | e:   1.000000 | Q:        nan | won: False 
#    9 | steps:   110 | steps_t:     0 | t: 0.259314 | r:  -518.000000 | e:   1.000000 | Q:        nan | won: False 
#   10 | steps:   119 | steps_t:     0 | t: 0.279490 | r:  -508.000000 | e:   1.000000 | Q:        nan | won: False 
#   11 | steps:   139 | steps_t:     0 | t: 0.324965 | r:  -519.000000 | e:   1.000000 | Q:        nan | won: False 
#   12 | steps:   153 | steps_t:     0 | t: 0.356959 | r:  -513.000000 | e:   1.000000 | Q:        nan | won: False 
#   13 | steps:   161 | steps_t:     0 | t: 0.374869 | r:  -507.000000 | e:   1.000000 | Q:        nan | won: False 
#   14 | steps:   173 | steps_t:     0 | t: 0.401447 | r:  -511.000000 | e:   1.000000 | Q:        nan | won: False 
#   15 | steps:   181 | steps_t:     0 | t: 0.419344 | r:  -507.000000 | e:   1.000000 | Q:        nan | won: False 
#   16 | steps:   192 | steps_t:     0 | t: 0.445034 | r:  -510.000000 | e:   1.000000 | Q:        nan | won: False 
#   17 | steps:   198 | steps_t:     0 | t: 0.457740 | r:  -505.000000 | e:   1.000000 | Q:        nan | won: False 
#   18 | steps:   205 | steps_t:     0 | t: 0.473474 | r:  -506.000000 | e:   1.000000 | Q:        nan | won: False 
#   19 | steps:   212 | steps_t:     0 | t: 0.488470 | r:  -506.000000 | e:   1.000000 | Q:        nan | won: False 
#   20 | steps:   228 | steps_t:     0 | t: 0.525049 | r:  -515.000000 | e:   1.000000 | Q:        nan | won: False 
#   21 | steps:   238 | steps_t:     0 | t: 0.547489 | r:  -509.000000 | e:   1.000000 | Q:        nan | won: False 
#   22 | steps:   245 | steps_t:     0 | t: 0.562521 | r:  -506.000000 | e:   1.000000 | Q:        nan | won: False 
#   23 | steps:   255 | steps_t:     0 | t: 0.585042 | r:  -509.000000 | e:   1.000000 | Q:        nan | won: False 
#   24 | steps:   266 | steps_t:     0 | t: 0.609999 | r:  -510.000000 | e:   1.000000 | Q:        nan | won: False 
#   25 | steps:   287 | steps_t:     0 | t: 0.657798 | r:  -520.000000 | e:   1.000000 | Q:        nan | won: False 
#   26 | steps:   300 | steps_t:     0 | t: 0.688063 | r:  -512.000000 | e:   1.000000 | Q:        nan | won: False 
#   27 | steps:   307 | steps_t:     0 | t: 0.703773 | r:  -506.000000 | e:   1.000000 | Q:        nan | won: False 
#   28 | steps:   312 | steps_t:     0 | t: 0.714027 | r:  -504.000000 | e:   1.000000 | Q:        nan | won: False 
#   29 | steps:   325 | steps_t:     0 | t: 0.744291 | r:  -512.000000 | e:   1.000000 | Q:        nan | won: False 
#   30 | steps:   348 | steps_t:     0 | t: 0.796684 | r:  -511.000000 | e:   1.000000 | Q:        nan | won: False 
#   31 | steps:   362 | steps_t:     0 | t: 0.828490 | r:  -513.000000 | e:   1.000000 | Q:        nan | won: False 
#   32 | steps:   376 | steps_t:     0 | t: 0.859993 | r:  -502.000000 | e:   1.000000 | Q:        nan | won: False 
#   33 | steps:   386 | steps_t:     0 | t: 0.882678 | r:  -509.000000 | e:   1.000000 | Q:        nan | won: False 
#   34 | steps:   392 | steps_t:     0 | t: 0.895447 | r:  -505.000000 | e:   1.000000 | Q:        nan | won: False 
#   35 | steps:   426 | steps_t:     0 | t: 0.974447 | r:  -533.000000 | e:   1.000000 | Q:        nan | won: False 
#   36 | steps:   434 | steps_t:     0 | t: 0.991902 | r:  -507.000000 | e:   1.000000 | Q:        nan | won: False 
#   37 | steps:   441 | steps_t:     0 | t: 1.007755 | r:  -506.000000 | e:   1.000000 | Q:        nan | won: False 
#   38 | steps:   453 | steps_t:     0 | t: 1.034853 | r:  -511.000000 | e:   1.000000 | Q:        nan | won: False 
#   39 | steps:   458 | steps_t:     0 | t: 1.045126 | r:  -504.000000 | e:   1.000000 | Q:        nan | won: False 
#   40 | steps:   471 | steps_t:     0 | t: 1.075373 | r:  -512.000000 | e:   1.000000 | Q:        nan | won: False 
#   41 | steps:   477 | steps_t:     0 | t: 1.088112 | r:  -505.000000 | e:   1.000000 | Q:        nan | won: False 
#   42 | steps:   483 | steps_t:     0 | t: 1.100818 | r:  -505.000000 | e:   1.000000 | Q:        nan | won: False 
#   43 | steps:   493 | steps_t:     0 | t: 1.123353 | r:  -509.000000 | e:   1.000000 | Q:        nan | won: False 
#   44 | steps:   507 | steps_t:     0 | t: 1.155385 | r:  -513.000000 | e:   1.000000 | Q:        nan | won: False 
#   45 | steps:   518 | steps_t:     0 | t: 1.180323 | r:  -510.000000 | e:   1.000000 | Q:        nan | won: False 
#   46 | steps:   528 | steps_t:     0 | t: 1.203038 | r:  -509.000000 | e:   1.000000 | Q:        nan | won: False 
#   47 | steps:   539 | steps_t:     0 | t: 1.228901 | r:  -510.000000 | e:   1.000000 | Q:        nan | won: False 
#   48 | steps:   549 | steps_t:     0 | t: 1.251107 | r:  -509.000000 | e:   1.000000 | Q:        nan | won: False 
#   49 | steps:   562 | steps_t:     0 | t: 1.280732 | r:  -512.000000 | e:   1.000000 | Q:        nan | won: False 
#   50 | steps:   568 | steps_t:     0 | t: 1.294139 | r:  -505.000000 | e:   1.000000 | Q:        nan | won: False 
#   51 | steps:   578 | steps_t:     0 | t: 1.316182 | r:  -509.000000 | e:   1.000000 | Q:        nan | won: False 
#   52 | steps:   589 | steps_t:     0 | t: 1.340968 | r:  -510.000000 | e:   1.000000 | Q:        nan | won: False 
#   53 | steps:   607 | steps_t:     0 | t: 1.382358 | r:  -506.000000 | e:   1.000000 | Q:        nan | won: False 
#   54 | steps:   613 | steps_t:     0 | t: 1.395012 | r:  -505.000000 | e:   1.000000 | Q:        nan | won: False 
#   55 | steps:   641 | steps_t:     0 | t: 1.459816 | r:    84.000000 | e:   1.000000 | Q:        nan | won: True 
#   56 | steps:   653 | steps_t:     0 | t: 1.487342 | r:  -511.000000 | e:   1.000000 | Q:        nan | won: False 
#   57 | steps:   658 | steps_t:     0 | t: 1.498466 | r:  -504.000000 | e:   1.000000 | Q:        nan | won: False 
#   58 | steps:   665 | steps_t:     0 | t: 1.513703 | r:  -506.000000 | e:   1.000000 | Q:        nan | won: False 
#   59 | steps:   670 | steps_t:     0 | t: 1.524113 | r:  -504.000000 | e:   1.000000 | Q:        nan | won: False 
#   60 | steps:   681 | steps_t:     0 | t: 1.549248 | r:  -510.000000 | e:   1.000000 | Q:        nan | won: False 
#   61 | steps:   689 | steps_t:     0 | t: 1.567321 | r:  -507.000000 | e:   1.000000 | Q:        nan | won: False 
#   62 | steps:   699 | steps_t:     0 | t: 1.589617 | r:  -509.000000 | e:   1.000000 | Q:        nan | won: False 
#   63 | steps:   707 | steps_t:     0 | t: 1.607697 | r:  -507.000000 | e:   1.000000 | Q:        nan | won: False 
#   64 | steps:   723 | steps_t:     0 | t: 1.644154 | r:  -515.000000 | e:   1.000000 | Q:        nan | won: False 
#   65 | steps:   737 | steps_t:     0 | t: 1.675815 | r:  -513.000000 | e:   1.000000 | Q:        nan | won: False 
#   66 | steps:   756 | steps_t:     0 | t: 1.719012 | r:  -507.000000 | e:   1.000000 | Q:        nan | won: False 
#   67 | steps:   762 | steps_t:     0 | t: 1.731709 | r:  -505.000000 | e:   1.000000 | Q:        nan | won: False 
#   68 | steps:   779 | steps_t:     0 | t: 1.769873 | r:  -516.000000 | e:   1.000000 | Q:        nan | won: False 
#   69 | steps:   806 | steps_t:     0 | t: 1.830851 | r:  -515.000000 | e:   1.000000 | Q:        nan | won: False 
#   70 | steps:   813 | steps_t:     0 | t: 1.845857 | r:  -506.000000 | e:   1.000000 | Q:        nan | won: False 
#   71 | steps:   824 | steps_t:     0 | t: 1.870103 | r:  -510.000000 | e:   1.000000 | Q:        nan | won: False 
#   72 | steps:   836 | steps_t:     0 | t: 1.896569 | r:  -511.000000 | e:   1.000000 | Q:        nan | won: False 
#   73 | steps:   842 | steps_t:     0 | t: 1.909229 | r:  -505.000000 | e:   1.000000 | Q:        nan | won: False 
#   74 | steps:   852 | steps_t:     0 | t: 1.931234 | r:  -509.000000 | e:   1.000000 | Q:        nan | won: False 
#   75 | steps:   862 | steps_t:     0 | t: 1.953223 | r:  -509.000000 | e:   1.000000 | Q:        nan | won: False 
#   76 | steps:   882 | steps_t:     0 | t: 1.997846 | r:  -508.000000 | e:   1.000000 | Q:        nan | won: False 
#   77 | steps:   888 | steps_t:     0 | t: 2.010580 | r:  -505.000000 | e:   1.000000 | Q:        nan | won: False 
#   78 | steps:   898 | steps_t:     0 | t: 2.032527 | r:  -509.000000 | e:   1.000000 | Q:        nan | won: False 
#   79 | steps:   906 | steps_t:     0 | t: 2.049778 | r:  -507.000000 | e:   1.000000 | Q:        nan | won: False 
#   80 | steps:   916 | steps_t:     0 | t: 2.071625 | r:  -509.000000 | e:   1.000000 | Q:        nan | won: False 
#   81 | steps:   926 | steps_t:     0 | t: 2.093504 | r:  -509.000000 | e:   1.000000 | Q:        nan | won: False 
#   82 | steps:   946 | steps_t:     0 | t: 2.138580 | r:  -519.000000 | e:   1.000000 | Q:        nan | won: False 
#   83 | steps:   955 | steps_t:     0 | t: 2.158134 | r:  -508.000000 | e:   1.000000 | Q:        nan | won: False 
#   84 | steps:   973 | steps_t:     0 | t: 2.197994 | r:  -506.000000 | e:   1.000000 | Q:        nan | won: False 
#   85 | steps:   985 | steps_t:     0 | t: 2.224532 | r:  -511.000000 | e:   1.000000 | Q:        nan | won: False 
#   86 | steps:  1003 | steps_t:     0 | t: 2.264223 | r:  -506.000000 | e:   1.000000 | Q:        nan | won: False 
#   87 | steps:  1009 | steps_t:     0 | t: 2.276911 | r:  -505.000000 | e:   1.000000 | Q:        nan | won: False 
#   88 | steps:  1025 | steps_t:     0 | t: 2.313662 | r:  -504.000000 | e:   1.000000 | Q:        nan | won: False 
#   89 | steps:  1042 | steps_t:     0 | t: 2.351817 | r:  -516.000000 | e:   1.000000 | Q:        nan | won: False 
#   90 | steps:  1056 | steps_t:     0 | t: 2.382936 | r:  -513.000000 | e:   1.000000 | Q:        nan | won: False 
#   91 | steps:  1070 | steps_t:     0 | t: 2.414132 | r:  -513.000000 | e:   1.000000 | Q:        nan | won: False 
#   92 | steps:  1083 | steps_t:     0 | t: 2.443136 | r:  -512.000000 | e:   1.000000 | Q:        nan | won: False 
#   93 | steps:  1090 | steps_t:     0 | t: 2.458068 | r:  -506.000000 | e:   1.000000 | Q:        nan | won: False 
#   94 | steps:  1102 | steps_t:     0 | t: 2.484715 | r:  -511.000000 | e:   1.000000 | Q:        nan | won: False 
#   95 | steps:  1109 | steps_t:     0 | t: 2.499753 | r:  -506.000000 | e:   1.000000 | Q:        nan | won: False 
#   96 | steps:  1119 | steps_t:     0 | t: 2.521774 | r:  -509.000000 | e:   1.000000 | Q:        nan | won: False 
#   97 | steps:  1130 | steps_t:     0 | t: 2.546055 | r:  -510.000000 | e:   1.000000 | Q:        nan | won: False 
#   98 | steps:  1140 | steps_t:     0 | t: 2.568005 | r:  -509.000000 | e:   1.000000 | Q:        nan | won: False 
#   99 | steps:  1148 | steps_t:     0 | t: 2.585178 | r:  -507.000000 | e:   1.000000 | Q:        nan | won: False 
#  100 | steps:  1157 | steps_t:     0 | t: 2.604661 | r:  -508.000000 | e:   1.000000 | Q:        nan | won: False 
#  101 | steps:  1166 | steps_t:     0 | t: 2.624072 | r:  -508.000000 | e:   1.000000 | Q:        nan | won: False 
#  102 | steps:  1187 | steps_t:     0 | t: 2.669960 | r:  -509.000000 | e:   1.000000 | Q:        nan | won: False 
#  103 | steps:  1194 | steps_t:     0 | t: 2.684604 | r:  -506.000000 | e:   1.000000 | Q:        nan | won: False 
#  104 | steps:  1203 | steps_t:     0 | t: 2.703940 | r:  -508.000000 | e:   1.000000 | Q:        nan | won: False 
#  105 | steps:  1212 | steps_t:     0 | t: 2.723287 | r:  -508.000000 | e:   1.000000 | Q:        nan | won: False 
#  106 | steps:  1221 | steps_t:     0 | t: 2.742628 | r:  -508.000000 | e:   1.000000 | Q:        nan | won: False 
#  107 | steps:  1229 | steps_t:     0 | t: 2.759436 | r:  -507.000000 | e:   1.000000 | Q:        nan | won: False 
#  108 | steps:  1251 | steps_t:     0 | t: 2.808102 | r:  -510.000000 | e:   1.000000 | Q:        nan | won: False 
#  109 | steps:  1276 | steps_t:     0 | t: 2.863772 | r:  -524.000000 | e:   1.000000 | Q:        nan | won: False 
#  110 | steps:  1287 | steps_t:     0 | t: 2.887422 | r:  -510.000000 | e:   1.000000 | Q:        nan | won: False 
#  111 | steps:  1293 | steps_t:     0 | t: 2.899810 | r:  -505.000000 | e:   1.000000 | Q:        nan | won: False 
#  112 | steps:  1302 | steps_t:     0 | t: 2.918925 | r:  -508.000000 | e:   1.000000 | Q:        nan | won: False 
#  113 | steps:  1311 | steps_t:     0 | t: 2.938202 | r:  -508.000000 | e:   1.000000 | Q:        nan | won: False 
#  114 | steps:  1318 | steps_t:     0 | t: 2.953010 | r:  -506.000000 | e:   1.000000 | Q:        nan | won: False 
#  115 | steps:  1329 | steps_t:     0 | t: 2.976781 | r:  -510.000000 | e:   1.000000 | Q:        nan | won: False 
#  116 | steps:  1338 | steps_t:     0 | t: 2.996103 | r:  -508.000000 | e:   1.000000 | Q:        nan | won: False 
#  117 | steps:  1348 | steps_t:     0 | t: 3.017536 | r:  -509.000000 | e:   1.000000 | Q:        nan | won: False 
#  118 | steps:  1360 | steps_t:     0 | t: 3.043647 | r:  -511.000000 | e:   1.000000 | Q:        nan | won: False 
#  119 | steps:  1369 | steps_t:     0 | t: 3.062947 | r:  -508.000000 | e:   1.000000 | Q:        nan | won: False 
#  120 | steps:  1377 | steps_t:     0 | t: 3.079930 | r:  -507.000000 | e:   1.000000 | Q:        nan | won: False 
#  121 | steps:  1404 | steps_t:     0 | t: 3.139361 | r:  -515.000000 | e:   1.000000 | Q:        nan | won: False 
#  122 | steps:  1415 | steps_t:     0 | t: 3.163249 | r:  -510.000000 | e:   1.000000 | Q:        nan | won: False 
#  123 | steps:  1422 | steps_t:     0 | t: 3.178102 | r:  -506.000000 | e:   1.000000 | Q:        nan | won: False 
#  124 | steps:  1440 | steps_t:     0 | t: 3.217398 | r:  -506.000000 | e:   1.000000 | Q:        nan | won: False 
#  125 | steps:  1454 | steps_t:     0 | t: 3.248074 | r:  -502.000000 | e:   1.000000 | Q:        nan | won: False 
#  126 | steps:  1464 | steps_t:     0 | t: 3.269143 | r:  -509.000000 | e:   1.000000 | Q:        nan | won: False 
#  127 | steps:  1472 | steps_t:     0 | t: 3.286065 | r:  -507.000000 | e:   1.000000 | Q:        nan | won: False 
#  128 | steps:  1478 | steps_t:     0 | t: 3.298605 | r:  -505.000000 | e:   1.000000 | Q:        nan | won: False 
#  129 | steps:  1495 | steps_t:     0 | t: 3.336166 | r:  -516.000000 | e:   1.000000 | Q:        nan | won: False 
#  130 | steps:  1504 | steps_t:     0 | t: 3.355603 | r:  -508.000000 | e:   1.000000 | Q:        nan | won: False 
#  131 | steps:  1510 | steps_t:     0 | t: 3.368066 | r:  -505.000000 | e:   1.000000 | Q:        nan | won: False 
#  132 | steps:  1519 | steps_t:     0 | t: 3.387218 | r:  -508.000000 | e:   1.000000 | Q:        nan | won: False 
#  133 | steps:  1525 | steps_t:     0 | t: 3.399512 | r:  -505.000000 | e:   1.000000 | Q:        nan | won: False 
#  134 | steps:  1536 | steps_t:     0 | t: 3.422901 | r:  -510.000000 | e:   1.000000 | Q:        nan | won: False 
#  135 | steps:  1541 | steps_t:     0 | t: 3.433167 | r:  -504.000000 | e:   1.000000 | Q:        nan | won: False 
#  136 | steps:  1553 | steps_t:     0 | t: 3.459292 | r:  -511.000000 | e:   1.000000 | Q:        nan | won: False 
#  137 | steps:  1572 | steps_t:     0 | t: 3.501040 | r:  -507.000000 | e:   1.000000 | Q:        nan | won: False 
#  138 | steps:  1580 | steps_t:     0 | t: 3.517983 | r:  -507.000000 | e:   1.000000 | Q:        nan | won: False 
#  139 | steps:  1588 | steps_t:     0 | t: 3.534852 | r:  -507.000000 | e:   1.000000 | Q:        nan | won: False 
#  140 | steps:  1599 | steps_t:     0 | t: 3.558811 | r:  -510.000000 | e:   1.000000 | Q:        nan | won: False 
#  141 | steps:  1610 | steps_t:     0 | t: 3.582690 | r:  -510.000000 | e:   1.000000 | Q:        nan | won: False 
#  142 | steps:  1617 | steps_t:     0 | t: 3.597544 | r:  -506.000000 | e:   1.000000 | Q:        nan | won: False 
#  143 | steps:  1629 | steps_t:     0 | t: 3.623638 | r:  -511.000000 | e:   1.000000 | Q:        nan | won: False 
#  144 | steps:  1638 | steps_t:     0 | t: 3.642989 | r:  -508.000000 | e:   1.000000 | Q:        nan | won: False 
#  145 | steps:  1646 | steps_t:     0 | t: 3.659832 | r:  -507.000000 | e:   1.000000 | Q:        nan | won: False 
#  146 | steps:  1655 | steps_t:     0 | t: 3.678782 | r:  -508.000000 | e:   1.000000 | Q:        nan | won: False 
#  147 | steps:  1662 | steps_t:     0 | t: 3.693359 | r:  -506.000000 | e:   1.000000 | Q:        nan | won: False 
#  148 | steps:  1672 | steps_t:     0 | t: 3.714756 | r:  -509.000000 | e:   1.000000 | Q:        nan | won: False 
#  149 | steps:  1686 | steps_t:     0 | t: 3.745365 | r:  -502.000000 | e:   1.000000 | Q:        nan | won: False 
#  150 | steps:  1692 | steps_t:     0 | t: 3.758113 | r:  -505.000000 | e:   1.000000 | Q:        nan | won: False 
#  151 | steps:  1718 | steps_t:     0 | t: 3.815145 | r:  -525.000000 | e:   1.000000 | Q:        nan | won: False 
#  152 | steps:  1739 | steps_t:     0 | t: 3.861403 | r:  -520.000000 | e:   1.000000 | Q:        nan | won: False 
#  153 | steps:  1748 | steps_t:     0 | t: 3.880529 | r:  -508.000000 | e:   1.000000 | Q:        nan | won: False 
#  154 | steps:  1759 | steps_t:     0 | t: 3.904038 | r:  -510.000000 | e:   1.000000 | Q:        nan | won: False 
#  155 | steps:  1767 | steps_t:     0 | t: 3.921201 | r:  -507.000000 | e:   1.000000 | Q:        nan | won: False 
#  156 | steps:  1773 | steps_t:     0 | t: 3.933530 | r:  -505.000000 | e:   1.000000 | Q:        nan | won: False 
#  157 | steps:  1782 | steps_t:     0 | t: 3.953515 | r:  -508.000000 | e:   1.000000 | Q:        nan | won: False 
#  158 | steps:  1799 | steps_t:     0 | t: 3.991816 | r:  -516.000000 | e:   1.000000 | Q:        nan | won: False 
#  159 | steps:  1820 | steps_t:     0 | t: 4.038861 | r:  -520.000000 | e:   1.000000 | Q:        nan | won: False 
#  160 | steps:  1828 | steps_t:     0 | t: 4.055889 | r:  -507.000000 | e:   1.000000 | Q:        nan | won: False 
#  161 | steps:  1838 | steps_t:     0 | t: 4.078166 | r:  -509.000000 | e:   1.000000 | Q:        nan | won: False 
#  162 | steps:  1851 | steps_t:     0 | t: 4.108306 | r:  -512.000000 | e:   1.000000 | Q:        nan | won: False 
#  163 | steps:  1860 | steps_t:     0 | t: 4.127593 | r:  -508.000000 | e:   1.000000 | Q:        nan | won: False 
#  164 | steps:  1869 | steps_t:     0 | t: 4.147508 | r:  -508.000000 | e:   1.000000 | Q:        nan | won: False 
#  165 | steps:  1883 | steps_t:     0 | t: 4.178428 | r:  -513.000000 | e:   1.000000 | Q:        nan | won: False 
#  166 | steps:  1892 | steps_t:     0 | t: 4.197777 | r:  -508.000000 | e:   1.000000 | Q:        nan | won: False 
#  167 | steps:  1900 | steps_t:     0 | t: 4.215413 | r:  -507.000000 | e:   1.000000 | Q:        nan | won: False 
#  168 | steps:  1924 | steps_t:     0 | t: 4.269017 | r:  -523.000000 | e:   1.000000 | Q:        nan | won: False 
#  169 | steps:  1943 | steps_t:     0 | t: 4.311491 | r:  -507.000000 | e:   1.000000 | Q:        nan | won: False 
#  170 | steps:  1952 | steps_t:     0 | t: 4.331560 | r:  -508.000000 | e:   1.000000 | Q:        nan | won: False 
#  171 | steps:  1958 | steps_t:     0 | t: 4.344764 | r:  -505.000000 | e:   1.000000 | Q:        nan | won: False 
#  172 | steps:  1970 | steps_t:     0 | t: 4.370774 | r:  -511.000000 | e:   1.000000 | Q:        nan | won: False 
#  173 | steps:  1989 | steps_t:     0 | t: 4.413658 | r:  -518.000000 | e:   1.000000 | Q:        nan | won: False 
#  174 | steps:  2003 | steps_t:     0 | t: 4.445958 | r:  -513.000000 | e:   1.000000 | Q:        nan | won: False 
#  175 | steps:  2019 | steps_t:     0 | t: 4.481914 | r:  -504.000000 | e:   1.000000 | Q:        nan | won: False 
#  176 | steps:  2038 | steps_t:     0 | t: 4.524458 | r:  -518.000000 | e:   1.000000 | Q:        nan | won: False 
#  177 | steps:  2048 | steps_t:     0 | t: 4.546527 | r:  -509.000000 | e:   1.000000 | Q:        nan | won: False 
#  178 | steps:  2056 | steps_t:     0 | t: 4.564569 | r:  -507.000000 | e:   1.000000 | Q:        nan | won: False 
#  179 | steps:  2066 | steps_t:     0 | t: 4.586901 | r:  -509.000000 | e:   1.000000 | Q:        nan | won: False 
#  180 | steps:  2079 | steps_t:     0 | t: 4.615338 | r:  -512.000000 | e:   1.000000 | Q:        nan | won: False 
#  181 | steps:  2088 | steps_t:     0 | t: 4.634681 | r:  -508.000000 | e:   1.000000 | Q:        nan | won: False 
#  182 | steps:  2097 | steps_t:     0 | t: 4.654712 | r:  -508.000000 | e:   1.000000 | Q:        nan | won: False 
#  183 | steps:  2111 | steps_t:     0 | t: 4.685986 | r:  -513.000000 | e:   1.000000 | Q:        nan | won: False 
#  184 | steps:  2117 | steps_t:     0 | t: 4.698536 | r:  -505.000000 | e:   1.000000 | Q:        nan | won: False 
#  185 | steps:  2129 | steps_t:     0 | t: 4.725078 | r:  -511.000000 | e:   1.000000 | Q:        nan | won: False 
#  186 | steps:  2137 | steps_t:     0 | t: 4.742738 | r:  -507.000000 | e:   1.000000 | Q:        nan | won: False 
#  187 | steps:  2156 | steps_t:     0 | t: 4.785298 | r:  -518.000000 | e:   1.000000 | Q:        nan | won: False 
#  188 | steps:  2174 | steps_t:     0 | t: 4.825684 | r:  -517.000000 | e:   1.000000 | Q:        nan | won: False 
#  189 | steps:  2180 | steps_t:     0 | t: 4.837763 | r:  -505.000000 | e:   1.000000 | Q:        nan | won: False 
#  190 | steps:  2190 | steps_t:     0 | t: 4.859972 | r:  -509.000000 | e:   1.000000 | Q:        nan | won: False 
#  191 | steps:  2202 | steps_t:     0 | t: 4.885634 | r:  -511.000000 | e:   1.000000 | Q:        nan | won: False 
#  192 | steps:  2217 | steps_t:     0 | t: 4.919273 | r:  -492.000000 | e:   1.000000 | Q:        nan | won: False 
#  193 | steps:  2228 | steps_t:     0 | t: 4.943459 | r:  -510.000000 | e:   1.000000 | Q:        nan | won: False 
#  194 | steps:  2234 | steps_t:     0 | t: 4.956649 | r:  -505.000000 | e:   1.000000 | Q:        nan | won: False 
#  195 | steps:  2243 | steps_t:     0 | t: 4.975973 | r:  -508.000000 | e:   1.000000 | Q:        nan | won: False 
#  196 | steps:  2266 | steps_t:     0 | t: 5.028441 | r:  -522.000000 | e:   1.000000 | Q:        nan | won: False 
#  197 | steps:  2271 | steps_t:     0 | t: 5.038639 | r:  -504.000000 | e:   1.000000 | Q:        nan | won: False 
#  198 | steps:  2278 | steps_t:     0 | t: 5.054775 | r:  -506.000000 | e:   1.000000 | Q:        nan | won: False 
#  199 | steps:  2291 | steps_t:     0 | t: 5.083345 | r:  -512.000000 | e:   1.000000 | Q:        nan | won: False 
#  200 | steps:  2308 | steps_t:     0 | t: 5.122001 | r:  -505.000000 | e:   1.000000 | Q:        nan | won: False 
#  201 | steps:  2314 | steps_t:     0 | t: 5.134612 | r:  -505.000000 | e:   1.000000 | Q:        nan | won: False 
#  202 | steps:  2331 | steps_t:     0 | t: 5.172496 | r:  -505.000000 | e:   1.000000 | Q:        nan | won: False 
#  203 | steps:  2349 | steps_t:     0 | t: 5.213460 | r:  -517.000000 | e:   1.000000 | Q:        nan | won: False 
#  204 | steps:  2356 | steps_t:     0 | t: 5.228356 | r:  -506.000000 | e:   1.000000 | Q:        nan | won: False 
#  205 | steps:  2373 | steps_t:     0 | t: 5.267255 | r:  -516.000000 | e:   1.000000 | Q:        nan | won: False 
#  206 | steps:  2381 | steps_t:     0 | t: 5.284347 | r:  -507.000000 | e:   1.000000 | Q:        nan | won: False 
#  207 | steps:  2388 | steps_t:     0 | t: 5.299829 | r:  -506.000000 | e:   1.000000 | Q:        nan | won: False 
#  208 | steps:  2396 | steps_t:     0 | t: 5.316895 | r:  -507.000000 | e:   1.000000 | Q:        nan | won: False 
#  209 | steps:  2407 | steps_t:     0 | t: 5.341353 | r:  -510.000000 | e:   1.000000 | Q:        nan | won: False 
#  210 | steps:  2421 | steps_t:     0 | t: 5.372570 | r:  -513.000000 | e:   1.000000 | Q:        nan | won: False 
#  211 | steps:  2428 | steps_t:     0 | t: 5.387200 | r:  -506.000000 | e:   1.000000 | Q:        nan | won: False 
#  212 | steps:  2438 | steps_t:     0 | t: 5.409490 | r:  -509.000000 | e:   1.000000 | Q:        nan | won: False 
#  213 | steps:  2450 | steps_t:     0 | t: 5.437023 | r:  -511.000000 | e:   1.000000 | Q:        nan | won: False 
#  214 | steps:  2461 | steps_t:     0 | t: 5.461647 | r:  -510.000000 | e:   1.000000 | Q:        nan | won: False 
#  215 | steps:  2468 | steps_t:     0 | t: 5.476529 | r:  -506.000000 | e:   1.000000 | Q:        nan | won: False 
#  216 | steps:  2476 | steps_t:     0 | t: 5.494247 | r:  -507.000000 | e:   1.000000 | Q:        nan | won: False 
#  217 | steps:  2489 | steps_t:     0 | t: 5.523017 | r:  -512.000000 | e:   1.000000 | Q:        nan | won: False 
#  218 | steps:  2496 | steps_t:     0 | t: 5.537628 | r:  -506.000000 | e:   1.000000 | Q:        nan | won: False 
#  219 | steps:  2504 | steps_t:     0 | t: 5.555395 | r:  -507.000000 | e:   1.000000 | Q:        nan | won: False 
#  220 | steps:  2512 | steps_t:     0 | t: 5.573176 | r:  -507.000000 | e:   1.000000 | Q:        nan | won: False 
#  221 | steps:  2524 | steps_t:     0 | t: 5.599382 | r:  -511.000000 | e:   1.000000 | Q:        nan | won: False 
#  222 | steps:  2534 | steps_t:     0 | t: 5.621406 | r:  -509.000000 | e:   1.000000 | Q:        nan | won: False 
#  223 | steps:  2554 | steps_t:     0 | t: 5.665072 | r:  -508.000000 | e:   1.000000 | Q:        nan | won: False 
#  224 | steps:  2564 | steps_t:     0 | t: 5.687200 | r:  -509.000000 | e:   1.000000 | Q:        nan | won: False 
#  225 | steps:  2573 | steps_t:     0 | t: 5.707068 | r:  -508.000000 | e:   1.000000 | Q:        nan | won: False 
#  226 | steps:  2580 | steps_t:     0 | t: 5.721856 | r:  -506.000000 | e:   1.000000 | Q:        nan | won: False 
#  227 | steps:  2597 | steps_t:     0 | t: 5.762199 | r:  -505.000000 | e:   1.000000 | Q:        nan | won: False 
#  228 | steps:  2612 | steps_t:     0 | t: 5.794956 | r:  -514.000000 | e:   1.000000 | Q:        nan | won: False 
#  229 | steps:  2623 | steps_t:     0 | t: 5.818626 | r:  -510.000000 | e:   1.000000 | Q:        nan | won: False 
#  230 | steps:  2642 | steps_t:     0 | t: 5.861165 | r:  -507.000000 | e:   1.000000 | Q:        nan | won: False 
#  231 | steps:  2669 | steps_t:     0 | t: 5.921093 | r:  -515.000000 | e:   1.000000 | Q:        nan | won: False 
#  232 | steps:  2676 | steps_t:     0 | t: 5.935790 | r:  -506.000000 | e:   1.000000 | Q:        nan | won: False 
#  233 | steps:  2684 | steps_t:     0 | t: 5.954285 | r:  -507.000000 | e:   1.000000 | Q:        nan | won: False 
#  234 | steps:  2694 | steps_t:     0 | t: 5.975143 | r:  -509.000000 | e:   1.000000 | Q:        nan | won: False 
#  235 | steps:  2700 | steps_t:     0 | t: 5.987186 | r:  -505.000000 | e:   1.000000 | Q:        nan | won: False 
#  236 | steps:  2710 | steps_t:     0 | t: 6.008890 | r:  -509.000000 | e:   1.000000 | Q:        nan | won: False 
#  237 | steps:  2725 | steps_t:     0 | t: 6.042542 | r:  -503.000000 | e:   1.000000 | Q:        nan | won: False 
#  238 | steps:  2736 | steps_t:     0 | t: 6.066876 | r:  -510.000000 | e:   1.000000 | Q:        nan | won: False 
#  239 | steps:  2748 | steps_t:     0 | t: 6.093903 | r:  -511.000000 | e:   1.000000 | Q:        nan | won: False 
#  240 | steps:  2756 | steps_t:     0 | t: 6.111069 | r:  -507.000000 | e:   1.000000 | Q:        nan | won: False 
#  241 | steps:  2767 | steps_t:     0 | t: 6.134207 | r:  -510.000000 | e:   1.000000 | Q:        nan | won: False 
#  242 | steps:  2777 | steps_t:     0 | t: 6.155970 | r:  -509.000000 | e:   1.000000 | Q:        nan | won: False 
#  243 | steps:  2783 | steps_t:     0 | t: 6.168849 | r:  -505.000000 | e:   1.000000 | Q:        nan | won: False 
#  244 | steps:  2809 | steps_t:     0 | t: 6.226023 | r:  -525.000000 | e:   1.000000 | Q:        nan | won: False 
#  245 | steps:  2824 | steps_t:     0 | t: 6.259445 | r:  -514.000000 | e:   1.000000 | Q:        nan | won: False 
#  246 | steps:  2845 | steps_t:     0 | t: 6.306838 | r:  -509.000000 | e:   1.000000 | Q:        nan | won: False 
#  247 | steps:  2853 | steps_t:     0 | t: 6.324548 | r:  -507.000000 | e:   1.000000 | Q:        nan | won: False 
#  248 | steps:  2860 | steps_t:     0 | t: 6.339145 | r:  -506.000000 | e:   1.000000 | Q:        nan | won: False 
#  249 | steps:  2869 | steps_t:     0 | t: 6.359077 | r:  -508.000000 | e:   1.000000 | Q:        nan | won: False 
#  250 | steps:  2888 | steps_t:     0 | t: 6.401734 | r:  -507.000000 | e:   1.000000 | Q:        nan | won: False 
#  251 | steps:  2908 | steps_t:     0 | t: 6.447706 | r:  -508.000000 | e:   1.000000 | Q:        nan | won: False 
#  252 | steps:  2934 | steps_t:     0 | t: 6.509423 | r:  -525.000000 | e:   1.000000 | Q:        nan | won: False 
#  253 | steps:  2943 | steps_t:     0 | t: 6.529414 | r:  -508.000000 | e:   1.000000 | Q:        nan | won: False 
#  254 | steps:  2962 | steps_t:     0 | t: 6.571772 | r:  -507.000000 | e:   1.000000 | Q:        nan | won: False 
#  255 | steps:  2970 | steps_t:     0 | t: 6.588376 | r:  -507.000000 | e:   1.000000 | Q:        nan | won: False 
#  256 | steps:  2976 | steps_t:     0 | t: 6.601592 | r:  -505.000000 | e:   1.000000 | Q:        nan | won: False 
#  257 | steps:  2982 | steps_t:     0 | t: 6.614232 | r:  -505.000000 | e:   1.000000 | Q:        nan | won: False 
#  258 | steps:  2988 | steps_t:     0 | t: 6.627286 | r:  -505.000000 | e:   1.000000 | Q:        nan | won: False 
#  259 | steps:  3002 | steps_t:     0 | t: 6.658532 | r:  -502.000000 | e:   1.000000 | Q:        nan | won: False 
#  260 | steps:  3020 | steps_t:     0 | t: 6.698605 | r:  -517.000000 | e:   1.000000 | Q:        nan | won: False 
#  261 | steps:  3032 | steps_t:     0 | t: 6.725095 | r:  -511.000000 | e:   1.000000 | Q:        nan | won: False 
#  262 | steps:  3045 | steps_t:     0 | t: 6.754233 | r:  -512.000000 | e:   1.000000 | Q:        nan | won: False 
#  263 | steps:  3051 | steps_t:     0 | t: 6.766617 | r:  -505.000000 | e:   1.000000 | Q:        nan | won: False 
#  264 | steps:  3065 | steps_t:     0 | t: 6.797664 | r:  -513.000000 | e:   1.000000 | Q:        nan | won: False 
#  265 | steps:  3074 | steps_t:     0 | t: 6.816844 | r:  -508.000000 | e:   1.000000 | Q:        nan | won: False 
#  266 | steps:  3079 | steps_t:     0 | t: 6.826906 | r:  -504.000000 | e:   1.000000 | Q:        nan | won: False 
#  267 | steps:  3092 | steps_t:     0 | t: 6.855973 | r:  -512.000000 | e:   1.000000 | Q:        nan | won: False 
#  268 | steps:  3115 | steps_t:     0 | t: 6.906773 | r:  -522.000000 | e:   1.000000 | Q:        nan | won: False 
#  269 | steps:  3123 | steps_t:     0 | t: 6.923340 | r:  -507.000000 | e:   1.000000 | Q:        nan | won: False 
#  270 | steps:  3138 | steps_t:     0 | t: 6.956849 | r:  -514.000000 | e:   1.000000 | Q:        nan | won: False 
#  271 | steps:  3146 | steps_t:     0 | t: 6.973437 | r:  -507.000000 | e:   1.000000 | Q:        nan | won: False 
#  272 | steps:  3155 | steps_t:     0 | t: 6.993352 | r:  -508.000000 | e:   1.000000 | Q:        nan | won: False 
#  273 | steps:  3162 | steps_t:     0 | t: 7.007813 | r:  -506.000000 | e:   1.000000 | Q:        nan | won: False 
#  274 | steps:  3174 | steps_t:     0 | t: 7.033765 | r:  -511.000000 | e:   1.000000 | Q:        nan | won: False 
#  275 | steps:  3184 | steps_t:     0 | t: 7.055866 | r:  -509.000000 | e:   1.000000 | Q:        nan | won: False 
#  276 | steps:  3195 | steps_t:     0 | t: 7.079411 | r:  -510.000000 | e:   1.000000 | Q:        nan | won: False 
#  277 | steps:  3203 | steps_t:     0 | t: 7.096829 | r:  -507.000000 | e:   1.000000 | Q:        nan | won: False 
#  278 | steps:  3213 | steps_t:     0 | t: 7.117947 | r:  -509.000000 | e:   1.000000 | Q:        nan | won: False 
#  279 | steps:  3226 | steps_t:     0 | t: 7.147587 | r:  -501.000000 | e:   1.000000 | Q:        nan | won: False 
#  280 | steps:  3246 | steps_t:     0 | t: 7.191938 | r:  -519.000000 | e:   1.000000 | Q:        nan | won: False 
#  281 | steps:  3257 | steps_t:     0 | t: 7.216273 | r:  -510.000000 | e:   1.000000 | Q:        nan | won: False 
#  282 | steps:  3267 | steps_t:     0 | t: 7.237483 | r:  -509.000000 | e:   1.000000 | Q:        nan | won: False 
#  283 | steps:  3286 | steps_t:     0 | t: 7.280593 | r:  -507.000000 | e:   1.000000 | Q:        nan | won: False 
#  284 | steps:  3295 | steps_t:     0 | t: 7.300455 | r:  -508.000000 | e:   1.000000 | Q:        nan | won: False 
#  285 | steps:  3305 | steps_t:     0 | t: 7.322189 | r:  -509.000000 | e:   1.000000 | Q:        nan | won: False 
#  286 | steps:  3320 | steps_t:     0 | t: 7.354968 | r:  -514.000000 | e:   1.000000 | Q:        nan | won: False 
#  287 | steps:  3335 | steps_t:     0 | t: 7.388981 | r:  -503.000000 | e:   1.000000 | Q:        nan | won: False 
#  288 | steps:  3348 | steps_t:     0 | t: 7.417180 | r:  -501.000000 | e:   1.000000 | Q:        nan | won: False 
#  289 | steps:  3358 | steps_t:     0 | t: 7.439375 | r:  -509.000000 | e:   1.000000 | Q:        nan | won: False 
#  290 | steps:  3374 | steps_t:     0 | t: 7.474024 | r:  -515.000000 | e:   1.000000 | Q:        nan | won: False 
#  291 | steps:  3405 | steps_t:     0 | t: 7.550949 | r:  -530.000000 | e:   1.000000 | Q:        nan | won: False 
#  292 | steps:  3417 | steps_t:     0 | t: 7.577116 | r:  -511.000000 | e:   1.000000 | Q:        nan | won: False 
#  293 | steps:  3423 | steps_t:     0 | t: 7.590245 | r:  -505.000000 | e:   1.000000 | Q:        nan | won: False 
#  294 | steps:  3440 | steps_t:     0 | t: 7.627670 | r:  -516.000000 | e:   1.000000 | Q:        nan | won: False 
#  295 | steps:  3446 | steps_t:     0 | t: 7.640142 | r:  -505.000000 | e:   1.000000 | Q:        nan | won: False 
#  296 | steps:  3456 | steps_t:     0 | t: 7.661786 | r:  -509.000000 | e:   1.000000 | Q:        nan | won: False 
#  297 | steps:  3472 | steps_t:     0 | t: 7.697942 | r:  -515.000000 | e:   1.000000 | Q:        nan | won: False 
#  298 | steps:  3480 | steps_t:     0 | t: 7.715207 | r:  -507.000000 | e:   1.000000 | Q:        nan | won: False 
#  299 | steps:  3489 | steps_t:     0 | t: 7.734677 | r:  -508.000000 | e:   1.000000 | Q:        nan | won: False 
#  300 | steps:  3495 | steps_t:     0 | t: 7.747316 | r:  -505.000000 | e:   1.000000 | Q:        nan | won: False 
#  301 | steps:  3511 | steps_t:     0 | t: 7.783121 | r:  -515.000000 | e:   1.000000 | Q:        nan | won: False 
#  302 | steps:  3531 | steps_t:     0 | t: 7.827266 | r:  -508.000000 | e:   1.000000 | Q:        nan | won: False 
#  303 | steps:  3550 | steps_t:     0 | t: 7.869498 | r:  -507.000000 | e:   1.000000 | Q:        nan | won: False 
#  304 | steps:  3564 | steps_t:     0 | t: 7.900945 | r:  -513.000000 | e:   1.000000 | Q:        nan | won: False 
#  305 | steps:  3590 | steps_t:     0 | t: 7.959251 | r:  -525.000000 | e:   1.000000 | Q:        nan | won: False 
#  306 | steps:  3610 | steps_t:     0 | t: 8.003998 | r:  -519.000000 | e:   1.000000 | Q:        nan | won: False 
#  307 | steps:  3618 | steps_t:     0 | t: 8.021789 | r:  -507.000000 | e:   1.000000 | Q:        nan | won: False 
#  308 | steps:  3633 | steps_t:     0 | t: 8.054981 | r:  -503.000000 | e:   1.000000 | Q:        nan | won: False 
#  309 | steps:  3655 | steps_t:     0 | t: 8.104802 | r:  -521.000000 | e:   1.000000 | Q:        nan | won: False 
#  310 | steps:  3670 | steps_t:     0 | t: 8.137909 | r:  -492.000000 | e:   1.000000 | Q:        nan | won: False 
#  311 | steps:  3682 | steps_t:     0 | t: 8.164224 | r:  -511.000000 | e:   1.000000 | Q:        nan | won: False 
#  312 | steps:  3700 | steps_t:     0 | t: 8.204520 | r:  -506.000000 | e:   1.000000 | Q:        nan | won: False 
#  313 | steps:  3710 | steps_t:     0 | t: 8.226330 | r:  -509.000000 | e:   1.000000 | Q:        nan | won: False 
#  314 | steps:  3720 | steps_t:     0 | t: 8.247781 | r:  -509.000000 | e:   1.000000 | Q:        nan | won: False 
#  315 | steps:  3728 | steps_t:     0 | t: 8.265117 | r:  -507.000000 | e:   1.000000 | Q:        nan | won: False 
#  316 | steps:  3735 | steps_t:     0 | t: 8.279827 | r:  -506.000000 | e:   1.000000 | Q:        nan | won: False 
#  317 | steps:  3742 | steps_t:     0 | t: 8.295307 | r:  -506.000000 | e:   1.000000 | Q:        nan | won: False 
#  318 | steps:  3754 | steps_t:     0 | t: 8.321496 | r:  -511.000000 | e:   1.000000 | Q:        nan | won: False 
#  319 | steps:  3775 | steps_t:     0 | t: 8.368369 | r:  -509.000000 | e:   1.000000 | Q:        nan | won: False 
#  320 | steps:  3792 | steps_t:     0 | t: 8.405529 | r:  -505.000000 | e:   1.000000 | Q:        nan | won: False 
#  321 | steps:  3810 | steps_t:     0 | t: 8.445771 | r:  -517.000000 | e:   1.000000 | Q:        nan | won: False 
#  322 | steps:  3820 | steps_t:     0 | t: 8.468202 | r:  -509.000000 | e:   1.000000 | Q:        nan | won: False 
#  323 | steps:  3826 | steps_t:     0 | t: 8.480724 | r:  -505.000000 | e:   1.000000 | Q:        nan | won: False 
#  324 | steps:  3835 | steps_t:     0 | t: 8.500399 | r:  -508.000000 | e:   1.000000 | Q:        nan | won: False 
#  325 | steps:  3844 | steps_t:     0 | t: 8.520064 | r:  -508.000000 | e:   1.000000 | Q:        nan | won: False 
#  326 | steps:  3857 | steps_t:     0 | t: 8.548624 | r:  -512.000000 | e:   1.000000 | Q:        nan | won: False 
#  327 | steps:  3867 | steps_t:     0 | t: 8.570435 | r:  -509.000000 | e:   1.000000 | Q:        nan | won: False 
#  328 | steps:  3878 | steps_t:     0 | t: 8.594470 | r:  -510.000000 | e:   1.000000 | Q:        nan | won: False 
#  329 | steps:  3889 | steps_t:     0 | t: 8.618177 | r:  -510.000000 | e:   1.000000 | Q:        nan | won: False 
#  330 | steps:  3906 | steps_t:     0 | t: 8.655455 | r:  -516.000000 | e:   1.000000 | Q:        nan | won: False 
#  331 | steps:  3915 | steps_t:     0 | t: 8.675568 | r:  -508.000000 | e:   1.000000 | Q:        nan | won: False 
#  332 | steps:  3931 | steps_t:     0 | t: 8.710865 | r:  -504.000000 | e:   1.000000 | Q:        nan | won: False 
#  333 | steps:  3937 | steps_t:     0 | t: 8.723007 | r:  -505.000000 | e:   1.000000 | Q:        nan | won: False 
#  334 | steps:  3942 | steps_t:     0 | t: 8.732843 | r:  -504.000000 | e:   1.000000 | Q:        nan | won: False 
#  335 | steps:  3951 | steps_t:     0 | t: 8.752159 | r:  -508.000000 | e:   1.000000 | Q:        nan | won: False 
#  336 | steps:  3969 | steps_t:     0 | t: 8.792235 | r:  -506.000000 | e:   1.000000 | Q:        nan | won: False 
#  337 | steps:  3990 | steps_t:     0 | t: 8.839700 | r:  -520.000000 | e:   1.000000 | Q:        nan | won: False 
#  338 | steps:  4008 | steps_t:     0 | t: 8.880460 | r:  -506.000000 | e:   1.000000 | Q:        nan | won: False 
#  339 | steps:  4025 | steps_t:     0 | t: 8.917939 | r:  -505.000000 | e:   1.000000 | Q:        nan | won: False 
#  340 | steps:  4045 | steps_t:     0 | t: 8.963077 | r:  -519.000000 | e:   1.000000 | Q:        nan | won: False 
#  341 | steps:  4051 | steps_t:     0 | t: 8.975813 | r:  -505.000000 | e:   1.000000 | Q:        nan | won: False 
#  342 | steps:  4065 | steps_t:     0 | t: 9.006515 | r:  -513.000000 | e:   1.000000 | Q:        nan | won: False 
#  343 | steps:  4074 | steps_t:     0 | t: 9.026360 | r:  -508.000000 | e:   1.000000 | Q:        nan | won: False 
#  344 | steps:  4080 | steps_t:     0 | t: 9.038574 | r:  -505.000000 | e:   1.000000 | Q:        nan | won: False 
#  345 | steps:  4090 | steps_t:     0 | t: 9.060184 | r:  -509.000000 | e:   1.000000 | Q:        nan | won: False 
#  346 | steps:  4096 | steps_t:     0 | t: 9.072269 | r:  -505.000000 | e:   1.000000 | Q:        nan | won: False 
#  347 | steps:  4109 | steps_t:     0 | t: 9.101125 | r:  -512.000000 | e:   1.000000 | Q:        nan | won: False 
#  348 | steps:  4119 | steps_t:     0 | t: 9.123408 | r:  -509.000000 | e:   1.000000 | Q:        nan | won: False 
#  349 | steps:  4125 | steps_t:     0 | t: 9.135911 | r:  -505.000000 | e:   1.000000 | Q:        nan | won: False 
#  350 | steps:  4137 | steps_t:     0 | t: 9.162528 | r:  -511.000000 | e:   1.000000 | Q:        nan | won: False 
#  351 | steps:  4142 | steps_t:     0 | t: 9.172400 | r:  -504.000000 | e:   1.000000 | Q:        nan | won: False 
#  352 | steps:  4149 | steps_t:     0 | t: 9.187325 | r:  -506.000000 | e:   1.000000 | Q:        nan | won: False 
#  353 | steps:  4158 | steps_t:     0 | t: 9.205963 | r:  -508.000000 | e:   1.000000 | Q:        nan | won: False 
#  354 | steps:  4172 | steps_t:     0 | t: 9.237155 | r:  -513.000000 | e:   1.000000 | Q:        nan | won: False 
#  355 | steps:  4194 | steps_t:     0 | t: 9.285858 | r:  -521.000000 | e:   1.000000 | Q:        nan | won: False 
#  356 | steps:  4199 | steps_t:     0 | t: 9.295679 | r:  -504.000000 | e:   1.000000 | Q:        nan | won: False 
#  357 | steps:  4213 | steps_t:     0 | t: 9.326965 | r:  -513.000000 | e:   1.000000 | Q:        nan | won: False 
#  358 | steps:  4227 | steps_t:     0 | t: 9.358478 | r:  -513.000000 | e:   1.000000 | Q:        nan | won: False 
#  359 | steps:  4239 | steps_t:     0 | t: 9.385382 | r:  -511.000000 | e:   1.000000 | Q:        nan | won: False 
#  360 | steps:  4253 | steps_t:     0 | t: 9.416405 | r:  -502.000000 | e:   1.000000 | Q:        nan | won: False 
#  361 | steps:  4264 | steps_t:     0 | t: 9.440954 | r:  -510.000000 | e:   1.000000 | Q:        nan | won: False 
#  362 | steps:  4272 | steps_t:     0 | t: 9.458102 | r:  -507.000000 | e:   1.000000 | Q:        nan | won: False 
#  363 | steps:  4281 | steps_t:     0 | t: 9.477967 | r:  -508.000000 | e:   1.000000 | Q:        nan | won: False 
#  364 | steps:  4293 | steps_t:     0 | t: 9.503863 | r:  -511.000000 | e:   1.000000 | Q:        nan | won: False 
#  365 | steps:  4302 | steps_t:     0 | t: 9.522798 | r:  -508.000000 | e:   1.000000 | Q:        nan | won: False 
#  366 | steps:  4314 | steps_t:     0 | t: 9.548639 | r:  -511.000000 | e:   1.000000 | Q:        nan | won: False 
#  367 | steps:  4337 | steps_t:     0 | t: 9.598390 | r:  -522.000000 | e:   1.000000 | Q:        nan | won: False 
#  368 | steps:  4345 | steps_t:     0 | t: 9.615401 | r:  -507.000000 | e:   1.000000 | Q:        nan | won: False 
#  369 | steps:  4358 | steps_t:     0 | t: 9.643554 | r:  -512.000000 | e:   1.000000 | Q:        nan | won: False 
#  370 | steps:  4374 | steps_t:     0 | t: 9.679394 | r:  -515.000000 | e:   1.000000 | Q:        nan | won: False 
#  371 | steps:  4383 | steps_t:     0 | t: 9.698883 | r:  -508.000000 | e:   1.000000 | Q:        nan | won: False 
#  372 | steps:  4394 | steps_t:     0 | t: 9.723566 | r:  -510.000000 | e:   1.000000 | Q:        nan | won: False 
#  373 | steps:  4401 | steps_t:     0 | t: 9.738235 | r:  -506.000000 | e:   1.000000 | Q:        nan | won: False 
#  374 | steps:  4413 | steps_t:     0 | t: 9.764704 | r:  -511.000000 | e:   1.000000 | Q:        nan | won: False 
#  375 | steps:  4419 | steps_t:     0 | t: 9.776808 | r:  -505.000000 | e:   1.000000 | Q:        nan | won: False 
#  376 | steps:  4444 | steps_t:     0 | t: 9.831307 | r:  -524.000000 | e:   1.000000 | Q:        nan | won: False 
#  377 | steps:  4461 | steps_t:     0 | t: 9.869081 | r:  -516.000000 | e:   1.000000 | Q:        nan | won: False 
#  378 | steps:  4470 | steps_t:     0 | t: 9.887907 | r:  -508.000000 | e:   1.000000 | Q:        nan | won: False 
#  379 | steps:  4477 | steps_t:     0 | t: 9.903070 | r:  -506.000000 | e:   1.000000 | Q:        nan | won: False 
#  380 | steps:  4492 | steps_t:     0 | t: 9.936482 | r:  -492.000000 | e:   1.000000 | Q:        nan | won: False 
#  381 | steps:  4500 | steps_t:     0 | t: 9.953933 | r:  -507.000000 | e:   1.000000 | Q:        nan | won: False 
#  382 | steps:  4511 | steps_t:     0 | t: 9.977319 | r:  -510.000000 | e:   1.000000 | Q:        nan | won: False 
#  383 | steps:  4529 | steps_t:     0 | t: 10.016423 | r:  -517.000000 | e:   1.000000 | Q:        nan | won: False 
#  384 | steps:  4539 | steps_t:     0 | t: 10.038470 | r:  -509.000000 | e:   1.000000 | Q:        nan | won: False 
#  385 | steps:  4554 | steps_t:     0 | t: 10.071423 | r:  -492.000000 | e:   1.000000 | Q:        nan | won: False 
#  386 | steps:  4580 | steps_t:     0 | t: 10.128279 | r:  -525.000000 | e:   1.000000 | Q:        nan | won: False 
#  387 | steps:  4588 | steps_t:     0 | t: 10.145317 | r:  -507.000000 | e:   1.000000 | Q:        nan | won: False 
#  388 | steps:  4607 | steps_t:     0 | t: 10.186548 | r:  -518.000000 | e:   1.000000 | Q:        nan | won: False 
#  389 | steps:  4618 | steps_t:     0 | t: 10.210160 | r:  -510.000000 | e:   1.000000 | Q:        nan | won: False 
#  390 | steps:  4625 | steps_t:     0 | t: 10.225071 | r:  -506.000000 | e:   1.000000 | Q:        nan | won: False 
#  391 | steps:  4632 | steps_t:     0 | t: 10.239421 | r:  -506.000000 | e:   1.000000 | Q:        nan | won: False 
#  392 | steps:  4642 | steps_t:     0 | t: 10.261315 | r:  -509.000000 | e:   1.000000 | Q:        nan | won: False 
#  393 | steps:  4651 | steps_t:     0 | t: 10.280631 | r:  -508.000000 | e:   1.000000 | Q:        nan | won: False 
#  394 | steps:  4659 | steps_t:     0 | t: 10.297186 | r:  -507.000000 | e:   1.000000 | Q:        nan | won: False 
#  395 | steps:  4668 | steps_t:     0 | t: 10.316433 | r:  -508.000000 | e:   1.000000 | Q:        nan | won: False 
#  396 | steps:  4678 | steps_t:     0 | t: 10.337580 | r:  -509.000000 | e:   1.000000 | Q:        nan | won: False 
#  397 | steps:  4701 | steps_t:     0 | t: 10.387896 | r:  -522.000000 | e:   1.000000 | Q:        nan | won: False 
#  398 | steps:  4710 | steps_t:     0 | t: 10.407390 | r:  -508.000000 | e:   1.000000 | Q:        nan | won: False 
#  399 | steps:  4734 | steps_t:     0 | t: 10.460002 | r:  -523.000000 | e:   1.000000 | Q:        nan | won: False 
#  400 | steps:  4748 | steps_t:     0 | t: 10.490409 | r:  -502.000000 | e:   1.000000 | Q:        nan | won: False 
#  401 | steps:  4762 | steps_t:     0 | t: 10.522001 | r:  -513.000000 | e:   1.000000 | Q:        nan | won: False 
#  402 | steps:  4777 | steps_t:     0 | t: 10.554973 | r:  -492.000000 | e:   1.000000 | Q:        nan | won: False 
#  403 | steps:  4783 | steps_t:     0 | t: 10.566982 | r:  -505.000000 | e:   1.000000 | Q:        nan | won: False 
#  404 | steps:  4793 | steps_t:     0 | t: 10.587943 | r:  -509.000000 | e:   1.000000 | Q:        nan | won: False 
#  405 | steps:  4803 | steps_t:     0 | t: 10.609034 | r:  -509.000000 | e:   1.000000 | Q:        nan | won: False 
#  406 | steps:  4817 | steps_t:     0 | t: 10.639353 | r:  -502.000000 | e:   1.000000 | Q:        nan | won: False 
#  407 | steps:  4830 | steps_t:     0 | t: 10.668558 | r:  -512.000000 | e:   1.000000 | Q:        nan | won: False 
#  408 | steps:  4840 | steps_t:     0 | t: 10.690179 | r:  -509.000000 | e:   1.000000 | Q:        nan | won: False 
#  409 | steps:  4848 | steps_t:     0 | t: 10.706795 | r:  -507.000000 | e:   1.000000 | Q:        nan | won: False 
#  410 | steps:  4857 | steps_t:     0 | t: 10.726864 | r:  -508.000000 | e:   1.000000 | Q:        nan | won: False 
#  411 | steps:  4864 | steps_t:     0 | t: 10.741629 | r:  -506.000000 | e:   1.000000 | Q:        nan | won: False 
#  412 | steps:  4875 | steps_t:     0 | t: 10.765631 | r:  -510.000000 | e:   1.000000 | Q:        nan | won: False 
#  413 | steps:  4889 | steps_t:     0 | t: 10.796386 | r:  -502.000000 | e:   1.000000 | Q:        nan | won: False 
#  414 | steps:  4898 | steps_t:     0 | t: 10.815661 | r:  -508.000000 | e:   1.000000 | Q:        nan | won: False 
#  415 | steps:  4920 | steps_t:     0 | t: 10.863987 | r:  -521.000000 | e:   1.000000 | Q:        nan | won: False 
#  416 | steps:  4932 | steps_t:     0 | t: 10.889252 | r:  -511.000000 | e:   1.000000 | Q:        nan | won: False 
#  417 | steps:  4942 | steps_t:     0 | t: 10.909901 | r:  -509.000000 | e:   1.000000 | Q:        nan | won: False 
#  418 | steps:  4953 | steps_t:     0 | t: 10.933053 | r:  -510.000000 | e:   1.000000 | Q:        nan | won: False 
#  419 | steps:  4960 | steps_t:     0 | t: 10.947382 | r:  -506.000000 | e:   1.000000 | Q:        nan | won: False 
#  420 | steps:  4968 | steps_t:     0 | t: 10.964306 | r:  -507.000000 | e:   1.000000 | Q:        nan | won: False 
#  421 | steps:  4984 | steps_t:     0 | t: 10.999145 | r:  -504.000000 | e:   1.000000 | Q:        nan | won: False 
#  422 | steps:  4996 | steps_t:     0 | t: 11.024966 | r:  -511.000000 | e:   1.000000 | Q:        nan | won: False 
