#    1 | steps:     9 | steps_t:     0 | t: 0.008936 | r:  -508.000000 | e:   1.000000 | Q:        nan | won: False 
#    2 | steps:    26 | steps_t:     0 | t: 0.015165 | r:  -516.000000 | e:   1.000000 | Q:        nan | won: False 
#    3 | steps:    37 | steps_t:     0 | t: 0.019142 | r:  -510.000000 | e:   1.000000 | Q:        nan | won: False 
#    4 | steps:    54 | steps_t:     0 | t: 0.025119 | r:  -505.000000 | e:   1.000000 | Q:        nan | won: False 
#    5 | steps:    63 | steps_t:     0 | t: 0.028183 | r:  -508.000000 | e:   1.000000 | Q:        nan | won: False 
#    6 | steps:    76 | steps_t:     0 | t: 0.032658 | r:  -512.000000 | e:   1.000000 | Q:        nan | won: False 
#    7 | steps:    96 | steps_t:     0 | t: 0.042774 | r:  -508.000000 | e:   1.000000 | Q:        nan | won: False 
#    8 | steps:   106 | steps_t:     0 | t: 0.046244 | r:  -509.000000 | e:   1.000000 | Q:        nan | won: False 
#    9 | steps:   115 | steps_t:     0 | t: 0.049308 | r:  -508.000000 | e:   1.000000 | Q:        nan | won: False 
#   10 | steps:   124 | steps_t:     0 | t: 0.052702 | r:  -508.000000 | e:   1.000000 | Q:        nan | won: False 
#   11 | steps:   131 | steps_t:     0 | t: 0.057108 | r:  -506.000000 | e:   1.000000 | Q:        nan | won: False 
#   12 | steps:   139 | steps_t:     0 | t: 0.059894 | r:  -507.000000 | e:   1.000000 | Q:        nan | won: False 
#   13 | steps:   154 | steps_t:     0 | t: 0.065092 | r:  -503.000000 | e:   1.000000 | Q:        nan | won: False 
#   14 | steps:   169 | steps_t:     0 | t: 0.072353 | r:  -503.000000 | e:   1.000000 | Q:        nan | won: False 
#   15 | steps:   185 | steps_t:     0 | t: 0.078218 | r:  -515.000000 | e:   1.000000 | Q:        nan | won: False 
#   16 | steps:   195 | steps_t:     0 | t: 0.083569 | r:  -509.000000 | e:   1.000000 | Q:        nan | won: False 
#   17 | steps:   210 | steps_t:     0 | t: 0.088758 | r:  -514.000000 | e:   1.000000 | Q:        nan | won: False 
#   18 | steps:   224 | steps_t:     0 | t: 0.094392 | r:  -513.000000 | e:   1.000000 | Q:        nan | won: False 
#   19 | steps:   244 | steps_t:     0 | t: 0.101769 | r:  -519.000000 | e:   1.000000 | Q:        nan | won: False 
#   20 | steps:   258 | steps_t:     0 | t: 0.106682 | r:  -513.000000 | e:   1.000000 | Q:        nan | won: False 
#   21 | steps:   272 | steps_t:     0 | t: 0.111645 | r:  -513.000000 | e:   1.000000 | Q:        nan | won: False 
#   22 | steps:   284 | steps_t:     0 | t: 0.115868 | r:  -511.000000 | e:   1.000000 | Q:        nan | won: False 
#   23 | steps:   306 | steps_t:     0 | t: 0.126709 | r:  -521.000000 | e:   1.000000 | Q:        nan | won: False 
#   24 | steps:   319 | steps_t:     0 | t: 0.131384 | r:  -512.000000 | e:   1.000000 | Q:        nan | won: False 
#   25 | steps:   324 | steps_t:     0 | t: 0.133239 | r:  -504.000000 | e:   1.000000 | Q:        nan | won: False 
#   26 | steps:   343 | steps_t:     0 | t: 0.141148 | r:  -507.000000 | e:   1.000000 | Q:        nan | won: False 
#   27 | steps:   372 | steps_t:     0 | t: 0.152683 | r:  -517.000000 | e:   1.000000 | Q:        nan | won: False 
#   28 | steps:   384 | steps_t:     0 | t: 0.156875 | r:  -511.000000 | e:   1.000000 | Q:        nan | won: False 
#   29 | steps:   404 | steps_t:     0 | t: 0.166828 | r:  -519.000000 | e:   1.000000 | Q:        nan | won: False 
#   30 | steps:   419 | steps_t:     0 | t: 0.172658 | r:  -492.000000 | e:   1.000000 | Q:        nan | won: False 
#   31 | steps:   428 | steps_t:     0 | t: 0.176893 | r:  -508.000000 | e:   1.000000 | Q:        nan | won: False 
#   32 | steps:   446 | steps_t:     0 | t: 0.184045 | r:  -517.000000 | e:   1.000000 | Q:        nan | won: False 
#   33 | steps:   451 | steps_t:     0 | t: 0.185781 | r:  -504.000000 | e:   1.000000 | Q:        nan | won: False 
#   34 | steps:   464 | steps_t:     0 | t: 0.192399 | r:  -512.000000 | e:   1.000000 | Q:        nan | won: False 
#   35 | steps:   476 | steps_t:     0 | t: 0.196664 | r:  -511.000000 | e:   1.000000 | Q:        nan | won: False 
#   36 | steps:   484 | steps_t:     0 | t: 0.225242 | r:  -507.000000 | e:   1.000000 | Q:        nan | won: False 
#   37 | steps:   503 | steps_t:     0 | t: 0.235400 | r:  -518.000000 | e:   1.000000 | Q:        nan | won: False 
#   38 | steps:   510 | steps_t:     0 | t: 0.238703 | r:  -506.000000 | e:   1.000000 | Q:        nan | won: False 
#   39 | steps:   525 | steps_t:     0 | t: 0.246695 | r:  -492.000000 | e:   1.000000 | Q:        nan | won: False 
#   40 | steps:   533 | steps_t:     0 | t: 0.249913 | r:  -507.000000 | e:   1.000000 | Q:        nan | won: False 
#   41 | steps:   546 | steps_t:     0 | t: 0.256567 | r:  -512.000000 | e:   1.000000 | Q:        nan | won: False 
#   42 | steps:   554 | steps_t:     0 | t: 0.259789 | r:  -507.000000 | e:   1.000000 | Q:        nan | won: False 
#   43 | steps:   561 | steps_t:     0 | t: 0.262485 | r:  -506.000000 | e:   1.000000 | Q:        nan | won: False 
#   44 | steps:   583 | steps_t:     0 | t: 0.272515 | r:  -521.000000 | e:   1.000000 | Q:        nan | won: False 
#   45 | steps:   591 | steps_t:     0 | t: 0.275441 | r:  -507.000000 | e:   1.000000 | Q:        nan | won: False 
#   46 | steps:   598 | steps_t:     0 | t: 0.278025 | r:  -506.000000 | e:   1.000000 | Q:        nan | won: False 
#   47 | steps:   610 | steps_t:     0 | t: 0.284005 | r:  -511.000000 | e:   1.000000 | Q:        nan | won: False 
#   48 | steps:   619 | steps_t:     0 | t: 0.287605 | r:  -508.000000 | e:   1.000000 | Q:        nan | won: False 
#   49 | steps:   635 | steps_t:     0 | t: 0.295145 | r:  -515.000000 | e:   1.000000 | Q:        nan | won: False 
#   50 | steps:   644 | steps_t:     0 | t: 0.299317 | r:  -508.000000 | e:   1.000000 | Q:        nan | won: False 
#   51 | steps:   664 | steps_t:     0 | t: 0.306447 | r:  -519.000000 | e:   1.000000 | Q:        nan | won: False 
#   52 | steps:   671 | steps_t:     0 | t: 0.310845 | r:  -506.000000 | e:   1.000000 | Q:        nan | won: False 
#   53 | steps:   690 | steps_t:     0 | t: 0.317863 | r:  -518.000000 | e:   1.000000 | Q:        nan | won: False 
#   54 | steps:   698 | steps_t:     0 | t: 0.321467 | r:  -507.000000 | e:   1.000000 | Q:        nan | won: False 
#   55 | steps:   713 | steps_t:     0 | t: 0.328253 | r:  -492.000000 | e:   1.000000 | Q:        nan | won: False 
#   56 | steps:   723 | steps_t:     0 | t: 0.331722 | r:  -509.000000 | e:   1.000000 | Q:        nan | won: False 
#   57 | steps:   735 | steps_t:     0 | t: 0.337870 | r:  -511.000000 | e:   1.000000 | Q:        nan | won: False 
#   58 | steps:   740 | steps_t:     0 | t: 0.339510 | r:  -504.000000 | e:   1.000000 | Q:        nan | won: False 
#   59 | steps:   747 | steps_t:     0 | t: 0.341879 | r:  -506.000000 | e:   1.000000 | Q:        nan | won: False 
#   60 | steps:   764 | steps_t:     0 | t: 0.348922 | r:  -516.000000 | e:   1.000000 | Q:        nan | won: False 
#   61 | steps:   775 | steps_t:     0 | t: 0.352770 | r:  -510.000000 | e:   1.000000 | Q:        nan | won: False 
#   62 | steps:   784 | steps_t:     0 | t: 0.355908 | r:  -508.000000 | e:   1.000000 | Q:        nan | won: False 
#   63 | steps:   793 | steps_t:     0 | t: 0.359032 | r:  -508.000000 | e:   1.000000 | Q:        nan | won: False 
#   64 | steps:   803 | steps_t:     0 | t: 0.362606 | r:  -509.000000 | e:   1.000000 | Q:        nan | won: False 
#   65 | steps:   817 | steps_t:     0 | t: 0.367584 | r:  -513.000000 | e:   1.000000 | Q:        nan | won: False 
#   66 | steps:   826 | steps_t:     0 | t: 0.370677 | r:  -508.000000 | e:   1.000000 | Q:        nan | won: False 
#   67 | steps:   845 | steps_t:     0 | t: 0.379123 | r:  -507.000000 | e:   1.000000 | Q:        nan | won: False 
#   68 | steps:   862 | steps_t:     0 | t: 0.385598 | r:  -516.000000 | e:   1.000000 | Q:        nan | won: False 
#   69 | steps:   867 | steps_t:     0 | t: 0.387791 | r:  -504.000000 | e:   1.000000 | Q:        nan | won: False 
#   70 | steps:   887 | steps_t:     0 | t: 0.395453 | r:  -519.000000 | e:   1.000000 | Q:        nan | won: False 
#   71 | steps:   897 | steps_t:     0 | t: 0.399491 | r:  -509.000000 | e:   1.000000 | Q:        nan | won: False 
#   72 | steps:   923 | steps_t:     0 | t: 0.409837 | r:  -525.000000 | e:   1.000000 | Q:        nan | won: False 
#   73 | steps:   933 | steps_t:     0 | t: 0.414672 | r:  -509.000000 | e:   1.000000 | Q:        nan | won: False 
#   74 | steps:   941 | steps_t:     0 | t: 0.417460 | r:  -507.000000 | e:   1.000000 | Q:        nan | won: False 
#   75 | steps:   949 | steps_t:     0 | t: 0.420249 | r:  -507.000000 | e:   1.000000 | Q:        nan | won: False 
#   76 | steps:   965 | steps_t:     0 | t: 0.428412 | r:  -515.000000 | e:   1.000000 | Q:        nan | won: False 
#   77 | steps:   976 | steps_t:     0 | t: 0.432355 | r:  -510.000000 | e:   1.000000 | Q:        nan | won: False 
#   78 | steps:   984 | steps_t:     0 | t: 0.435289 | r:  -507.000000 | e:   1.000000 | Q:        nan | won: False 
#   79 | steps:   993 | steps_t:     0 | t: 0.438702 | r:  -508.000000 | e:   1.000000 | Q:        nan | won: False 
#   80 | steps:   998 | steps_t:     0 | t: 0.442271 | r:  -504.000000 | e:   1.000000 | Q:        nan | won: False 
#   81 | steps:  1004 | steps_t:     0 | t: 0.444613 | r:  -505.000000 | e:   1.000000 | Q:        nan | won: False 
#   82 | steps:  1019 | steps_t:     0 | t: 0.449994 | r:  -514.000000 | e:   1.000000 | Q:        nan | won: False 
#   83 | steps:  1025 | steps_t:     0 | t: 0.452197 | r:  -505.000000 | e:   1.000000 | Q:        nan | won: False 
#   84 | steps:  1038 | steps_t:     0 | t: 0.458484 | r:  -512.000000 | e:   1.000000 | Q:        nan | won: False 
#   85 | steps:  1049 | steps_t:     0 | t: 0.462347 | r:  -510.000000 | e:   1.000000 | Q:        nan | won: False 
#   86 | steps:  1069 | steps_t:     0 | t: 0.471538 | r:  -508.000000 | e:   1.000000 | Q:        nan | won: False 
#   87 | steps:  1077 | steps_t:     0 | t: 0.474283 | r:  -507.000000 | e:   1.000000 | Q:        nan | won: False 
#   88 | steps:  1086 | steps_t:     0 | t: 0.477582 | r:  -508.000000 | e:   1.000000 | Q:        nan | won: False 
#   89 | steps:  1105 | steps_t:     0 | t: 0.485092 | r:  -507.000000 | e:   1.000000 | Q:        nan | won: False 
#   90 | steps:  1114 | steps_t:     0 | t: 0.488170 | r:  -508.000000 | e:   1.000000 | Q:        nan | won: False 
#   91 | steps:  1120 | steps_t:     0 | t: 0.490245 | r:  -505.000000 | e:   1.000000 | Q:        nan | won: False 
#   92 | steps:  1126 | steps_t:     0 | t: 0.492300 | r:  -505.000000 | e:   1.000000 | Q:        nan | won: False 
#   93 | steps:  1148 | steps_t:     0 | t: 0.500776 | r:  -510.000000 | e:   1.000000 | Q:        nan | won: False 
#   94 | steps:  1156 | steps_t:     0 | t: 0.503537 | r:  -507.000000 | e:   1.000000 | Q:        nan | won: False 
#   95 | steps:  1176 | steps_t:     0 | t: 0.513035 | r:    92.000000 | e:   1.000000 | Q:        nan | won: True 
#   96 | steps:  1184 | steps_t:     0 | t: 0.515761 | r:  -507.000000 | e:   1.000000 | Q:        nan | won: False 
#   97 | steps:  1192 | steps_t:     0 | t: 0.519749 | r:  -507.000000 | e:   1.000000 | Q:        nan | won: False 
#   98 | steps:  1200 | steps_t:     0 | t: 0.522638 | r:  -507.000000 | e:   1.000000 | Q:        nan | won: False 
#   99 | steps:  1210 | steps_t:     0 | t: 0.526193 | r:  -509.000000 | e:   1.000000 | Q:        nan | won: False 
#  100 | steps:  1219 | steps_t:     0 | t: 0.529752 | r:  -508.000000 | e:   1.000000 | Q:        nan | won: False 
#  101 | steps:  1235 | steps_t:     0 | t: 0.536797 | r:  -515.000000 | e:   1.000000 | Q:        nan | won: False 
#  102 | steps:  1248 | steps_t:     0 | t: 0.541391 | r:  -512.000000 | e:   1.000000 | Q:        nan | won: False 
#  103 | steps:  1255 | steps_t:     0 | t: 0.545367 | r:  -506.000000 | e:   1.000000 | Q:        nan | won: False 
#  104 | steps:  1283 | steps_t:     0 | t: 0.555270 | r:  -516.000000 | e:   1.000000 | Q:        nan | won: False 
#  105 | steps:  1295 | steps_t:     0 | t: 0.562359 | r:  -511.000000 | e:   1.000000 | Q:        nan | won: False 
#  106 | steps:  1312 | steps_t:     0 | t: 0.568609 | r:  -505.000000 | e:   1.000000 | Q:        nan | won: False 
#  107 | steps:  1326 | steps_t:     0 | t: 0.575615 | r:  -502.000000 | e:   1.000000 | Q:        nan | won: False 
#  108 | steps:  1340 | steps_t:     0 | t: 0.580576 | r:  -502.000000 | e:   1.000000 | Q:        nan | won: False 
#  109 | steps:  1358 | steps_t:     0 | t: 0.588866 | r:  -517.000000 | e:   1.000000 | Q:        nan | won: False 
#  110 | steps:  1370 | steps_t:     0 | t: 0.593423 | r:  -511.000000 | e:   1.000000 | Q:        nan | won: False 
#  111 | steps:  1383 | steps_t:     0 | t: 0.599455 | r:  -512.000000 | e:   1.000000 | Q:        nan | won: False 
#  112 | steps:  1399 | steps_t:     0 | t: 0.605644 | r:  -504.000000 | e:   1.000000 | Q:        nan | won: False 
#  113 | steps:  1422 | steps_t:     0 | t: 0.614455 | r:  -522.000000 | e:   1.000000 | Q:        nan | won: False 
#  114 | steps:  1438 | steps_t:     0 | t: 0.620066 | r:  -504.000000 | e:   1.000000 | Q:        nan | won: False 
#  115 | steps:  1448 | steps_t:     0 | t: 0.624106 | r:  -509.000000 | e:   1.000000 | Q:        nan | won: False 
#  116 | steps:  1456 | steps_t:     0 | t: 0.626952 | r:  -507.000000 | e:   1.000000 | Q:        nan | won: False 
#  117 | steps:  1471 | steps_t:     0 | t: 0.632214 | r:  -514.000000 | e:   1.000000 | Q:        nan | won: False 
#  118 | steps:  1480 | steps_t:     0 | t: 0.635348 | r:  -508.000000 | e:   1.000000 | Q:        nan | won: False 
#  119 | steps:  1491 | steps_t:     0 | t: 0.640822 | r:  -510.000000 | e:   1.000000 | Q:        nan | won: False 
#  120 | steps:  1499 | steps_t:     0 | t: 0.643593 | r:  -507.000000 | e:   1.000000 | Q:        nan | won: False 
#  121 | steps:  1508 | steps_t:     0 | t: 0.646733 | r:  -508.000000 | e:   1.000000 | Q:        nan | won: False 
#  122 | steps:  1518 | steps_t:     0 | t: 0.651103 | r:  -509.000000 | e:   1.000000 | Q:        nan | won: False 
#  123 | steps:  1528 | steps_t:     0 | t: 0.655384 | r:  -509.000000 | e:   1.000000 | Q:        nan | won: False 
#  124 | steps:  1545 | steps_t:     0 | t: 0.661450 | r:  -505.000000 | e:   1.000000 | Q:        nan | won: False 
#  125 | steps:  1561 | steps_t:     0 | t: 0.668458 | r:  -504.000000 | e:   1.000000 | Q:        nan | won: False 
#  126 | steps:  1580 | steps_t:     0 | t: 0.675342 | r:  -518.000000 | e:   1.000000 | Q:        nan | won: False 
#  127 | steps:  1589 | steps_t:     0 | t: 0.679736 | r:  -508.000000 | e:   1.000000 | Q:        nan | won: False 
#  128 | steps:  1602 | steps_t:     0 | t: 0.684711 | r:  -512.000000 | e:   1.000000 | Q:        nan | won: False 
#  129 | steps:  1610 | steps_t:     0 | t: 0.688175 | r:  -507.000000 | e:   1.000000 | Q:        nan | won: False 
#  130 | steps:  1625 | steps_t:     0 | t: 0.695405 | r:  -492.000000 | e:   1.000000 | Q:        nan | won: False 
#  131 | steps:  1631 | steps_t:     0 | t: 0.697532 | r:  -505.000000 | e:   1.000000 | Q:        nan | won: False 
#  132 | steps:  1638 | steps_t:     0 | t: 0.700073 | r:  -506.000000 | e:   1.000000 | Q:        nan | won: False 
#  133 | steps:  1650 | steps_t:     0 | t: 0.706252 | r:  -511.000000 | e:   1.000000 | Q:        nan | won: False 
#  134 | steps:  1663 | steps_t:     0 | t: 0.710765 | r:  -501.000000 | e:   1.000000 | Q:        nan | won: False 
#  135 | steps:  1670 | steps_t:     0 | t: 0.713512 | r:  -506.000000 | e:   1.000000 | Q:        nan | won: False 
#  136 | steps:  1682 | steps_t:     0 | t: 0.720075 | r:  -511.000000 | e:   1.000000 | Q:        nan | won: False 
#  137 | steps:  1702 | steps_t:     0 | t: 0.727229 | r:  -519.000000 | e:   1.000000 | Q:        nan | won: False 
#  138 | steps:  1711 | steps_t:     0 | t: 0.732388 | r:  -508.000000 | e:   1.000000 | Q:        nan | won: False 
#  139 | steps:  1730 | steps_t:     0 | t: 0.739143 | r:  -518.000000 | e:   1.000000 | Q:        nan | won: False 
#  140 | steps:  1757 | steps_t:     0 | t: 0.749908 | r:  -515.000000 | e:   1.000000 | Q:        nan | won: False 
#  141 | steps:  1763 | steps_t:     0 | t: 0.751967 | r:  -505.000000 | e:   1.000000 | Q:        nan | won: False 
#  142 | steps:  1769 | steps_t:     0 | t: 0.754103 | r:  -505.000000 | e:   1.000000 | Q:        nan | won: False 
#  143 | steps:  1796 | steps_t:     0 | t: 0.763998 | r:  -515.000000 | e:   1.000000 | Q:        nan | won: False 
#  144 | steps:  1804 | steps_t:     0 | t: 0.766938 | r:  -507.000000 | e:   1.000000 | Q:        nan | won: False 
#  145 | steps:  1814 | steps_t:     0 | t: 0.771556 | r:  -509.000000 | e:   1.000000 | Q:        nan | won: False 
#  146 | steps:  1823 | steps_t:     0 | t: 0.775681 | r:  -508.000000 | e:   1.000000 | Q:        nan | won: False 
#  147 | steps:  1831 | steps_t:     0 | t: 0.778653 | r:  -507.000000 | e:   1.000000 | Q:        nan | won: False 
#  148 | steps:  1853 | steps_t:     0 | t: 0.787834 | r:  -521.000000 | e:   1.000000 | Q:        nan | won: False 
#  149 | steps:  1864 | steps_t:     0 | t: 0.791662 | r:  -510.000000 | e:   1.000000 | Q:        nan | won: False 
#  150 | steps:  1876 | steps_t:     0 | t: 0.797258 | r:  -511.000000 | e:   1.000000 | Q:        nan | won: False 
#  151 | steps:  1888 | steps_t:     0 | t: 0.801533 | r:  -511.000000 | e:   1.000000 | Q:        nan | won: False 
#  152 | steps:  1899 | steps_t:     0 | t: 0.805777 | r:  -510.000000 | e:   1.000000 | Q:        nan | won: False 
#  153 | steps:  1921 | steps_t:     0 | t: 0.814875 | r:  -521.000000 | e:   1.000000 | Q:        nan | won: False 
#  154 | steps:  1932 | steps_t:     0 | t: 0.818837 | r:  -510.000000 | e:   1.000000 | Q:        nan | won: False 
#  155 | steps:  1962 | steps_t:     0 | t: 0.829818 | r:  -529.000000 | e:   1.000000 | Q:        nan | won: False 
#  156 | steps:  1970 | steps_t:     0 | t: 0.832538 | r:  -507.000000 | e:   1.000000 | Q:        nan | won: False 
#  157 | steps:  1988 | steps_t:     0 | t: 0.839262 | r:  -517.000000 | e:   1.000000 | Q:        nan | won: False 
#  158 | steps:  2005 | steps_t:     0 | t: 0.845279 | r:  -505.000000 | e:   1.000000 | Q:        nan | won: False 
#  159 | steps:  2014 | steps_t:     0 | t: 0.848438 | r:  -508.000000 | e:   1.000000 | Q:        nan | won: False 
#  160 | steps:  2019 | steps_t:     0 | t: 0.850231 | r:  -504.000000 | e:   1.000000 | Q:        nan | won: False 
#  161 | steps:  2025 | steps_t:     0 | t: 0.852386 | r:  -505.000000 | e:   1.000000 | Q:        nan | won: False 
#  162 | steps:  2032 | steps_t:     0 | t: 0.854806 | r:  -506.000000 | e:   1.000000 | Q:        nan | won: False 
#  163 | steps:  2038 | steps_t:     0 | t: 0.856823 | r:  -505.000000 | e:   1.000000 | Q:        nan | won: False 
#  164 | steps:  2048 | steps_t:     0 | t: 0.860330 | r:  -509.000000 | e:   1.000000 | Q:        nan | won: False 
#  165 | steps:  2056 | steps_t:     0 | t: 0.863091 | r:  -507.000000 | e:   1.000000 | Q:        nan | won: False 
#  166 | steps:  2068 | steps_t:     0 | t: 0.870070 | r:  -511.000000 | e:   1.000000 | Q:        nan | won: False 
#  167 | steps:  2077 | steps_t:     0 | t: 0.874039 | r:  -508.000000 | e:   1.000000 | Q:        nan | won: False 
#  168 | steps:  2098 | steps_t:     0 | t: 0.883369 | r:  -509.000000 | e:   1.000000 | Q:        nan | won: False 
#  169 | steps:  2107 | steps_t:     0 | t: 0.886521 | r:  -508.000000 | e:   1.000000 | Q:        nan | won: False 
#  170 | steps:  2124 | steps_t:     0 | t: 0.892561 | r:  -505.000000 | e:   1.000000 | Q:        nan | won: False 
#  171 | steps:  2133 | steps_t:     0 | t: 0.898092 | r:  -508.000000 | e:   1.000000 | Q:        nan | won: False 
#  172 | steps:  2150 | steps_t:     0 | t: 0.904223 | r:  -505.000000 | e:   1.000000 | Q:        nan | won: False 
#  173 | steps:  2160 | steps_t:     0 | t: 0.909909 | r:  -509.000000 | e:   1.000000 | Q:        nan | won: False 
#  174 | steps:  2173 | steps_t:     0 | t: 0.914565 | r:  -512.000000 | e:   1.000000 | Q:        nan | won: False 
#  175 | steps:  2180 | steps_t:     0 | t: 0.916968 | r:  -506.000000 | e:   1.000000 | Q:        nan | won: False 
#  176 | steps:  2189 | steps_t:     0 | t: 0.920927 | r:  -508.000000 | e:   1.000000 | Q:        nan | won: False 
#  177 | steps:  2196 | steps_t:     0 | t: 0.923348 | r:  -506.000000 | e:   1.000000 | Q:        nan | won: False 
#  178 | steps:  2207 | steps_t:     0 | t: 0.927332 | r:  -510.000000 | e:   1.000000 | Q:        nan | won: False 
#  179 | steps:  2212 | steps_t:     0 | t: 0.929362 | r:  -504.000000 | e:   1.000000 | Q:        nan | won: False 
#  180 | steps:  2225 | steps_t:     0 | t: 0.933907 | r:  -512.000000 | e:   1.000000 | Q:        nan | won: False 
#  181 | steps:  2233 | steps_t:     0 | t: 0.936630 | r:  -507.000000 | e:   1.000000 | Q:        nan | won: False 
#  182 | steps:  2244 | steps_t:     0 | t: 0.940450 | r:  -510.000000 | e:   1.000000 | Q:        nan | won: False 
#  183 | steps:  2257 | steps_t:     0 | t: 0.944972 | r:  -512.000000 | e:   1.000000 | Q:        nan | won: False 
#  184 | steps:  2267 | steps_t:     0 | t: 0.950663 | r:  -509.000000 | e:   1.000000 | Q:        nan | won: False 
#  185 | steps:  2275 | steps_t:     0 | t: 0.953480 | r:  -507.000000 | e:   1.000000 | Q:        nan | won: False 
#  186 | steps:  2285 | steps_t:     0 | t: 0.956909 | r:  -509.000000 | e:   1.000000 | Q:        nan | won: False 
#  187 | steps:  2297 | steps_t:     0 | t: 0.962761 | r:  -511.000000 | e:   1.000000 | Q:        nan | won: False 
#  188 | steps:  2308 | steps_t:     0 | t: 0.966660 | r:  -510.000000 | e:   1.000000 | Q:        nan | won: False 
#  189 | steps:  2330 | steps_t:     0 | t: 0.975812 | r:    90.000000 | e:   1.000000 | Q:        nan | won: True 
#  190 | steps:  2339 | steps_t:     0 | t: 0.978991 | r:  -508.000000 | e:   1.000000 | Q:        nan | won: False 
#  191 | steps:  2346 | steps_t:     0 | t: 0.981413 | r:  -506.000000 | e:   1.000000 | Q:        nan | won: False 
#  192 | steps:  2366 | steps_t:     0 | t: 0.990178 | r:  -508.000000 | e:   1.000000 | Q:        nan | won: False 
#  193 | steps:  2379 | steps_t:     0 | t: 0.994688 | r:  -512.000000 | e:   1.000000 | Q:        nan | won: False 
#  194 | steps:  2390 | steps_t:     0 | t: 1.001327 | r:  -510.000000 | e:   1.000000 | Q:        nan | won: False 
#  195 | steps:  2398 | steps_t:     0 | t: 1.004151 | r:  -507.000000 | e:   1.000000 | Q:        nan | won: False 
#  196 | steps:  2407 | steps_t:     0 | t: 1.007439 | r:  -508.000000 | e:   1.000000 | Q:        nan | won: False 
#  197 | steps:  2419 | steps_t:     0 | t: 1.012514 | r:  -511.000000 | e:   1.000000 | Q:        nan | won: False 
#  198 | steps:  2425 | steps_t:     0 | t: 1.015814 | r:  -505.000000 | e:   1.000000 | Q:        nan | won: False 
#  199 | steps:  2436 | steps_t:     0 | t: 1.020063 | r:  -510.000000 | e:   1.000000 | Q:        nan | won: False 
#  200 | steps:  2447 | steps_t:     0 | t: 1.024053 | r:  -510.000000 | e:   1.000000 | Q:        nan | won: False 
#  201 | steps:  2456 | steps_t:     0 | t: 1.029685 | r:  -508.000000 | e:   1.000000 | Q:        nan | won: False 
#  202 | steps:  2482 | steps_t:     0 | t: 1.039811 | r:  -514.000000 | e:   1.000000 | Q:        nan | won: False 
#  203 | steps:  2492 | steps_t:     0 | t: 1.044564 | r:  -509.000000 | e:   1.000000 | Q:        nan | won: False 
#  204 | steps:  2503 | steps_t:     0 | t: 1.048404 | r:  -510.000000 | e:   1.000000 | Q:        nan | won: False 
#  205 | steps:  2512 | steps_t:     0 | t: 1.051888 | r:  -508.000000 | e:   1.000000 | Q:        nan | won: False 
#  206 | steps:  2522 | steps_t:     0 | t: 1.056255 | r:  -509.000000 | e:   1.000000 | Q:        nan | won: False 
#  207 | steps:  2531 | steps_t:     0 | t: 1.059358 | r:  -508.000000 | e:   1.000000 | Q:        nan | won: False 
#  208 | steps:  2540 | steps_t:     0 | t: 1.062701 | r:  -508.000000 | e:   1.000000 | Q:        nan | won: False 
#  209 | steps:  2549 | steps_t:     0 | t: 1.065945 | r:  -508.000000 | e:   1.000000 | Q:        nan | won: False 
#  210 | steps:  2556 | steps_t:     0 | t: 1.068324 | r:  -506.000000 | e:   1.000000 | Q:        nan | won: False 
#  211 | steps:  2563 | steps_t:     0 | t: 1.070742 | r:  -506.000000 | e:   1.000000 | Q:        nan | won: False 
#  212 | steps:  2570 | steps_t:     0 | t: 1.073119 | r:  -506.000000 | e:   1.000000 | Q:        nan | won: False 
#  213 | steps:  2587 | steps_t:     0 | t: 1.079069 | r:  -516.000000 | e:   1.000000 | Q:        nan | won: False 
#  214 | steps:  2593 | steps_t:     0 | t: 1.081919 | r:  -505.000000 | e:   1.000000 | Q:        nan | won: False 
#  215 | steps:  2609 | steps_t:     0 | t: 1.089239 | r:  -515.000000 | e:   1.000000 | Q:        nan | won: False 
#  216 | steps:  2629 | steps_t:     0 | t: 1.097746 | r:  -519.000000 | e:   1.000000 | Q:        nan | won: False 
#  217 | steps:  2637 | steps_t:     0 | t: 1.100507 | r:  -507.000000 | e:   1.000000 | Q:        nan | won: False 
#  218 | steps:  2649 | steps_t:     0 | t: 1.104737 | r:  -511.000000 | e:   1.000000 | Q:        nan | won: False 
#  219 | steps:  2659 | steps_t:     0 | t: 1.109648 | r:  -509.000000 | e:   1.000000 | Q:        nan | won: False 
#  220 | steps:  2666 | steps_t:     0 | t: 1.112425 | r:  -506.000000 | e:   1.000000 | Q:        nan | won: False 
#  221 | steps:  2675 | steps_t:     0 | t: 1.115586 | r:  -508.000000 | e:   1.000000 | Q:        nan | won: False 
#  222 | steps:  2680 | steps_t:     0 | t: 1.117280 | r:  -504.000000 | e:   1.000000 | Q:        nan | won: False 
#  223 | steps:  2695 | steps_t:     0 | t: 1.124214 | r:  -492.000000 | e:   1.000000 | Q:        nan | won: False 
#  224 | steps:  2705 | steps_t:     0 | t: 1.127744 | r:  -509.000000 | e:   1.000000 | Q:        nan | won: False 
#  225 | steps:  2718 | steps_t:     0 | t: 1.132919 | r:  -512.000000 | e:   1.000000 | Q:        nan | won: False 
#  226 | steps:  2727 | steps_t:     0 | t: 1.138073 | r:  -508.000000 | e:   1.000000 | Q:        nan | won: False 
#  227 | steps:  2736 | steps_t:     0 | t: 1.141680 | r:  -508.000000 | e:   1.000000 | Q:        nan | won: False 
#  228 | steps:  2746 | steps_t:     0 | t: 1.145156 | r:  -509.000000 | e:   1.000000 | Q:        nan | won: False 
#  229 | steps:  2756 | steps_t:     0 | t: 1.150564 | r:  -509.000000 | e:   1.000000 | Q:        nan | won: False 
#  230 | steps:  2766 | steps_t:     0 | t: 1.153991 | r:  -509.000000 | e:   1.000000 | Q:        nan | won: False 
#  231 | steps:  2774 | steps_t:     0 | t: 1.156718 | r:  -507.000000 | e:   1.000000 | Q:        nan | won: False 
#  232 | steps:  2782 | steps_t:     0 | t: 1.161433 | r:  -507.000000 | e:   1.000000 | Q:        nan | won: False 
#  233 | steps:  2797 | steps_t:     0 | t: 1.167101 | r:  -514.000000 | e:   1.000000 | Q:        nan | won: False 
#  234 | steps:  2810 | steps_t:     0 | t: 1.172280 | r:  -512.000000 | e:   1.000000 | Q:        nan | won: False 
#  235 | steps:  2817 | steps_t:     0 | t: 1.176345 | r:  -506.000000 | e:   1.000000 | Q:        nan | won: False 
#  236 | steps:  2822 | steps_t:     0 | t: 1.178105 | r:  -504.000000 | e:   1.000000 | Q:        nan | won: False 
#  237 | steps:  2831 | steps_t:     0 | t: 1.181372 | r:  -508.000000 | e:   1.000000 | Q:        nan | won: False 
#  238 | steps:  2840 | steps_t:     0 | t: 1.184426 | r:  -508.000000 | e:   1.000000 | Q:        nan | won: False 
#  239 | steps:  2869 | steps_t:     0 | t: 1.195494 | r:  -528.000000 | e:   1.000000 | Q:        nan | won: False 
#  240 | steps:  2878 | steps_t:     0 | t: 1.198651 | r:  -508.000000 | e:   1.000000 | Q:        nan | won: False 
#  241 | steps:  2888 | steps_t:     0 | t: 1.202168 | r:  -509.000000 | e:   1.000000 | Q:        nan | won: False 
#  242 | steps:  2897 | steps_t:     0 | t: 1.205641 | r:  -508.000000 | e:   1.000000 | Q:        nan | won: False 
#  243 | steps:  2905 | steps_t:     0 | t: 1.208400 | r:  -507.000000 | e:   1.000000 | Q:        nan | won: False 
#  244 | steps:  2917 | steps_t:     0 | t: 1.212613 | r:  -511.000000 | e:   1.000000 | Q:        nan | won: False 
#  245 | steps:  2923 | steps_t:     0 | t: 1.216260 | r:  -505.000000 | e:   1.000000 | Q:        nan | won: False 
#  246 | steps:  2948 | steps_t:     0 | t: 1.226829 | r:  -513.000000 | e:   1.000000 | Q:        nan | won: False 
#  247 | steps:  2954 | steps_t:     0 | t: 1.228885 | r:  -505.000000 | e:   1.000000 | Q:        nan | won: False 
#  248 | steps:  2975 | steps_t:     0 | t: 1.238391 | r:  -520.000000 | e:   1.000000 | Q:        nan | won: False 
#  249 | steps:  2989 | steps_t:     0 | t: 1.243863 | r:  -502.000000 | e:   1.000000 | Q:        nan | won: False 
#  250 | steps:  2996 | steps_t:     0 | t: 1.247163 | r:  -506.000000 | e:   1.000000 | Q:        nan | won: False 
#  251 | steps:  3007 | steps_t:     0 | t: 1.251076 | r:  -510.000000 | e:   1.000000 | Q:        nan | won: False 
#  252 | steps:  3021 | steps_t:     0 | t: 1.256988 | r:  -513.000000 | e:   1.000000 | Q:        nan | won: False 
#  253 | steps:  3031 | steps_t:     0 | t: 1.262313 | r:  -509.000000 | e:   1.000000 | Q:        nan | won: False 
#  254 | steps:  3037 | steps_t:     0 | t: 1.264520 | r:  -505.000000 | e:   1.000000 | Q:        nan | won: False 
#  255 | steps:  3045 | steps_t:     0 | t: 1.267517 | r:  -507.000000 | e:   1.000000 | Q:        nan | won: False 
#  256 | steps:  3055 | steps_t:     0 | t: 1.272867 | r:  -509.000000 | e:   1.000000 | Q:        nan | won: False 
#  257 | steps:  3064 | steps_t:     0 | t: 1.276698 | r:  -508.000000 | e:   1.000000 | Q:        nan | won: False 
#  258 | steps:  3073 | steps_t:     0 | t: 1.279835 | r:  -508.000000 | e:   1.000000 | Q:        nan | won: False 
#  259 | steps:  3089 | steps_t:     0 | t: 1.287688 | r:  -504.000000 | e:   1.000000 | Q:        nan | won: False 
#  260 | steps:  3105 | steps_t:     0 | t: 1.293513 | r:  -504.000000 | e:   1.000000 | Q:        nan | won: False 
#  261 | steps:  3118 | steps_t:     0 | t: 1.299177 | r:  -512.000000 | e:   1.000000 | Q:        nan | won: False 
#  262 | steps:  3128 | steps_t:     0 | t: 1.303646 | r:  -509.000000 | e:   1.000000 | Q:        nan | won: False 
#  263 | steps:  3138 | steps_t:     0 | t: 1.307089 | r:  -509.000000 | e:   1.000000 | Q:        nan | won: False 
#  264 | steps:  3149 | steps_t:     0 | t: 1.311876 | r:  -510.000000 | e:   1.000000 | Q:        nan | won: False 
#  265 | steps:  3162 | steps_t:     0 | t: 1.316519 | r:  -512.000000 | e:   1.000000 | Q:        nan | won: False 
#  266 | steps:  3175 | steps_t:     0 | t: 1.321076 | r:  -512.000000 | e:   1.000000 | Q:        nan | won: False 
#  267 | steps:  3183 | steps_t:     0 | t: 1.323821 | r:  -507.000000 | e:   1.000000 | Q:        nan | won: False 
#  268 | steps:  3204 | steps_t:     0 | t: 1.331819 | r:  -520.000000 | e:   1.000000 | Q:        nan | won: False 
#  269 | steps:  3215 | steps_t:     0 | t: 1.335918 | r:  -510.000000 | e:   1.000000 | Q:        nan | won: False 
#  270 | steps:  3236 | steps_t:     0 | t: 1.345090 | r:  -509.000000 | e:   1.000000 | Q:        nan | won: False 
#  271 | steps:  3259 | steps_t:     0 | t: 1.354666 | r:  -522.000000 | e:   1.000000 | Q:        nan | won: False 
#  272 | steps:  3267 | steps_t:     0 | t: 1.357771 | r:  -507.000000 | e:   1.000000 | Q:        nan | won: False 
#  273 | steps:  3274 | steps_t:     0 | t: 1.360151 | r:  -506.000000 | e:   1.000000 | Q:        nan | won: False 
#  274 | steps:  3282 | steps_t:     0 | t: 1.363649 | r:  -507.000000 | e:   1.000000 | Q:        nan | won: False 
#  275 | steps:  3297 | steps_t:     0 | t: 1.369823 | r:  -514.000000 | e:   1.000000 | Q:        nan | won: False 
#  276 | steps:  3313 | steps_t:     0 | t: 1.376593 | r:  -504.000000 | e:   1.000000 | Q:        nan | won: False 
#  277 | steps:  3328 | steps_t:     0 | t: 1.382102 | r:  -514.000000 | e:   1.000000 | Q:        nan | won: False 
#  278 | steps:  3353 | steps_t:     0 | t: 1.394013 | r:  -524.000000 | e:   1.000000 | Q:        nan | won: False 
#  279 | steps:  3360 | steps_t:     0 | t: 1.396389 | r:  -506.000000 | e:   1.000000 | Q:        nan | won: False 
#  280 | steps:  3370 | steps_t:     0 | t: 1.399899 | r:  -509.000000 | e:   1.000000 | Q:        nan | won: False 
#  281 | steps:  3384 | steps_t:     0 | t: 1.406937 | r:  -513.000000 | e:   1.000000 | Q:        nan | won: False 
#  282 | steps:  3391 | steps_t:     0 | t: 1.409440 | r:  -506.000000 | e:   1.000000 | Q:        nan | won: False 
#  283 | steps:  3398 | steps_t:     0 | t: 1.411832 | r:  -506.000000 | e:   1.000000 | Q:        nan | won: False 
#  284 | steps:  3403 | steps_t:     0 | t: 1.413554 | r:  -504.000000 | e:   1.000000 | Q:        nan | won: False 
#  285 | steps:  3412 | steps_t:     0 | t: 1.416619 | r:  -508.000000 | e:   1.000000 | Q:        nan | won: False 
#  286 | steps:  3425 | steps_t:     0 | t: 1.423730 | r:  -512.000000 | e:   1.000000 | Q:        nan | won: False 
#  287 | steps:  3435 | steps_t:     0 | t: 1.427266 | r:  -509.000000 | e:   1.000000 | Q:        nan | won: False 
#  288 | steps:  3449 | steps_t:     0 | t: 1.434399 | r:  -513.000000 | e:   1.000000 | Q:        nan | won: False 
#  289 | steps:  3458 | steps_t:     0 | t: 1.437732 | r:  -508.000000 | e:   1.000000 | Q:        nan | won: False 
#  290 | steps:  3468 | steps_t:     0 | t: 1.441190 | r:  -509.000000 | e:   1.000000 | Q:        nan | won: False 
#  291 | steps:  3479 | steps_t:     0 | t: 1.445431 | r:  -510.000000 | e:   1.000000 | Q:        nan | won: False 
#  292 | steps:  3496 | steps_t:     0 | t: 1.452256 | r:  -516.000000 | e:   1.000000 | Q:        nan | won: False 
#  293 | steps:  3505 | steps_t:     0 | t: 1.455357 | r:  -508.000000 | e:   1.000000 | Q:        nan | won: False 
#  294 | steps:  3521 | steps_t:     0 | t: 1.460988 | r:  -504.000000 | e:   1.000000 | Q:        nan | won: False 
#  295 | steps:  3533 | steps_t:     0 | t: 1.465272 | r:  -511.000000 | e:   1.000000 | Q:        nan | won: False 
#  296 | steps:  3543 | steps_t:     0 | t: 1.469033 | r:  -509.000000 | e:   1.000000 | Q:        nan | won: False 
#  297 | steps:  3549 | steps_t:     0 | t: 1.471063 | r:  -505.000000 | e:   1.000000 | Q:        nan | won: False 
#  298 | steps:  3560 | steps_t:     0 | t: 1.476844 | r:  -510.000000 | e:   1.000000 | Q:        nan | won: False 
#  299 | steps:  3565 | steps_t:     0 | t: 1.478522 | r:  -504.000000 | e:   1.000000 | Q:        nan | won: False 
#  300 | steps:  3573 | steps_t:     0 | t: 1.481382 | r:  -507.000000 | e:   1.000000 | Q:        nan | won: False 
#  301 | steps:  3593 | steps_t:     0 | t: 1.490690 | r:  -519.000000 | e:   1.000000 | Q:        nan | won: False 
#  302 | steps:  3601 | steps_t:     0 | t: 1.493500 | r:  -507.000000 | e:   1.000000 | Q:        nan | won: False 
#  303 | steps:  3617 | steps_t:     0 | t: 1.500686 | r:  -504.000000 | e:   1.000000 | Q:        nan | won: False 
#  304 | steps:  3623 | steps_t:     0 | t: 1.502783 | r:  -505.000000 | e:   1.000000 | Q:        nan | won: False 
#  305 | steps:  3633 | steps_t:     0 | t: 1.506256 | r:  -509.000000 | e:   1.000000 | Q:        nan | won: False 
#  306 | steps:  3641 | steps_t:     0 | t: 1.509005 | r:  -507.000000 | e:   1.000000 | Q:        nan | won: False 
#  307 | steps:  3653 | steps_t:     0 | t: 1.515330 | r:  -511.000000 | e:   1.000000 | Q:        nan | won: False 
#  308 | steps:  3666 | steps_t:     0 | t: 1.519946 | r:  -512.000000 | e:   1.000000 | Q:        nan | won: False 
#  309 | steps:  3671 | steps_t:     0 | t: 1.521657 | r:  -504.000000 | e:   1.000000 | Q:        nan | won: False 
#  310 | steps:  3681 | steps_t:     0 | t: 1.527217 | r:  -509.000000 | e:   1.000000 | Q:        nan | won: False 
#  311 | steps:  3702 | steps_t:     0 | t: 1.536097 | r:  -520.000000 | e:   1.000000 | Q:        nan | won: False 
#  312 | steps:  3712 | steps_t:     0 | t: 1.539600 | r:  -509.000000 | e:   1.000000 | Q:        nan | won: False 
#  313 | steps:  3720 | steps_t:     0 | t: 1.545072 | r:  -507.000000 | e:   1.000000 | Q:        nan | won: False 
#  314 | steps:  3730 | steps_t:     0 | t: 1.548602 | r:  -509.000000 | e:   1.000000 | Q:        nan | won: False 
#  315 | steps:  3750 | steps_t:     0 | t: 1.558262 | r:  -508.000000 | e:   1.000000 | Q:        nan | won: False 
#  316 | steps:  3765 | steps_t:     0 | t: 1.563560 | r:  -514.000000 | e:   1.000000 | Q:        nan | won: False 
#  317 | steps:  3784 | steps_t:     0 | t: 1.572642 | r:  -518.000000 | e:   1.000000 | Q:        nan | won: False 
#  318 | steps:  3796 | steps_t:     0 | t: 1.576885 | r:  -511.000000 | e:   1.000000 | Q:        nan | won: False 
#  319 | steps:  3809 | steps_t:     0 | t: 1.581485 | r:  -512.000000 | e:   1.000000 | Q:        nan | won: False 
#  320 | steps:  3814 | steps_t:     0 | t: 1.584306 | r:  -504.000000 | e:   1.000000 | Q:        nan | won: False 
#  321 | steps:  3822 | steps_t:     0 | t: 1.587117 | r:  -507.000000 | e:   1.000000 | Q:        nan | won: False 
#  322 | steps:  3829 | steps_t:     0 | t: 1.589598 | r:  -506.000000 | e:   1.000000 | Q:        nan | won: False 
#  323 | steps:  3840 | steps_t:     0 | t: 1.593461 | r:  -510.000000 | e:   1.000000 | Q:        nan | won: False 
#  324 | steps:  3867 | steps_t:     0 | t: 1.603051 | r:  -515.000000 | e:   1.000000 | Q:        nan | won: False 
#  325 | steps:  3878 | steps_t:     0 | t: 1.606976 | r:  -510.000000 | e:   1.000000 | Q:        nan | won: False 
#  326 | steps:  3892 | steps_t:     0 | t: 1.613925 | r:  -513.000000 | e:   1.000000 | Q:        nan | won: False 
#  327 | steps:  3898 | steps_t:     0 | t: 1.615954 | r:  -505.000000 | e:   1.000000 | Q:        nan | won: False 
#  328 | steps:  3913 | steps_t:     0 | t: 1.621626 | r:  -492.000000 | e:   1.000000 | Q:        nan | won: False 
#  329 | steps:  3953 | steps_t:     0 | t: 1.639257 | r:  -528.000000 | e:   1.000000 | Q:        nan | won: False 
#  330 | steps:  3961 | steps_t:     0 | t: 1.642154 | r:  -507.000000 | e:   1.000000 | Q:        nan | won: False 
#  331 | steps:  3970 | steps_t:     0 | t: 1.645251 | r:  -508.000000 | e:   1.000000 | Q:        nan | won: False 
#  332 | steps:  3989 | steps_t:     0 | t: 1.653911 | r:  -496.000000 | e:   1.000000 | Q:        nan | won: False 
#  333 | steps:  3994 | steps_t:     0 | t: 1.655553 | r:  -504.000000 | e:   1.000000 | Q:        nan | won: False 
#  334 | steps:  4004 | steps_t:     0 | t: 1.659084 | r:  -509.000000 | e:   1.000000 | Q:        nan | won: False 
#  335 | steps:  4009 | steps_t:     0 | t: 1.661005 | r:  -504.000000 | e:   1.000000 | Q:        nan | won: False 
#  336 | steps:  4015 | steps_t:     0 | t: 1.663010 | r:  -505.000000 | e:   1.000000 | Q:        nan | won: False 
#  337 | steps:  4024 | steps_t:     0 | t: 1.666279 | r:  -508.000000 | e:   1.000000 | Q:        nan | won: False 
#  338 | steps:  4030 | steps_t:     0 | t: 1.668301 | r:  -505.000000 | e:   1.000000 | Q:        nan | won: False 
#  339 | steps:  4037 | steps_t:     0 | t: 1.670725 | r:  -506.000000 | e:   1.000000 | Q:        nan | won: False 
#  340 | steps:  4057 | steps_t:     0 | t: 1.678190 | r:  -519.000000 | e:   1.000000 | Q:        nan | won: False 
#  341 | steps:  4066 | steps_t:     0 | t: 1.681348 | r:  -508.000000 | e:   1.000000 | Q:        nan | won: False 
#  342 | steps:  4074 | steps_t:     0 | t: 1.684073 | r:  -507.000000 | e:   1.000000 | Q:        nan | won: False 
#  343 | steps:  4096 | steps_t:     0 | t: 1.692016 | r:  -521.000000 | e:   1.000000 | Q:        nan | won: False 
#  344 | steps:  4113 | steps_t:     0 | t: 1.698516 | r:  -505.000000 | e:   1.000000 | Q:        nan | won: False 
#  345 | steps:  4119 | steps_t:     0 | t: 1.700544 | r:  -505.000000 | e:   1.000000 | Q:        nan | won: False 
#  346 | steps:  4126 | steps_t:     0 | t: 1.702954 | r:  -506.000000 | e:   1.000000 | Q:        nan | won: False 
#  347 | steps:  4136 | steps_t:     0 | t: 1.707818 | r:  -509.000000 | e:   1.000000 | Q:        nan | won: False 
#  348 | steps:  4152 | steps_t:     0 | t: 1.715300 | r:  -515.000000 | e:   1.000000 | Q:        nan | won: False 
#  349 | steps:  4160 | steps_t:     0 | t: 1.718091 | r:  -507.000000 | e:   1.000000 | Q:        nan | won: False 
#  350 | steps:  4172 | steps_t:     0 | t: 1.723951 | r:  -511.000000 | e:   1.000000 | Q:        nan | won: False 
#  351 | steps:  4179 | steps_t:     0 | t: 1.727019 | r:  -506.000000 | e:   1.000000 | Q:        nan | won: False 
#  352 | steps:  4207 | steps_t:     0 | t: 1.739583 | r:  -516.000000 | e:   1.000000 | Q:        nan | won: False 
#  353 | steps:  4218 | steps_t:     0 | t: 1.743449 | r:  -510.000000 | e:   1.000000 | Q:        nan | won: False 
#  354 | steps:  4226 | steps_t:     0 | t: 1.746263 | r:  -507.000000 | e:   1.000000 | Q:        nan | won: False 
#  355 | steps:  4236 | steps_t:     0 | t: 1.751776 | r:  -509.000000 | e:   1.000000 | Q:        nan | won: False 
#  356 | steps:  4246 | steps_t:     0 | t: 1.755489 | r:  -509.000000 | e:   1.000000 | Q:        nan | won: False 
#  357 | steps:  4258 | steps_t:     0 | t: 1.759757 | r:  -500.000000 | e:   1.000000 | Q:        nan | won: False 
#  358 | steps:  4268 | steps_t:     0 | t: 1.764342 | r:  -509.000000 | e:   1.000000 | Q:        nan | won: False 
#  359 | steps:  4279 | steps_t:     0 | t: 1.768525 | r:  -510.000000 | e:   1.000000 | Q:        nan | won: False 
#  360 | steps:  4287 | steps_t:     0 | t: 1.771467 | r:  -507.000000 | e:   1.000000 | Q:        nan | won: False 
#  361 | steps:  4294 | steps_t:     0 | t: 1.773898 | r:  -506.000000 | e:   1.000000 | Q:        nan | won: False 
#  362 | steps:  4304 | steps_t:     0 | t: 1.777379 | r:  -509.000000 | e:   1.000000 | Q:        nan | won: False 
#  363 | steps:  4319 | steps_t:     0 | t: 1.782809 | r:  -503.000000 | e:   1.000000 | Q:        nan | won: False 
#  364 | steps:  4325 | steps_t:     0 | t: 1.784807 | r:  -505.000000 | e:   1.000000 | Q:        nan | won: False 
#  365 | steps:  4338 | steps_t:     0 | t: 1.789966 | r:  -512.000000 | e:   1.000000 | Q:        nan | won: False 
#  366 | steps:  4346 | steps_t:     0 | t: 1.794507 | r:  -507.000000 | e:   1.000000 | Q:        nan | won: False 
#  367 | steps:  4360 | steps_t:     0 | t: 1.799373 | r:  -513.000000 | e:   1.000000 | Q:        nan | won: False 
#  368 | steps:  4375 | steps_t:     0 | t: 1.806354 | r:  -492.000000 | e:   1.000000 | Q:        nan | won: False 
#  369 | steps:  4386 | steps_t:     0 | t: 1.810182 | r:  -510.000000 | e:   1.000000 | Q:        nan | won: False 
#  370 | steps:  4408 | steps_t:     0 | t: 1.819498 | r:  -510.000000 | e:   1.000000 | Q:        nan | won: False 
#  371 | steps:  4417 | steps_t:     0 | t: 1.822616 | r:  -508.000000 | e:   1.000000 | Q:        nan | won: False 
#  372 | steps:  4438 | steps_t:     0 | t: 1.831910 | r:  -520.000000 | e:   1.000000 | Q:        nan | won: False 
#  373 | steps:  4472 | steps_t:     0 | t: 1.847494 | r:  -533.000000 | e:   1.000000 | Q:        nan | won: False 
#  374 | steps:  4487 | steps_t:     0 | t: 1.853359 | r:  -503.000000 | e:   1.000000 | Q:        nan | won: False 
#  375 | steps:  4499 | steps_t:     0 | t: 1.859065 | r:  -511.000000 | e:   1.000000 | Q:        nan | won: False 
#  376 | steps:  4506 | steps_t:     0 | t: 1.862304 | r:  -506.000000 | e:   1.000000 | Q:        nan | won: False 
#  377 | steps:  4522 | steps_t:     0 | t: 1.868106 | r:  -504.000000 | e:   1.000000 | Q:        nan | won: False 
#  378 | steps:  4529 | steps_t:     0 | t: 1.871069 | r:  -506.000000 | e:   1.000000 | Q:        nan | won: False 
#  379 | steps:  4540 | steps_t:     0 | t: 1.876766 | r:  -510.000000 | e:   1.000000 | Q:        nan | won: False 
#  380 | steps:  4549 | steps_t:     0 | t: 1.880001 | r:  -508.000000 | e:   1.000000 | Q:        nan | won: False 
#  381 | steps:  4557 | steps_t:     0 | t: 1.882797 | r:  -507.000000 | e:   1.000000 | Q:        nan | won: False 
#  382 | steps:  4574 | steps_t:     0 | t: 1.891938 | r:  -516.000000 | e:   1.000000 | Q:        nan | won: False 
#  383 | steps:  4579 | steps_t:     0 | t: 1.893674 | r:  -504.000000 | e:   1.000000 | Q:        nan | won: False 
#  384 | steps:  4584 | steps_t:     0 | t: 1.895320 | r:  -504.000000 | e:   1.000000 | Q:        nan | won: False 
#  385 | steps:  4598 | steps_t:     0 | t: 1.901469 | r:  -513.000000 | e:   1.000000 | Q:        nan | won: False 
#  386 | steps:  4609 | steps_t:     0 | t: 1.905296 | r:  -510.000000 | e:   1.000000 | Q:        nan | won: False 
#  387 | steps:  4619 | steps_t:     0 | t: 1.908722 | r:  -509.000000 | e:   1.000000 | Q:        nan | won: False 
#  388 | steps:  4631 | steps_t:     0 | t: 1.912986 | r:  -500.000000 | e:   1.000000 | Q:        nan | won: False 
#  389 | steps:  4642 | steps_t:     0 | t: 1.916746 | r:  -510.000000 | e:   1.000000 | Q:        nan | won: False 
#  390 | steps:  4650 | steps_t:     0 | t: 1.919495 | r:  -507.000000 | e:   1.000000 | Q:        nan | won: False 
#  391 | steps:  4668 | steps_t:     0 | t: 1.927095 | r:  -517.000000 | e:   1.000000 | Q:        nan | won: False 
#  392 | steps:  4678 | steps_t:     0 | t: 1.931826 | r:  -509.000000 | e:   1.000000 | Q:        nan | won: False 
#  393 | steps:  4691 | steps_t:     0 | t: 1.936359 | r:  -512.000000 | e:   1.000000 | Q:        nan | won: False 
#  394 | steps:  4706 | steps_t:     0 | t: 1.943304 | r:  -514.000000 | e:   1.000000 | Q:        nan | won: False 
#  395 | steps:  4725 | steps_t:     0 | t: 1.950392 | r:  -518.000000 | e:   1.000000 | Q:        nan | won: False 
#  396 | steps:  4746 | steps_t:     0 | t: 1.959808 | r:  -509.000000 | e:   1.000000 | Q:        nan | won: False 
#  397 | steps:  4760 | steps_t:     0 | t: 1.965535 | r:  -513.000000 | e:   1.000000 | Q:        nan | won: False 
#  398 | steps:  4769 | steps_t:     0 | t: 1.969501 | r:  -508.000000 | e:   1.000000 | Q:        nan | won: False 
#  399 | steps:  4781 | steps_t:     0 | t: 1.973797 | r:  -511.000000 | e:   1.000000 | Q:        nan | won: False 
#  400 | steps:  4791 | steps_t:     0 | t: 1.979178 | r:  -509.000000 | e:   1.000000 | Q:        nan | won: False 
#  401 | steps:  4800 | steps_t:     0 | t: 1.983896 | r:  -508.000000 | e:   1.000000 | Q:        nan | won: False 
#  402 | steps:  4807 | steps_t:     0 | t: 1.986371 | r:  -506.000000 | e:   1.000000 | Q:        nan | won: False 
#  403 | steps:  4816 | steps_t:     0 | t: 1.989500 | r:  -508.000000 | e:   1.000000 | Q:        nan | won: False 
#  404 | steps:  4822 | steps_t:     0 | t: 1.991514 | r:  -505.000000 | e:   1.000000 | Q:        nan | won: False 
#  405 | steps:  4836 | steps_t:     0 | t: 1.998916 | r:  -502.000000 | e:   1.000000 | Q:        nan | won: False 
#  406 | steps:  4845 | steps_t:     0 | t: 2.002094 | r:  -508.000000 | e:   1.000000 | Q:        nan | won: False 
#  407 | steps:  4853 | steps_t:     0 | t: 2.005141 | r:  -507.000000 | e:   1.000000 | Q:        nan | won: False 
#  408 | steps:  4861 | steps_t:     0 | t: 2.009977 | r:  -507.000000 | e:   1.000000 | Q:        nan | won: False 
#  409 | steps:  4872 | steps_t:     0 | t: 2.014147 | r:  -510.000000 | e:   1.000000 | Q:        nan | won: False 
#  410 | steps:  4877 | steps_t:     0 | t: 2.015803 | r:  -504.000000 | e:   1.000000 | Q:        nan | won: False 
#  411 | steps:  4887 | steps_t:     0 | t: 2.019292 | r:  -509.000000 | e:   1.000000 | Q:        nan | won: False 
#  412 | steps:  4896 | steps_t:     0 | t: 2.024226 | r:  -508.000000 | e:   1.000000 | Q:        nan | won: False 
#  413 | steps:  4906 | steps_t:     0 | t: 2.028279 | r:  -509.000000 | e:   1.000000 | Q:        nan | won: False 
#  414 | steps:  4913 | steps_t:     0 | t: 2.030800 | r:  -506.000000 | e:   1.000000 | Q:        nan | won: False 
#  415 | steps:  4923 | steps_t:     0 | t: 2.035254 | r:  -509.000000 | e:   1.000000 | Q:        nan | won: False 
#  416 | steps:  4940 | steps_t:     0 | t: 2.041840 | r:  -516.000000 | e:   1.000000 | Q:        nan | won: False 
#  417 | steps:  4946 | steps_t:     0 | t: 2.043869 | r:  -505.000000 | e:   1.000000 | Q:        nan | won: False 
#  418 | steps:  4952 | steps_t:     0 | t: 2.045949 | r:  -505.000000 | e:   1.000000 | Q:        nan | won: False 
#  419 | steps:  4960 | steps_t:     0 | t: 2.048662 | r:  -507.000000 | e:   1.000000 | Q:        nan | won: False 
#  420 | steps:  4967 | steps_t:     0 | t: 2.051055 | r:  -506.000000 | e:   1.000000 | Q:        nan | won: False 
#  421 | steps:  4975 | steps_t:     0 | t: 2.053823 | r:  -507.000000 | e:   1.000000 | Q:        nan | won: False 
#  422 | steps:  4983 | steps_t:     0 | t: 2.056569 | r:  -507.000000 | e:   1.000000 | Q:        nan | won: False 
#  423 | steps:  4990 | steps_t:     0 | t: 2.058988 | r:  -506.000000 | e:   1.000000 | Q:        nan | won: False 
#  424 | steps:  4998 | steps_t:     0 | t: 2.062442 | r:  -507.000000 | e:   1.000000 | Q:        nan | won: False 
