#    1 | steps:    14 | steps_t:     0 | t: 0.108844 | r:  -502.000000 | e:   1.000000 | Q:        nan | won: False 
#    2 | steps:    29 | steps_t:     0 | t: 0.213774 | r:  -514.000000 | e:   1.000000 | Q:        nan | won: False 
#    3 | steps:    39 | steps_t:     0 | t: 0.285968 | r:  -509.000000 | e:   1.000000 | Q:        nan | won: False 
#    4 | steps:    49 | steps_t:     0 | t: 0.353902 | r:  -509.000000 | e:   1.000000 | Q:        nan | won: False 
#    5 | steps:    71 | steps_t:     0 | t: 0.506175 | r:  -521.000000 | e:   1.000000 | Q:        nan | won: False 
#    6 | steps:    77 | steps_t:     0 | t: 0.541701 | r:  -505.000000 | e:   1.000000 | Q:        nan | won: False 
#    7 | steps:    85 | steps_t:     0 | t: 0.600199 | r:  -507.000000 | e:   1.000000 | Q:        nan | won: False 
#    8 | steps:    97 | steps_t:     0 | t: 0.683817 | r:  -511.000000 | e:   1.000000 | Q:        nan | won: False 
#    9 | steps:   119 | steps_t:     0 | t: 0.841235 | r:  -510.000000 | e:   1.000000 | Q:        nan | won: False 
#   10 | steps:   130 | steps_t:     0 | t: 0.922159 | r:  -510.000000 | e:   1.000000 | Q:        nan | won: False 
#   11 | steps:   137 | steps_t:     0 | t: 0.964389 | r:  -506.000000 | e:   1.000000 | Q:        nan | won: False 
#   12 | steps:   145 | steps_t:     0 | t: 1.020442 | r:  -507.000000 | e:   1.000000 | Q:        nan | won: False 
#   13 | steps:   158 | steps_t:     0 | t: 1.116025 | r:  -512.000000 | e:   1.000000 | Q:        nan | won: False 
#   14 | steps:   171 | steps_t:     0 | t: 1.211214 | r:  -512.000000 | e:   1.000000 | Q:        nan | won: False 
#   15 | steps:   182 | steps_t:     0 | t: 1.285501 | r:  -510.000000 | e:   1.000000 | Q:        nan | won: False 
#   16 | steps:   203 | steps_t:     0 | t: 1.423518 | r:  -520.000000 | e:   1.000000 | Q:        nan | won: False 
#   17 | steps:   210 | steps_t:     0 | t: 1.469669 | r:  -506.000000 | e:   1.000000 | Q:        nan | won: False 
#   18 | steps:   217 | steps_t:     0 | t: 1.520451 | r:  -506.000000 | e:   1.000000 | Q:        nan | won: False 
#   19 | steps:   228 | steps_t:     0 | t: 1.593800 | r:  -510.000000 | e:   1.000000 | Q:        nan | won: False 
#   20 | steps:   234 | steps_t:     0 | t: 1.633955 | r:  -505.000000 | e:   1.000000 | Q:        nan | won: False 
#   21 | steps:   240 | steps_t:     0 | t: 1.680493 | r:  -505.000000 | e:   1.000000 | Q:        nan | won: False 
#   22 | steps:   250 | steps_t:     0 | t: 1.743221 | r:  -509.000000 | e:   1.000000 | Q:        nan | won: False 
#   23 | steps:   260 | steps_t:     0 | t: 1.816576 | r:  -509.000000 | e:   1.000000 | Q:        nan | won: False 
#   24 | steps:   266 | steps_t:     0 | t: 1.858265 | r:  -505.000000 | e:   1.000000 | Q:        nan | won: False 
#   25 | steps:   276 | steps_t:     0 | t: 1.924068 | r:  -509.000000 | e:   1.000000 | Q:        nan | won: False 
#   26 | steps:   287 | steps_t:     0 | t: 2.004949 | r:  -510.000000 | e:   1.000000 | Q:        nan | won: False 
#   27 | steps:   298 | steps_t:     0 | t: 2.083117 | r:  -510.000000 | e:   1.000000 | Q:        nan | won: False 
#   28 | steps:   307 | steps_t:     0 | t: 2.146388 | r:  -508.000000 | e:   1.000000 | Q:        nan | won: False 
#   29 | steps:   317 | steps_t:     0 | t: 2.212402 | r:  -509.000000 | e:   1.000000 | Q:        nan | won: False 
#   30 | steps:   395 | steps_t:     0 | t: 2.750734 | r:  -566.000000 | e:   1.000000 | Q:        nan | won: False 
#   31 | steps:   403 | steps_t:     0 | t: 2.796293 | r:  -507.000000 | e:   1.000000 | Q:        nan | won: False 
#   32 | steps:   414 | steps_t:     0 | t: 2.880767 | r:  -510.000000 | e:   1.000000 | Q:        nan | won: False 
#   33 | steps:   419 | steps_t:     0 | t: 2.911620 | r:  -504.000000 | e:   1.000000 | Q:        nan | won: False 
#   34 | steps:   433 | steps_t:     0 | t: 3.011052 | r:  -513.000000 | e:   1.000000 | Q:        nan | won: False 
#   35 | steps:   446 | steps_t:     0 | t: 3.097828 | r:  -512.000000 | e:   1.000000 | Q:        nan | won: False 
#   36 | steps:   454 | steps_t:     0 | t: 3.145483 | r:  -507.000000 | e:   1.000000 | Q:        nan | won: False 
#   37 | steps:   473 | steps_t:     0 | t: 3.269484 | r:  -518.000000 | e:   1.000000 | Q:        nan | won: False 
#   38 | steps:   482 | steps_t:     0 | t: 3.336907 | r:  -508.000000 | e:   1.000000 | Q:        nan | won: False 
#   39 | steps:   498 | steps_t:     0 | t: 3.444841 | r:  -515.000000 | e:   1.000000 | Q:        nan | won: False 
#   40 | steps:   523 | steps_t:     0 | t: 3.625710 | r:  -524.000000 | e:   1.000000 | Q:        nan | won: False 
#   41 | steps:   530 | steps_t:     0 | t: 3.666497 | r:  -506.000000 | e:   1.000000 | Q:        nan | won: False 
#   42 | steps:   545 | steps_t:     0 | t: 3.771845 | r:  -514.000000 | e:   1.000000 | Q:        nan | won: False 
#   43 | steps:   558 | steps_t:     0 | t: 3.855368 | r:  -512.000000 | e:   1.000000 | Q:        nan | won: False 
#   44 | steps:   572 | steps_t:     0 | t: 3.953378 | r:  -502.000000 | e:   1.000000 | Q:        nan | won: False 
#   45 | steps:   582 | steps_t:     0 | t: 4.017671 | r:  -509.000000 | e:   1.000000 | Q:        nan | won: False 
#   46 | steps:   592 | steps_t:     0 | t: 4.067744 | r:  -509.000000 | e:   1.000000 | Q:        nan | won: False 
#   47 | steps:   600 | steps_t:     0 | t: 4.123147 | r:  -507.000000 | e:   1.000000 | Q:        nan | won: False 
#   48 | steps:   613 | steps_t:     0 | t: 4.206154 | r:  -512.000000 | e:   1.000000 | Q:        nan | won: False 
#   49 | steps:   623 | steps_t:     0 | t: 4.280364 | r:  -509.000000 | e:   1.000000 | Q:        nan | won: False 
#   50 | steps:   645 | steps_t:     0 | t: 4.428235 | r:  -510.000000 | e:   1.000000 | Q:        nan | won: False 
#   51 | steps:   651 | steps_t:     0 | t: 4.458213 | r:  -505.000000 | e:   1.000000 | Q:        nan | won: False 
#   52 | steps:   665 | steps_t:     0 | t: 4.563738 | r:  -513.000000 | e:   1.000000 | Q:        nan | won: False 
#   53 | steps:   675 | steps_t:     0 | t: 4.625710 | r:  -509.000000 | e:   1.000000 | Q:        nan | won: False 
#   54 | steps:   690 | steps_t:     0 | t: 4.726996 | r:  -503.000000 | e:   1.000000 | Q:        nan | won: False 
#   55 | steps:   699 | steps_t:     0 | t: 4.785691 | r:  -508.000000 | e:   1.000000 | Q:        nan | won: False 
#   56 | steps:   710 | steps_t:     0 | t: 4.863868 | r:  -510.000000 | e:   1.000000 | Q:        nan | won: False 
#   57 | steps:   729 | steps_t:     0 | t: 4.985921 | r:  -518.000000 | e:   1.000000 | Q:        nan | won: False 
#   58 | steps:   740 | steps_t:     0 | t: 5.052460 | r:  -510.000000 | e:   1.000000 | Q:        nan | won: False 
#   59 | steps:   748 | steps_t:     0 | t: 5.106147 | r:  -507.000000 | e:   1.000000 | Q:        nan | won: False 
#   60 | steps:   757 | steps_t:     0 | t: 5.174556 | r:  -508.000000 | e:   1.000000 | Q:        nan | won: False 
#   61 | steps:   767 | steps_t:     0 | t: 5.234121 | r:  -509.000000 | e:   1.000000 | Q:        nan | won: False 
#   62 | steps:   782 | steps_t:     0 | t: 5.335315 | r:  -492.000000 | e:   1.000000 | Q:        nan | won: False 
#   63 | steps:   798 | steps_t:     0 | t: 5.451548 | r:  -504.000000 | e:   1.000000 | Q:        nan | won: False 
#   64 | steps:   806 | steps_t:     0 | t: 5.495961 | r:  -507.000000 | e:   1.000000 | Q:        nan | won: False 
#   65 | steps:   818 | steps_t:     0 | t: 5.581926 | r:  -511.000000 | e:   1.000000 | Q:        nan | won: False 
#   66 | steps:   827 | steps_t:     0 | t: 5.637501 | r:  -508.000000 | e:   1.000000 | Q:        nan | won: False 
#   67 | steps:   835 | steps_t:     0 | t: 5.693185 | r:  -507.000000 | e:   1.000000 | Q:        nan | won: False 
#   68 | steps:   849 | steps_t:     0 | t: 5.783813 | r:  -513.000000 | e:   1.000000 | Q:        nan | won: False 
#   69 | steps:   855 | steps_t:     0 | t: 5.823219 | r:  -505.000000 | e:   1.000000 | Q:        nan | won: False 
#   70 | steps:   869 | steps_t:     0 | t: 5.911036 | r:  -513.000000 | e:   1.000000 | Q:        nan | won: False 
#   71 | steps:   890 | steps_t:     0 | t: 6.054430 | r:  -520.000000 | e:   1.000000 | Q:        nan | won: False 
#   72 | steps:   902 | steps_t:     0 | t: 6.132414 | r:  -511.000000 | e:   1.000000 | Q:        nan | won: False 
#   73 | steps:   913 | steps_t:     0 | t: 6.214003 | r:  -510.000000 | e:   1.000000 | Q:        nan | won: False 
#   74 | steps:   923 | steps_t:     0 | t: 6.275331 | r:  -509.000000 | e:   1.000000 | Q:        nan | won: False 
#   75 | steps:   932 | steps_t:     0 | t: 6.340162 | r:  -508.000000 | e:   1.000000 | Q:        nan | won: False 
#   76 | steps:   938 | steps_t:     0 | t: 6.375321 | r:  -505.000000 | e:   1.000000 | Q:        nan | won: False 
#   77 | steps:   948 | steps_t:     0 | t: 6.438696 | r:  -509.000000 | e:   1.000000 | Q:        nan | won: False 
#   78 | steps:   963 | steps_t:     0 | t: 6.541381 | r:  -503.000000 | e:   1.000000 | Q:        nan | won: False 
#   79 | steps:   975 | steps_t:     0 | t: 6.626876 | r:  -511.000000 | e:   1.000000 | Q:        nan | won: False 
#   80 | steps:   991 | steps_t:     0 | t: 6.728074 | r:  -504.000000 | e:   1.000000 | Q:        nan | won: False 
#   81 | steps:   999 | steps_t:     0 | t: 6.777946 | r:  -507.000000 | e:   1.000000 | Q:        nan | won: False 
#   82 | steps:  1011 | steps_t:     0 | t: 6.853445 | r:  -511.000000 | e:   1.000000 | Q:        nan | won: False 
#   83 | steps:  1022 | steps_t:     0 | t: 6.929520 | r:  -510.000000 | e:   1.000000 | Q:        nan | won: False 
#   84 | steps:  1048 | steps_t:     0 | t: 7.109789 | r:  -525.000000 | e:   1.000000 | Q:        nan | won: False 
#   85 | steps:  1056 | steps_t:     0 | t: 7.156099 | r:  -507.000000 | e:   1.000000 | Q:        nan | won: False 
#   86 | steps:  1065 | steps_t:     0 | t: 7.219174 | r:  -508.000000 | e:   1.000000 | Q:        nan | won: False 
#   87 | steps:  1082 | steps_t:     0 | t: 7.329859 | r:  -516.000000 | e:   1.000000 | Q:        nan | won: False 
#   88 | steps:  1090 | steps_t:     0 | t: 7.391303 | r:  -507.000000 | e:   1.000000 | Q:        nan | won: False 
#   89 | steps:  1098 | steps_t:     0 | t: 7.435696 | r:  -507.000000 | e:   1.000000 | Q:        nan | won: False 
#   90 | steps:  1113 | steps_t:     0 | t: 7.543875 | r:  -503.000000 | e:   1.000000 | Q:        nan | won: False 
#   91 | steps:  1129 | steps_t:     0 | t: 7.639238 | r:  -504.000000 | e:   1.000000 | Q:        nan | won: False 
#   92 | steps:  1135 | steps_t:     0 | t: 7.667579 | r:  -505.000000 | e:   1.000000 | Q:        nan | won: False 
#   93 | steps:  1141 | steps_t:     0 | t: 7.713477 | r:  -505.000000 | e:   1.000000 | Q:        nan | won: False 
#   94 | steps:  1154 | steps_t:     0 | t: 7.795827 | r:  -512.000000 | e:   1.000000 | Q:        nan | won: False 
#   95 | steps:  1168 | steps_t:     0 | t: 7.892946 | r:  -513.000000 | e:   1.000000 | Q:        nan | won: False 
#   96 | steps:  1179 | steps_t:     0 | t: 7.968723 | r:  -510.000000 | e:   1.000000 | Q:        nan | won: False 
#   97 | steps:  1200 | steps_t:     0 | t: 8.111527 | r:  -509.000000 | e:   1.000000 | Q:        nan | won: False 
#   98 | steps:  1210 | steps_t:     0 | t: 8.177241 | r:  -509.000000 | e:   1.000000 | Q:        nan | won: False 
#   99 | steps:  1223 | steps_t:     0 | t: 8.267214 | r:  -512.000000 | e:   1.000000 | Q:        nan | won: False 
#  100 | steps:  1235 | steps_t:     0 | t: 8.342250 | r:  -511.000000 | e:   1.000000 | Q:        nan | won: False 
#  101 | steps:  1242 | steps_t:     0 | t: 8.385840 | r:  -506.000000 | e:   1.000000 | Q:        nan | won: False 
#  102 | steps:  1258 | steps_t:     0 | t: 8.496269 | r:  -515.000000 | e:   1.000000 | Q:        nan | won: False 
#  103 | steps:  1271 | steps_t:     0 | t: 8.574034 | r:  -512.000000 | e:   1.000000 | Q:        nan | won: False 
#  104 | steps:  1280 | steps_t:     0 | t: 8.635747 | r:  -508.000000 | e:   1.000000 | Q:        nan | won: False 
#  105 | steps:  1298 | steps_t:     0 | t: 8.762536 | r:  -506.000000 | e:   1.000000 | Q:        nan | won: False 
#  106 | steps:  1308 | steps_t:     0 | t: 8.821046 | r:  -509.000000 | e:   1.000000 | Q:        nan | won: False 
#  107 | steps:  1316 | steps_t:     0 | t: 8.878720 | r:  -507.000000 | e:   1.000000 | Q:        nan | won: False 
#  108 | steps:  1327 | steps_t:     0 | t: 8.950427 | r:  -510.000000 | e:   1.000000 | Q:        nan | won: False 
#  109 | steps:  1350 | steps_t:     0 | t: 9.106974 | r:  -522.000000 | e:   1.000000 | Q:        nan | won: False 
#  110 | steps:  1360 | steps_t:     0 | t: 9.181854 | r:  -509.000000 | e:   1.000000 | Q:        nan | won: False 
#  111 | steps:  1367 | steps_t:     0 | t: 9.222381 | r:  -506.000000 | e:   1.000000 | Q:        nan | won: False 
#  112 | steps:  1373 | steps_t:     0 | t: 9.262350 | r:  -505.000000 | e:   1.000000 | Q:        nan | won: False 
#  113 | steps:  1384 | steps_t:     0 | t: 9.341830 | r:  -510.000000 | e:   1.000000 | Q:        nan | won: False 
#  114 | steps:  1395 | steps_t:     0 | t: 9.409714 | r:  -510.000000 | e:   1.000000 | Q:        nan | won: False 
#  115 | steps:  1410 | steps_t:     0 | t: 9.495857 | r:  -514.000000 | e:   1.000000 | Q:        nan | won: False 
#  116 | steps:  1421 | steps_t:     0 | t: 9.568442 | r:  -510.000000 | e:   1.000000 | Q:        nan | won: False 
#  117 | steps:  1427 | steps_t:     0 | t: 9.608084 | r:  -505.000000 | e:   1.000000 | Q:        nan | won: False 
#  118 | steps:  1435 | steps_t:     0 | t: 9.667695 | r:  -507.000000 | e:   1.000000 | Q:        nan | won: False 
#  119 | steps:  1441 | steps_t:     0 | t: 9.703340 | r:  -505.000000 | e:   1.000000 | Q:        nan | won: False 
#  120 | steps:  1451 | steps_t:     0 | t: 9.767141 | r:  -509.000000 | e:   1.000000 | Q:        nan | won: False 
#  121 | steps:  1462 | steps_t:     0 | t: 9.845467 | r:  -510.000000 | e:   1.000000 | Q:        nan | won: False 
#  122 | steps:  1477 | steps_t:     0 | t: 9.947286 | r:  -503.000000 | e:   1.000000 | Q:        nan | won: False 
#  123 | steps:  1483 | steps_t:     0 | t: 9.987780 | r:  -505.000000 | e:   1.000000 | Q:        nan | won: False 
#  124 | steps:  1502 | steps_t:     0 | t: 10.119491 | r:  -518.000000 | e:   1.000000 | Q:        nan | won: False 
#  125 | steps:  1511 | steps_t:     0 | t: 10.173069 | r:  -508.000000 | e:   1.000000 | Q:        nan | won: False 
#  126 | steps:  1520 | steps_t:     0 | t: 10.236164 | r:  -508.000000 | e:   1.000000 | Q:        nan | won: False 
#  127 | steps:  1529 | steps_t:     0 | t: 10.293433 | r:  -508.000000 | e:   1.000000 | Q:        nan | won: False 
#  128 | steps:  1536 | steps_t:     0 | t: 10.342890 | r:  -506.000000 | e:   1.000000 | Q:        nan | won: False 
#  129 | steps:  1543 | steps_t:     0 | t: 10.377550 | r:  -506.000000 | e:   1.000000 | Q:        nan | won: False 
#  130 | steps:  1561 | steps_t:     0 | t: 10.490794 | r:  -506.000000 | e:   1.000000 | Q:        nan | won: False 
#  131 | steps:  1585 | steps_t:     0 | t: 10.657739 | r:  -523.000000 | e:   1.000000 | Q:        nan | won: False 
#  132 | steps:  1594 | steps_t:     0 | t: 10.721633 | r:  -508.000000 | e:   1.000000 | Q:        nan | won: False 
#  133 | steps:  1607 | steps_t:     0 | t: 10.810513 | r:  -512.000000 | e:   1.000000 | Q:        nan | won: False 
#  134 | steps:  1613 | steps_t:     0 | t: 10.849635 | r:  -505.000000 | e:   1.000000 | Q:        nan | won: False 
#  135 | steps:  1618 | steps_t:     0 | t: 10.888945 | r:  -504.000000 | e:   1.000000 | Q:        nan | won: False 
#  136 | steps:  1627 | steps_t:     0 | t: 10.941741 | r:  -508.000000 | e:   1.000000 | Q:        nan | won: False 
#  137 | steps:  1640 | steps_t:     0 | t: 11.035400 | r:  -512.000000 | e:   1.000000 | Q:        nan | won: False 
#  138 | steps:  1646 | steps_t:     0 | t: 11.066280 | r:  -505.000000 | e:   1.000000 | Q:        nan | won: False 
#  139 | steps:  1654 | steps_t:     0 | t: 11.121058 | r:  -507.000000 | e:   1.000000 | Q:        nan | won: False 
#  140 | steps:  1673 | steps_t:     0 | t: 11.249787 | r:  -518.000000 | e:   1.000000 | Q:        nan | won: False 
#  141 | steps:  1680 | steps_t:     0 | t: 11.287240 | r:  -506.000000 | e:   1.000000 | Q:        nan | won: False 
#  142 | steps:  1729 | steps_t:     0 | t: 11.619498 | r:  -537.000000 | e:   1.000000 | Q:        nan | won: False 
#  143 | steps:  1738 | steps_t:     0 | t: 11.675553 | r:  -508.000000 | e:   1.000000 | Q:        nan | won: False 
#  144 | steps:  1758 | steps_t:     0 | t: 11.812038 | r:  -519.000000 | e:   1.000000 | Q:        nan | won: False 
#  145 | steps:  1770 | steps_t:     0 | t: 11.893322 | r:  -511.000000 | e:   1.000000 | Q:        nan | won: False 
#  146 | steps:  1775 | steps_t:     0 | t: 11.927572 | r:  -504.000000 | e:   1.000000 | Q:        nan | won: False 
#  147 | steps:  1794 | steps_t:     0 | t: 12.058380 | r:  -507.000000 | e:   1.000000 | Q:        nan | won: False 
#  148 | steps:  1805 | steps_t:     0 | t: 12.129459 | r:  -510.000000 | e:   1.000000 | Q:        nan | won: False 
#  149 | steps:  1837 | steps_t:     0 | t: 12.337674 | r:  -520.000000 | e:   1.000000 | Q:        nan | won: False 
#  150 | steps:  1852 | steps_t:     0 | t: 12.434991 | r:  -503.000000 | e:   1.000000 | Q:        nan | won: False 
#  151 | steps:  1860 | steps_t:     0 | t: 12.487908 | r:  -507.000000 | e:   1.000000 | Q:        nan | won: False 
#  152 | steps:  1867 | steps_t:     0 | t: 12.542732 | r:  -506.000000 | e:   1.000000 | Q:        nan | won: False 
#  153 | steps:  1875 | steps_t:     0 | t: 12.587650 | r:  -507.000000 | e:   1.000000 | Q:        nan | won: False 
#  154 | steps:  1882 | steps_t:     0 | t: 12.631440 | r:  -506.000000 | e:   1.000000 | Q:        nan | won: False 
#  155 | steps:  1890 | steps_t:     0 | t: 12.691454 | r:  -507.000000 | e:   1.000000 | Q:        nan | won: False 
#  156 | steps:  1901 | steps_t:     0 | t: 12.759218 | r:  -510.000000 | e:   1.000000 | Q:        nan | won: False 
#  157 | steps:  1928 | steps_t:     0 | t: 12.948161 | r:  -526.000000 | e:   1.000000 | Q:        nan | won: False 
#  158 | steps:  1934 | steps_t:     0 | t: 12.988311 | r:  -505.000000 | e:   1.000000 | Q:        nan | won: False 
#  159 | steps:  1950 | steps_t:     0 | t: 13.082730 | r:  -515.000000 | e:   1.000000 | Q:        nan | won: False 
#  160 | steps:  1957 | steps_t:     0 | t: 13.127572 | r:  -506.000000 | e:   1.000000 | Q:        nan | won: False 
#  161 | steps:  1968 | steps_t:     0 | t: 13.197549 | r:  -510.000000 | e:   1.000000 | Q:        nan | won: False 
#  162 | steps:  1976 | steps_t:     0 | t: 13.253229 | r:  -507.000000 | e:   1.000000 | Q:        nan | won: False 
#  163 | steps:  1982 | steps_t:     0 | t: 13.296652 | r:  -505.000000 | e:   1.000000 | Q:        nan | won: False 
#  164 | steps:  1998 | steps_t:     0 | t: 13.398630 | r:  -504.000000 | e:   1.000000 | Q:        nan | won: False 
#  165 | steps:  2010 | steps_t:     0 | t: 13.474676 | r:  -511.000000 | e:   1.000000 | Q:        nan | won: False 
#  166 | steps:  2018 | steps_t:     0 | t: 13.527617 | r:  -507.000000 | e:   1.000000 | Q:        nan | won: False 
#  167 | steps:  2026 | steps_t:     0 | t: 13.588198 | r:  -507.000000 | e:   1.000000 | Q:        nan | won: False 
#  168 | steps:  2036 | steps_t:     0 | t: 13.646242 | r:  -509.000000 | e:   1.000000 | Q:        nan | won: False 
#  169 | steps:  2053 | steps_t:     0 | t: 13.761111 | r:  -516.000000 | e:   1.000000 | Q:        nan | won: False 
#  170 | steps:  2065 | steps_t:     0 | t: 13.846014 | r:  -500.000000 | e:   1.000000 | Q:        nan | won: False 
#  171 | steps:  2072 | steps_t:     0 | t: 13.891699 | r:  -506.000000 | e:   1.000000 | Q:        nan | won: False 
#  172 | steps:  2079 | steps_t:     0 | t: 13.933191 | r:  -506.000000 | e:   1.000000 | Q:        nan | won: False 
#  173 | steps:  2085 | steps_t:     0 | t: 13.968693 | r:  -505.000000 | e:   1.000000 | Q:        nan | won: False 
#  174 | steps:  2130 | steps_t:     0 | t: 14.266991 | r:  -533.000000 | e:   1.000000 | Q:        nan | won: False 
#  175 | steps:  2139 | steps_t:     0 | t: 14.331827 | r:  -508.000000 | e:   1.000000 | Q:        nan | won: False 
#  176 | steps:  2145 | steps_t:     0 | t: 14.366595 | r:  -505.000000 | e:   1.000000 | Q:        nan | won: False 
#  177 | steps:  2165 | steps_t:     0 | t: 14.504575 | r:  -508.000000 | e:   1.000000 | Q:        nan | won: False 
#  178 | steps:  2172 | steps_t:     0 | t: 14.549470 | r:  -506.000000 | e:   1.000000 | Q:        nan | won: False 
#  179 | steps:  2182 | steps_t:     0 | t: 14.624524 | r:  -509.000000 | e:   1.000000 | Q:        nan | won: False 
#  180 | steps:  2191 | steps_t:     0 | t: 14.678134 | r:  -508.000000 | e:   1.000000 | Q:        nan | won: False 
#  181 | steps:  2199 | steps_t:     0 | t: 14.735397 | r:  -507.000000 | e:   1.000000 | Q:        nan | won: False 
#  182 | steps:  2210 | steps_t:     0 | t: 14.805056 | r:  -510.000000 | e:   1.000000 | Q:        nan | won: False 
#  183 | steps:  2218 | steps_t:     0 | t: 14.854105 | r:  -507.000000 | e:   1.000000 | Q:        nan | won: False 
#  184 | steps:  2233 | steps_t:     0 | t: 14.951451 | r:  -503.000000 | e:   1.000000 | Q:        nan | won: False 
#  185 | steps:  2242 | steps_t:     0 | t: 15.006289 | r:  -508.000000 | e:   1.000000 | Q:        nan | won: False 
#  186 | steps:  2249 | steps_t:     0 | t: 15.054946 | r:  -506.000000 | e:   1.000000 | Q:        nan | won: False 
#  187 | steps:  2255 | steps_t:     0 | t: 15.095383 | r:  -505.000000 | e:   1.000000 | Q:        nan | won: False 
#  188 | steps:  2262 | steps_t:     0 | t: 15.136487 | r:  -506.000000 | e:   1.000000 | Q:        nan | won: False 
#  189 | steps:  2269 | steps_t:     0 | t: 15.183659 | r:  -506.000000 | e:   1.000000 | Q:        nan | won: False 
#  190 | steps:  2278 | steps_t:     0 | t: 15.243693 | r:  -508.000000 | e:   1.000000 | Q:        nan | won: False 
#  191 | steps:  2301 | steps_t:     0 | t: 15.396543 | r:  -522.000000 | e:   1.000000 | Q:        nan | won: False 
#  192 | steps:  2330 | steps_t:     0 | t: 15.592238 | r:  -517.000000 | e:   1.000000 | Q:        nan | won: False 
#  193 | steps:  2338 | steps_t:     0 | t: 15.648884 | r:  -507.000000 | e:   1.000000 | Q:        nan | won: False 
#  194 | steps:  2344 | steps_t:     0 | t: 15.683942 | r:  -505.000000 | e:   1.000000 | Q:        nan | won: False 
#  195 | steps:  2367 | steps_t:     0 | t: 15.834582 | r:  -522.000000 | e:   1.000000 | Q:        nan | won: False 
#  196 | steps:  2379 | steps_t:     0 | t: 15.907897 | r:  -511.000000 | e:   1.000000 | Q:        nan | won: False 
#  197 | steps:  2386 | steps_t:     0 | t: 15.964520 | r:  -506.000000 | e:   1.000000 | Q:        nan | won: False 
#  198 | steps:  2403 | steps_t:     0 | t: 16.077563 | r:  -516.000000 | e:   1.000000 | Q:        nan | won: False 
#  199 | steps:  2413 | steps_t:     0 | t: 16.144502 | r:  -509.000000 | e:   1.000000 | Q:        nan | won: False 
#  200 | steps:  2418 | steps_t:     0 | t: 16.171854 | r:  -504.000000 | e:   1.000000 | Q:        nan | won: False 
#  201 | steps:  2438 | steps_t:     0 | t: 16.306115 | r:  -519.000000 | e:   1.000000 | Q:        nan | won: False 
#  202 | steps:  2453 | steps_t:     0 | t: 16.417402 | r:  -492.000000 | e:   1.000000 | Q:        nan | won: False 
#  203 | steps:  2463 | steps_t:     0 | t: 16.475348 | r:  -509.000000 | e:   1.000000 | Q:        nan | won: False 
#  204 | steps:  2474 | steps_t:     0 | t: 16.555679 | r:  -510.000000 | e:   1.000000 | Q:        nan | won: False 
#  205 | steps:  2481 | steps_t:     0 | t: 16.594146 | r:  -506.000000 | e:   1.000000 | Q:        nan | won: False 
#  206 | steps:  2498 | steps_t:     0 | t: 16.699833 | r:  -505.000000 | e:   1.000000 | Q:        nan | won: False 
#  207 | steps:  2509 | steps_t:     0 | t: 16.770849 | r:  -510.000000 | e:   1.000000 | Q:        nan | won: False 
#  208 | steps:  2525 | steps_t:     0 | t: 16.886942 | r:  -504.000000 | e:   1.000000 | Q:        nan | won: False 
#  209 | steps:  2540 | steps_t:     0 | t: 16.985383 | r:  -514.000000 | e:   1.000000 | Q:        nan | won: False 
#  210 | steps:  2548 | steps_t:     0 | t: 17.040608 | r:  -507.000000 | e:   1.000000 | Q:        nan | won: False 
#  211 | steps:  2560 | steps_t:     0 | t: 17.114092 | r:  -511.000000 | e:   1.000000 | Q:        nan | won: False 
#  212 | steps:  2570 | steps_t:     0 | t: 17.186759 | r:  -509.000000 | e:   1.000000 | Q:        nan | won: False 
#  213 | steps:  2579 | steps_t:     0 | t: 17.241618 | r:  -508.000000 | e:   1.000000 | Q:        nan | won: False 
#  214 | steps:  2587 | steps_t:     0 | t: 17.300757 | r:  -507.000000 | e:   1.000000 | Q:        nan | won: False 
#  215 | steps:  2594 | steps_t:     0 | t: 17.341275 | r:  -506.000000 | e:   1.000000 | Q:        nan | won: False 
#  216 | steps:  2603 | steps_t:     0 | t: 17.400570 | r:  -508.000000 | e:   1.000000 | Q:        nan | won: False 
#  217 | steps:  2639 | steps_t:     0 | t: 17.640959 | r:  -524.000000 | e:   1.000000 | Q:        nan | won: False 
#  218 | steps:  2647 | steps_t:     0 | t: 17.685679 | r:  -507.000000 | e:   1.000000 | Q:        nan | won: False 
#  219 | steps:  2656 | steps_t:     0 | t: 17.746487 | r:  -508.000000 | e:   1.000000 | Q:        nan | won: False 
#  220 | steps:  2665 | steps_t:     0 | t: 17.807214 | r:  -508.000000 | e:   1.000000 | Q:        nan | won: False 
#  221 | steps:  2677 | steps_t:     0 | t: 17.888410 | r:  -511.000000 | e:   1.000000 | Q:        nan | won: False 
#  222 | steps:  2688 | steps_t:     0 | t: 17.959251 | r:  -510.000000 | e:   1.000000 | Q:        nan | won: False 
#  223 | steps:  2698 | steps_t:     0 | t: 18.028983 | r:  -509.000000 | e:   1.000000 | Q:        nan | won: False 
#  224 | steps:  2708 | steps_t:     0 | t: 18.095267 | r:  -509.000000 | e:   1.000000 | Q:        nan | won: False 
#  225 | steps:  2717 | steps_t:     0 | t: 18.154756 | r:  -508.000000 | e:   1.000000 | Q:        nan | won: False 
#  226 | steps:  2735 | steps_t:     0 | t: 18.274909 | r:  -506.000000 | e:   1.000000 | Q:        nan | won: False 
#  227 | steps:  2746 | steps_t:     0 | t: 18.357728 | r:  -510.000000 | e:   1.000000 | Q:        nan | won: False 
#  228 | steps:  2753 | steps_t:     0 | t: 18.393843 | r:  -506.000000 | e:   1.000000 | Q:        nan | won: False 
#  229 | steps:  2769 | steps_t:     0 | t: 18.500660 | r:  -515.000000 | e:   1.000000 | Q:        nan | won: False 
#  230 | steps:  2776 | steps_t:     0 | t: 18.546299 | r:  -506.000000 | e:   1.000000 | Q:        nan | won: False 
#  231 | steps:  2787 | steps_t:     0 | t: 18.615609 | r:  -510.000000 | e:   1.000000 | Q:        nan | won: False 
#  232 | steps:  2792 | steps_t:     0 | t: 18.650443 | r:  -504.000000 | e:   1.000000 | Q:        nan | won: False 
#  233 | steps:  2813 | steps_t:     0 | t: 18.793234 | r:  -520.000000 | e:   1.000000 | Q:        nan | won: False 
#  234 | steps:  2831 | steps_t:     0 | t: 18.916199 | r:  -517.000000 | e:   1.000000 | Q:        nan | won: False 
#  235 | steps:  2843 | steps_t:     0 | t: 18.992755 | r:  -511.000000 | e:   1.000000 | Q:        nan | won: False 
#  236 | steps:  2858 | steps_t:     0 | t: 19.103950 | r:  -503.000000 | e:   1.000000 | Q:        nan | won: False 
#  237 | steps:  2865 | steps_t:     0 | t: 19.144016 | r:  -506.000000 | e:   1.000000 | Q:        nan | won: False 
#  238 | steps:  2874 | steps_t:     0 | t: 19.205256 | r:  -508.000000 | e:   1.000000 | Q:        nan | won: False 
#  239 | steps:  2880 | steps_t:     0 | t: 19.249442 | r:  -505.000000 | e:   1.000000 | Q:        nan | won: False 
#  240 | steps:  2891 | steps_t:     0 | t: 19.316568 | r:  -510.000000 | e:   1.000000 | Q:        nan | won: False 
#  241 | steps:  2907 | steps_t:     0 | t: 19.417044 | r:  -515.000000 | e:   1.000000 | Q:        nan | won: False 
#  242 | steps:  2920 | steps_t:     0 | t: 19.500809 | r:  -512.000000 | e:   1.000000 | Q:        nan | won: False 
#  243 | steps:  2926 | steps_t:     0 | t: 19.544792 | r:  -505.000000 | e:   1.000000 | Q:        nan | won: False 
#  244 | steps:  2945 | steps_t:     0 | t: 19.672947 | r:  -507.000000 | e:   1.000000 | Q:        nan | won: False 
#  245 | steps:  2953 | steps_t:     0 | t: 19.727151 | r:  -507.000000 | e:   1.000000 | Q:        nan | won: False 
#  246 | steps:  2965 | steps_t:     0 | t: 19.803178 | r:  -511.000000 | e:   1.000000 | Q:        nan | won: False 
#  247 | steps:  2973 | steps_t:     0 | t: 19.863639 | r:  -507.000000 | e:   1.000000 | Q:        nan | won: False 
#  248 | steps:  2984 | steps_t:     0 | t: 19.931967 | r:  -510.000000 | e:   1.000000 | Q:        nan | won: False 
#  249 | steps:  2989 | steps_t:     0 | t: 19.965659 | r:  -504.000000 | e:   1.000000 | Q:        nan | won: False 
#  250 | steps:  2998 | steps_t:     0 | t: 20.026223 | r:  -508.000000 | e:   1.000000 | Q:        nan | won: False 
#  251 | steps:  3019 | steps_t:     0 | t: 20.169007 | r:  -509.000000 | e:   1.000000 | Q:        nan | won: False 
#  252 | steps:  3027 | steps_t:     0 | t: 20.219248 | r:  -507.000000 | e:   1.000000 | Q:        nan | won: False 
#  253 | steps:  3033 | steps_t:     0 | t: 20.252044 | r:  -505.000000 | e:   1.000000 | Q:        nan | won: False 
#  254 | steps:  3038 | steps_t:     0 | t: 20.276765 | r:  -504.000000 | e:   1.000000 | Q:        nan | won: False 
#  255 | steps:  3056 | steps_t:     0 | t: 20.393041 | r:  -506.000000 | e:   1.000000 | Q:        nan | won: False 
#  256 | steps:  3066 | steps_t:     0 | t: 20.464249 | r:  -509.000000 | e:   1.000000 | Q:        nan | won: False 
#  257 | steps:  3086 | steps_t:     0 | t: 20.597356 | r:  -519.000000 | e:   1.000000 | Q:        nan | won: False 
#  258 | steps:  3096 | steps_t:     0 | t: 20.663434 | r:  -509.000000 | e:   1.000000 | Q:        nan | won: False 
#  259 | steps:  3108 | steps_t:     0 | t: 20.744156 | r:  -511.000000 | e:   1.000000 | Q:        nan | won: False 
#  260 | steps:  3125 | steps_t:     0 | t: 20.856556 | r:  -516.000000 | e:   1.000000 | Q:        nan | won: False 
#  261 | steps:  3140 | steps_t:     0 | t: 20.959148 | r:  -514.000000 | e:   1.000000 | Q:        nan | won: False 
#  262 | steps:  3147 | steps_t:     0 | t: 21.007546 | r:  -506.000000 | e:   1.000000 | Q:        nan | won: False 
#  263 | steps:  3157 | steps_t:     0 | t: 21.078525 | r:  -509.000000 | e:   1.000000 | Q:        nan | won: False 
#  264 | steps:  3169 | steps_t:     0 | t: 21.153580 | r:  -511.000000 | e:   1.000000 | Q:        nan | won: False 
#  265 | steps:  3179 | steps_t:     0 | t: 21.203585 | r:  -509.000000 | e:   1.000000 | Q:        nan | won: False 
#  266 | steps:  3185 | steps_t:     0 | t: 21.249522 | r:  -505.000000 | e:   1.000000 | Q:        nan | won: False 
#  267 | steps:  3192 | steps_t:     0 | t: 21.289927 | r:  -506.000000 | e:   1.000000 | Q:        nan | won: False 
#  268 | steps:  3202 | steps_t:     0 | t: 21.359999 | r:  -509.000000 | e:   1.000000 | Q:        nan | won: False 
#  269 | steps:  3219 | steps_t:     0 | t: 21.472094 | r:  -516.000000 | e:   1.000000 | Q:        nan | won: False 
#  270 | steps:  3224 | steps_t:     0 | t: 21.510092 | r:  -504.000000 | e:   1.000000 | Q:        nan | won: False 
#  271 | steps:  3235 | steps_t:     0 | t: 21.576909 | r:  -510.000000 | e:   1.000000 | Q:        nan | won: False 
#  272 | steps:  3241 | steps_t:     0 | t: 21.615769 | r:  -505.000000 | e:   1.000000 | Q:        nan | won: False 
#  273 | steps:  3255 | steps_t:     0 | t: 21.712218 | r:  -502.000000 | e:   1.000000 | Q:        nan | won: False 
#  274 | steps:  3260 | steps_t:     0 | t: 21.742516 | r:  -504.000000 | e:   1.000000 | Q:        nan | won: False 
#  275 | steps:  3267 | steps_t:     0 | t: 21.790107 | r:  -506.000000 | e:   1.000000 | Q:        nan | won: False 
#  276 | steps:  3276 | steps_t:     0 | t: 21.851832 | r:  -508.000000 | e:   1.000000 | Q:        nan | won: False 
#  277 | steps:  3291 | steps_t:     0 | t: 21.953430 | r:  -503.000000 | e:   1.000000 | Q:        nan | won: False 
#  278 | steps:  3316 | steps_t:     0 | t: 22.112334 | r:  -524.000000 | e:   1.000000 | Q:        nan | won: False 
#  279 | steps:  3325 | steps_t:     0 | t: 22.174245 | r:  -508.000000 | e:   1.000000 | Q:        nan | won: False 
#  280 | steps:  3333 | steps_t:     0 | t: 22.225398 | r:  -507.000000 | e:   1.000000 | Q:        nan | won: False 
#  281 | steps:  3364 | steps_t:     0 | t: 22.445171 | r:  -519.000000 | e:   1.000000 | Q:        nan | won: False 
#  282 | steps:  3373 | steps_t:     0 | t: 22.499798 | r:  -508.000000 | e:   1.000000 | Q:        nan | won: False 
#  283 | steps:  3382 | steps_t:     0 | t: 22.567333 | r:  -508.000000 | e:   1.000000 | Q:        nan | won: False 
#  284 | steps:  3387 | steps_t:     0 | t: 22.597525 | r:  -504.000000 | e:   1.000000 | Q:        nan | won: False 
#  285 | steps:  3394 | steps_t:     0 | t: 22.639091 | r:  -506.000000 | e:   1.000000 | Q:        nan | won: False 
#  286 | steps:  3400 | steps_t:     0 | t: 22.682024 | r:  -505.000000 | e:   1.000000 | Q:        nan | won: False 
#  287 | steps:  3412 | steps_t:     0 | t: 22.759252 | r:  -511.000000 | e:   1.000000 | Q:        nan | won: False 
#  288 | steps:  3432 | steps_t:     0 | t: 22.895614 | r:  -508.000000 | e:   1.000000 | Q:        nan | won: False 
#  289 | steps:  3448 | steps_t:     0 | t: 22.992257 | r:  -515.000000 | e:   1.000000 | Q:        nan | won: False 
#  290 | steps:  3453 | steps_t:     0 | t: 23.023522 | r:  -504.000000 | e:   1.000000 | Q:        nan | won: False 
#  291 | steps:  3476 | steps_t:     0 | t: 23.182812 | r:  -522.000000 | e:   1.000000 | Q:        nan | won: False 
#  292 | steps:  3486 | steps_t:     0 | t: 23.243807 | r:  -509.000000 | e:   1.000000 | Q:        nan | won: False 
#  293 | steps:  3495 | steps_t:     0 | t: 23.309484 | r:  -508.000000 | e:   1.000000 | Q:        nan | won: False 
#  294 | steps:  3505 | steps_t:     0 | t: 23.375634 | r:  -509.000000 | e:   1.000000 | Q:        nan | won: False 
#  295 | steps:  3513 | steps_t:     0 | t: 23.426189 | r:  -507.000000 | e:   1.000000 | Q:        nan | won: False 
#  296 | steps:  3520 | steps_t:     0 | t: 23.481187 | r:  -506.000000 | e:   1.000000 | Q:        nan | won: False 
#  297 | steps:  3527 | steps_t:     0 | t: 23.521224 | r:  -506.000000 | e:   1.000000 | Q:        nan | won: False 
#  298 | steps:  3549 | steps_t:     0 | t: 23.669060 | r:    90.000000 | e:   1.000000 | Q:        nan | won: True 
#  299 | steps:  3571 | steps_t:     0 | t: 23.816763 | r:  -521.000000 | e:   1.000000 | Q:        nan | won: False 
#  300 | steps:  3584 | steps_t:     0 | t: 23.897931 | r:  -512.000000 | e:   1.000000 | Q:        nan | won: False 
#  301 | steps:  3604 | steps_t:     0 | t: 24.036649 | r:  -508.000000 | e:   1.000000 | Q:        nan | won: False 
#  302 | steps:  3622 | steps_t:     0 | t: 24.157237 | r:  -506.000000 | e:   1.000000 | Q:        nan | won: False 
#  303 | steps:  3630 | steps_t:     0 | t: 24.215272 | r:  -507.000000 | e:   1.000000 | Q:        nan | won: False 
#  304 | steps:  3637 | steps_t:     0 | t: 24.261298 | r:  -506.000000 | e:   1.000000 | Q:        nan | won: False 
#  305 | steps:  3644 | steps_t:     0 | t: 24.306165 | r:  -506.000000 | e:   1.000000 | Q:        nan | won: False 
#  306 | steps:  3652 | steps_t:     0 | t: 24.359882 | r:  -507.000000 | e:   1.000000 | Q:        nan | won: False 
#  307 | steps:  3658 | steps_t:     0 | t: 24.400639 | r:  -505.000000 | e:   1.000000 | Q:        nan | won: False 
#  308 | steps:  3666 | steps_t:     0 | t: 24.450617 | r:  -507.000000 | e:   1.000000 | Q:        nan | won: False 
#  309 | steps:  3673 | steps_t:     0 | t: 24.499799 | r:  -506.000000 | e:   1.000000 | Q:        nan | won: False 
#  310 | steps:  3687 | steps_t:     0 | t: 24.588966 | r:  -513.000000 | e:   1.000000 | Q:        nan | won: False 
#  311 | steps:  3695 | steps_t:     0 | t: 24.646154 | r:  -507.000000 | e:   1.000000 | Q:        nan | won: False 
#  312 | steps:  3718 | steps_t:     0 | t: 24.794814 | r:  -511.000000 | e:   1.000000 | Q:        nan | won: False 
#  313 | steps:  3723 | steps_t:     0 | t: 24.828061 | r:  -504.000000 | e:   1.000000 | Q:        nan | won: False 
#  314 | steps:  3737 | steps_t:     0 | t: 24.915388 | r:  -513.000000 | e:   1.000000 | Q:        nan | won: False 
#  315 | steps:  3749 | steps_t:     0 | t: 25.002006 | r:  -511.000000 | e:   1.000000 | Q:        nan | won: False 
#  316 | steps:  3768 | steps_t:     0 | t: 25.133058 | r:  -507.000000 | e:   1.000000 | Q:        nan | won: False 
#  317 | steps:  3774 | steps_t:     0 | t: 25.163244 | r:  -505.000000 | e:   1.000000 | Q:        nan | won: False 
#  318 | steps:  3785 | steps_t:     0 | t: 25.244153 | r:  -510.000000 | e:   1.000000 | Q:        nan | won: False 
#  319 | steps:  3796 | steps_t:     0 | t: 25.310246 | r:  -510.000000 | e:   1.000000 | Q:        nan | won: False 
#  320 | steps:  3807 | steps_t:     0 | t: 25.390528 | r:  -510.000000 | e:   1.000000 | Q:        nan | won: False 
#  321 | steps:  3818 | steps_t:     0 | t: 25.460304 | r:  -510.000000 | e:   1.000000 | Q:        nan | won: False 
#  322 | steps:  3828 | steps_t:     0 | t: 25.526707 | r:  -509.000000 | e:   1.000000 | Q:        nan | won: False 
#  323 | steps:  3838 | steps_t:     0 | t: 25.592581 | r:  -509.000000 | e:   1.000000 | Q:        nan | won: False 
#  324 | steps:  3847 | steps_t:     0 | t: 25.650394 | r:  -508.000000 | e:   1.000000 | Q:        nan | won: False 
#  325 | steps:  3854 | steps_t:     0 | t: 25.684542 | r:  -506.000000 | e:   1.000000 | Q:        nan | won: False 
#  326 | steps:  3862 | steps_t:     0 | t: 25.745047 | r:  -507.000000 | e:   1.000000 | Q:        nan | won: False 
#  327 | steps:  3869 | steps_t:     0 | t: 25.780452 | r:  -506.000000 | e:   1.000000 | Q:        nan | won: False 
#  328 | steps:  3877 | steps_t:     0 | t: 25.834084 | r:  -507.000000 | e:   1.000000 | Q:        nan | won: False 
#  329 | steps:  3890 | steps_t:     0 | t: 25.922385 | r:  -501.000000 | e:   1.000000 | Q:        nan | won: False 
#  330 | steps:  3905 | steps_t:     0 | t: 26.028345 | r:  -492.000000 | e:   1.000000 | Q:        nan | won: False 
#  331 | steps:  3912 | steps_t:     0 | t: 26.068632 | r:  -506.000000 | e:   1.000000 | Q:        nan | won: False 
#  332 | steps:  3919 | steps_t:     0 | t: 26.116787 | r:  -506.000000 | e:   1.000000 | Q:        nan | won: False 
#  333 | steps:  3937 | steps_t:     0 | t: 26.238343 | r:  -517.000000 | e:   1.000000 | Q:        nan | won: False 
#  334 | steps:  3943 | steps_t:     0 | t: 26.280249 | r:  -505.000000 | e:   1.000000 | Q:        nan | won: False 
#  335 | steps:  3957 | steps_t:     0 | t: 26.370359 | r:  -502.000000 | e:   1.000000 | Q:        nan | won: False 
#  336 | steps:  3964 | steps_t:     0 | t: 26.420531 | r:  -506.000000 | e:   1.000000 | Q:        nan | won: False 
#  337 | steps:  3974 | steps_t:     0 | t: 26.486366 | r:  -509.000000 | e:   1.000000 | Q:        nan | won: False 
#  338 | steps:  3986 | steps_t:     0 | t: 26.561029 | r:  -511.000000 | e:   1.000000 | Q:        nan | won: False 
#  339 | steps:  3994 | steps_t:     0 | t: 26.600126 | r:  -507.000000 | e:   1.000000 | Q:        nan | won: False 
#  340 | steps:  4009 | steps_t:     0 | t: 26.702833 | r:  -514.000000 | e:   1.000000 | Q:        nan | won: False 
#  341 | steps:  4021 | steps_t:     0 | t: 26.789035 | r:  -511.000000 | e:   1.000000 | Q:        nan | won: False 
#  342 | steps:  4026 | steps_t:     0 | t: 26.818862 | r:  -504.000000 | e:   1.000000 | Q:        nan | won: False 
#  343 | steps:  4037 | steps_t:     0 | t: 26.887758 | r:  -510.000000 | e:   1.000000 | Q:        nan | won: False 
#  344 | steps:  4047 | steps_t:     0 | t: 26.960015 | r:  -509.000000 | e:   1.000000 | Q:        nan | won: False 
#  345 | steps:  4055 | steps_t:     0 | t: 27.007108 | r:  -507.000000 | e:   1.000000 | Q:        nan | won: False 
#  346 | steps:  4069 | steps_t:     0 | t: 27.106334 | r:  -502.000000 | e:   1.000000 | Q:        nan | won: False 
#  347 | steps:  4076 | steps_t:     0 | t: 27.147162 | r:  -506.000000 | e:   1.000000 | Q:        nan | won: False 
#  348 | steps:  4085 | steps_t:     0 | t: 27.210540 | r:  -508.000000 | e:   1.000000 | Q:        nan | won: False 
#  349 | steps:  4094 | steps_t:     0 | t: 27.266232 | r:  -508.000000 | e:   1.000000 | Q:        nan | won: False 
#  350 | steps:  4099 | steps_t:     0 | t: 27.297471 | r:  -504.000000 | e:   1.000000 | Q:        nan | won: False 
#  351 | steps:  4114 | steps_t:     0 | t: 27.402999 | r:  -503.000000 | e:   1.000000 | Q:        nan | won: False 
#  352 | steps:  4120 | steps_t:     0 | t: 27.438643 | r:  -505.000000 | e:   1.000000 | Q:        nan | won: False 
#  353 | steps:  4130 | steps_t:     0 | t: 27.495686 | r:  -509.000000 | e:   1.000000 | Q:        nan | won: False 
#  354 | steps:  4149 | steps_t:     0 | t: 27.624885 | r:  -507.000000 | e:   1.000000 | Q:        nan | won: False 
#  355 | steps:  4176 | steps_t:     0 | t: 27.811765 | r:  -515.000000 | e:   1.000000 | Q:        nan | won: False 
#  356 | steps:  4190 | steps_t:     0 | t: 27.902656 | r:  -513.000000 | e:   1.000000 | Q:        nan | won: False 
#  357 | steps:  4199 | steps_t:     0 | t: 27.965602 | r:  -508.000000 | e:   1.000000 | Q:        nan | won: False 
#  358 | steps:  4204 | steps_t:     0 | t: 28.000194 | r:  -504.000000 | e:   1.000000 | Q:        nan | won: False 
#  359 | steps:  4210 | steps_t:     0 | t: 28.032774 | r:  -505.000000 | e:   1.000000 | Q:        nan | won: False 
#  360 | steps:  4218 | steps_t:     0 | t: 28.089212 | r:  -507.000000 | e:   1.000000 | Q:        nan | won: False 
#  361 | steps:  4229 | steps_t:     0 | t: 28.160153 | r:  -510.000000 | e:   1.000000 | Q:        nan | won: False 
#  362 | steps:  4238 | steps_t:     0 | t: 28.218602 | r:  -508.000000 | e:   1.000000 | Q:        nan | won: False 
#  363 | steps:  4247 | steps_t:     0 | t: 28.286650 | r:  -508.000000 | e:   1.000000 | Q:        nan | won: False 
#  364 | steps:  4256 | steps_t:     0 | t: 28.342618 | r:  -508.000000 | e:   1.000000 | Q:        nan | won: False 
#  365 | steps:  4272 | steps_t:     0 | t: 28.443464 | r:  -515.000000 | e:   1.000000 | Q:        nan | won: False 
#  366 | steps:  4279 | steps_t:     0 | t: 28.484725 | r:  -506.000000 | e:   1.000000 | Q:        nan | won: False 
#  367 | steps:  4287 | steps_t:     0 | t: 28.539169 | r:  -507.000000 | e:   1.000000 | Q:        nan | won: False 
#  368 | steps:  4313 | steps_t:     0 | t: 28.725262 | r:  -514.000000 | e:   1.000000 | Q:        nan | won: False 
#  369 | steps:  4322 | steps_t:     0 | t: 28.780565 | r:  -508.000000 | e:   1.000000 | Q:        nan | won: False 
#  370 | steps:  4332 | steps_t:     0 | t: 28.852897 | r:  -509.000000 | e:   1.000000 | Q:        nan | won: False 
#  371 | steps:  4346 | steps_t:     0 | t: 28.942987 | r:  -513.000000 | e:   1.000000 | Q:        nan | won: False 
#  372 | steps:  4353 | steps_t:     0 | t: 28.995862 | r:  -506.000000 | e:   1.000000 | Q:        nan | won: False 
#  373 | steps:  4359 | steps_t:     0 | t: 29.036890 | r:  -505.000000 | e:   1.000000 | Q:        nan | won: False 
#  374 | steps:  4366 | steps_t:     0 | t: 29.078565 | r:  -506.000000 | e:   1.000000 | Q:        nan | won: False 
#  375 | steps:  4374 | steps_t:     0 | t: 29.136704 | r:  -507.000000 | e:   1.000000 | Q:        nan | won: False 
#  376 | steps:  4395 | steps_t:     0 | t: 29.268538 | r:  -509.000000 | e:   1.000000 | Q:        nan | won: False 
#  377 | steps:  4405 | steps_t:     0 | t: 29.333975 | r:  -509.000000 | e:   1.000000 | Q:        nan | won: False 
#  378 | steps:  4420 | steps_t:     0 | t: 29.429147 | r:  -503.000000 | e:   1.000000 | Q:        nan | won: False 
#  379 | steps:  4427 | steps_t:     0 | t: 29.479442 | r:  -506.000000 | e:   1.000000 | Q:        nan | won: False 
#  380 | steps:  4436 | steps_t:     0 | t: 29.534380 | r:  -508.000000 | e:   1.000000 | Q:        nan | won: False 
#  381 | steps:  4446 | steps_t:     0 | t: 29.605947 | r:  -509.000000 | e:   1.000000 | Q:        nan | won: False 
#  382 | steps:  4477 | steps_t:     0 | t: 29.813729 | r:  -530.000000 | e:   1.000000 | Q:        nan | won: False 
#  383 | steps:  4485 | steps_t:     0 | t: 29.872396 | r:  -507.000000 | e:   1.000000 | Q:        nan | won: False 
#  384 | steps:  4494 | steps_t:     0 | t: 29.934477 | r:  -508.000000 | e:   1.000000 | Q:        nan | won: False 
#  385 | steps:  4508 | steps_t:     0 | t: 30.031642 | r:  -513.000000 | e:   1.000000 | Q:        nan | won: False 
#  386 | steps:  4516 | steps_t:     0 | t: 30.083771 | r:  -507.000000 | e:   1.000000 | Q:        nan | won: False 
#  387 | steps:  4526 | steps_t:     0 | t: 30.147217 | r:  -509.000000 | e:   1.000000 | Q:        nan | won: False 
#  388 | steps:  4540 | steps_t:     0 | t: 30.233500 | r:  -513.000000 | e:   1.000000 | Q:        nan | won: False 
#  389 | steps:  4551 | steps_t:     0 | t: 30.301652 | r:  -510.000000 | e:   1.000000 | Q:        nan | won: False 
#  390 | steps:  4567 | steps_t:     0 | t: 30.413037 | r:  -504.000000 | e:   1.000000 | Q:        nan | won: False 
#  391 | steps:  4575 | steps_t:     0 | t: 30.462684 | r:  -507.000000 | e:   1.000000 | Q:        nan | won: False 
#  392 | steps:  4586 | steps_t:     0 | t: 30.544079 | r:  -510.000000 | e:   1.000000 | Q:        nan | won: False 
#  393 | steps:  4604 | steps_t:     0 | t: 30.664907 | r:  -517.000000 | e:   1.000000 | Q:        nan | won: False 
#  394 | steps:  4621 | steps_t:     0 | t: 30.776781 | r:  -516.000000 | e:   1.000000 | Q:        nan | won: False 
#  395 | steps:  4629 | steps_t:     0 | t: 30.832831 | r:  -507.000000 | e:   1.000000 | Q:        nan | won: False 
#  396 | steps:  4645 | steps_t:     0 | t: 30.938335 | r:  -504.000000 | e:   1.000000 | Q:        nan | won: False 
#  397 | steps:  4650 | steps_t:     0 | t: 30.973280 | r:  -504.000000 | e:   1.000000 | Q:        nan | won: False 
#  398 | steps:  4664 | steps_t:     0 | t: 31.059196 | r:  -513.000000 | e:   1.000000 | Q:        nan | won: False 
#  399 | steps:  4686 | steps_t:     0 | t: 31.193577 | r:  -521.000000 | e:   1.000000 | Q:        nan | won: False 
#  400 | steps:  4706 | steps_t:     0 | t: 31.330275 | r:  -519.000000 | e:   1.000000 | Q:        nan | won: False 
#  401 | steps:  4720 | steps_t:     0 | t: 31.425404 | r:  -502.000000 | e:   1.000000 | Q:        nan | won: False 
#  402 | steps:  4739 | steps_t:     0 | t: 31.552728 | r:  -507.000000 | e:   1.000000 | Q:        nan | won: False 
#  403 | steps:  4749 | steps_t:     0 | t: 31.618982 | r:  -509.000000 | e:   1.000000 | Q:        nan | won: False 
#  404 | steps:  4760 | steps_t:     0 | t: 31.694731 | r:  -510.000000 | e:   1.000000 | Q:        nan | won: False 
#  405 | steps:  4766 | steps_t:     0 | t: 31.738743 | r:  -505.000000 | e:   1.000000 | Q:        nan | won: False 
#  406 | steps:  4776 | steps_t:     0 | t: 31.801181 | r:  -509.000000 | e:   1.000000 | Q:        nan | won: False 
#  407 | steps:  4794 | steps_t:     0 | t: 31.921407 | r:  -506.000000 | e:   1.000000 | Q:        nan | won: False 
#  408 | steps:  4805 | steps_t:     0 | t: 31.988061 | r:  -510.000000 | e:   1.000000 | Q:        nan | won: False 
#  409 | steps:  4815 | steps_t:     0 | t: 32.060844 | r:  -509.000000 | e:   1.000000 | Q:        nan | won: False 
#  410 | steps:  4821 | steps_t:     0 | t: 32.094139 | r:  -505.000000 | e:   1.000000 | Q:        nan | won: False 
#  411 | steps:  4829 | steps_t:     0 | t: 32.150555 | r:  -507.000000 | e:   1.000000 | Q:        nan | won: False 
#  412 | steps:  4835 | steps_t:     0 | t: 32.194208 | r:  -505.000000 | e:   1.000000 | Q:        nan | won: False 
#  413 | steps:  4859 | steps_t:     0 | t: 32.355634 | r:  -523.000000 | e:   1.000000 | Q:        nan | won: False 
#  414 | steps:  4871 | steps_t:     0 | t: 32.429102 | r:  -511.000000 | e:   1.000000 | Q:        nan | won: False 
#  415 | steps:  4885 | steps_t:     0 | t: 32.525596 | r:  -502.000000 | e:   1.000000 | Q:        nan | won: False 
#  416 | steps:  4910 | steps_t:     0 | t: 32.695419 | r:  -513.000000 | e:   1.000000 | Q:        nan | won: False 
#  417 | steps:  4930 | steps_t:     0 | t: 32.829694 | r:  -508.000000 | e:   1.000000 | Q:        nan | won: False 
#  418 | steps:  4939 | steps_t:     0 | t: 32.880574 | r:  -508.000000 | e:   1.000000 | Q:        nan | won: False 
#  419 | steps:  4947 | steps_t:     0 | t: 32.936161 | r:  -507.000000 | e:   1.000000 | Q:        nan | won: False 
#  420 | steps:  4960 | steps_t:     0 | t: 33.020685 | r:  -512.000000 | e:   1.000000 | Q:        nan | won: False 
#  421 | steps:  4969 | steps_t:     0 | t: 33.085545 | r:  -508.000000 | e:   1.000000 | Q:        nan | won: False 
#  422 | steps:  4977 | steps_t:     0 | t: 33.136033 | r:  -507.000000 | e:   1.000000 | Q:        nan | won: False 
#  423 | steps:  4987 | steps_t:     0 | t: 33.208124 | r:  -509.000000 | e:   1.000000 | Q:        nan | won: False 
#  424 | steps:  4995 | steps_t:     0 | t: 33.259138 | r:  -507.000000 | e:   1.000000 | Q:        nan | won: False 
