#    1 | steps:    74 | steps_t:     0 | t: 0.852832 | r:  -287.000000 | e:   1.000000 | Q:        nan | won: False 
#    2 | steps:   156 | steps_t:     0 | t: 1.805170 | r:  -339.000000 | e:   1.000000 | Q:        nan | won: False 
#    3 | steps:   242 | steps_t:     0 | t: 2.776448 | r:  -409.000000 | e:   1.000000 | Q:        nan | won: False 
#    4 | steps:   287 | steps_t:     0 | t: 3.198444 | r:  -335.000000 | e:   1.000000 | Q:        nan | won: False 
#    5 | steps:   346 | steps_t:     0 | t: 3.765509 | r:  -481.000000 | e:   1.000000 | Q:        nan | won: False 
#    6 | steps:   378 | steps_t:     0 | t: 4.057305 | r:  -432.000000 | e:   1.000000 | Q:        nan | won: False 
#    7 | steps:   391 | steps_t:     0 | t: 4.170110 | r:  -402.000000 | e:   1.000000 | Q:        nan | won: False 
#    8 | steps:   445 | steps_t:     0 | t: 4.667685 | r:  -432.000000 | e:   1.000000 | Q:        nan | won: False 
#    9 | steps:   464 | steps_t:     0 | t: 4.838525 | r:  -474.000000 | e:   1.000000 | Q:        nan | won: False 
#   10 | steps:   505 | steps_t:     0 | t: 5.212647 | r:  -331.000000 | e:   1.000000 | Q:        nan | won: False 
#   11 | steps:   628 | steps_t:     0 | t: 6.328396 | r:  -292.000000 | e:   1.000000 | Q:        nan | won: False 
#   12 | steps:   764 | steps_t:     0 | t: 7.580647 | r:  -426.000000 | e:   1.000000 | Q:        nan | won: False 
#   13 | steps:   805 | steps_t:     0 | t: 7.963145 | r:  -452.000000 | e:   1.000000 | Q:        nan | won: False 
#   14 | steps:   844 | steps_t:     0 | t: 8.322956 | r:  -351.000000 | e:   1.000000 | Q:        nan | won: False 
#   15 | steps:   994 | steps_t:     0 | t: 9.707671 | r:  -429.000000 | e:   1.000000 | Q:        nan | won: False 
#   16 | steps:  1125 | steps_t:     0 | t: 10.917561 | r:  -399.000000 | e:   1.000000 | Q:        nan | won: False 
#   17 | steps:  1155 | steps_t:     0 | t: 11.196275 | r:  -419.000000 | e:   1.000000 | Q:        nan | won: False 
#   18 | steps:  1208 | steps_t:     0 | t: 11.685069 | r:  -453.000000 | e:   1.000000 | Q:        nan | won: False 
#   19 | steps:  1241 | steps_t:     0 | t: 11.997104 | r:  -367.000000 | e:   1.000000 | Q:        nan | won: False 
#   20 | steps:  1258 | steps_t:     0 | t: 12.152100 | r:  -384.000000 | e:   1.000000 | Q:        nan | won: False 
#   21 | steps:  1278 | steps_t:     0 | t: 12.333310 | r:  -420.000000 | e:   1.000000 | Q:        nan | won: False 
#   22 | steps:  1338 | steps_t:     0 | t: 12.885510 | r:  -372.000000 | e:   1.000000 | Q:        nan | won: False 
#   23 | steps:  1384 | steps_t:     0 | t: 13.301583 | r:  -336.000000 | e:   1.000000 | Q:        nan | won: False 
#   24 | steps:  1514 | steps_t:     0 | t: 14.486160 | r:  -365.000000 | e:   1.000000 | Q:        nan | won: False 
#   25 | steps:  1588 | steps_t:     0 | t: 15.164420 | r:  -353.000000 | e:   1.000000 | Q:        nan | won: False 
#   26 | steps:  1650 | steps_t:     0 | t: 15.732702 | r:  -385.000000 | e:   1.000000 | Q:        nan | won: False 
#   27 | steps:  1728 | steps_t:     0 | t: 16.510259 | r:  -423.000000 | e:   1.000000 | Q:        nan | won: False 
#   28 | steps:  1788 | steps_t:     0 | t: 17.067949 | r:  -493.000000 | e:   1.000000 | Q:        nan | won: False 
#   29 | steps:  1863 | steps_t:     0 | t: 17.762247 | r:  -486.000000 | e:   1.000000 | Q:        nan | won: False 
#   30 | steps:  1926 | steps_t:     0 | t: 18.335589 | r:  -353.000000 | e:   1.000000 | Q:        nan | won: False 
#   31 | steps:  2285 | steps_t:     0 | t: 21.464995 | r:   -99.000000 | e:   1.000000 | Q:        nan | won: False 
#   32 | steps:  2390 | steps_t:     0 | t: 22.437841 | r:  -472.000000 | e:   1.000000 | Q:        nan | won: False 
#   33 | steps:  2425 | steps_t:     0 | t: 22.760071 | r:  -435.000000 | e:   1.000000 | Q:        nan | won: False 
#   34 | steps:  2477 | steps_t:     0 | t: 23.235691 | r:  -309.000000 | e:   1.000000 | Q:        nan | won: False 
#   35 | steps:  2523 | steps_t:     0 | t: 23.659165 | r:  -413.000000 | e:   1.000000 | Q:        nan | won: False 
#   36 | steps:  2552 | steps_t:     0 | t: 23.923431 | r:  -462.000000 | e:   1.000000 | Q:        nan | won: False 
#   37 | steps:  2592 | steps_t:     0 | t: 24.291162 | r:  -407.000000 | e:   1.000000 | Q:        nan | won: False 
#   38 | steps:  2611 | steps_t:     0 | t: 24.463143 | r:  -430.000000 | e:   1.000000 | Q:        nan | won: False 
#   39 | steps:  2802 | steps_t:     0 | t: 26.192564 | r:  -243.000000 | e:   1.000000 | Q:        nan | won: False 
#   40 | steps:  2824 | steps_t:     0 | t: 26.395825 | r:  -444.000000 | e:   1.000000 | Q:        nan | won: False 
#   41 | steps:  2861 | steps_t:     0 | t: 26.740606 | r:  -415.000000 | e:   1.000000 | Q:        nan | won: False 
#   42 | steps:  2920 | steps_t:     0 | t: 27.278580 | r:  -261.000000 | e:   1.000000 | Q:        nan | won: False 
#   43 | steps:  2945 | steps_t:     0 | t: 27.512182 | r:  -436.000000 | e:   1.000000 | Q:        nan | won: False 
#   44 | steps:  3080 | steps_t:     0 | t: 28.753031 | r:  -414.000000 | e:   1.000000 | Q:        nan | won: False 
#   45 | steps:  3108 | steps_t:     0 | t: 29.011315 | r:  -472.000000 | e:   1.000000 | Q:        nan | won: False 
#   46 | steps:  3189 | steps_t:     0 | t: 29.757804 | r:  -437.000000 | e:   1.000000 | Q:        nan | won: False 
#   47 | steps:  3245 | steps_t:     0 | t: 30.354097 | r:  -467.000000 | e:   1.000000 | Q:        nan | won: False 
#   48 | steps:  3331 | steps_t:     0 | t: 31.140739 | r:  -259.000000 | e:   1.000000 | Q:        nan | won: False 
#   49 | steps:  3366 | steps_t:     0 | t: 31.469877 | r:  -468.000000 | e:   1.000000 | Q:        nan | won: False 
#   50 | steps:  3405 | steps_t:     0 | t: 31.822327 | r:  -406.000000 | e:   1.000000 | Q:        nan | won: False 
#   51 | steps:  3501 | steps_t:     0 | t: 32.694093 | r:  -243.000000 | e:   1.000000 | Q:        nan | won: False 
#   52 | steps:  3529 | steps_t:     0 | t: 32.946298 | r:  -406.000000 | e:   1.000000 | Q:        nan | won: False 
#   53 | steps:  3582 | steps_t:     0 | t: 33.433657 | r:  -387.000000 | e:   1.000000 | Q:        nan | won: False 
#   54 | steps:  3639 | steps_t:     0 | t: 33.952402 | r:  -347.000000 | e:   1.000000 | Q:        nan | won: False 
#   55 | steps:  3684 | steps_t:     0 | t: 34.366398 | r:  -412.000000 | e:   1.000000 | Q:        nan | won: False 
#   56 | steps:  3723 | steps_t:     0 | t: 34.726795 | r:  -417.000000 | e:   1.000000 | Q:        nan | won: False 
#   57 | steps:  3764 | steps_t:     0 | t: 35.100080 | r:  -452.000000 | e:   1.000000 | Q:        nan | won: False 
#   58 | steps:  3889 | steps_t:     0 | t: 36.204465 | r:  -173.000000 | e:   1.000000 | Q:        nan | won: False 
#   59 | steps:  3960 | steps_t:     0 | t: 36.857104 | r:  -460.000000 | e:   1.000000 | Q:        nan | won: False 
