#    1 | steps:    21 | steps_t:     0 | t: 0.024810 | r:  -520.000000 | e:   1.000000 | Q:        nan | won: False 
#    2 | steps:    34 | steps_t:     0 | t: 0.035641 | r:  -512.000000 | e:   1.000000 | Q:        nan | won: False 
#    3 | steps:    44 | steps_t:     0 | t: 0.044039 | r:  -509.000000 | e:   1.000000 | Q:        nan | won: False 
#    4 | steps:    66 | steps_t:     0 | t: 0.063882 | r:  -521.000000 | e:   1.000000 | Q:        nan | won: False 
#    5 | steps:    85 | steps_t:     0 | t: 0.080373 | r:  -507.000000 | e:   1.000000 | Q:        nan | won: False 
#    6 | steps:   104 | steps_t:     0 | t: 0.097516 | r:  -507.000000 | e:   1.000000 | Q:        nan | won: False 
#    7 | steps:   111 | steps_t:     0 | t: 0.103050 | r:  -506.000000 | e:   1.000000 | Q:        nan | won: False 
#    8 | steps:   118 | steps_t:     0 | t: 0.109125 | r:  -506.000000 | e:   1.000000 | Q:        nan | won: False 
#    9 | steps:   130 | steps_t:     0 | t: 0.145585 | r:  -511.000000 | e:   1.000000 | Q:        nan | won: False 
#   10 | steps:   140 | steps_t:     0 | t: 0.154482 | r:  -509.000000 | e:   1.000000 | Q:        nan | won: False 
#   11 | steps:   153 | steps_t:     0 | t: 0.165666 | r:  -512.000000 | e:   1.000000 | Q:        nan | won: False 
#   12 | steps:   159 | steps_t:     0 | t: 0.170533 | r:  -505.000000 | e:   1.000000 | Q:        nan | won: False 
#   13 | steps:   166 | steps_t:     0 | t: 0.176653 | r:  -506.000000 | e:   1.000000 | Q:        nan | won: False 
#   14 | steps:   174 | steps_t:     0 | t: 0.183122 | r:  -507.000000 | e:   1.000000 | Q:        nan | won: False 
#   15 | steps:   181 | steps_t:     0 | t: 0.188762 | r:  -506.000000 | e:   1.000000 | Q:        nan | won: False 
#   16 | steps:   190 | steps_t:     0 | t: 0.196456 | r:  -508.000000 | e:   1.000000 | Q:        nan | won: False 
#   17 | steps:   209 | steps_t:     0 | t: 0.213506 | r:  -518.000000 | e:   1.000000 | Q:        nan | won: False 
#   18 | steps:   218 | steps_t:     0 | t: 0.220886 | r:  -508.000000 | e:   1.000000 | Q:        nan | won: False 
#   19 | steps:   225 | steps_t:     0 | t: 0.226658 | r:  -506.000000 | e:   1.000000 | Q:        nan | won: False 
#   20 | steps:   238 | steps_t:     0 | t: 0.238069 | r:  -512.000000 | e:   1.000000 | Q:        nan | won: False 
#   21 | steps:   263 | steps_t:     0 | t: 0.260563 | r:  -513.000000 | e:   1.000000 | Q:        nan | won: False 
#   22 | steps:   273 | steps_t:     0 | t: 0.269506 | r:  -509.000000 | e:   1.000000 | Q:        nan | won: False 
#   23 | steps:   283 | steps_t:     0 | t: 0.277939 | r:  -509.000000 | e:   1.000000 | Q:        nan | won: False 
#   24 | steps:   294 | steps_t:     0 | t: 0.287463 | r:  -510.000000 | e:   1.000000 | Q:        nan | won: False 
#   25 | steps:   305 | steps_t:     0 | t: 0.296616 | r:  -510.000000 | e:   1.000000 | Q:        nan | won: False 
#   26 | steps:   315 | steps_t:     0 | t: 0.305436 | r:  -509.000000 | e:   1.000000 | Q:        nan | won: False 
#   27 | steps:   329 | steps_t:     0 | t: 0.317598 | r:  -513.000000 | e:   1.000000 | Q:        nan | won: False 
#   28 | steps:   338 | steps_t:     0 | t: 0.325108 | r:  -508.000000 | e:   1.000000 | Q:        nan | won: False 
#   29 | steps:   347 | steps_t:     0 | t: 0.332933 | r:  -508.000000 | e:   1.000000 | Q:        nan | won: False 
#   30 | steps:   355 | steps_t:     0 | t: 0.339632 | r:  -507.000000 | e:   1.000000 | Q:        nan | won: False 
#   31 | steps:   371 | steps_t:     0 | t: 0.354085 | r:  -504.000000 | e:   1.000000 | Q:        nan | won: False 
#   32 | steps:   382 | steps_t:     0 | t: 0.363812 | r:  -510.000000 | e:   1.000000 | Q:        nan | won: False 
#   33 | steps:   402 | steps_t:     0 | t: 0.381965 | r:  -508.000000 | e:   1.000000 | Q:        nan | won: False 
#   34 | steps:   412 | steps_t:     0 | t: 0.390875 | r:  -509.000000 | e:   1.000000 | Q:        nan | won: False 
#   35 | steps:   423 | steps_t:     0 | t: 0.400080 | r:  -510.000000 | e:   1.000000 | Q:        nan | won: False 
#   36 | steps:   434 | steps_t:     0 | t: 0.409504 | r:  -510.000000 | e:   1.000000 | Q:        nan | won: False 
#   37 | steps:   449 | steps_t:     0 | t: 0.422835 | r:  -492.000000 | e:   1.000000 | Q:        nan | won: False 
#   38 | steps:   463 | steps_t:     0 | t: 0.434690 | r:  -502.000000 | e:   1.000000 | Q:        nan | won: False 
#   39 | steps:   473 | steps_t:     0 | t: 0.443356 | r:  -509.000000 | e:   1.000000 | Q:        nan | won: False 
#   40 | steps:   482 | steps_t:     0 | t: 0.452097 | r:  -508.000000 | e:   1.000000 | Q:        nan | won: False 
#   41 | steps:   494 | steps_t:     0 | t: 0.462560 | r:  -511.000000 | e:   1.000000 | Q:        nan | won: False 
#   42 | steps:   502 | steps_t:     0 | t: 0.469103 | r:  -507.000000 | e:   1.000000 | Q:        nan | won: False 
#   43 | steps:   513 | steps_t:     0 | t: 0.478390 | r:  -510.000000 | e:   1.000000 | Q:        nan | won: False 
#   44 | steps:   522 | steps_t:     0 | t: 0.486333 | r:  -508.000000 | e:   1.000000 | Q:        nan | won: False 
#   45 | steps:   528 | steps_t:     0 | t: 0.491022 | r:  -505.000000 | e:   1.000000 | Q:        nan | won: False 
#   46 | steps:   541 | steps_t:     0 | t: 0.502270 | r:  -512.000000 | e:   1.000000 | Q:        nan | won: False 
#   47 | steps:   554 | steps_t:     0 | t: 0.514331 | r:  -512.000000 | e:   1.000000 | Q:        nan | won: False 
#   48 | steps:   574 | steps_t:     0 | t: 0.532015 | r:  -519.000000 | e:   1.000000 | Q:        nan | won: False 
#   49 | steps:   581 | steps_t:     0 | t: 0.537706 | r:  -506.000000 | e:   1.000000 | Q:        nan | won: False 
#   50 | steps:   592 | steps_t:     0 | t: 0.547352 | r:  -510.000000 | e:   1.000000 | Q:        nan | won: False 
#   51 | steps:   614 | steps_t:     0 | t: 0.566813 | r:  -510.000000 | e:   1.000000 | Q:        nan | won: False 
#   52 | steps:   641 | steps_t:     0 | t: 0.591092 | r:  -504.000000 | e:   1.000000 | Q:        nan | won: False 
#   53 | steps:   649 | steps_t:     0 | t: 0.597886 | r:  -507.000000 | e:   1.000000 | Q:        nan | won: False 
#   54 | steps:   657 | steps_t:     0 | t: 0.604430 | r:  -507.000000 | e:   1.000000 | Q:        nan | won: False 
#   55 | steps:   680 | steps_t:     0 | t: 0.625978 | r:  -522.000000 | e:   1.000000 | Q:        nan | won: False 
#   56 | steps:   714 | steps_t:     0 | t: 0.656522 | r:  -533.000000 | e:   1.000000 | Q:        nan | won: False 
#   57 | steps:   723 | steps_t:     0 | t: 0.664251 | r:  -508.000000 | e:   1.000000 | Q:        nan | won: False 
#   58 | steps:   734 | steps_t:     0 | t: 0.674392 | r:  -510.000000 | e:   1.000000 | Q:        nan | won: False 
#   59 | steps:   755 | steps_t:     0 | t: 0.692797 | r:  -509.000000 | e:   1.000000 | Q:        nan | won: False 
#   60 | steps:   764 | steps_t:     0 | t: 0.700692 | r:  -508.000000 | e:   1.000000 | Q:        nan | won: False 
#   61 | steps:   786 | steps_t:     0 | t: 0.720214 | r:  -521.000000 | e:   1.000000 | Q:        nan | won: False 
#   62 | steps:   796 | steps_t:     0 | t: 0.729149 | r:  -509.000000 | e:   1.000000 | Q:        nan | won: False 
#   63 | steps:   803 | steps_t:     0 | t: 0.734714 | r:  -506.000000 | e:   1.000000 | Q:        nan | won: False 
#   64 | steps:   814 | steps_t:     0 | t: 0.744575 | r:  -510.000000 | e:   1.000000 | Q:        nan | won: False 
#   65 | steps:   823 | steps_t:     0 | t: 0.752272 | r:  -508.000000 | e:   1.000000 | Q:        nan | won: False 
#   66 | steps:   829 | steps_t:     0 | t: 0.757349 | r:  -505.000000 | e:   1.000000 | Q:        nan | won: False 
#   67 | steps:   836 | steps_t:     0 | t: 0.763356 | r:  -506.000000 | e:   1.000000 | Q:        nan | won: False 
#   68 | steps:   851 | steps_t:     0 | t: 0.776424 | r:  -503.000000 | e:   1.000000 | Q:        nan | won: False 
#   69 | steps:   865 | steps_t:     0 | t: 0.788557 | r:  -513.000000 | e:   1.000000 | Q:        nan | won: False 
#   70 | steps:   874 | steps_t:     0 | t: 0.796475 | r:  -508.000000 | e:   1.000000 | Q:        nan | won: False 
#   71 | steps:   888 | steps_t:     0 | t: 0.808634 | r:  -502.000000 | e:   1.000000 | Q:        nan | won: False 
#   72 | steps:   894 | steps_t:     0 | t: 0.813458 | r:  -505.000000 | e:   1.000000 | Q:        nan | won: False 
#   73 | steps:   917 | steps_t:     0 | t: 0.834549 | r:  -522.000000 | e:   1.000000 | Q:        nan | won: False 
#   74 | steps:   937 | steps_t:     0 | t: 0.852577 | r:  -519.000000 | e:   1.000000 | Q:        nan | won: False 
#   75 | steps:   949 | steps_t:     0 | t: 0.863106 | r:  -511.000000 | e:   1.000000 | Q:        nan | won: False 
#   76 | steps:   959 | steps_t:     0 | t: 0.872105 | r:  -509.000000 | e:   1.000000 | Q:        nan | won: False 
#   77 | steps:   968 | steps_t:     0 | t: 0.879585 | r:  -508.000000 | e:   1.000000 | Q:        nan | won: False 
#   78 | steps:   973 | steps_t:     0 | t: 0.883752 | r:  -504.000000 | e:   1.000000 | Q:        nan | won: False 
#   79 | steps:   982 | steps_t:     0 | t: 0.891348 | r:  -508.000000 | e:   1.000000 | Q:        nan | won: False 
#   80 | steps:   988 | steps_t:     0 | t: 0.896074 | r:  -505.000000 | e:   1.000000 | Q:        nan | won: False 
#   81 | steps:  1014 | steps_t:     0 | t: 0.920117 | r:  -525.000000 | e:   1.000000 | Q:        nan | won: False 
#   82 | steps:  1026 | steps_t:     0 | t: 0.930566 | r:  -511.000000 | e:   1.000000 | Q:        nan | won: False 
#   83 | steps:  1037 | steps_t:     0 | t: 0.939962 | r:  -510.000000 | e:   1.000000 | Q:        nan | won: False 
#   84 | steps:  1044 | steps_t:     0 | t: 0.945988 | r:  -506.000000 | e:   1.000000 | Q:        nan | won: False 
#   85 | steps:  1058 | steps_t:     0 | t: 0.958419 | r:  -513.000000 | e:   1.000000 | Q:        nan | won: False 
#   86 | steps:  1071 | steps_t:     0 | t: 0.969548 | r:  -512.000000 | e:   1.000000 | Q:        nan | won: False 
#   87 | steps:  1081 | steps_t:     0 | t: 0.978256 | r:  -509.000000 | e:   1.000000 | Q:        nan | won: False 
#   88 | steps:  1089 | steps_t:     0 | t: 0.985034 | r:  -507.000000 | e:   1.000000 | Q:        nan | won: False 
#   89 | steps:  1101 | steps_t:     0 | t: 0.995654 | r:  -511.000000 | e:   1.000000 | Q:        nan | won: False 
#   90 | steps:  1115 | steps_t:     0 | t: 1.008630 | r:  -513.000000 | e:   1.000000 | Q:        nan | won: False 
#   91 | steps:  1141 | steps_t:     0 | t: 1.031974 | r:  -514.000000 | e:   1.000000 | Q:        nan | won: False 
#   92 | steps:  1151 | steps_t:     0 | t: 1.040805 | r:  -509.000000 | e:   1.000000 | Q:        nan | won: False 
#   93 | steps:  1159 | steps_t:     0 | t: 1.047490 | r:  -507.000000 | e:   1.000000 | Q:        nan | won: False 
#   94 | steps:  1165 | steps_t:     0 | t: 1.052355 | r:  -505.000000 | e:   1.000000 | Q:        nan | won: False 
#   95 | steps:  1175 | steps_t:     0 | t: 1.061048 | r:  -509.000000 | e:   1.000000 | Q:        nan | won: False 
#   96 | steps:  1190 | steps_t:     0 | t: 1.074551 | r:  -514.000000 | e:   1.000000 | Q:        nan | won: False 
#   97 | steps:  1197 | steps_t:     0 | t: 1.080277 | r:  -506.000000 | e:   1.000000 | Q:        nan | won: False 
#   98 | steps:  1206 | steps_t:     0 | t: 1.087885 | r:  -508.000000 | e:   1.000000 | Q:        nan | won: False 
#   99 | steps:  1213 | steps_t:     0 | t: 1.093813 | r:  -506.000000 | e:   1.000000 | Q:        nan | won: False 
#  100 | steps:  1219 | steps_t:     0 | t: 1.098500 | r:  -505.000000 | e:   1.000000 | Q:        nan | won: False 
#  101 | steps:  1241 | steps_t:     0 | t: 1.119182 | r:  -521.000000 | e:   1.000000 | Q:        nan | won: False 
#  102 | steps:  1250 | steps_t:     0 | t: 1.126876 | r:  -508.000000 | e:   1.000000 | Q:        nan | won: False 
#  103 | steps:  1260 | steps_t:     0 | t: 1.136407 | r:  -509.000000 | e:   1.000000 | Q:        nan | won: False 
#  104 | steps:  1268 | steps_t:     0 | t: 1.143151 | r:  -507.000000 | e:   1.000000 | Q:        nan | won: False 
#  105 | steps:  1289 | steps_t:     0 | t: 1.162350 | r:  -520.000000 | e:   1.000000 | Q:        nan | won: False 
#  106 | steps:  1316 | steps_t:     0 | t: 1.186350 | r:  -515.000000 | e:   1.000000 | Q:        nan | won: False 
#  107 | steps:  1323 | steps_t:     0 | t: 1.192109 | r:  -506.000000 | e:   1.000000 | Q:        nan | won: False 
#  108 | steps:  1332 | steps_t:     0 | t: 1.199980 | r:  -508.000000 | e:   1.000000 | Q:        nan | won: False 
#  109 | steps:  1343 | steps_t:     0 | t: 1.209481 | r:  -510.000000 | e:   1.000000 | Q:        nan | won: False 
#  110 | steps:  1360 | steps_t:     0 | t: 1.225026 | r:  -505.000000 | e:   1.000000 | Q:        nan | won: False 
#  111 | steps:  1369 | steps_t:     0 | t: 1.232747 | r:  -508.000000 | e:   1.000000 | Q:        nan | won: False 
#  112 | steps:  1383 | steps_t:     0 | t: 1.245017 | r:  -513.000000 | e:   1.000000 | Q:        nan | won: False 
#  113 | steps:  1390 | steps_t:     0 | t: 1.250722 | r:  -506.000000 | e:   1.000000 | Q:        nan | won: False 
#  114 | steps:  1398 | steps_t:     0 | t: 1.257700 | r:  -507.000000 | e:   1.000000 | Q:        nan | won: False 
#  115 | steps:  1407 | steps_t:     0 | t: 1.265832 | r:  -508.000000 | e:   1.000000 | Q:        nan | won: False 
#  116 | steps:  1419 | steps_t:     0 | t: 1.276251 | r:  -511.000000 | e:   1.000000 | Q:        nan | won: False 
#  117 | steps:  1430 | steps_t:     0 | t: 1.285858 | r:  -510.000000 | e:   1.000000 | Q:        nan | won: False 
#  118 | steps:  1442 | steps_t:     0 | t: 1.295848 | r:  -511.000000 | e:   1.000000 | Q:        nan | won: False 
#  119 | steps:  1448 | steps_t:     0 | t: 1.300625 | r:  -505.000000 | e:   1.000000 | Q:        nan | won: False 
#  120 | steps:  1470 | steps_t:     0 | t: 1.320410 | r:  -521.000000 | e:   1.000000 | Q:        nan | won: False 
#  121 | steps:  1489 | steps_t:     0 | t: 1.337023 | r:  -507.000000 | e:   1.000000 | Q:        nan | won: False 
#  122 | steps:  1498 | steps_t:     0 | t: 1.344383 | r:  -508.000000 | e:   1.000000 | Q:        nan | won: False 
#  123 | steps:  1507 | steps_t:     0 | t: 1.352160 | r:  -508.000000 | e:   1.000000 | Q:        nan | won: False 
#  124 | steps:  1517 | steps_t:     0 | t: 1.360492 | r:  -509.000000 | e:   1.000000 | Q:        nan | won: False 
#  125 | steps:  1526 | steps_t:     0 | t: 1.368089 | r:  -508.000000 | e:   1.000000 | Q:        nan | won: False 
#  126 | steps:  1535 | steps_t:     0 | t: 1.375526 | r:  -508.000000 | e:   1.000000 | Q:        nan | won: False 
#  127 | steps:  1547 | steps_t:     0 | t: 1.386394 | r:  -511.000000 | e:   1.000000 | Q:        nan | won: False 
#  128 | steps:  1560 | steps_t:     0 | t: 1.397964 | r:  -512.000000 | e:   1.000000 | Q:        nan | won: False 
#  129 | steps:  1570 | steps_t:     0 | t: 1.406204 | r:  -509.000000 | e:   1.000000 | Q:        nan | won: False 
#  130 | steps:  1584 | steps_t:     0 | t: 1.418465 | r:  -513.000000 | e:   1.000000 | Q:        nan | won: False 
#  131 | steps:  1598 | steps_t:     0 | t: 1.430479 | r:  -513.000000 | e:   1.000000 | Q:        nan | won: False 
#  132 | steps:  1617 | steps_t:     0 | t: 1.447027 | r:  -507.000000 | e:   1.000000 | Q:        nan | won: False 
#  133 | steps:  1634 | steps_t:     0 | t: 1.461931 | r:  -505.000000 | e:   1.000000 | Q:        nan | won: False 
#  134 | steps:  1644 | steps_t:     0 | t: 1.470304 | r:  -509.000000 | e:   1.000000 | Q:        nan | won: False 
#  135 | steps:  1659 | steps_t:     0 | t: 1.483861 | r:  -514.000000 | e:   1.000000 | Q:        nan | won: False 
#  136 | steps:  1665 | steps_t:     0 | t: 1.488547 | r:  -505.000000 | e:   1.000000 | Q:        nan | won: False 
#  137 | steps:  1676 | steps_t:     0 | t: 1.497828 | r:  -510.000000 | e:   1.000000 | Q:        nan | won: False 
#  138 | steps:  1683 | steps_t:     0 | t: 1.503789 | r:  -506.000000 | e:   1.000000 | Q:        nan | won: False 
#  139 | steps:  1689 | steps_t:     0 | t: 1.508450 | r:  -505.000000 | e:   1.000000 | Q:        nan | won: False 
#  140 | steps:  1699 | steps_t:     0 | t: 1.516957 | r:  -509.000000 | e:   1.000000 | Q:        nan | won: False 
#  141 | steps:  1709 | steps_t:     0 | t: 1.525723 | r:  -509.000000 | e:   1.000000 | Q:        nan | won: False 
#  142 | steps:  1717 | steps_t:     0 | t: 1.532546 | r:  -507.000000 | e:   1.000000 | Q:        nan | won: False 
#  143 | steps:  1728 | steps_t:     0 | t: 1.583187 | r:  -510.000000 | e:   1.000000 | Q:        nan | won: False 
#  144 | steps:  1736 | steps_t:     0 | t: 1.590454 | r:  -507.000000 | e:   1.000000 | Q:        nan | won: False 
#  145 | steps:  1742 | steps_t:     0 | t: 1.595641 | r:  -505.000000 | e:   1.000000 | Q:        nan | won: False 
#  146 | steps:  1765 | steps_t:     0 | t: 1.615875 | r:  -522.000000 | e:   1.000000 | Q:        nan | won: False 
#  147 | steps:  1775 | steps_t:     0 | t: 1.624324 | r:  -509.000000 | e:   1.000000 | Q:        nan | won: False 
#  148 | steps:  1784 | steps_t:     0 | t: 1.632143 | r:  -508.000000 | e:   1.000000 | Q:        nan | won: False 
#  149 | steps:  1791 | steps_t:     0 | t: 1.637673 | r:  -506.000000 | e:   1.000000 | Q:        nan | won: False 
#  150 | steps:  1801 | steps_t:     0 | t: 1.646063 | r:  -509.000000 | e:   1.000000 | Q:        nan | won: False 
#  151 | steps:  1809 | steps_t:     0 | t: 1.652531 | r:  -507.000000 | e:   1.000000 | Q:        nan | won: False 
#  152 | steps:  1820 | steps_t:     0 | t: 1.662126 | r:  -510.000000 | e:   1.000000 | Q:        nan | won: False 
#  153 | steps:  1838 | steps_t:     0 | t: 1.677774 | r:    94.000000 | e:   1.000000 | Q:        nan | won: True 
#  154 | steps:  1844 | steps_t:     0 | t: 1.682429 | r:  -505.000000 | e:   1.000000 | Q:        nan | won: False 
#  155 | steps:  1852 | steps_t:     0 | t: 1.689380 | r:  -507.000000 | e:   1.000000 | Q:        nan | won: False 
#  156 | steps:  1858 | steps_t:     0 | t: 1.694068 | r:  -505.000000 | e:   1.000000 | Q:        nan | won: False 
#  157 | steps:  1864 | steps_t:     0 | t: 1.698651 | r:  -505.000000 | e:   1.000000 | Q:        nan | won: False 
#  158 | steps:  1872 | steps_t:     0 | t: 1.705877 | r:  -507.000000 | e:   1.000000 | Q:        nan | won: False 
#  159 | steps:  1886 | steps_t:     0 | t: 1.718097 | r:  -502.000000 | e:   1.000000 | Q:        nan | won: False 
#  160 | steps:  1897 | steps_t:     0 | t: 1.727624 | r:  -510.000000 | e:   1.000000 | Q:        nan | won: False 
#  161 | steps:  1908 | steps_t:     0 | t: 1.736901 | r:  -510.000000 | e:   1.000000 | Q:        nan | won: False 
#  162 | steps:  1918 | steps_t:     0 | t: 1.745024 | r:  -509.000000 | e:   1.000000 | Q:        nan | won: False 
#  163 | steps:  1940 | steps_t:     0 | t: 1.764751 | r:  -510.000000 | e:   1.000000 | Q:        nan | won: False 
#  164 | steps:  1970 | steps_t:     0 | t: 1.791316 | r:  -518.000000 | e:   1.000000 | Q:        nan | won: False 
#  165 | steps:  1984 | steps_t:     0 | t: 1.803217 | r:  -513.000000 | e:   1.000000 | Q:        nan | won: False 
#  166 | steps:  1991 | steps_t:     0 | t: 1.809163 | r:  -506.000000 | e:   1.000000 | Q:        nan | won: False 
#  167 | steps:  1996 | steps_t:     0 | t: 1.812903 | r:  -504.000000 | e:   1.000000 | Q:        nan | won: False 
#  168 | steps:  2007 | steps_t:     0 | t: 1.822279 | r:  -510.000000 | e:   1.000000 | Q:        nan | won: False 
#  169 | steps:  2014 | steps_t:     0 | t: 1.828471 | r:  -506.000000 | e:   1.000000 | Q:        nan | won: False 
#  170 | steps:  2024 | steps_t:     0 | t: 1.836791 | r:  -509.000000 | e:   1.000000 | Q:        nan | won: False 
#  171 | steps:  2036 | steps_t:     0 | t: 1.847278 | r:  -511.000000 | e:   1.000000 | Q:        nan | won: False 
#  172 | steps:  2044 | steps_t:     0 | t: 1.853733 | r:  -507.000000 | e:   1.000000 | Q:        nan | won: False 
#  173 | steps:  2070 | steps_t:     0 | t: 1.877276 | r:  -525.000000 | e:   1.000000 | Q:        nan | won: False 
#  174 | steps:  2079 | steps_t:     0 | t: 1.884794 | r:  -508.000000 | e:   1.000000 | Q:        nan | won: False 
#  175 | steps:  2090 | steps_t:     0 | t: 1.894029 | r:  -510.000000 | e:   1.000000 | Q:        nan | won: False 
#  176 | steps:  2098 | steps_t:     0 | t: 1.900820 | r:  -507.000000 | e:   1.000000 | Q:        nan | won: False 
#  177 | steps:  2108 | steps_t:     0 | t: 1.909186 | r:  -509.000000 | e:   1.000000 | Q:        nan | won: False 
#  178 | steps:  2119 | steps_t:     0 | t: 1.918651 | r:  -510.000000 | e:   1.000000 | Q:        nan | won: False 
#  179 | steps:  2131 | steps_t:     0 | t: 1.928741 | r:  -511.000000 | e:   1.000000 | Q:        nan | won: False 
#  180 | steps:  2143 | steps_t:     0 | t: 1.939424 | r:  -511.000000 | e:   1.000000 | Q:        nan | won: False 
#  181 | steps:  2162 | steps_t:     0 | t: 1.955963 | r:  -507.000000 | e:   1.000000 | Q:        nan | won: False 
#  182 | steps:  2175 | steps_t:     0 | t: 1.967724 | r:  -512.000000 | e:   1.000000 | Q:        nan | won: False 
#  183 | steps:  2181 | steps_t:     0 | t: 1.972461 | r:  -505.000000 | e:   1.000000 | Q:        nan | won: False 
#  184 | steps:  2189 | steps_t:     0 | t: 1.978994 | r:  -507.000000 | e:   1.000000 | Q:        nan | won: False 
#  185 | steps:  2212 | steps_t:     0 | t: 1.999558 | r:  -522.000000 | e:   1.000000 | Q:        nan | won: False 
#  186 | steps:  2218 | steps_t:     0 | t: 2.004220 | r:  -505.000000 | e:   1.000000 | Q:        nan | won: False 
#  187 | steps:  2224 | steps_t:     0 | t: 2.008876 | r:  -505.000000 | e:   1.000000 | Q:        nan | won: False 
#  188 | steps:  2242 | steps_t:     0 | t: 2.024791 | r:  -517.000000 | e:   1.000000 | Q:        nan | won: False 
#  189 | steps:  2261 | steps_t:     0 | t: 2.041695 | r:  -496.000000 | e:   1.000000 | Q:        nan | won: False 
#  190 | steps:  2277 | steps_t:     0 | t: 2.055629 | r:  -504.000000 | e:   1.000000 | Q:        nan | won: False 
#  191 | steps:  2284 | steps_t:     0 | t: 2.061165 | r:  -506.000000 | e:   1.000000 | Q:        nan | won: False 
#  192 | steps:  2299 | steps_t:     0 | t: 2.074315 | r:  -514.000000 | e:   1.000000 | Q:        nan | won: False 
#  193 | steps:  2308 | steps_t:     0 | t: 2.081692 | r:  -508.000000 | e:   1.000000 | Q:        nan | won: False 
#  194 | steps:  2317 | steps_t:     0 | t: 2.090204 | r:  -508.000000 | e:   1.000000 | Q:        nan | won: False 
#  195 | steps:  2327 | steps_t:     0 | t: 2.098606 | r:  -509.000000 | e:   1.000000 | Q:        nan | won: False 
#  196 | steps:  2344 | steps_t:     0 | t: 2.113497 | r:  -516.000000 | e:   1.000000 | Q:        nan | won: False 
#  197 | steps:  2358 | steps_t:     0 | t: 2.125998 | r:  -513.000000 | e:   1.000000 | Q:        nan | won: False 
#  198 | steps:  2371 | steps_t:     0 | t: 2.137033 | r:  -512.000000 | e:   1.000000 | Q:        nan | won: False 
#  199 | steps:  2384 | steps_t:     0 | t: 2.148316 | r:  -501.000000 | e:   1.000000 | Q:        nan | won: False 
#  200 | steps:  2395 | steps_t:     0 | t: 2.157547 | r:  -510.000000 | e:   1.000000 | Q:        nan | won: False 
#  201 | steps:  2400 | steps_t:     0 | t: 2.161298 | r:  -504.000000 | e:   1.000000 | Q:        nan | won: False 
#  202 | steps:  2412 | steps_t:     0 | t: 2.171665 | r:  -511.000000 | e:   1.000000 | Q:        nan | won: False 
#  203 | steps:  2422 | steps_t:     0 | t: 2.180302 | r:  -509.000000 | e:   1.000000 | Q:        nan | won: False 
#  204 | steps:  2433 | steps_t:     0 | t: 2.190038 | r:  -510.000000 | e:   1.000000 | Q:        nan | won: False 
#  205 | steps:  2439 | steps_t:     0 | t: 2.194638 | r:  -505.000000 | e:   1.000000 | Q:        nan | won: False 
#  206 | steps:  2454 | steps_t:     0 | t: 2.207522 | r:  -492.000000 | e:   1.000000 | Q:        nan | won: False 
#  207 | steps:  2465 | steps_t:     0 | t: 2.216977 | r:  -510.000000 | e:   1.000000 | Q:        nan | won: False 
#  208 | steps:  2471 | steps_t:     0 | t: 2.222425 | r:  -505.000000 | e:   1.000000 | Q:        nan | won: False 
#  209 | steps:  2485 | steps_t:     0 | t: 2.234302 | r:  -513.000000 | e:   1.000000 | Q:        nan | won: False 
#  210 | steps:  2505 | steps_t:     0 | t: 2.252141 | r:  -519.000000 | e:   1.000000 | Q:        nan | won: False 
#  211 | steps:  2513 | steps_t:     0 | t: 2.258677 | r:  -507.000000 | e:   1.000000 | Q:        nan | won: False 
#  212 | steps:  2538 | steps_t:     0 | t: 2.280952 | r:  -513.000000 | e:   1.000000 | Q:        nan | won: False 
#  213 | steps:  2548 | steps_t:     0 | t: 2.289269 | r:  -509.000000 | e:   1.000000 | Q:        nan | won: False 
#  214 | steps:  2585 | steps_t:     0 | t: 2.321735 | r:  -525.000000 | e:   1.000000 | Q:        nan | won: False 
#  215 | steps:  2592 | steps_t:     0 | t: 2.327299 | r:  -506.000000 | e:   1.000000 | Q:        nan | won: False 
#  216 | steps:  2607 | steps_t:     0 | t: 2.341170 | r:  -514.000000 | e:   1.000000 | Q:        nan | won: False 
#  217 | steps:  2616 | steps_t:     0 | t: 2.349028 | r:  -508.000000 | e:   1.000000 | Q:        nan | won: False 
#  218 | steps:  2626 | steps_t:     0 | t: 2.357437 | r:  -509.000000 | e:   1.000000 | Q:        nan | won: False 
#  219 | steps:  2634 | steps_t:     0 | t: 2.364310 | r:  -507.000000 | e:   1.000000 | Q:        nan | won: False 
#  220 | steps:  2642 | steps_t:     0 | t: 2.370774 | r:  -507.000000 | e:   1.000000 | Q:        nan | won: False 
#  221 | steps:  2651 | steps_t:     0 | t: 2.378306 | r:  -508.000000 | e:   1.000000 | Q:        nan | won: False 
#  222 | steps:  2666 | steps_t:     0 | t: 2.391153 | r:  -492.000000 | e:   1.000000 | Q:        nan | won: False 
#  223 | steps:  2672 | steps_t:     0 | t: 2.396209 | r:  -505.000000 | e:   1.000000 | Q:        nan | won: False 
#  224 | steps:  2680 | steps_t:     0 | t: 2.402886 | r:  -507.000000 | e:   1.000000 | Q:        nan | won: False 
#  225 | steps:  2687 | steps_t:     0 | t: 2.408375 | r:  -506.000000 | e:   1.000000 | Q:        nan | won: False 
#  226 | steps:  2693 | steps_t:     0 | t: 2.413279 | r:  -505.000000 | e:   1.000000 | Q:        nan | won: False 
#  227 | steps:  2699 | steps_t:     0 | t: 2.417970 | r:  -505.000000 | e:   1.000000 | Q:        nan | won: False 
#  228 | steps:  2708 | steps_t:     0 | t: 2.425784 | r:  -508.000000 | e:   1.000000 | Q:        nan | won: False 
#  229 | steps:  2726 | steps_t:     0 | t: 2.441633 | r:  -517.000000 | e:   1.000000 | Q:        nan | won: False 
#  230 | steps:  2738 | steps_t:     0 | t: 2.451789 | r:  -511.000000 | e:   1.000000 | Q:        nan | won: False 
#  231 | steps:  2746 | steps_t:     0 | t: 2.458673 | r:  -507.000000 | e:   1.000000 | Q:        nan | won: False 
#  232 | steps:  2755 | steps_t:     0 | t: 2.466086 | r:  -508.000000 | e:   1.000000 | Q:        nan | won: False 
#  233 | steps:  2787 | steps_t:     0 | t: 2.494486 | r:  -520.000000 | e:   1.000000 | Q:        nan | won: False 
#  234 | steps:  2796 | steps_t:     0 | t: 2.501813 | r:  -508.000000 | e:   1.000000 | Q:        nan | won: False 
#  235 | steps:  2806 | steps_t:     0 | t: 2.510278 | r:  -509.000000 | e:   1.000000 | Q:        nan | won: False 
#  236 | steps:  2814 | steps_t:     0 | t: 2.516839 | r:  -507.000000 | e:   1.000000 | Q:        nan | won: False 
#  237 | steps:  2828 | steps_t:     0 | t: 2.529106 | r:  -513.000000 | e:   1.000000 | Q:        nan | won: False 
#  238 | steps:  2838 | steps_t:     0 | t: 2.537296 | r:  -509.000000 | e:   1.000000 | Q:        nan | won: False 
#  239 | steps:  2852 | steps_t:     0 | t: 2.549271 | r:  -513.000000 | e:   1.000000 | Q:        nan | won: False 
#  240 | steps:  2861 | steps_t:     0 | t: 2.556727 | r:  -508.000000 | e:   1.000000 | Q:        nan | won: False 
#  241 | steps:  2874 | steps_t:     0 | t: 2.567866 | r:  -512.000000 | e:   1.000000 | Q:        nan | won: False 
#  242 | steps:  2880 | steps_t:     0 | t: 2.572536 | r:  -505.000000 | e:   1.000000 | Q:        nan | won: False 
#  243 | steps:  2893 | steps_t:     0 | t: 2.583651 | r:  -512.000000 | e:   1.000000 | Q:        nan | won: False 
#  244 | steps:  2901 | steps_t:     0 | t: 2.590252 | r:  -507.000000 | e:   1.000000 | Q:        nan | won: False 
#  245 | steps:  2909 | steps_t:     0 | t: 2.597335 | r:  -507.000000 | e:   1.000000 | Q:        nan | won: False 
#  246 | steps:  2914 | steps_t:     0 | t: 2.601049 | r:  -504.000000 | e:   1.000000 | Q:        nan | won: False 
#  247 | steps:  2934 | steps_t:     0 | t: 2.618368 | r:  -508.000000 | e:   1.000000 | Q:        nan | won: False 
#  248 | steps:  2947 | steps_t:     0 | t: 2.629513 | r:  -512.000000 | e:   1.000000 | Q:        nan | won: False 
#  249 | steps:  2961 | steps_t:     0 | t: 2.641543 | r:  -513.000000 | e:   1.000000 | Q:        nan | won: False 
#  250 | steps:  2976 | steps_t:     0 | t: 2.654346 | r:  -492.000000 | e:   1.000000 | Q:        nan | won: False 
#  251 | steps:  2983 | steps_t:     0 | t: 2.660017 | r:  -506.000000 | e:   1.000000 | Q:        nan | won: False 
#  252 | steps:  2990 | steps_t:     0 | t: 2.665635 | r:  -506.000000 | e:   1.000000 | Q:        nan | won: False 
#  253 | steps:  3000 | steps_t:     0 | t: 2.673862 | r:  -509.000000 | e:   1.000000 | Q:        nan | won: False 
#  254 | steps:  3012 | steps_t:     0 | t: 2.684085 | r:  -511.000000 | e:   1.000000 | Q:        nan | won: False 
#  255 | steps:  3020 | steps_t:     0 | t: 2.690528 | r:  -507.000000 | e:   1.000000 | Q:        nan | won: False 
#  256 | steps:  3030 | steps_t:     0 | t: 2.698798 | r:  -509.000000 | e:   1.000000 | Q:        nan | won: False 
#  257 | steps:  3039 | steps_t:     0 | t: 2.706243 | r:  -508.000000 | e:   1.000000 | Q:        nan | won: False 
#  258 | steps:  3050 | steps_t:     0 | t: 2.715386 | r:  -510.000000 | e:   1.000000 | Q:        nan | won: False 
#  259 | steps:  3057 | steps_t:     0 | t: 2.721030 | r:  -506.000000 | e:   1.000000 | Q:        nan | won: False 
#  260 | steps:  3064 | steps_t:     0 | t: 2.727109 | r:  -506.000000 | e:   1.000000 | Q:        nan | won: False 
#  261 | steps:  3075 | steps_t:     0 | t: 2.736380 | r:  -510.000000 | e:   1.000000 | Q:        nan | won: False 
#  262 | steps:  3081 | steps_t:     0 | t: 2.741104 | r:  -505.000000 | e:   1.000000 | Q:        nan | won: False 
#  263 | steps:  3091 | steps_t:     0 | t: 2.749339 | r:  -509.000000 | e:   1.000000 | Q:        nan | won: False 
#  264 | steps:  3099 | steps_t:     0 | t: 2.755989 | r:  -507.000000 | e:   1.000000 | Q:        nan | won: False 
#  265 | steps:  3108 | steps_t:     0 | t: 2.763238 | r:  -508.000000 | e:   1.000000 | Q:        nan | won: False 
#  266 | steps:  3119 | steps_t:     0 | t: 2.772477 | r:  -510.000000 | e:   1.000000 | Q:        nan | won: False 
#  267 | steps:  3128 | steps_t:     0 | t: 2.780024 | r:  -508.000000 | e:   1.000000 | Q:        nan | won: False 
#  268 | steps:  3133 | steps_t:     0 | t: 2.783750 | r:  -504.000000 | e:   1.000000 | Q:        nan | won: False 
#  269 | steps:  3145 | steps_t:     0 | t: 2.793768 | r:  -511.000000 | e:   1.000000 | Q:        nan | won: False 
#  270 | steps:  3155 | steps_t:     0 | t: 2.802219 | r:  -509.000000 | e:   1.000000 | Q:        nan | won: False 
#  271 | steps:  3165 | steps_t:     0 | t: 2.810429 | r:  -509.000000 | e:   1.000000 | Q:        nan | won: False 
#  272 | steps:  3171 | steps_t:     0 | t: 2.815212 | r:  -505.000000 | e:   1.000000 | Q:        nan | won: False 
#  273 | steps:  3180 | steps_t:     0 | t: 2.822516 | r:  -508.000000 | e:   1.000000 | Q:        nan | won: False 
#  274 | steps:  3187 | steps_t:     0 | t: 2.827994 | r:  -506.000000 | e:   1.000000 | Q:        nan | won: False 
#  275 | steps:  3194 | steps_t:     0 | t: 2.833781 | r:  -506.000000 | e:   1.000000 | Q:        nan | won: False 
#  276 | steps:  3208 | steps_t:     0 | t: 2.845731 | r:  -513.000000 | e:   1.000000 | Q:        nan | won: False 
#  277 | steps:  3217 | steps_t:     0 | t: 2.853857 | r:  -508.000000 | e:   1.000000 | Q:        nan | won: False 
#  278 | steps:  3224 | steps_t:     0 | t: 2.859377 | r:  -506.000000 | e:   1.000000 | Q:        nan | won: False 
#  279 | steps:  3234 | steps_t:     0 | t: 2.867746 | r:  -509.000000 | e:   1.000000 | Q:        nan | won: False 
#  280 | steps:  3256 | steps_t:     0 | t: 2.887285 | r:  -521.000000 | e:   1.000000 | Q:        nan | won: False 
#  281 | steps:  3267 | steps_t:     0 | t: 2.896716 | r:  -510.000000 | e:   1.000000 | Q:        nan | won: False 
#  282 | steps:  3281 | steps_t:     0 | t: 2.908524 | r:  -513.000000 | e:   1.000000 | Q:        nan | won: False 
#  283 | steps:  3292 | steps_t:     0 | t: 2.917747 | r:  -510.000000 | e:   1.000000 | Q:        nan | won: False 
#  284 | steps:  3303 | steps_t:     0 | t: 2.926907 | r:  -510.000000 | e:   1.000000 | Q:        nan | won: False 
#  285 | steps:  3314 | steps_t:     0 | t: 2.936235 | r:  -510.000000 | e:   1.000000 | Q:        nan | won: False 
#  286 | steps:  3322 | steps_t:     0 | t: 2.942700 | r:  -507.000000 | e:   1.000000 | Q:        nan | won: False 
#  287 | steps:  3341 | steps_t:     0 | t: 2.958961 | r:  -518.000000 | e:   1.000000 | Q:        nan | won: False 
#  288 | steps:  3347 | steps_t:     0 | t: 2.963582 | r:  -505.000000 | e:   1.000000 | Q:        nan | won: False 
#  289 | steps:  3363 | steps_t:     0 | t: 2.977597 | r:  -515.000000 | e:   1.000000 | Q:        nan | won: False 
#  290 | steps:  3376 | steps_t:     0 | t: 2.989290 | r:  -512.000000 | e:   1.000000 | Q:        nan | won: False 
#  291 | steps:  3384 | steps_t:     0 | t: 3.051328 | r:  -507.000000 | e:   1.000000 | Q:        nan | won: False 
#  292 | steps:  3404 | steps_t:     0 | t: 3.071896 | r:  -508.000000 | e:   1.000000 | Q:        nan | won: False 
#  293 | steps:  3411 | steps_t:     0 | t: 3.077508 | r:  -506.000000 | e:   1.000000 | Q:        nan | won: False 
#  294 | steps:  3421 | steps_t:     0 | t: 3.086149 | r:  -509.000000 | e:   1.000000 | Q:        nan | won: False 
#  295 | steps:  3431 | steps_t:     0 | t: 3.094909 | r:  -509.000000 | e:   1.000000 | Q:        nan | won: False 
#  296 | steps:  3437 | steps_t:     0 | t: 3.099684 | r:  -505.000000 | e:   1.000000 | Q:        nan | won: False 
#  297 | steps:  3448 | steps_t:     0 | t: 3.109092 | r:  -510.000000 | e:   1.000000 | Q:        nan | won: False 
#  298 | steps:  3454 | steps_t:     0 | t: 3.113955 | r:  -505.000000 | e:   1.000000 | Q:        nan | won: False 
#  299 | steps:  3462 | steps_t:     0 | t: 3.120506 | r:  -507.000000 | e:   1.000000 | Q:        nan | won: False 
#  300 | steps:  3489 | steps_t:     0 | t: 3.144602 | r:  -515.000000 | e:   1.000000 | Q:        nan | won: False 
#  301 | steps:  3508 | steps_t:     0 | t: 3.161338 | r:  -496.000000 | e:   1.000000 | Q:        nan | won: False 
#  302 | steps:  3519 | steps_t:     0 | t: 3.170647 | r:  -510.000000 | e:   1.000000 | Q:        nan | won: False 
#  303 | steps:  3531 | steps_t:     0 | t: 3.181466 | r:  -511.000000 | e:   1.000000 | Q:        nan | won: False 
#  304 | steps:  3539 | steps_t:     0 | t: 3.187845 | r:  -507.000000 | e:   1.000000 | Q:        nan | won: False 
#  305 | steps:  3544 | steps_t:     0 | t: 3.191624 | r:  -504.000000 | e:   1.000000 | Q:        nan | won: False 
#  306 | steps:  3566 | steps_t:     0 | t: 3.210442 | r:  -510.000000 | e:   1.000000 | Q:        nan | won: False 
#  307 | steps:  3598 | steps_t:     0 | t: 3.238456 | r:  -531.000000 | e:   1.000000 | Q:        nan | won: False 
#  308 | steps:  3608 | steps_t:     0 | t: 3.246727 | r:  -509.000000 | e:   1.000000 | Q:        nan | won: False 
#  309 | steps:  3616 | steps_t:     0 | t: 3.253348 | r:  -507.000000 | e:   1.000000 | Q:        nan | won: False 
#  310 | steps:  3630 | steps_t:     0 | t: 3.265252 | r:  -502.000000 | e:   1.000000 | Q:        nan | won: False 
#  311 | steps:  3639 | steps_t:     0 | t: 3.272622 | r:  -508.000000 | e:   1.000000 | Q:        nan | won: False 
#  312 | steps:  3646 | steps_t:     0 | t: 3.278285 | r:  -506.000000 | e:   1.000000 | Q:        nan | won: False 
#  313 | steps:  3653 | steps_t:     0 | t: 3.283852 | r:  -506.000000 | e:   1.000000 | Q:        nan | won: False 
#  314 | steps:  3663 | steps_t:     0 | t: 3.292137 | r:  -509.000000 | e:   1.000000 | Q:        nan | won: False 
#  315 | steps:  3671 | steps_t:     0 | t: 3.298660 | r:  -507.000000 | e:   1.000000 | Q:        nan | won: False 
#  316 | steps:  3682 | steps_t:     0 | t: 3.308306 | r:  -510.000000 | e:   1.000000 | Q:        nan | won: False 
#  317 | steps:  3699 | steps_t:     0 | t: 3.322946 | r:  -505.000000 | e:   1.000000 | Q:        nan | won: False 
#  318 | steps:  3706 | steps_t:     0 | t: 3.328452 | r:  -506.000000 | e:   1.000000 | Q:        nan | won: False 
#  319 | steps:  3720 | steps_t:     0 | t: 3.340633 | r:  -513.000000 | e:   1.000000 | Q:        nan | won: False 
#  320 | steps:  3726 | steps_t:     0 | t: 3.345378 | r:  -505.000000 | e:   1.000000 | Q:        nan | won: False 
#  321 | steps:  3748 | steps_t:     0 | t: 3.364523 | r:  -510.000000 | e:   1.000000 | Q:        nan | won: False 
#  322 | steps:  3756 | steps_t:     0 | t: 3.371131 | r:  -507.000000 | e:   1.000000 | Q:        nan | won: False 
#  323 | steps:  3768 | steps_t:     0 | t: 3.381426 | r:  -511.000000 | e:   1.000000 | Q:        nan | won: False 
#  324 | steps:  3777 | steps_t:     0 | t: 3.388735 | r:  -508.000000 | e:   1.000000 | Q:        nan | won: False 
#  325 | steps:  3798 | steps_t:     0 | t: 3.406961 | r:  -509.000000 | e:   1.000000 | Q:        nan | won: False 
#  326 | steps:  3806 | steps_t:     0 | t: 3.413581 | r:  -507.000000 | e:   1.000000 | Q:        nan | won: False 
#  327 | steps:  3821 | steps_t:     0 | t: 3.426183 | r:  -503.000000 | e:   1.000000 | Q:        nan | won: False 
#  328 | steps:  3837 | steps_t:     0 | t: 3.440457 | r:  -515.000000 | e:   1.000000 | Q:        nan | won: False 
#  329 | steps:  3848 | steps_t:     0 | t: 3.449879 | r:  -510.000000 | e:   1.000000 | Q:        nan | won: False 
#  330 | steps:  3859 | steps_t:     0 | t: 3.458970 | r:  -510.000000 | e:   1.000000 | Q:        nan | won: False 
#  331 | steps:  3869 | steps_t:     0 | t: 3.467601 | r:  -509.000000 | e:   1.000000 | Q:        nan | won: False 
#  332 | steps:  3875 | steps_t:     0 | t: 3.472226 | r:  -505.000000 | e:   1.000000 | Q:        nan | won: False 
#  333 | steps:  3897 | steps_t:     0 | t: 3.491870 | r:  -521.000000 | e:   1.000000 | Q:        nan | won: False 
#  334 | steps:  3907 | steps_t:     0 | t: 3.500131 | r:  -509.000000 | e:   1.000000 | Q:        nan | won: False 
#  335 | steps:  3916 | steps_t:     0 | t: 3.507469 | r:  -508.000000 | e:   1.000000 | Q:        nan | won: False 
#  336 | steps:  3936 | steps_t:     0 | t: 3.524661 | r:  -508.000000 | e:   1.000000 | Q:        nan | won: False 
#  337 | steps:  3950 | steps_t:     0 | t: 3.536539 | r:  -513.000000 | e:   1.000000 | Q:        nan | won: False 
#  338 | steps:  3965 | steps_t:     0 | t: 3.549659 | r:  -492.000000 | e:   1.000000 | Q:        nan | won: False 
#  339 | steps:  3972 | steps_t:     0 | t: 3.555482 | r:  -506.000000 | e:   1.000000 | Q:        nan | won: False 
#  340 | steps:  3995 | steps_t:     0 | t: 3.576040 | r:  -522.000000 | e:   1.000000 | Q:        nan | won: False 
#  341 | steps:  4015 | steps_t:     0 | t: 3.593681 | r:  -519.000000 | e:   1.000000 | Q:        nan | won: False 
#  342 | steps:  4028 | steps_t:     0 | t: 3.604646 | r:  -512.000000 | e:   1.000000 | Q:        nan | won: False 
#  343 | steps:  4036 | steps_t:     0 | t: 3.611265 | r:  -507.000000 | e:   1.000000 | Q:        nan | won: False 
#  344 | steps:  4052 | steps_t:     0 | t: 3.625270 | r:  -515.000000 | e:   1.000000 | Q:        nan | won: False 
#  345 | steps:  4062 | steps_t:     0 | t: 3.633571 | r:  -509.000000 | e:   1.000000 | Q:        nan | won: False 
#  346 | steps:  4070 | steps_t:     0 | t: 3.640160 | r:  -507.000000 | e:   1.000000 | Q:        nan | won: False 
#  347 | steps:  4082 | steps_t:     0 | t: 3.650409 | r:  -511.000000 | e:   1.000000 | Q:        nan | won: False 
#  348 | steps:  4100 | steps_t:     0 | t: 3.665912 | r:  -506.000000 | e:   1.000000 | Q:        nan | won: False 
#  349 | steps:  4109 | steps_t:     0 | t: 3.673317 | r:  -508.000000 | e:   1.000000 | Q:        nan | won: False 
#  350 | steps:  4118 | steps_t:     0 | t: 3.680785 | r:  -508.000000 | e:   1.000000 | Q:        nan | won: False 
#  351 | steps:  4126 | steps_t:     0 | t: 3.687201 | r:  -507.000000 | e:   1.000000 | Q:        nan | won: False 
#  352 | steps:  4133 | steps_t:     0 | t: 3.693320 | r:  -506.000000 | e:   1.000000 | Q:        nan | won: False 
#  353 | steps:  4139 | steps_t:     0 | t: 3.697918 | r:  -505.000000 | e:   1.000000 | Q:        nan | won: False 
#  354 | steps:  4148 | steps_t:     0 | t: 3.705875 | r:  -508.000000 | e:   1.000000 | Q:        nan | won: False 
#  355 | steps:  4156 | steps_t:     0 | t: 3.712287 | r:  -507.000000 | e:   1.000000 | Q:        nan | won: False 
#  356 | steps:  4178 | steps_t:     0 | t: 3.731461 | r:  -521.000000 | e:   1.000000 | Q:        nan | won: False 
#  357 | steps:  4193 | steps_t:     0 | t: 3.744357 | r:  -503.000000 | e:   1.000000 | Q:        nan | won: False 
#  358 | steps:  4199 | steps_t:     0 | t: 3.749003 | r:  -505.000000 | e:   1.000000 | Q:        nan | won: False 
#  359 | steps:  4207 | steps_t:     0 | t: 3.755592 | r:  -507.000000 | e:   1.000000 | Q:        nan | won: False 
#  360 | steps:  4227 | steps_t:     0 | t: 3.772935 | r:  -519.000000 | e:   1.000000 | Q:        nan | won: False 
#  361 | steps:  4246 | steps_t:     0 | t: 3.789433 | r:  -518.000000 | e:   1.000000 | Q:        nan | won: False 
#  362 | steps:  4259 | steps_t:     0 | t: 3.800520 | r:  -512.000000 | e:   1.000000 | Q:        nan | won: False 
#  363 | steps:  4272 | steps_t:     0 | t: 3.811544 | r:  -512.000000 | e:   1.000000 | Q:        nan | won: False 
#  364 | steps:  4278 | steps_t:     0 | t: 3.816292 | r:  -505.000000 | e:   1.000000 | Q:        nan | won: False 
#  365 | steps:  4286 | steps_t:     0 | t: 3.823222 | r:  -507.000000 | e:   1.000000 | Q:        nan | won: False 
#  366 | steps:  4296 | steps_t:     0 | t: 3.831415 | r:  -509.000000 | e:   1.000000 | Q:        nan | won: False 
#  367 | steps:  4301 | steps_t:     0 | t: 3.835367 | r:  -504.000000 | e:   1.000000 | Q:        nan | won: False 
#  368 | steps:  4308 | steps_t:     0 | t: 3.840967 | r:  -506.000000 | e:   1.000000 | Q:        nan | won: False 
#  369 | steps:  4316 | steps_t:     0 | t: 3.847574 | r:  -507.000000 | e:   1.000000 | Q:        nan | won: False 
#  370 | steps:  4322 | steps_t:     0 | t: 3.852153 | r:  -505.000000 | e:   1.000000 | Q:        nan | won: False 
#  371 | steps:  4327 | steps_t:     0 | t: 3.856146 | r:  -504.000000 | e:   1.000000 | Q:        nan | won: False 
#  372 | steps:  4333 | steps_t:     0 | t: 3.860758 | r:  -505.000000 | e:   1.000000 | Q:        nan | won: False 
#  373 | steps:  4359 | steps_t:     0 | t: 3.883752 | r:    86.000000 | e:   1.000000 | Q:        nan | won: True 
#  374 | steps:  4369 | steps_t:     0 | t: 3.891976 | r:  -509.000000 | e:   1.000000 | Q:        nan | won: False 
#  375 | steps:  4380 | steps_t:     0 | t: 3.901292 | r:  -510.000000 | e:   1.000000 | Q:        nan | won: False 
#  376 | steps:  4399 | steps_t:     0 | t: 3.917738 | r:  -518.000000 | e:   1.000000 | Q:        nan | won: False 
#  377 | steps:  4410 | steps_t:     0 | t: 3.926888 | r:  -510.000000 | e:   1.000000 | Q:        nan | won: False 
#  378 | steps:  4419 | steps_t:     0 | t: 3.934383 | r:  -508.000000 | e:   1.000000 | Q:        nan | won: False 
#  379 | steps:  4426 | steps_t:     0 | t: 3.939842 | r:  -506.000000 | e:   1.000000 | Q:        nan | won: False 
#  380 | steps:  4437 | steps_t:     0 | t: 3.949168 | r:  -510.000000 | e:   1.000000 | Q:        nan | won: False 
#  381 | steps:  4445 | steps_t:     0 | t: 3.956663 | r:  -507.000000 | e:   1.000000 | Q:        nan | won: False 
#  382 | steps:  4453 | steps_t:     0 | t: 3.963212 | r:  -507.000000 | e:   1.000000 | Q:        nan | won: False 
#  383 | steps:  4463 | steps_t:     0 | t: 3.971498 | r:  -509.000000 | e:   1.000000 | Q:        nan | won: False 
#  384 | steps:  4474 | steps_t:     0 | t: 3.980594 | r:  -510.000000 | e:   1.000000 | Q:        nan | won: False 
#  385 | steps:  4480 | steps_t:     0 | t: 3.985252 | r:  -505.000000 | e:   1.000000 | Q:        nan | won: False 
#  386 | steps:  4490 | steps_t:     0 | t: 3.993672 | r:  -509.000000 | e:   1.000000 | Q:        nan | won: False 
#  387 | steps:  4512 | steps_t:     0 | t: 4.012996 | r:  -521.000000 | e:   1.000000 | Q:        nan | won: False 
#  388 | steps:  4523 | steps_t:     0 | t: 4.022185 | r:  -510.000000 | e:   1.000000 | Q:        nan | won: False 
#  389 | steps:  4546 | steps_t:     0 | t: 4.042385 | r:  -522.000000 | e:   1.000000 | Q:        nan | won: False 
#  390 | steps:  4553 | steps_t:     0 | t: 4.048140 | r:  -506.000000 | e:   1.000000 | Q:        nan | won: False 
#  391 | steps:  4562 | steps_t:     0 | t: 4.055653 | r:  -508.000000 | e:   1.000000 | Q:        nan | won: False 
#  392 | steps:  4569 | steps_t:     0 | t: 4.061229 | r:  -506.000000 | e:   1.000000 | Q:        nan | won: False 
#  393 | steps:  4582 | steps_t:     0 | t: 4.072220 | r:  -512.000000 | e:   1.000000 | Q:        nan | won: False 
#  394 | steps:  4590 | steps_t:     0 | t: 4.078640 | r:  -507.000000 | e:   1.000000 | Q:        nan | won: False 
#  395 | steps:  4598 | steps_t:     0 | t: 4.085838 | r:  -507.000000 | e:   1.000000 | Q:        nan | won: False 
#  396 | steps:  4603 | steps_t:     0 | t: 4.089685 | r:  -504.000000 | e:   1.000000 | Q:        nan | won: False 
#  397 | steps:  4614 | steps_t:     0 | t: 4.098999 | r:  -510.000000 | e:   1.000000 | Q:        nan | won: False 
#  398 | steps:  4622 | steps_t:     0 | t: 4.105783 | r:  -507.000000 | e:   1.000000 | Q:        nan | won: False 
#  399 | steps:  4630 | steps_t:     0 | t: 4.112396 | r:  -507.000000 | e:   1.000000 | Q:        nan | won: False 
#  400 | steps:  4635 | steps_t:     0 | t: 4.116102 | r:  -504.000000 | e:   1.000000 | Q:        nan | won: False 
#  401 | steps:  4649 | steps_t:     0 | t: 4.128214 | r:  -513.000000 | e:   1.000000 | Q:        nan | won: False 
#  402 | steps:  4657 | steps_t:     0 | t: 4.135200 | r:  -507.000000 | e:   1.000000 | Q:        nan | won: False 
#  403 | steps:  4672 | steps_t:     0 | t: 4.147945 | r:  -492.000000 | e:   1.000000 | Q:        nan | won: False 
#  404 | steps:  4686 | steps_t:     0 | t: 4.160026 | r:  -513.000000 | e:   1.000000 | Q:        nan | won: False 
#  405 | steps:  4694 | steps_t:     0 | t: 4.166542 | r:  -507.000000 | e:   1.000000 | Q:        nan | won: False 
#  406 | steps:  4700 | steps_t:     0 | t: 4.171318 | r:  -505.000000 | e:   1.000000 | Q:        nan | won: False 
#  407 | steps:  4712 | steps_t:     0 | t: 4.181358 | r:  -511.000000 | e:   1.000000 | Q:        nan | won: False 
#  408 | steps:  4723 | steps_t:     0 | t: 4.190712 | r:  -510.000000 | e:   1.000000 | Q:        nan | won: False 
#  409 | steps:  4734 | steps_t:     0 | t: 4.200259 | r:  -510.000000 | e:   1.000000 | Q:        nan | won: False 
#  410 | steps:  4740 | steps_t:     0 | t: 4.204902 | r:  -505.000000 | e:   1.000000 | Q:        nan | won: False 
#  411 | steps:  4746 | steps_t:     0 | t: 4.209543 | r:  -505.000000 | e:   1.000000 | Q:        nan | won: False 
#  412 | steps:  4755 | steps_t:     0 | t: 4.217497 | r:  -508.000000 | e:   1.000000 | Q:        nan | won: False 
#  413 | steps:  4762 | steps_t:     0 | t: 4.222991 | r:  -506.000000 | e:   1.000000 | Q:        nan | won: False 
#  414 | steps:  4781 | steps_t:     0 | t: 4.239378 | r:  -507.000000 | e:   1.000000 | Q:        nan | won: False 
#  415 | steps:  4787 | steps_t:     0 | t: 4.243955 | r:  -505.000000 | e:   1.000000 | Q:        nan | won: False 
#  416 | steps:  4793 | steps_t:     0 | t: 4.248743 | r:  -505.000000 | e:   1.000000 | Q:        nan | won: False 
#  417 | steps:  4802 | steps_t:     0 | t: 4.256001 | r:  -508.000000 | e:   1.000000 | Q:        nan | won: False 
#  418 | steps:  4808 | steps_t:     0 | t: 4.260736 | r:  -505.000000 | e:   1.000000 | Q:        nan | won: False 
#  419 | steps:  4817 | steps_t:     0 | t: 4.268383 | r:  -508.000000 | e:   1.000000 | Q:        nan | won: False 
#  420 | steps:  4830 | steps_t:     0 | t: 4.279460 | r:  -512.000000 | e:   1.000000 | Q:        nan | won: False 
#  421 | steps:  4858 | steps_t:     0 | t: 4.303858 | r:    84.000000 | e:   1.000000 | Q:        nan | won: True 
#  422 | steps:  4867 | steps_t:     0 | t: 4.311280 | r:  -508.000000 | e:   1.000000 | Q:        nan | won: False 
#  423 | steps:  4882 | steps_t:     0 | t: 4.324219 | r:  -492.000000 | e:   1.000000 | Q:        nan | won: False 
#  424 | steps:  4895 | steps_t:     0 | t: 4.335231 | r:  -512.000000 | e:   1.000000 | Q:        nan | won: False 
#  425 | steps:  4914 | steps_t:     0 | t: 4.352434 | r:  -507.000000 | e:   1.000000 | Q:        nan | won: False 
#  426 | steps:  4928 | steps_t:     0 | t: 4.364727 | r:  -513.000000 | e:   1.000000 | Q:        nan | won: False 
#  427 | steps:  4935 | steps_t:     0 | t: 4.370387 | r:  -506.000000 | e:   1.000000 | Q:        nan | won: False 
#  428 | steps:  4953 | steps_t:     0 | t: 4.385858 | r:  -517.000000 | e:   1.000000 | Q:        nan | won: False 
