#    1 | steps:    10 | steps_t:     0 | t: 0.020385 | r:  -509.000000 | e:   1.000000 | Q:        nan | won: False 
#    2 | steps:    21 | steps_t:     0 | t: 0.035563 | r:  -510.000000 | e:   1.000000 | Q:        nan | won: False 
#    3 | steps:    33 | steps_t:     0 | t: 0.052118 | r:  -511.000000 | e:   1.000000 | Q:        nan | won: False 
#    4 | steps:    40 | steps_t:     0 | t: 0.061476 | r:  -506.000000 | e:   1.000000 | Q:        nan | won: False 
#    5 | steps:    46 | steps_t:     0 | t: 0.069436 | r:  -505.000000 | e:   1.000000 | Q:        nan | won: False 
#    6 | steps:    62 | steps_t:     0 | t: 0.091661 | r:  -515.000000 | e:   1.000000 | Q:        nan | won: False 
#    7 | steps:    68 | steps_t:     0 | t: 0.099699 | r:  -505.000000 | e:   1.000000 | Q:        nan | won: False 
#    8 | steps:    79 | steps_t:     0 | t: 0.114765 | r:  -510.000000 | e:   1.000000 | Q:        nan | won: False 
#    9 | steps:    87 | steps_t:     0 | t: 0.125610 | r:  -507.000000 | e:   1.000000 | Q:        nan | won: False 
#   10 | steps:   105 | steps_t:     0 | t: 0.150631 | r:  -506.000000 | e:   1.000000 | Q:        nan | won: False 
#   11 | steps:   120 | steps_t:     0 | t: 0.171423 | r:  -514.000000 | e:   1.000000 | Q:        nan | won: False 
#   12 | steps:   135 | steps_t:     0 | t: 0.192400 | r:  -514.000000 | e:   1.000000 | Q:        nan | won: False 
#   13 | steps:   149 | steps_t:     0 | t: 0.211857 | r:  -513.000000 | e:   1.000000 | Q:        nan | won: False 
#   14 | steps:   159 | steps_t:     0 | t: 0.225606 | r:  -509.000000 | e:   1.000000 | Q:        nan | won: False 
#   15 | steps:   165 | steps_t:     0 | t: 0.233450 | r:  -505.000000 | e:   1.000000 | Q:        nan | won: False 
#   16 | steps:   180 | steps_t:     0 | t: 0.254214 | r:  -514.000000 | e:   1.000000 | Q:        nan | won: False 
#   17 | steps:   190 | steps_t:     0 | t: 0.267863 | r:  -509.000000 | e:   1.000000 | Q:        nan | won: False 
#   18 | steps:   197 | steps_t:     0 | t: 0.277278 | r:  -506.000000 | e:   1.000000 | Q:        nan | won: False 
#   19 | steps:   210 | steps_t:     0 | t: 0.295967 | r:  -512.000000 | e:   1.000000 | Q:        nan | won: False 
#   20 | steps:   218 | steps_t:     0 | t: 0.306948 | r:  -507.000000 | e:   1.000000 | Q:        nan | won: False 
#   21 | steps:   231 | steps_t:     0 | t: 0.325443 | r:  -512.000000 | e:   1.000000 | Q:        nan | won: False 
#   22 | steps:   249 | steps_t:     0 | t: 0.350640 | r:  -517.000000 | e:   1.000000 | Q:        nan | won: False 
#   23 | steps:   267 | steps_t:     0 | t: 0.376594 | r:  -517.000000 | e:   1.000000 | Q:        nan | won: False 
#   24 | steps:   277 | steps_t:     0 | t: 0.390639 | r:  -509.000000 | e:   1.000000 | Q:        nan | won: False 
#   25 | steps:   303 | steps_t:     0 | t: 0.427949 | r:  -525.000000 | e:   1.000000 | Q:        nan | won: False 
#   26 | steps:   313 | steps_t:     0 | t: 0.441731 | r:  -509.000000 | e:   1.000000 | Q:        nan | won: False 
#   27 | steps:   328 | steps_t:     0 | t: 0.463197 | r:  -503.000000 | e:   1.000000 | Q:        nan | won: False 
#   28 | steps:   338 | steps_t:     0 | t: 0.476964 | r:  -509.000000 | e:   1.000000 | Q:        nan | won: False 
#   29 | steps:   348 | steps_t:     0 | t: 0.491130 | r:  -509.000000 | e:   1.000000 | Q:        nan | won: False 
#   30 | steps:   362 | steps_t:     0 | t: 0.511041 | r:  -502.000000 | e:   1.000000 | Q:        nan | won: False 
#   31 | steps:   381 | steps_t:     0 | t: 0.537990 | r:  -507.000000 | e:   1.000000 | Q:        nan | won: False 
#   32 | steps:   400 | steps_t:     0 | t: 0.565001 | r:  -518.000000 | e:   1.000000 | Q:        nan | won: False 
#   33 | steps:   412 | steps_t:     0 | t: 0.582353 | r:  -511.000000 | e:   1.000000 | Q:        nan | won: False 
#   34 | steps:   420 | steps_t:     0 | t: 0.593283 | r:  -507.000000 | e:   1.000000 | Q:        nan | won: False 
#   35 | steps:   426 | steps_t:     0 | t: 0.601305 | r:  -505.000000 | e:   1.000000 | Q:        nan | won: False 
#   36 | steps:   436 | steps_t:     0 | t: 0.615372 | r:  -509.000000 | e:   1.000000 | Q:        nan | won: False 
#   37 | steps:   458 | steps_t:     0 | t: 0.646810 | r:  -510.000000 | e:   1.000000 | Q:        nan | won: False 
#   38 | steps:   472 | steps_t:     0 | t: 0.691709 | r:  -513.000000 | e:   1.000000 | Q:        nan | won: False 
#   39 | steps:   484 | steps_t:     0 | t: 0.708786 | r:  -500.000000 | e:   1.000000 | Q:        nan | won: False 
#   40 | steps:   492 | steps_t:     0 | t: 0.719644 | r:  -507.000000 | e:   1.000000 | Q:        nan | won: False 
#   41 | steps:   499 | steps_t:     0 | t: 0.729442 | r:  -506.000000 | e:   1.000000 | Q:        nan | won: False 
#   42 | steps:   506 | steps_t:     0 | t: 0.738823 | r:  -506.000000 | e:   1.000000 | Q:        nan | won: False 
#   43 | steps:   526 | steps_t:     0 | t: 0.767769 | r:  -519.000000 | e:   1.000000 | Q:        nan | won: False 
#   44 | steps:   548 | steps_t:     0 | t: 0.799563 | r:  -510.000000 | e:   1.000000 | Q:        nan | won: False 
#   45 | steps:   556 | steps_t:     0 | t: 0.810457 | r:  -507.000000 | e:   1.000000 | Q:        nan | won: False 
#   46 | steps:   569 | steps_t:     0 | t: 0.828853 | r:  -512.000000 | e:   1.000000 | Q:        nan | won: False 
#   47 | steps:   578 | steps_t:     0 | t: 0.841263 | r:  -508.000000 | e:   1.000000 | Q:        nan | won: False 
#   48 | steps:   590 | steps_t:     0 | t: 0.858227 | r:  -511.000000 | e:   1.000000 | Q:        nan | won: False 
#   49 | steps:   598 | steps_t:     0 | t: 0.869042 | r:  -507.000000 | e:   1.000000 | Q:        nan | won: False 
#   50 | steps:   626 | steps_t:     0 | t: 0.908920 | r:  -516.000000 | e:   1.000000 | Q:        nan | won: False 
#   51 | steps:   639 | steps_t:     0 | t: 0.927565 | r:  -512.000000 | e:   1.000000 | Q:        nan | won: False 
#   52 | steps:   648 | steps_t:     0 | t: 0.940040 | r:  -508.000000 | e:   1.000000 | Q:        nan | won: False 
#   53 | steps:   655 | steps_t:     0 | t: 0.949774 | r:  -506.000000 | e:   1.000000 | Q:        nan | won: False 
#   54 | steps:   679 | steps_t:     0 | t: 0.983677 | r:  -523.000000 | e:   1.000000 | Q:        nan | won: False 
#   55 | steps:   689 | steps_t:     0 | t: 0.997705 | r:  -509.000000 | e:   1.000000 | Q:        nan | won: False 
#   56 | steps:   695 | steps_t:     0 | t: 1.005658 | r:  -505.000000 | e:   1.000000 | Q:        nan | won: False 
#   57 | steps:   703 | steps_t:     0 | t: 1.016705 | r:  -507.000000 | e:   1.000000 | Q:        nan | won: False 
#   58 | steps:   714 | steps_t:     0 | t: 1.032078 | r:  -510.000000 | e:   1.000000 | Q:        nan | won: False 
#   59 | steps:   731 | steps_t:     0 | t: 1.055787 | r:  -505.000000 | e:   1.000000 | Q:        nan | won: False 
#   60 | steps:   739 | steps_t:     0 | t: 1.066640 | r:  -507.000000 | e:   1.000000 | Q:        nan | won: False 
#   61 | steps:   746 | steps_t:     0 | t: 1.075969 | r:  -506.000000 | e:   1.000000 | Q:        nan | won: False 
#   62 | steps:   769 | steps_t:     0 | t: 1.108903 | r:  -511.000000 | e:   1.000000 | Q:        nan | won: False 
#   63 | steps:   777 | steps_t:     0 | t: 1.119786 | r:  -507.000000 | e:   1.000000 | Q:        nan | won: False 
#   64 | steps:   790 | steps_t:     0 | t: 1.137936 | r:  -512.000000 | e:   1.000000 | Q:        nan | won: False 
#   65 | steps:   800 | steps_t:     0 | t: 1.151864 | r:  -509.000000 | e:   1.000000 | Q:        nan | won: False 
#   66 | steps:   806 | steps_t:     0 | t: 1.159942 | r:  -505.000000 | e:   1.000000 | Q:        nan | won: False 
#   67 | steps:   816 | steps_t:     0 | t: 1.173892 | r:  -509.000000 | e:   1.000000 | Q:        nan | won: False 
#   68 | steps:   825 | steps_t:     0 | t: 1.186186 | r:  -508.000000 | e:   1.000000 | Q:        nan | won: False 
#   69 | steps:   846 | steps_t:     0 | t: 1.215838 | r:  -509.000000 | e:   1.000000 | Q:        nan | won: False 
#   70 | steps:   858 | steps_t:     0 | t: 1.232485 | r:  -511.000000 | e:   1.000000 | Q:        nan | won: False 
#   71 | steps:   865 | steps_t:     0 | t: 1.241901 | r:  -506.000000 | e:   1.000000 | Q:        nan | won: False 
#   72 | steps:   874 | steps_t:     0 | t: 1.254373 | r:  -508.000000 | e:   1.000000 | Q:        nan | won: False 
#   73 | steps:   883 | steps_t:     0 | t: 1.266785 | r:  -508.000000 | e:   1.000000 | Q:        nan | won: False 
#   74 | steps:   891 | steps_t:     0 | t: 1.277824 | r:  -507.000000 | e:   1.000000 | Q:        nan | won: False 
#   75 | steps:   896 | steps_t:     0 | t: 1.284300 | r:  -504.000000 | e:   1.000000 | Q:        nan | won: False 
#   76 | steps:   917 | steps_t:     0 | t: 1.313960 | r:  -509.000000 | e:   1.000000 | Q:        nan | won: False 
#   77 | steps:   923 | steps_t:     0 | t: 1.321922 | r:  -505.000000 | e:   1.000000 | Q:        nan | won: False 
#   78 | steps:   932 | steps_t:     0 | t: 1.334396 | r:  -508.000000 | e:   1.000000 | Q:        nan | won: False 
#   79 | steps:   946 | steps_t:     0 | t: 1.353989 | r:  -502.000000 | e:   1.000000 | Q:        nan | won: False 
#   80 | steps:   952 | steps_t:     0 | t: 1.361898 | r:  -505.000000 | e:   1.000000 | Q:        nan | won: False 
#   81 | steps:   959 | steps_t:     0 | t: 1.371248 | r:  -506.000000 | e:   1.000000 | Q:        nan | won: False 
#   82 | steps:   967 | steps_t:     0 | t: 1.382036 | r:  -507.000000 | e:   1.000000 | Q:        nan | won: False 
#   83 | steps:   975 | steps_t:     0 | t: 1.392989 | r:  -507.000000 | e:   1.000000 | Q:        nan | won: False 
#   84 | steps:   988 | steps_t:     0 | t: 1.411052 | r:  -501.000000 | e:   1.000000 | Q:        nan | won: False 
#   85 | steps:  1001 | steps_t:     0 | t: 1.429153 | r:  -501.000000 | e:   1.000000 | Q:        nan | won: False 
#   86 | steps:  1016 | steps_t:     0 | t: 1.450316 | r:  -514.000000 | e:   1.000000 | Q:        nan | won: False 
#   87 | steps:  1031 | steps_t:     0 | t: 1.471315 | r:  -503.000000 | e:   1.000000 | Q:        nan | won: False 
#   88 | steps:  1052 | steps_t:     0 | t: 1.501519 | r:  -520.000000 | e:   1.000000 | Q:        nan | won: False 
#   89 | steps:  1062 | steps_t:     0 | t: 1.515438 | r:  -509.000000 | e:   1.000000 | Q:        nan | won: False 
#   90 | steps:  1069 | steps_t:     0 | t: 1.524856 | r:  -506.000000 | e:   1.000000 | Q:        nan | won: False 
#   91 | steps:  1075 | steps_t:     0 | t: 1.532864 | r:  -505.000000 | e:   1.000000 | Q:        nan | won: False 
#   92 | steps:  1083 | steps_t:     0 | t: 1.543925 | r:  -507.000000 | e:   1.000000 | Q:        nan | won: False 
#   93 | steps:  1098 | steps_t:     0 | t: 1.564937 | r:  -503.000000 | e:   1.000000 | Q:        nan | won: False 
#   94 | steps:  1106 | steps_t:     0 | t: 1.575872 | r:  -507.000000 | e:   1.000000 | Q:        nan | won: False 
#   95 | steps:  1112 | steps_t:     0 | t: 1.583990 | r:  -505.000000 | e:   1.000000 | Q:        nan | won: False 
#   96 | steps:  1145 | steps_t:     0 | t: 1.631472 | r:  -521.000000 | e:   1.000000 | Q:        nan | won: False 
#   97 | steps:  1154 | steps_t:     0 | t: 1.643813 | r:  -508.000000 | e:   1.000000 | Q:        nan | won: False 
#   98 | steps:  1164 | steps_t:     0 | t: 1.657676 | r:  -509.000000 | e:   1.000000 | Q:        nan | won: False 
#   99 | steps:  1174 | steps_t:     0 | t: 1.671451 | r:  -509.000000 | e:   1.000000 | Q:        nan | won: False 
#  100 | steps:  1180 | steps_t:     0 | t: 1.679661 | r:  -505.000000 | e:   1.000000 | Q:        nan | won: False 
#  101 | steps:  1191 | steps_t:     0 | t: 1.695201 | r:  -510.000000 | e:   1.000000 | Q:        nan | won: False 
#  102 | steps:  1214 | steps_t:     0 | t: 1.727820 | r:  -511.000000 | e:   1.000000 | Q:        nan | won: False 
#  103 | steps:  1222 | steps_t:     0 | t: 1.738780 | r:  -507.000000 | e:   1.000000 | Q:        nan | won: False 
#  104 | steps:  1234 | steps_t:     0 | t: 1.755801 | r:  -511.000000 | e:   1.000000 | Q:        nan | won: False 
#  105 | steps:  1246 | steps_t:     0 | t: 1.772740 | r:  -511.000000 | e:   1.000000 | Q:        nan | won: False 
#  106 | steps:  1257 | steps_t:     0 | t: 1.788093 | r:  -510.000000 | e:   1.000000 | Q:        nan | won: False 
#  107 | steps:  1266 | steps_t:     0 | t: 1.800702 | r:  -508.000000 | e:   1.000000 | Q:        nan | won: False 
#  108 | steps:  1286 | steps_t:     0 | t: 1.828717 | r:  -508.000000 | e:   1.000000 | Q:        nan | won: False 
#  109 | steps:  1295 | steps_t:     0 | t: 1.840964 | r:  -508.000000 | e:   1.000000 | Q:        nan | won: False 
#  110 | steps:  1314 | steps_t:     0 | t: 1.868105 | r:  -507.000000 | e:   1.000000 | Q:        nan | won: False 
#  111 | steps:  1334 | steps_t:     0 | t: 1.896880 | r:  -519.000000 | e:   1.000000 | Q:        nan | won: False 
#  112 | steps:  1346 | steps_t:     0 | t: 1.913584 | r:  -511.000000 | e:   1.000000 | Q:        nan | won: False 
#  113 | steps:  1353 | steps_t:     0 | t: 1.923358 | r:  -506.000000 | e:   1.000000 | Q:        nan | won: False 
#  114 | steps:  1368 | steps_t:     0 | t: 1.944403 | r:  -503.000000 | e:   1.000000 | Q:        nan | won: False 
#  115 | steps:  1378 | steps_t:     0 | t: 1.958089 | r:  -509.000000 | e:   1.000000 | Q:        nan | won: False 
#  116 | steps:  1388 | steps_t:     0 | t: 1.972006 | r:  -509.000000 | e:   1.000000 | Q:        nan | won: False 
#  117 | steps:  1410 | steps_t:     0 | t: 2.003236 | r:  -521.000000 | e:   1.000000 | Q:        nan | won: False 
#  118 | steps:  1418 | steps_t:     0 | t: 2.014082 | r:  -507.000000 | e:   1.000000 | Q:        nan | won: False 
#  119 | steps:  1425 | steps_t:     0 | t: 2.023588 | r:  -506.000000 | e:   1.000000 | Q:        nan | won: False 
#  120 | steps:  1452 | steps_t:     0 | t: 2.062042 | r:  -504.000000 | e:   1.000000 | Q:        nan | won: False 
#  121 | steps:  1457 | steps_t:     0 | t: 2.068554 | r:  -504.000000 | e:   1.000000 | Q:        nan | won: False 
#  122 | steps:  1466 | steps_t:     0 | t: 2.080745 | r:  -508.000000 | e:   1.000000 | Q:        nan | won: False 
#  123 | steps:  1484 | steps_t:     0 | t: 2.106381 | r:  -517.000000 | e:   1.000000 | Q:        nan | won: False 
#  124 | steps:  1495 | steps_t:     0 | t: 2.121510 | r:  -510.000000 | e:   1.000000 | Q:        nan | won: False 
#  125 | steps:  1509 | steps_t:     0 | t: 2.140907 | r:  -502.000000 | e:   1.000000 | Q:        nan | won: False 
#  126 | steps:  1523 | steps_t:     0 | t: 2.160303 | r:  -502.000000 | e:   1.000000 | Q:        nan | won: False 
#  127 | steps:  1531 | steps_t:     0 | t: 2.171072 | r:  -507.000000 | e:   1.000000 | Q:        nan | won: False 
#  128 | steps:  1541 | steps_t:     0 | t: 2.184629 | r:  -509.000000 | e:   1.000000 | Q:        nan | won: False 
#  129 | steps:  1555 | steps_t:     0 | t: 2.204262 | r:  -513.000000 | e:   1.000000 | Q:        nan | won: False 
#  130 | steps:  1571 | steps_t:     0 | t: 2.226680 | r:  -504.000000 | e:   1.000000 | Q:        nan | won: False 
#  131 | steps:  1579 | steps_t:     0 | t: 2.237620 | r:  -507.000000 | e:   1.000000 | Q:        nan | won: False 
#  132 | steps:  1619 | steps_t:     0 | t: 2.294011 | r:  -539.000000 | e:   1.000000 | Q:        nan | won: False 
#  133 | steps:  1625 | steps_t:     0 | t: 2.301955 | r:  -505.000000 | e:   1.000000 | Q:        nan | won: False 
#  134 | steps:  1641 | steps_t:     0 | t: 2.324161 | r:  -504.000000 | e:   1.000000 | Q:        nan | won: False 
#  135 | steps:  1658 | steps_t:     0 | t: 2.348145 | r:  -516.000000 | e:   1.000000 | Q:        nan | won: False 
#  136 | steps:  1667 | steps_t:     0 | t: 2.360448 | r:  -508.000000 | e:   1.000000 | Q:        nan | won: False 
#  137 | steps:  1676 | steps_t:     0 | t: 2.372558 | r:  -508.000000 | e:   1.000000 | Q:        nan | won: False 
#  138 | steps:  1682 | steps_t:     0 | t: 2.380400 | r:  -505.000000 | e:   1.000000 | Q:        nan | won: False 
#  139 | steps:  1691 | steps_t:     0 | t: 2.392519 | r:  -508.000000 | e:   1.000000 | Q:        nan | won: False 
#  140 | steps:  1701 | steps_t:     0 | t: 2.406101 | r:  -509.000000 | e:   1.000000 | Q:        nan | won: False 
#  141 | steps:  1720 | steps_t:     0 | t: 2.432771 | r:  -518.000000 | e:   1.000000 | Q:        nan | won: False 
#  142 | steps:  1728 | steps_t:     0 | t: 2.443456 | r:  -507.000000 | e:   1.000000 | Q:        nan | won: False 
#  143 | steps:  1736 | steps_t:     0 | t: 2.454315 | r:  -507.000000 | e:   1.000000 | Q:        nan | won: False 
#  144 | steps:  1750 | steps_t:     0 | t: 2.473506 | r:  -513.000000 | e:   1.000000 | Q:        nan | won: False 
#  145 | steps:  1767 | steps_t:     0 | t: 2.497207 | r:  -505.000000 | e:   1.000000 | Q:        nan | won: False 
#  146 | steps:  1776 | steps_t:     0 | t: 2.509911 | r:  -508.000000 | e:   1.000000 | Q:        nan | won: False 
#  147 | steps:  1789 | steps_t:     0 | t: 2.527967 | r:  -512.000000 | e:   1.000000 | Q:        nan | won: False 
#  148 | steps:  1794 | steps_t:     0 | t: 2.534369 | r:  -504.000000 | e:   1.000000 | Q:        nan | won: False 
#  149 | steps:  1810 | steps_t:     0 | t: 2.556480 | r:  -504.000000 | e:   1.000000 | Q:        nan | won: False 
#  150 | steps:  1822 | steps_t:     0 | t: 2.573045 | r:  -511.000000 | e:   1.000000 | Q:        nan | won: False 
#  151 | steps:  1834 | steps_t:     0 | t: 2.589571 | r:  -500.000000 | e:   1.000000 | Q:        nan | won: False 
#  152 | steps:  1839 | steps_t:     0 | t: 2.595989 | r:  -504.000000 | e:   1.000000 | Q:        nan | won: False 
#  153 | steps:  1849 | steps_t:     0 | t: 2.609892 | r:  -509.000000 | e:   1.000000 | Q:        nan | won: False 
#  154 | steps:  1865 | steps_t:     0 | t: 2.632073 | r:  -515.000000 | e:   1.000000 | Q:        nan | won: False 
#  155 | steps:  1876 | steps_t:     0 | t: 2.647136 | r:  -510.000000 | e:   1.000000 | Q:        nan | won: False 
#  156 | steps:  1884 | steps_t:     0 | t: 2.657934 | r:  -507.000000 | e:   1.000000 | Q:        nan | won: False 
#  157 | steps:  1892 | steps_t:     0 | t: 2.668631 | r:  -507.000000 | e:   1.000000 | Q:        nan | won: False 
#  158 | steps:  1897 | steps_t:     0 | t: 2.675105 | r:  -504.000000 | e:   1.000000 | Q:        nan | won: False 
#  159 | steps:  1908 | steps_t:     0 | t: 2.690570 | r:  -510.000000 | e:   1.000000 | Q:        nan | won: False 
#  160 | steps:  1913 | steps_t:     0 | t: 2.697121 | r:  -504.000000 | e:   1.000000 | Q:        nan | won: False 
#  161 | steps:  1927 | steps_t:     0 | t: 2.716339 | r:  -502.000000 | e:   1.000000 | Q:        nan | won: False 
#  162 | steps:  1935 | steps_t:     0 | t: 2.727045 | r:  -507.000000 | e:   1.000000 | Q:        nan | won: False 
#  163 | steps:  1954 | steps_t:     0 | t: 2.753578 | r:  -507.000000 | e:   1.000000 | Q:        nan | won: False 
#  164 | steps:  1959 | steps_t:     0 | t: 2.760005 | r:  -504.000000 | e:   1.000000 | Q:        nan | won: False 
#  165 | steps:  1968 | steps_t:     0 | t: 2.772188 | r:  -508.000000 | e:   1.000000 | Q:        nan | won: False 
#  166 | steps:  1978 | steps_t:     0 | t: 2.785919 | r:  -509.000000 | e:   1.000000 | Q:        nan | won: False 
#  167 | steps:  1985 | steps_t:     0 | t: 2.795278 | r:  -506.000000 | e:   1.000000 | Q:        nan | won: False 
#  168 | steps:  1996 | steps_t:     0 | t: 2.810479 | r:  -510.000000 | e:   1.000000 | Q:        nan | won: False 
#  169 | steps:  2004 | steps_t:     0 | t: 2.821322 | r:  -507.000000 | e:   1.000000 | Q:        nan | won: False 
#  170 | steps:  2015 | steps_t:     0 | t: 2.836448 | r:  -510.000000 | e:   1.000000 | Q:        nan | won: False 
#  171 | steps:  2024 | steps_t:     0 | t: 2.849215 | r:  -508.000000 | e:   1.000000 | Q:        nan | won: False 
#  172 | steps:  2031 | steps_t:     0 | t: 2.858755 | r:  -506.000000 | e:   1.000000 | Q:        nan | won: False 
#  173 | steps:  2044 | steps_t:     0 | t: 2.876772 | r:  -512.000000 | e:   1.000000 | Q:        nan | won: False 
#  174 | steps:  2062 | steps_t:     0 | t: 2.901944 | r:  -506.000000 | e:   1.000000 | Q:        nan | won: False 
#  175 | steps:  2069 | steps_t:     0 | t: 2.911218 | r:  -506.000000 | e:   1.000000 | Q:        nan | won: False 
#  176 | steps:  2079 | steps_t:     0 | t: 2.924992 | r:  -509.000000 | e:   1.000000 | Q:        nan | won: False 
#  177 | steps:  2095 | steps_t:     0 | t: 2.947065 | r:  -504.000000 | e:   1.000000 | Q:        nan | won: False 
#  178 | steps:  2112 | steps_t:     0 | t: 2.970726 | r:  -505.000000 | e:   1.000000 | Q:        nan | won: False 
#  179 | steps:  2122 | steps_t:     0 | t: 2.984342 | r:  -509.000000 | e:   1.000000 | Q:        nan | won: False 
#  180 | steps:  2128 | steps_t:     0 | t: 2.992332 | r:  -505.000000 | e:   1.000000 | Q:        nan | won: False 
#  181 | steps:  2138 | steps_t:     0 | t: 3.005982 | r:  -509.000000 | e:   1.000000 | Q:        nan | won: False 
#  182 | steps:  2148 | steps_t:     0 | t: 3.019696 | r:  -509.000000 | e:   1.000000 | Q:        nan | won: False 
#  183 | steps:  2162 | steps_t:     0 | t: 3.039036 | r:  -513.000000 | e:   1.000000 | Q:        nan | won: False 
#  184 | steps:  2182 | steps_t:     0 | t: 3.066920 | r:  -508.000000 | e:   1.000000 | Q:        nan | won: False 
#  185 | steps:  2206 | steps_t:     0 | t: 3.100851 | r:  -523.000000 | e:   1.000000 | Q:        nan | won: False 
#  186 | steps:  2212 | steps_t:     0 | t: 3.108913 | r:  -505.000000 | e:   1.000000 | Q:        nan | won: False 
#  187 | steps:  2226 | steps_t:     0 | t: 3.128699 | r:  -513.000000 | e:   1.000000 | Q:        nan | won: False 
#  188 | steps:  2235 | steps_t:     0 | t: 3.140955 | r:  -508.000000 | e:   1.000000 | Q:        nan | won: False 
#  189 | steps:  2255 | steps_t:     0 | t: 3.169402 | r:  -519.000000 | e:   1.000000 | Q:        nan | won: False 
#  190 | steps:  2331 | steps_t:     0 | t: 3.276610 | r:  -564.000000 | e:   1.000000 | Q:        nan | won: False 
#  191 | steps:  2347 | steps_t:     0 | t: 3.299278 | r:  -515.000000 | e:   1.000000 | Q:        nan | won: False 
#  192 | steps:  2359 | steps_t:     0 | t: 3.316112 | r:  -511.000000 | e:   1.000000 | Q:        nan | won: False 
#  193 | steps:  2366 | steps_t:     0 | t: 3.325531 | r:  -506.000000 | e:   1.000000 | Q:        nan | won: False 
#  194 | steps:  2374 | steps_t:     0 | t: 3.336618 | r:  -507.000000 | e:   1.000000 | Q:        nan | won: False 
#  195 | steps:  2381 | steps_t:     0 | t: 3.345994 | r:  -506.000000 | e:   1.000000 | Q:        nan | won: False 
#  196 | steps:  2389 | steps_t:     0 | t: 3.356751 | r:  -507.000000 | e:   1.000000 | Q:        nan | won: False 
#  197 | steps:  2416 | steps_t:     0 | t: 3.395479 | r:  -526.000000 | e:   1.000000 | Q:        nan | won: False 
#  198 | steps:  2427 | steps_t:     0 | t: 3.410785 | r:  -510.000000 | e:   1.000000 | Q:        nan | won: False 
#  199 | steps:  2435 | steps_t:     0 | t: 3.421553 | r:  -507.000000 | e:   1.000000 | Q:        nan | won: False 
#  200 | steps:  2441 | steps_t:     0 | t: 3.429876 | r:  -505.000000 | e:   1.000000 | Q:        nan | won: False 
#  201 | steps:  2463 | steps_t:     0 | t: 3.461273 | r:  -521.000000 | e:   1.000000 | Q:        nan | won: False 
#  202 | steps:  2473 | steps_t:     0 | t: 3.474975 | r:  -509.000000 | e:   1.000000 | Q:        nan | won: False 
#  203 | steps:  2488 | steps_t:     0 | t: 3.496505 | r:  -514.000000 | e:   1.000000 | Q:        nan | won: False 
#  204 | steps:  2497 | steps_t:     0 | t: 3.508802 | r:  -508.000000 | e:   1.000000 | Q:        nan | won: False 
#  205 | steps:  2505 | steps_t:     0 | t: 3.519889 | r:  -507.000000 | e:   1.000000 | Q:        nan | won: False 
#  206 | steps:  2521 | steps_t:     0 | t: 3.542177 | r:  -515.000000 | e:   1.000000 | Q:        nan | won: False 
#  207 | steps:  2532 | steps_t:     0 | t: 3.558151 | r:  -510.000000 | e:   1.000000 | Q:        nan | won: False 
#  208 | steps:  2549 | steps_t:     0 | t: 3.581984 | r:  -516.000000 | e:   1.000000 | Q:        nan | won: False 
#  209 | steps:  2559 | steps_t:     0 | t: 3.595680 | r:  -509.000000 | e:   1.000000 | Q:        nan | won: False 
#  210 | steps:  2569 | steps_t:     0 | t: 3.609591 | r:  -509.000000 | e:   1.000000 | Q:        nan | won: False 
#  211 | steps:  2591 | steps_t:     0 | t: 3.640815 | r:  -510.000000 | e:   1.000000 | Q:        nan | won: False 
#  212 | steps:  2597 | steps_t:     0 | t: 3.648889 | r:  -505.000000 | e:   1.000000 | Q:        nan | won: False 
#  213 | steps:  2611 | steps_t:     0 | t: 3.668276 | r:  -513.000000 | e:   1.000000 | Q:        nan | won: False 
#  214 | steps:  2627 | steps_t:     0 | t: 3.690967 | r:  -515.000000 | e:   1.000000 | Q:        nan | won: False 
#  215 | steps:  2636 | steps_t:     0 | t: 3.703706 | r:  -508.000000 | e:   1.000000 | Q:        nan | won: False 
#  216 | steps:  2642 | steps_t:     0 | t: 3.711835 | r:  -505.000000 | e:   1.000000 | Q:        nan | won: False 
#  217 | steps:  2648 | steps_t:     0 | t: 3.719790 | r:  -505.000000 | e:   1.000000 | Q:        nan | won: False 
#  218 | steps:  2663 | steps_t:     0 | t: 3.740917 | r:  -514.000000 | e:   1.000000 | Q:        nan | won: False 
#  219 | steps:  2681 | steps_t:     0 | t: 3.766487 | r:  -517.000000 | e:   1.000000 | Q:        nan | won: False 
#  220 | steps:  2703 | steps_t:     0 | t: 3.798182 | r:  -510.000000 | e:   1.000000 | Q:        nan | won: False 
#  221 | steps:  2710 | steps_t:     0 | t: 3.807696 | r:  -506.000000 | e:   1.000000 | Q:        nan | won: False 
#  222 | steps:  2725 | steps_t:     0 | t: 3.828936 | r:  -492.000000 | e:   1.000000 | Q:        nan | won: False 
#  223 | steps:  2737 | steps_t:     0 | t: 3.845527 | r:  -500.000000 | e:   1.000000 | Q:        nan | won: False 
#  224 | steps:  2745 | steps_t:     0 | t: 3.856654 | r:  -507.000000 | e:   1.000000 | Q:        nan | won: False 
#  225 | steps:  2757 | steps_t:     0 | t: 3.873723 | r:  -511.000000 | e:   1.000000 | Q:        nan | won: False 
#  226 | steps:  2765 | steps_t:     0 | t: 3.884617 | r:  -507.000000 | e:   1.000000 | Q:        nan | won: False 
#  227 | steps:  2782 | steps_t:     0 | t: 3.908609 | r:  -516.000000 | e:   1.000000 | Q:        nan | won: False 
#  228 | steps:  2790 | steps_t:     0 | t: 3.919399 | r:  -507.000000 | e:   1.000000 | Q:        nan | won: False 
#  229 | steps:  2798 | steps_t:     0 | t: 3.930136 | r:  -507.000000 | e:   1.000000 | Q:        nan | won: False 
#  230 | steps:  2804 | steps_t:     0 | t: 3.938277 | r:  -505.000000 | e:   1.000000 | Q:        nan | won: False 
#  231 | steps:  2814 | steps_t:     0 | t: 3.951846 | r:  -509.000000 | e:   1.000000 | Q:        nan | won: False 
#  232 | steps:  2819 | steps_t:     0 | t: 3.958634 | r:  -504.000000 | e:   1.000000 | Q:        nan | won: False 
#  233 | steps:  2833 | steps_t:     0 | t: 3.978091 | r:  -513.000000 | e:   1.000000 | Q:        nan | won: False 
#  234 | steps:  2856 | steps_t:     0 | t: 4.010300 | r:  -522.000000 | e:   1.000000 | Q:        nan | won: False 
#  235 | steps:  2868 | steps_t:     0 | t: 4.026818 | r:  -511.000000 | e:   1.000000 | Q:        nan | won: False 
#  236 | steps:  2887 | steps_t:     0 | t: 4.053481 | r:  -518.000000 | e:   1.000000 | Q:        nan | won: False 
#  237 | steps:  2896 | steps_t:     0 | t: 4.065669 | r:  -508.000000 | e:   1.000000 | Q:        nan | won: False 
#  238 | steps:  2908 | steps_t:     0 | t: 4.082595 | r:  -511.000000 | e:   1.000000 | Q:        nan | won: False 
#  239 | steps:  2917 | steps_t:     0 | t: 4.095225 | r:  -508.000000 | e:   1.000000 | Q:        nan | won: False 
#  240 | steps:  2923 | steps_t:     0 | t: 4.103555 | r:  -505.000000 | e:   1.000000 | Q:        nan | won: False 
#  241 | steps:  2932 | steps_t:     0 | t: 4.115700 | r:  -508.000000 | e:   1.000000 | Q:        nan | won: False 
#  242 | steps:  2942 | steps_t:     0 | t: 4.129408 | r:  -509.000000 | e:   1.000000 | Q:        nan | won: False 
#  243 | steps:  2969 | steps_t:     0 | t: 4.168588 | r:  -526.000000 | e:   1.000000 | Q:        nan | won: False 
#  244 | steps:  2976 | steps_t:     0 | t: 4.177877 | r:  -506.000000 | e:   1.000000 | Q:        nan | won: False 
#  245 | steps:  2985 | steps_t:     0 | t: 4.190206 | r:  -508.000000 | e:   1.000000 | Q:        nan | won: False 
#  246 | steps:  2991 | steps_t:     0 | t: 4.198471 | r:  -505.000000 | e:   1.000000 | Q:        nan | won: False 
#  247 | steps:  2999 | steps_t:     0 | t: 4.209482 | r:  -507.000000 | e:   1.000000 | Q:        nan | won: False 
#  248 | steps:  3005 | steps_t:     0 | t: 4.217572 | r:  -505.000000 | e:   1.000000 | Q:        nan | won: False 
#  249 | steps:  3019 | steps_t:     0 | t: 4.237998 | r:  -513.000000 | e:   1.000000 | Q:        nan | won: False 
#  250 | steps:  3040 | steps_t:     0 | t: 4.268083 | r:  -520.000000 | e:   1.000000 | Q:        nan | won: False 
#  251 | steps:  3048 | steps_t:     0 | t: 4.278981 | r:  -507.000000 | e:   1.000000 | Q:        nan | won: False 
#  252 | steps:  3062 | steps_t:     0 | t: 4.298821 | r:  -513.000000 | e:   1.000000 | Q:        nan | won: False 
#  253 | steps:  3076 | steps_t:     0 | t: 4.318789 | r:  -513.000000 | e:   1.000000 | Q:        nan | won: False 
#  254 | steps:  3081 | steps_t:     0 | t: 4.325628 | r:  -504.000000 | e:   1.000000 | Q:        nan | won: False 
#  255 | steps:  3097 | steps_t:     0 | t: 4.348076 | r:  -515.000000 | e:   1.000000 | Q:        nan | won: False 
#  256 | steps:  3104 | steps_t:     0 | t: 4.357749 | r:  -506.000000 | e:   1.000000 | Q:        nan | won: False 
#  257 | steps:  3123 | steps_t:     0 | t: 4.384565 | r:  -507.000000 | e:   1.000000 | Q:        nan | won: False 
#  258 | steps:  3135 | steps_t:     0 | t: 4.401112 | r:  -511.000000 | e:   1.000000 | Q:        nan | won: False 
#  259 | steps:  3142 | steps_t:     0 | t: 4.410869 | r:  -506.000000 | e:   1.000000 | Q:        nan | won: False 
#  260 | steps:  3151 | steps_t:     0 | t: 4.423238 | r:  -508.000000 | e:   1.000000 | Q:        nan | won: False 
#  261 | steps:  3158 | steps_t:     0 | t: 4.432506 | r:  -506.000000 | e:   1.000000 | Q:        nan | won: False 
#  262 | steps:  3166 | steps_t:     0 | t: 4.443663 | r:  -507.000000 | e:   1.000000 | Q:        nan | won: False 
#  263 | steps:  3176 | steps_t:     0 | t: 4.457412 | r:  -509.000000 | e:   1.000000 | Q:        nan | won: False 
#  264 | steps:  3190 | steps_t:     0 | t: 4.477200 | r:  -513.000000 | e:   1.000000 | Q:        nan | won: False 
#  265 | steps:  3197 | steps_t:     0 | t: 4.486761 | r:  -506.000000 | e:   1.000000 | Q:        nan | won: False 
#  266 | steps:  3205 | steps_t:     0 | t: 4.497579 | r:  -507.000000 | e:   1.000000 | Q:        nan | won: False 
#  267 | steps:  3215 | steps_t:     0 | t: 4.511189 | r:  -509.000000 | e:   1.000000 | Q:        nan | won: False 
#  268 | steps:  3236 | steps_t:     0 | t: 4.540921 | r:  -509.000000 | e:   1.000000 | Q:        nan | won: False 
#  269 | steps:  3245 | steps_t:     0 | t: 4.553189 | r:  -508.000000 | e:   1.000000 | Q:        nan | won: False 
#  270 | steps:  3254 | steps_t:     0 | t: 4.565701 | r:  -508.000000 | e:   1.000000 | Q:        nan | won: False 
#  271 | steps:  3264 | steps_t:     0 | t: 4.579579 | r:  -509.000000 | e:   1.000000 | Q:        nan | won: False 
#  272 | steps:  3280 | steps_t:     0 | t: 4.602242 | r:  -504.000000 | e:   1.000000 | Q:        nan | won: False 
#  273 | steps:  3319 | steps_t:     0 | t: 4.657929 | r:  -527.000000 | e:   1.000000 | Q:        nan | won: False 
#  274 | steps:  3341 | steps_t:     0 | t: 4.693055 | r:  -521.000000 | e:   1.000000 | Q:        nan | won: False 
#  275 | steps:  3347 | steps_t:     0 | t: 4.701340 | r:  -505.000000 | e:   1.000000 | Q:        nan | won: False 
#  276 | steps:  3358 | steps_t:     0 | t: 4.716560 | r:  -510.000000 | e:   1.000000 | Q:        nan | won: False 
#  277 | steps:  3369 | steps_t:     0 | t: 4.731735 | r:  -510.000000 | e:   1.000000 | Q:        nan | won: False 
#  278 | steps:  3376 | steps_t:     0 | t: 4.741079 | r:  -506.000000 | e:   1.000000 | Q:        nan | won: False 
#  279 | steps:  3397 | steps_t:     0 | t: 4.770744 | r:  -509.000000 | e:   1.000000 | Q:        nan | won: False 
#  280 | steps:  3414 | steps_t:     0 | t: 4.794247 | r:  -505.000000 | e:   1.000000 | Q:        nan | won: False 
#  281 | steps:  3419 | steps_t:     0 | t: 4.800887 | r:  -504.000000 | e:   1.000000 | Q:        nan | won: False 
#  282 | steps:  3426 | steps_t:     0 | t: 4.810248 | r:  -506.000000 | e:   1.000000 | Q:        nan | won: False 
#  283 | steps:  3437 | steps_t:     0 | t: 4.825380 | r:  -510.000000 | e:   1.000000 | Q:        nan | won: False 
#  284 | steps:  3446 | steps_t:     0 | t: 4.837610 | r:  -508.000000 | e:   1.000000 | Q:        nan | won: False 
#  285 | steps:  3457 | steps_t:     0 | t: 4.852770 | r:  -510.000000 | e:   1.000000 | Q:        nan | won: False 
#  286 | steps:  3465 | steps_t:     0 | t: 4.863525 | r:  -507.000000 | e:   1.000000 | Q:        nan | won: False 
#  287 | steps:  3471 | steps_t:     0 | t: 4.871365 | r:  -505.000000 | e:   1.000000 | Q:        nan | won: False 
#  288 | steps:  3480 | steps_t:     0 | t: 4.883817 | r:  -508.000000 | e:   1.000000 | Q:        nan | won: False 
#  289 | steps:  3491 | steps_t:     0 | t: 4.898926 | r:  -510.000000 | e:   1.000000 | Q:        nan | won: False 
#  290 | steps:  3503 | steps_t:     0 | t: 4.915420 | r:  -511.000000 | e:   1.000000 | Q:        nan | won: False 
#  291 | steps:  3510 | steps_t:     0 | t: 4.924749 | r:  -506.000000 | e:   1.000000 | Q:        nan | won: False 
#  292 | steps:  3519 | steps_t:     0 | t: 4.936894 | r:  -508.000000 | e:   1.000000 | Q:        nan | won: False 
#  293 | steps:  3529 | steps_t:     0 | t: 4.950588 | r:  -509.000000 | e:   1.000000 | Q:        nan | won: False 
#  294 | steps:  3534 | steps_t:     0 | t: 4.957095 | r:  -504.000000 | e:   1.000000 | Q:        nan | won: False 
#  295 | steps:  3548 | steps_t:     0 | t: 4.976456 | r:  -513.000000 | e:   1.000000 | Q:        nan | won: False 
#  296 | steps:  3557 | steps_t:     0 | t: 4.988863 | r:  -508.000000 | e:   1.000000 | Q:        nan | won: False 
#  297 | steps:  3582 | steps_t:     0 | t: 5.023791 | r:  -513.000000 | e:   1.000000 | Q:        nan | won: False 
#  298 | steps:  3589 | steps_t:     0 | t: 5.033112 | r:  -506.000000 | e:   1.000000 | Q:        nan | won: False 
#  299 | steps:  3599 | steps_t:     0 | t: 5.046725 | r:  -509.000000 | e:   1.000000 | Q:        nan | won: False 
#  300 | steps:  3610 | steps_t:     0 | t: 5.061929 | r:  -510.000000 | e:   1.000000 | Q:        nan | won: False 
#  301 | steps:  3618 | steps_t:     0 | t: 5.072753 | r:  -507.000000 | e:   1.000000 | Q:        nan | won: False 
#  302 | steps:  3637 | steps_t:     0 | t: 5.099362 | r:  -507.000000 | e:   1.000000 | Q:        nan | won: False 
#  303 | steps:  3650 | steps_t:     0 | t: 5.117357 | r:  -501.000000 | e:   1.000000 | Q:        nan | won: False 
#  304 | steps:  3659 | steps_t:     0 | t: 5.129525 | r:  -508.000000 | e:   1.000000 | Q:        nan | won: False 
#  305 | steps:  3664 | steps_t:     0 | t: 5.135998 | r:  -504.000000 | e:   1.000000 | Q:        nan | won: False 
#  306 | steps:  3673 | steps_t:     0 | t: 5.148184 | r:  -508.000000 | e:   1.000000 | Q:        nan | won: False 
#  307 | steps:  3688 | steps_t:     0 | t: 5.169150 | r:  -503.000000 | e:   1.000000 | Q:        nan | won: False 
#  308 | steps:  3701 | steps_t:     0 | t: 5.187055 | r:  -512.000000 | e:   1.000000 | Q:        nan | won: False 
#  309 | steps:  3708 | steps_t:     0 | t: 5.196449 | r:  -506.000000 | e:   1.000000 | Q:        nan | won: False 
#  310 | steps:  3716 | steps_t:     0 | t: 5.207191 | r:  -507.000000 | e:   1.000000 | Q:        nan | won: False 
#  311 | steps:  3724 | steps_t:     0 | t: 5.218286 | r:  -507.000000 | e:   1.000000 | Q:        nan | won: False 
#  312 | steps:  3749 | steps_t:     0 | t: 5.253395 | r:  -513.000000 | e:   1.000000 | Q:        nan | won: False 
#  313 | steps:  3760 | steps_t:     0 | t: 5.268648 | r:  -510.000000 | e:   1.000000 | Q:        nan | won: False 
#  314 | steps:  3790 | steps_t:     0 | t: 5.310715 | r:  -518.000000 | e:   1.000000 | Q:        nan | won: False 
#  315 | steps:  3796 | steps_t:     0 | t: 5.318660 | r:  -505.000000 | e:   1.000000 | Q:        nan | won: False 
#  316 | steps:  3812 | steps_t:     0 | t: 5.340765 | r:  -515.000000 | e:   1.000000 | Q:        nan | won: False 
#  317 | steps:  3819 | steps_t:     0 | t: 5.350285 | r:  -506.000000 | e:   1.000000 | Q:        nan | won: False 
#  318 | steps:  3830 | steps_t:     0 | t: 5.365380 | r:  -510.000000 | e:   1.000000 | Q:        nan | won: False 
#  319 | steps:  3839 | steps_t:     0 | t: 5.377561 | r:  -508.000000 | e:   1.000000 | Q:        nan | won: False 
#  320 | steps:  3848 | steps_t:     0 | t: 5.389877 | r:  -508.000000 | e:   1.000000 | Q:        nan | won: False 
#  321 | steps:  3862 | steps_t:     0 | t: 5.409238 | r:  -513.000000 | e:   1.000000 | Q:        nan | won: False 
#  322 | steps:  3869 | steps_t:     0 | t: 5.418548 | r:  -506.000000 | e:   1.000000 | Q:        nan | won: False 
#  323 | steps:  3878 | steps_t:     0 | t: 5.430761 | r:  -508.000000 | e:   1.000000 | Q:        nan | won: False 
#  324 | steps:  3886 | steps_t:     0 | t: 5.441988 | r:  -507.000000 | e:   1.000000 | Q:        nan | won: False 
#  325 | steps:  3898 | steps_t:     0 | t: 5.458629 | r:  -511.000000 | e:   1.000000 | Q:        nan | won: False 
#  326 | steps:  3904 | steps_t:     0 | t: 5.466535 | r:  -505.000000 | e:   1.000000 | Q:        nan | won: False 
#  327 | steps:  3918 | steps_t:     0 | t: 5.486350 | r:  -513.000000 | e:   1.000000 | Q:        nan | won: False 
#  328 | steps:  3933 | steps_t:     0 | t: 5.507150 | r:  -503.000000 | e:   1.000000 | Q:        nan | won: False 
#  329 | steps:  3946 | steps_t:     0 | t: 5.525135 | r:  -512.000000 | e:   1.000000 | Q:        nan | won: False 
#  330 | steps:  3955 | steps_t:     0 | t: 5.537503 | r:  -508.000000 | e:   1.000000 | Q:        nan | won: False 
#  331 | steps:  3966 | steps_t:     0 | t: 5.553013 | r:  -510.000000 | e:   1.000000 | Q:        nan | won: False 
#  332 | steps:  3972 | steps_t:     0 | t: 5.560901 | r:  -505.000000 | e:   1.000000 | Q:        nan | won: False 
#  333 | steps:  3986 | steps_t:     0 | t: 5.580276 | r:  -513.000000 | e:   1.000000 | Q:        nan | won: False 
#  334 | steps:  3999 | steps_t:     0 | t: 5.598165 | r:  -501.000000 | e:   1.000000 | Q:        nan | won: False 
#  335 | steps:  4009 | steps_t:     0 | t: 5.611758 | r:  -509.000000 | e:   1.000000 | Q:        nan | won: False 
#  336 | steps:  4018 | steps_t:     0 | t: 5.623947 | r:  -508.000000 | e:   1.000000 | Q:        nan | won: False 
#  337 | steps:  4028 | steps_t:     0 | t: 5.637647 | r:  -509.000000 | e:   1.000000 | Q:        nan | won: False 
#  338 | steps:  4038 | steps_t:     0 | t: 5.651381 | r:  -509.000000 | e:   1.000000 | Q:        nan | won: False 
#  339 | steps:  4048 | steps_t:     0 | t: 5.665062 | r:  -509.000000 | e:   1.000000 | Q:        nan | won: False 
#  340 | steps:  4057 | steps_t:     0 | t: 5.677217 | r:  -508.000000 | e:   1.000000 | Q:        nan | won: False 
#  341 | steps:  4067 | steps_t:     0 | t: 5.690984 | r:  -509.000000 | e:   1.000000 | Q:        nan | won: False 
#  342 | steps:  4081 | steps_t:     0 | t: 5.710433 | r:  -513.000000 | e:   1.000000 | Q:        nan | won: False 
#  343 | steps:  4099 | steps_t:     0 | t: 5.735857 | r:  -517.000000 | e:   1.000000 | Q:        nan | won: False 
#  344 | steps:  4109 | steps_t:     0 | t: 5.749815 | r:  -509.000000 | e:   1.000000 | Q:        nan | won: False 
#  345 | steps:  4117 | steps_t:     0 | t: 5.760655 | r:  -507.000000 | e:   1.000000 | Q:        nan | won: False 
#  346 | steps:  4130 | steps_t:     0 | t: 5.778682 | r:  -512.000000 | e:   1.000000 | Q:        nan | won: False 
#  347 | steps:  4139 | steps_t:     0 | t: 5.791038 | r:  -508.000000 | e:   1.000000 | Q:        nan | won: False 
#  348 | steps:  4164 | steps_t:     0 | t: 5.826884 | r:  -524.000000 | e:   1.000000 | Q:        nan | won: False 
#  349 | steps:  4173 | steps_t:     0 | t: 5.839634 | r:  -508.000000 | e:   1.000000 | Q:        nan | won: False 
#  350 | steps:  4183 | steps_t:     0 | t: 5.853209 | r:  -509.000000 | e:   1.000000 | Q:        nan | won: False 
#  351 | steps:  4200 | steps_t:     0 | t: 5.877504 | r:  -505.000000 | e:   1.000000 | Q:        nan | won: False 
#  352 | steps:  4212 | steps_t:     0 | t: 5.894689 | r:  -511.000000 | e:   1.000000 | Q:        nan | won: False 
#  353 | steps:  4224 | steps_t:     0 | t: 5.911279 | r:  -511.000000 | e:   1.000000 | Q:        nan | won: False 
#  354 | steps:  4230 | steps_t:     0 | t: 5.919168 | r:  -505.000000 | e:   1.000000 | Q:        nan | won: False 
#  355 | steps:  4236 | steps_t:     0 | t: 5.927022 | r:  -505.000000 | e:   1.000000 | Q:        nan | won: False 
#  356 | steps:  4249 | steps_t:     0 | t: 5.945005 | r:  -512.000000 | e:   1.000000 | Q:        nan | won: False 
#  357 | steps:  4259 | steps_t:     0 | t: 5.958759 | r:  -509.000000 | e:   1.000000 | Q:        nan | won: False 
#  358 | steps:  4280 | steps_t:     0 | t: 5.988343 | r:  -520.000000 | e:   1.000000 | Q:        nan | won: False 
#  359 | steps:  4288 | steps_t:     0 | t: 5.999179 | r:  -507.000000 | e:   1.000000 | Q:        nan | won: False 
#  360 | steps:  4293 | steps_t:     0 | t: 6.005603 | r:  -504.000000 | e:   1.000000 | Q:        nan | won: False 
#  361 | steps:  4308 | steps_t:     0 | t: 6.026328 | r:  -503.000000 | e:   1.000000 | Q:        nan | won: False 
#  362 | steps:  4323 | steps_t:     0 | t: 6.047239 | r:  -503.000000 | e:   1.000000 | Q:        nan | won: False 
#  363 | steps:  4333 | steps_t:     0 | t: 6.060939 | r:  -509.000000 | e:   1.000000 | Q:        nan | won: False 
#  364 | steps:  4341 | steps_t:     0 | t: 6.071762 | r:  -507.000000 | e:   1.000000 | Q:        nan | won: False 
#  365 | steps:  4351 | steps_t:     0 | t: 6.085506 | r:  -509.000000 | e:   1.000000 | Q:        nan | won: False 
#  366 | steps:  4358 | steps_t:     0 | t: 6.094868 | r:  -506.000000 | e:   1.000000 | Q:        nan | won: False 
#  367 | steps:  4385 | steps_t:     0 | t: 6.133104 | r:  -504.000000 | e:   1.000000 | Q:        nan | won: False 
#  368 | steps:  4398 | steps_t:     0 | t: 6.151335 | r:  -512.000000 | e:   1.000000 | Q:        nan | won: False 
#  369 | steps:  4422 | steps_t:     0 | t: 6.185182 | r:  -512.000000 | e:   1.000000 | Q:        nan | won: False 
#  370 | steps:  4429 | steps_t:     0 | t: 6.194527 | r:  -506.000000 | e:   1.000000 | Q:        nan | won: False 
#  371 | steps:  4442 | steps_t:     0 | t: 6.212464 | r:  -512.000000 | e:   1.000000 | Q:        nan | won: False 
#  372 | steps:  4451 | steps_t:     0 | t: 6.224768 | r:  -508.000000 | e:   1.000000 | Q:        nan | won: False 
#  373 | steps:  4461 | steps_t:     0 | t: 6.238707 | r:  -509.000000 | e:   1.000000 | Q:        nan | won: False 
#  374 | steps:  4470 | steps_t:     0 | t: 6.250897 | r:  -508.000000 | e:   1.000000 | Q:        nan | won: False 
#  375 | steps:  4490 | steps_t:     0 | t: 6.279082 | r:  -519.000000 | e:   1.000000 | Q:        nan | won: False 
#  376 | steps:  4495 | steps_t:     0 | t: 6.285641 | r:  -504.000000 | e:   1.000000 | Q:        nan | won: False 
#  377 | steps:  4519 | steps_t:     0 | t: 6.319317 | r:  -512.000000 | e:   1.000000 | Q:        nan | won: False 
#  378 | steps:  4531 | steps_t:     0 | t: 6.336023 | r:  -511.000000 | e:   1.000000 | Q:        nan | won: False 
#  379 | steps:  4547 | steps_t:     0 | t: 6.358165 | r:  -504.000000 | e:   1.000000 | Q:        nan | won: False 
#  380 | steps:  4565 | steps_t:     0 | t: 6.383223 | r:  -517.000000 | e:   1.000000 | Q:        nan | won: False 
#  381 | steps:  4572 | steps_t:     0 | t: 6.392693 | r:  -506.000000 | e:   1.000000 | Q:        nan | won: False 
#  382 | steps:  4581 | steps_t:     0 | t: 6.404980 | r:  -508.000000 | e:   1.000000 | Q:        nan | won: False 
#  383 | steps:  4604 | steps_t:     0 | t: 6.437420 | r:  -522.000000 | e:   1.000000 | Q:        nan | won: False 
#  384 | steps:  4612 | steps_t:     0 | t: 6.448122 | r:  -507.000000 | e:   1.000000 | Q:        nan | won: False 
#  385 | steps:  4618 | steps_t:     0 | t: 6.456063 | r:  -505.000000 | e:   1.000000 | Q:        nan | won: False 
#  386 | steps:  4626 | steps_t:     0 | t: 6.466820 | r:  -507.000000 | e:   1.000000 | Q:        nan | won: False 
#  387 | steps:  4638 | steps_t:     0 | t: 6.483435 | r:  -511.000000 | e:   1.000000 | Q:        nan | won: False 
#  388 | steps:  4654 | steps_t:     0 | t: 6.506093 | r:  -504.000000 | e:   1.000000 | Q:        nan | won: False 
#  389 | steps:  4662 | steps_t:     0 | t: 6.516879 | r:  -507.000000 | e:   1.000000 | Q:        nan | won: False 
#  390 | steps:  4678 | steps_t:     0 | t: 6.539327 | r:  -504.000000 | e:   1.000000 | Q:        nan | won: False 
#  391 | steps:  4684 | steps_t:     0 | t: 6.547296 | r:  -505.000000 | e:   1.000000 | Q:        nan | won: False 
#  392 | steps:  4693 | steps_t:     0 | t: 6.559497 | r:  -508.000000 | e:   1.000000 | Q:        nan | won: False 
#  393 | steps:  4700 | steps_t:     0 | t: 6.568960 | r:  -506.000000 | e:   1.000000 | Q:        nan | won: False 
#  394 | steps:  4730 | steps_t:     0 | t: 6.610926 | r:  -518.000000 | e:   1.000000 | Q:        nan | won: False 
#  395 | steps:  4737 | steps_t:     0 | t: 6.620214 | r:  -506.000000 | e:   1.000000 | Q:        nan | won: False 
#  396 | steps:  4750 | steps_t:     0 | t: 6.638177 | r:  -512.000000 | e:   1.000000 | Q:        nan | won: False 
#  397 | steps:  4756 | steps_t:     0 | t: 6.646393 | r:  -505.000000 | e:   1.000000 | Q:        nan | won: False 
#  398 | steps:  4770 | steps_t:     0 | t: 6.665773 | r:  -513.000000 | e:   1.000000 | Q:        nan | won: False 
#  399 | steps:  4778 | steps_t:     0 | t: 6.676461 | r:  -507.000000 | e:   1.000000 | Q:        nan | won: False 
#  400 | steps:  4791 | steps_t:     0 | t: 6.694956 | r:  -512.000000 | e:   1.000000 | Q:        nan | won: False 
#  401 | steps:  4804 | steps_t:     0 | t: 6.712884 | r:  -512.000000 | e:   1.000000 | Q:        nan | won: False 
#  402 | steps:  4816 | steps_t:     0 | t: 6.729533 | r:  -511.000000 | e:   1.000000 | Q:        nan | won: False 
#  403 | steps:  4822 | steps_t:     0 | t: 6.737516 | r:  -505.000000 | e:   1.000000 | Q:        nan | won: False 
#  404 | steps:  4837 | steps_t:     0 | t: 6.758369 | r:  -503.000000 | e:   1.000000 | Q:        nan | won: False 
#  405 | steps:  4856 | steps_t:     0 | t: 6.784992 | r:  -507.000000 | e:   1.000000 | Q:        nan | won: False 
#  406 | steps:  4866 | steps_t:     0 | t: 6.799026 | r:  -509.000000 | e:   1.000000 | Q:        nan | won: False 
#  407 | steps:  4876 | steps_t:     0 | t: 6.812756 | r:  -509.000000 | e:   1.000000 | Q:        nan | won: False 
#  408 | steps:  4889 | steps_t:     0 | t: 6.830770 | r:  -512.000000 | e:   1.000000 | Q:        nan | won: False 
#  409 | steps:  4898 | steps_t:     0 | t: 6.843072 | r:  -508.000000 | e:   1.000000 | Q:        nan | won: False 
#  410 | steps:  4909 | steps_t:     0 | t: 6.858065 | r:  -510.000000 | e:   1.000000 | Q:        nan | won: False 
#  411 | steps:  4918 | steps_t:     0 | t: 6.870229 | r:  -508.000000 | e:   1.000000 | Q:        nan | won: False 
#  412 | steps:  4926 | steps_t:     0 | t: 6.881016 | r:  -507.000000 | e:   1.000000 | Q:        nan | won: False 
#  413 | steps:  4942 | steps_t:     0 | t: 6.903773 | r:  -504.000000 | e:   1.000000 | Q:        nan | won: False 
#  414 | steps:  4976 | steps_t:     0 | t: 6.951736 | r:  -533.000000 | e:   1.000000 | Q:        nan | won: False 
#  415 | steps:  4986 | steps_t:     0 | t: 6.965451 | r:  -509.000000 | e:   1.000000 | Q:        nan | won: False 
#  416 | steps:  4997 | steps_t:     0 | t: 6.980543 | r:  -510.000000 | e:   1.000000 | Q:        nan | won: False 
