#    1 | steps:    18 | steps_t:     0 | t: 0.043723 | r:  -517.000000 | e:   1.000000 | Q:        nan | won: False 
#    2 | steps:    28 | steps_t:     0 | t: 0.052033 | r:  -509.000000 | e:   1.000000 | Q:        nan | won: False 
#    3 | steps:    50 | steps_t:     0 | t: 0.071151 | r:  -521.000000 | e:   1.000000 | Q:        nan | won: False 
#    4 | steps:    58 | steps_t:     0 | t: 0.077782 | r:  -507.000000 | e:   1.000000 | Q:        nan | won: False 
#    5 | steps:    64 | steps_t:     0 | t: 0.082559 | r:  -505.000000 | e:   1.000000 | Q:        nan | won: False 
#    6 | steps:    82 | steps_t:     0 | t: 0.098072 | r:  -506.000000 | e:   1.000000 | Q:        nan | won: False 
#    7 | steps:   100 | steps_t:     0 | t: 0.113712 | r:  -517.000000 | e:   1.000000 | Q:        nan | won: False 
#    8 | steps:   112 | steps_t:     0 | t: 0.123893 | r:  -511.000000 | e:   1.000000 | Q:        nan | won: False 
#    9 | steps:   134 | steps_t:     0 | t: 0.170936 | r:    90.000000 | e:   1.000000 | Q:        nan | won: True 
#   10 | steps:   153 | steps_t:     0 | t: 0.188887 | r:  -507.000000 | e:   1.000000 | Q:        nan | won: False 
#   11 | steps:   162 | steps_t:     0 | t: 0.196471 | r:  -508.000000 | e:   1.000000 | Q:        nan | won: False 
#   12 | steps:   173 | steps_t:     0 | t: 0.205701 | r:  -510.000000 | e:   1.000000 | Q:        nan | won: False 
#   13 | steps:   185 | steps_t:     0 | t: 0.216389 | r:  -511.000000 | e:   1.000000 | Q:        nan | won: False 
#   14 | steps:   193 | steps_t:     0 | t: 0.223008 | r:  -507.000000 | e:   1.000000 | Q:        nan | won: False 
#   15 | steps:   203 | steps_t:     0 | t: 0.231797 | r:  -509.000000 | e:   1.000000 | Q:        nan | won: False 
#   16 | steps:   209 | steps_t:     0 | t: 0.237116 | r:  -505.000000 | e:   1.000000 | Q:        nan | won: False 
#   17 | steps:   219 | steps_t:     0 | t: 0.245420 | r:  -509.000000 | e:   1.000000 | Q:        nan | won: False 
#   18 | steps:   238 | steps_t:     0 | t: 0.261921 | r:  -507.000000 | e:   1.000000 | Q:        nan | won: False 
#   19 | steps:   252 | steps_t:     0 | t: 0.273928 | r:  -502.000000 | e:   1.000000 | Q:        nan | won: False 
#   20 | steps:   261 | steps_t:     0 | t: 0.281896 | r:  -508.000000 | e:   1.000000 | Q:        nan | won: False 
#   21 | steps:   271 | steps_t:     0 | t: 0.290215 | r:  -509.000000 | e:   1.000000 | Q:        nan | won: False 
#   22 | steps:   277 | steps_t:     0 | t: 0.294865 | r:  -505.000000 | e:   1.000000 | Q:        nan | won: False 
#   23 | steps:   284 | steps_t:     0 | t: 0.300734 | r:  -506.000000 | e:   1.000000 | Q:        nan | won: False 
#   24 | steps:   301 | steps_t:     0 | t: 0.315506 | r:  -505.000000 | e:   1.000000 | Q:        nan | won: False 
#   25 | steps:   312 | steps_t:     0 | t: 0.324664 | r:  -510.000000 | e:   1.000000 | Q:        nan | won: False 
#   26 | steps:   325 | steps_t:     0 | t: 0.336220 | r:  -512.000000 | e:   1.000000 | Q:        nan | won: False 
#   27 | steps:   331 | steps_t:     0 | t: 0.340968 | r:  -505.000000 | e:   1.000000 | Q:        nan | won: False 
#   28 | steps:   337 | steps_t:     0 | t: 0.345654 | r:  -505.000000 | e:   1.000000 | Q:        nan | won: False 
#   29 | steps:   348 | steps_t:     0 | t: 0.354896 | r:  -510.000000 | e:   1.000000 | Q:        nan | won: False 
#   30 | steps:   361 | steps_t:     0 | t: 0.365987 | r:  -512.000000 | e:   1.000000 | Q:        nan | won: False 
#   31 | steps:   377 | steps_t:     0 | t: 0.379855 | r:  -504.000000 | e:   1.000000 | Q:        nan | won: False 
#   32 | steps:   387 | steps_t:     0 | t: 0.388373 | r:  -509.000000 | e:   1.000000 | Q:        nan | won: False 
#   33 | steps:   394 | steps_t:     0 | t: 0.394678 | r:  -506.000000 | e:   1.000000 | Q:        nan | won: False 
#   34 | steps:   405 | steps_t:     0 | t: 0.404575 | r:  -510.000000 | e:   1.000000 | Q:        nan | won: False 
#   35 | steps:   421 | steps_t:     0 | t: 0.418483 | r:  -504.000000 | e:   1.000000 | Q:        nan | won: False 
#   36 | steps:   427 | steps_t:     0 | t: 0.423163 | r:  -505.000000 | e:   1.000000 | Q:        nan | won: False 
#   37 | steps:   450 | steps_t:     0 | t: 0.443524 | r:  -522.000000 | e:   1.000000 | Q:        nan | won: False 
#   38 | steps:   462 | steps_t:     0 | t: 0.454204 | r:  -511.000000 | e:   1.000000 | Q:        nan | won: False 
#   39 | steps:   472 | steps_t:     0 | t: 0.462541 | r:  -509.000000 | e:   1.000000 | Q:        nan | won: False 
#   40 | steps:   495 | steps_t:     0 | t: 0.482711 | r:  -522.000000 | e:   1.000000 | Q:        nan | won: False 
#   41 | steps:   503 | steps_t:     0 | t: 0.489902 | r:  -507.000000 | e:   1.000000 | Q:        nan | won: False 
#   42 | steps:   519 | steps_t:     0 | t: 0.503688 | r:  -515.000000 | e:   1.000000 | Q:        nan | won: False 
#   43 | steps:   527 | steps_t:     0 | t: 0.510356 | r:  -507.000000 | e:   1.000000 | Q:        nan | won: False 
#   44 | steps:   532 | steps_t:     0 | t: 0.514116 | r:  -504.000000 | e:   1.000000 | Q:        nan | won: False 
#   45 | steps:   539 | steps_t:     0 | t: 0.520247 | r:  -506.000000 | e:   1.000000 | Q:        nan | won: False 
#   46 | steps:   553 | steps_t:     0 | t: 0.532416 | r:  -513.000000 | e:   1.000000 | Q:        nan | won: False 
#   47 | steps:   567 | steps_t:     0 | t: 0.544814 | r:  -513.000000 | e:   1.000000 | Q:        nan | won: False 
#   48 | steps:   586 | steps_t:     0 | t: 0.561831 | r:  -518.000000 | e:   1.000000 | Q:        nan | won: False 
#   49 | steps:   595 | steps_t:     0 | t: 0.569296 | r:  -508.000000 | e:   1.000000 | Q:        nan | won: False 
#   50 | steps:   602 | steps_t:     0 | t: 0.574966 | r:  -506.000000 | e:   1.000000 | Q:        nan | won: False 
#   51 | steps:   611 | steps_t:     0 | t: 0.582525 | r:  -508.000000 | e:   1.000000 | Q:        nan | won: False 
#   52 | steps:   618 | steps_t:     0 | t: 0.588414 | r:  -506.000000 | e:   1.000000 | Q:        nan | won: False 
#   53 | steps:   631 | steps_t:     0 | t: 0.599542 | r:  -512.000000 | e:   1.000000 | Q:        nan | won: False 
#   54 | steps:   643 | steps_t:     0 | t: 0.610237 | r:  -511.000000 | e:   1.000000 | Q:        nan | won: False 
#   55 | steps:   652 | steps_t:     0 | t: 0.617691 | r:  -508.000000 | e:   1.000000 | Q:        nan | won: False 
#   56 | steps:   666 | steps_t:     0 | t: 0.629724 | r:  -513.000000 | e:   1.000000 | Q:        nan | won: False 
#   57 | steps:   679 | steps_t:     0 | t: 0.641538 | r:  -512.000000 | e:   1.000000 | Q:        nan | won: False 
#   58 | steps:   694 | steps_t:     0 | t: 0.655214 | r:  -492.000000 | e:   1.000000 | Q:        nan | won: False 
#   59 | steps:   699 | steps_t:     0 | t: 0.659047 | r:  -504.000000 | e:   1.000000 | Q:        nan | won: False 
#   60 | steps:   711 | steps_t:     0 | t: 0.669276 | r:  -511.000000 | e:   1.000000 | Q:        nan | won: False 
#   61 | steps:   717 | steps_t:     0 | t: 0.674019 | r:  -505.000000 | e:   1.000000 | Q:        nan | won: False 
#   62 | steps:   740 | steps_t:     0 | t: 0.694335 | r:  -511.000000 | e:   1.000000 | Q:        nan | won: False 
#   63 | steps:   756 | steps_t:     0 | t: 0.708562 | r:  -515.000000 | e:   1.000000 | Q:        nan | won: False 
#   64 | steps:   768 | steps_t:     0 | t: 0.718942 | r:  -511.000000 | e:   1.000000 | Q:        nan | won: False 
#   65 | steps:   777 | steps_t:     0 | t: 0.726456 | r:  -508.000000 | e:   1.000000 | Q:        nan | won: False 
#   66 | steps:   788 | steps_t:     0 | t: 0.735854 | r:  -510.000000 | e:   1.000000 | Q:        nan | won: False 
#   67 | steps:   795 | steps_t:     0 | t: 0.741644 | r:  -506.000000 | e:   1.000000 | Q:        nan | won: False 
#   68 | steps:   809 | steps_t:     0 | t: 0.753536 | r:  -502.000000 | e:   1.000000 | Q:        nan | won: False 
#   69 | steps:   823 | steps_t:     0 | t: 0.766784 | r:  -513.000000 | e:   1.000000 | Q:        nan | won: False 
#   70 | steps:   837 | steps_t:     0 | t: 0.778911 | r:  -502.000000 | e:   1.000000 | Q:        nan | won: False 
#   71 | steps:   879 | steps_t:     0 | t: 0.816132 | r:    70.000000 | e:   1.000000 | Q:        nan | won: True 
#   72 | steps:   885 | steps_t:     0 | t: 0.820948 | r:  -505.000000 | e:   1.000000 | Q:        nan | won: False 
#   73 | steps:   894 | steps_t:     0 | t: 0.828446 | r:  -508.000000 | e:   1.000000 | Q:        nan | won: False 
#   74 | steps:   908 | steps_t:     0 | t: 0.840829 | r:  -513.000000 | e:   1.000000 | Q:        nan | won: False 
#   75 | steps:   919 | steps_t:     0 | t: 0.850203 | r:  -510.000000 | e:   1.000000 | Q:        nan | won: False 
#   76 | steps:   942 | steps_t:     0 | t: 0.871236 | r:  -522.000000 | e:   1.000000 | Q:        nan | won: False 
#   77 | steps:   951 | steps_t:     0 | t: 0.878889 | r:  -508.000000 | e:   1.000000 | Q:        nan | won: False 
#   78 | steps:   959 | steps_t:     0 | t: 0.886068 | r:  -507.000000 | e:   1.000000 | Q:        nan | won: False 
#   79 | steps:   968 | steps_t:     0 | t: 0.893648 | r:  -508.000000 | e:   1.000000 | Q:        nan | won: False 
#   80 | steps:   986 | steps_t:     0 | t: 0.909638 | r:  -517.000000 | e:   1.000000 | Q:        nan | won: False 
#   81 | steps:   994 | steps_t:     0 | t: 0.916286 | r:  -507.000000 | e:   1.000000 | Q:        nan | won: False 
#   82 | steps:  1000 | steps_t:     0 | t: 0.921093 | r:  -505.000000 | e:   1.000000 | Q:        nan | won: False 
#   83 | steps:  1010 | steps_t:     0 | t: 0.929497 | r:  -509.000000 | e:   1.000000 | Q:        nan | won: False 
#   84 | steps:  1031 | steps_t:     0 | t: 0.948029 | r:  -520.000000 | e:   1.000000 | Q:        nan | won: False 
#   85 | steps:  1046 | steps_t:     0 | t: 0.961165 | r:  -514.000000 | e:   1.000000 | Q:        nan | won: False 
#   86 | steps:  1053 | steps_t:     0 | t: 0.966869 | r:  -506.000000 | e:   1.000000 | Q:        nan | won: False 
#   87 | steps:  1074 | steps_t:     0 | t: 0.986000 | r:  -520.000000 | e:   1.000000 | Q:        nan | won: False 
#   88 | steps:  1081 | steps_t:     0 | t: 0.993332 | r:  -506.000000 | e:   1.000000 | Q:        nan | won: False 
#   89 | steps:  1087 | steps_t:     0 | t: 0.998156 | r:  -505.000000 | e:   1.000000 | Q:        nan | won: False 
#   90 | steps:  1092 | steps_t:     0 | t: 1.002033 | r:  -504.000000 | e:   1.000000 | Q:        nan | won: False 
#   91 | steps:  1104 | steps_t:     0 | t: 1.012503 | r:  -511.000000 | e:   1.000000 | Q:        nan | won: False 
#   92 | steps:  1114 | steps_t:     0 | t: 1.021411 | r:  -509.000000 | e:   1.000000 | Q:        nan | won: False 
#   93 | steps:  1125 | steps_t:     0 | t: 1.031253 | r:  -510.000000 | e:   1.000000 | Q:        nan | won: False 
#   94 | steps:  1137 | steps_t:     0 | t: 1.041720 | r:  -511.000000 | e:   1.000000 | Q:        nan | won: False 
#   95 | steps:  1143 | steps_t:     0 | t: 1.046500 | r:  -505.000000 | e:   1.000000 | Q:        nan | won: False 
#   96 | steps:  1158 | steps_t:     0 | t: 1.059733 | r:  -492.000000 | e:   1.000000 | Q:        nan | won: False 
#   97 | steps:  1170 | steps_t:     0 | t: 1.070426 | r:  -511.000000 | e:   1.000000 | Q:        nan | won: False 
#   98 | steps:  1175 | steps_t:     0 | t: 1.074314 | r:  -504.000000 | e:   1.000000 | Q:        nan | won: False 
#   99 | steps:  1187 | steps_t:     0 | t: 1.085569 | r:  -511.000000 | e:   1.000000 | Q:        nan | won: False 
#  100 | steps:  1199 | steps_t:     0 | t: 1.095844 | r:  -511.000000 | e:   1.000000 | Q:        nan | won: False 
#  101 | steps:  1211 | steps_t:     0 | t: 1.106176 | r:  -511.000000 | e:   1.000000 | Q:        nan | won: False 
#  102 | steps:  1241 | steps_t:     0 | t: 1.133628 | r:  -518.000000 | e:   1.000000 | Q:        nan | won: False 
#  103 | steps:  1258 | steps_t:     0 | t: 1.149166 | r:  -516.000000 | e:   1.000000 | Q:        nan | won: False 
#  104 | steps:  1264 | steps_t:     0 | t: 1.153942 | r:  -505.000000 | e:   1.000000 | Q:        nan | won: False 
#  105 | steps:  1280 | steps_t:     0 | t: 1.167937 | r:  -515.000000 | e:   1.000000 | Q:        nan | won: False 
#  106 | steps:  1287 | steps_t:     0 | t: 1.173630 | r:  -506.000000 | e:   1.000000 | Q:        nan | won: False 
#  107 | steps:  1294 | steps_t:     0 | t: 1.179370 | r:  -506.000000 | e:   1.000000 | Q:        nan | won: False 
#  108 | steps:  1304 | steps_t:     0 | t: 1.187798 | r:  -509.000000 | e:   1.000000 | Q:        nan | won: False 
#  109 | steps:  1327 | steps_t:     0 | t: 1.208353 | r:  -522.000000 | e:   1.000000 | Q:        nan | won: False 
#  110 | steps:  1336 | steps_t:     0 | t: 1.215888 | r:  -508.000000 | e:   1.000000 | Q:        nan | won: False 
#  111 | steps:  1345 | steps_t:     0 | t: 1.223782 | r:  -508.000000 | e:   1.000000 | Q:        nan | won: False 
#  112 | steps:  1350 | steps_t:     0 | t: 1.227910 | r:  -504.000000 | e:   1.000000 | Q:        nan | won: False 
#  113 | steps:  1362 | steps_t:     0 | t: 1.238262 | r:  -511.000000 | e:   1.000000 | Q:        nan | won: False 
#  114 | steps:  1373 | steps_t:     0 | t: 1.247579 | r:  -510.000000 | e:   1.000000 | Q:        nan | won: False 
#  115 | steps:  1385 | steps_t:     0 | t: 1.257968 | r:  -511.000000 | e:   1.000000 | Q:        nan | won: False 
#  116 | steps:  1390 | steps_t:     0 | t: 1.261817 | r:  -504.000000 | e:   1.000000 | Q:        nan | won: False 
#  117 | steps:  1397 | steps_t:     0 | t: 1.267519 | r:  -506.000000 | e:   1.000000 | Q:        nan | won: False 
#  118 | steps:  1407 | steps_t:     0 | t: 1.275910 | r:  -509.000000 | e:   1.000000 | Q:        nan | won: False 
#  119 | steps:  1412 | steps_t:     0 | t: 1.280435 | r:  -504.000000 | e:   1.000000 | Q:        nan | won: False 
#  120 | steps:  1419 | steps_t:     0 | t: 1.286077 | r:  -506.000000 | e:   1.000000 | Q:        nan | won: False 
#  121 | steps:  1429 | steps_t:     0 | t: 1.294527 | r:  -509.000000 | e:   1.000000 | Q:        nan | won: False 
#  122 | steps:  1437 | steps_t:     0 | t: 1.301080 | r:  -507.000000 | e:   1.000000 | Q:        nan | won: False 
#  123 | steps:  1445 | steps_t:     0 | t: 1.307703 | r:  -507.000000 | e:   1.000000 | Q:        nan | won: False 
#  124 | steps:  1456 | steps_t:     0 | t: 1.317120 | r:  -510.000000 | e:   1.000000 | Q:        nan | won: False 
#  125 | steps:  1464 | steps_t:     0 | t: 1.323822 | r:  -507.000000 | e:   1.000000 | Q:        nan | won: False 
#  126 | steps:  1484 | steps_t:     0 | t: 1.341228 | r:  -508.000000 | e:   1.000000 | Q:        nan | won: False 
#  127 | steps:  1497 | steps_t:     0 | t: 1.352302 | r:  -512.000000 | e:   1.000000 | Q:        nan | won: False 
#  128 | steps:  1506 | steps_t:     0 | t: 1.359882 | r:  -508.000000 | e:   1.000000 | Q:        nan | won: False 
#  129 | steps:  1516 | steps_t:     0 | t: 1.368313 | r:  -509.000000 | e:   1.000000 | Q:        nan | won: False 
#  130 | steps:  1524 | steps_t:     0 | t: 1.374809 | r:  -507.000000 | e:   1.000000 | Q:        nan | won: False 
#  131 | steps:  1531 | steps_t:     0 | t: 1.380514 | r:  -506.000000 | e:   1.000000 | Q:        nan | won: False 
#  132 | steps:  1537 | steps_t:     0 | t: 1.385164 | r:  -505.000000 | e:   1.000000 | Q:        nan | won: False 
#  133 | steps:  1543 | steps_t:     0 | t: 1.389877 | r:  -505.000000 | e:   1.000000 | Q:        nan | won: False 
#  134 | steps:  1556 | steps_t:     0 | t: 1.400940 | r:  -512.000000 | e:   1.000000 | Q:        nan | won: False 
#  135 | steps:  1565 | steps_t:     0 | t: 1.408425 | r:  -508.000000 | e:   1.000000 | Q:        nan | won: False 
#  136 | steps:  1578 | steps_t:     0 | t: 1.420066 | r:  -512.000000 | e:   1.000000 | Q:        nan | won: False 
#  137 | steps:  1585 | steps_t:     0 | t: 1.425813 | r:  -506.000000 | e:   1.000000 | Q:        nan | won: False 
#  138 | steps:  1602 | steps_t:     0 | t: 1.441486 | r:  -505.000000 | e:   1.000000 | Q:        nan | won: False 
#  139 | steps:  1619 | steps_t:     0 | t: 1.456779 | r:  -516.000000 | e:   1.000000 | Q:        nan | won: False 
#  140 | steps:  1628 | steps_t:     0 | t: 1.464150 | r:  -508.000000 | e:   1.000000 | Q:        nan | won: False 
#  141 | steps:  1633 | steps_t:     0 | t: 1.468023 | r:  -504.000000 | e:   1.000000 | Q:        nan | won: False 
#  142 | steps:  1646 | steps_t:     0 | t: 1.479123 | r:  -512.000000 | e:   1.000000 | Q:        nan | won: False 
#  143 | steps:  1658 | steps_t:     0 | t: 1.489257 | r:  -511.000000 | e:   1.000000 | Q:        nan | won: False 
#  144 | steps:  1677 | steps_t:     0 | t: 1.505689 | r:  -518.000000 | e:   1.000000 | Q:        nan | won: False 
#  145 | steps:  1683 | steps_t:     0 | t: 1.510486 | r:  -505.000000 | e:   1.000000 | Q:        nan | won: False 
#  146 | steps:  1690 | steps_t:     0 | t: 1.516211 | r:  -506.000000 | e:   1.000000 | Q:        nan | won: False 
#  147 | steps:  1697 | steps_t:     0 | t: 1.521857 | r:  -506.000000 | e:   1.000000 | Q:        nan | won: False 
#  148 | steps:  1704 | steps_t:     0 | t: 1.527365 | r:  -506.000000 | e:   1.000000 | Q:        nan | won: False 
#  149 | steps:  1712 | steps_t:     0 | t: 1.534492 | r:  -507.000000 | e:   1.000000 | Q:        nan | won: False 
#  150 | steps:  1721 | steps_t:     0 | t: 1.541877 | r:  -508.000000 | e:   1.000000 | Q:        nan | won: False 
#  151 | steps:  1737 | steps_t:     0 | t: 1.595750 | r:  -504.000000 | e:   1.000000 | Q:        nan | won: False 
#  152 | steps:  1745 | steps_t:     0 | t: 1.604261 | r:  -507.000000 | e:   1.000000 | Q:        nan | won: False 
#  153 | steps:  1754 | steps_t:     0 | t: 1.612525 | r:  -508.000000 | e:   1.000000 | Q:        nan | won: False 
#  154 | steps:  1760 | steps_t:     0 | t: 1.617344 | r:  -505.000000 | e:   1.000000 | Q:        nan | won: False 
#  155 | steps:  1768 | steps_t:     0 | t: 1.623957 | r:  -507.000000 | e:   1.000000 | Q:        nan | won: False 
#  156 | steps:  1785 | steps_t:     0 | t: 1.638986 | r:  -516.000000 | e:   1.000000 | Q:        nan | won: False 
#  157 | steps:  1809 | steps_t:     0 | t: 1.659850 | r:    88.000000 | e:   1.000000 | Q:        nan | won: True 
#  158 | steps:  1817 | steps_t:     0 | t: 1.666378 | r:  -507.000000 | e:   1.000000 | Q:        nan | won: False 
#  159 | steps:  1832 | steps_t:     0 | t: 1.679128 | r:  -503.000000 | e:   1.000000 | Q:        nan | won: False 
#  160 | steps:  1839 | steps_t:     0 | t: 1.684667 | r:  -506.000000 | e:   1.000000 | Q:        nan | won: False 
#  161 | steps:  1859 | steps_t:     0 | t: 1.702083 | r:  -519.000000 | e:   1.000000 | Q:        nan | won: False 
#  162 | steps:  1874 | steps_t:     0 | t: 1.715166 | r:  -503.000000 | e:   1.000000 | Q:        nan | won: False 
#  163 | steps:  1882 | steps_t:     0 | t: 1.722234 | r:  -507.000000 | e:   1.000000 | Q:        nan | won: False 
#  164 | steps:  1887 | steps_t:     0 | t: 1.726293 | r:  -504.000000 | e:   1.000000 | Q:        nan | won: False 
#  165 | steps:  1898 | steps_t:     0 | t: 1.735918 | r:  -510.000000 | e:   1.000000 | Q:        nan | won: False 
#  166 | steps:  1910 | steps_t:     0 | t: 1.745965 | r:  -511.000000 | e:   1.000000 | Q:        nan | won: False 
#  167 | steps:  1919 | steps_t:     0 | t: 1.753497 | r:  -508.000000 | e:   1.000000 | Q:        nan | won: False 
#  168 | steps:  1930 | steps_t:     0 | t: 1.762844 | r:  -510.000000 | e:   1.000000 | Q:        nan | won: False 
#  169 | steps:  1938 | steps_t:     0 | t: 1.769371 | r:  -507.000000 | e:   1.000000 | Q:        nan | won: False 
#  170 | steps:  1955 | steps_t:     0 | t: 1.784189 | r:  -516.000000 | e:   1.000000 | Q:        nan | won: False 
#  171 | steps:  1960 | steps_t:     0 | t: 1.788062 | r:  -504.000000 | e:   1.000000 | Q:        nan | won: False 
#  172 | steps:  1973 | steps_t:     0 | t: 1.799058 | r:  -512.000000 | e:   1.000000 | Q:        nan | won: False 
#  173 | steps:  1984 | steps_t:     0 | t: 1.808200 | r:  -510.000000 | e:   1.000000 | Q:        nan | won: False 
#  174 | steps:  1993 | steps_t:     0 | t: 1.815602 | r:  -508.000000 | e:   1.000000 | Q:        nan | won: False 
#  175 | steps:  2005 | steps_t:     0 | t: 1.825837 | r:  -511.000000 | e:   1.000000 | Q:        nan | won: False 
#  176 | steps:  2017 | steps_t:     0 | t: 1.836046 | r:  -511.000000 | e:   1.000000 | Q:        nan | won: False 
#  177 | steps:  2027 | steps_t:     0 | t: 1.844404 | r:  -509.000000 | e:   1.000000 | Q:        nan | won: False 
#  178 | steps:  2039 | steps_t:     0 | t: 1.855038 | r:  -511.000000 | e:   1.000000 | Q:        nan | won: False 
#  179 | steps:  2047 | steps_t:     0 | t: 1.861632 | r:  -507.000000 | e:   1.000000 | Q:        nan | won: False 
#  180 | steps:  2058 | steps_t:     0 | t: 1.870792 | r:  -510.000000 | e:   1.000000 | Q:        nan | won: False 
#  181 | steps:  2071 | steps_t:     0 | t: 1.881966 | r:  -501.000000 | e:   1.000000 | Q:        nan | won: False 
#  182 | steps:  2082 | steps_t:     0 | t: 1.891088 | r:  -510.000000 | e:   1.000000 | Q:        nan | won: False 
#  183 | steps:  2097 | steps_t:     0 | t: 1.904019 | r:  -492.000000 | e:   1.000000 | Q:        nan | won: False 
#  184 | steps:  2119 | steps_t:     0 | t: 1.923315 | r:  -521.000000 | e:   1.000000 | Q:        nan | won: False 
#  185 | steps:  2127 | steps_t:     0 | t: 1.929854 | r:  -507.000000 | e:   1.000000 | Q:        nan | won: False 
#  186 | steps:  2134 | steps_t:     0 | t: 1.935476 | r:  -506.000000 | e:   1.000000 | Q:        nan | won: False 
#  187 | steps:  2149 | steps_t:     0 | t: 1.948543 | r:  -503.000000 | e:   1.000000 | Q:        nan | won: False 
#  188 | steps:  2162 | steps_t:     0 | t: 1.959693 | r:  -512.000000 | e:   1.000000 | Q:        nan | won: False 
#  189 | steps:  2171 | steps_t:     0 | t: 1.967083 | r:  -508.000000 | e:   1.000000 | Q:        nan | won: False 
#  190 | steps:  2186 | steps_t:     0 | t: 1.980546 | r:  -514.000000 | e:   1.000000 | Q:        nan | won: False 
#  191 | steps:  2195 | steps_t:     0 | t: 1.992778 | r:  -508.000000 | e:   1.000000 | Q:        nan | won: False 
#  192 | steps:  2209 | steps_t:     0 | t: 2.014221 | r:  -513.000000 | e:   1.000000 | Q:        nan | won: False 
#  193 | steps:  2218 | steps_t:     0 | t: 2.027370 | r:  -508.000000 | e:   1.000000 | Q:        nan | won: False 
#  194 | steps:  2236 | steps_t:     0 | t: 2.056109 | r:  -517.000000 | e:   1.000000 | Q:        nan | won: False 
#  195 | steps:  2250 | steps_t:     0 | t: 2.077883 | r:  -513.000000 | e:   1.000000 | Q:        nan | won: False 
#  196 | steps:  2258 | steps_t:     0 | t: 2.089857 | r:  -507.000000 | e:   1.000000 | Q:        nan | won: False 
#  197 | steps:  2266 | steps_t:     0 | t: 2.102003 | r:  -507.000000 | e:   1.000000 | Q:        nan | won: False 
#  198 | steps:  2278 | steps_t:     0 | t: 2.120186 | r:  -511.000000 | e:   1.000000 | Q:        nan | won: False 
#  199 | steps:  2285 | steps_t:     0 | t: 2.130364 | r:  -506.000000 | e:   1.000000 | Q:        nan | won: False 
#  200 | steps:  2300 | steps_t:     0 | t: 2.153309 | r:  -492.000000 | e:   1.000000 | Q:        nan | won: False 
#  201 | steps:  2308 | steps_t:     0 | t: 2.165655 | r:  -507.000000 | e:   1.000000 | Q:        nan | won: False 
#  202 | steps:  2316 | steps_t:     0 | t: 2.177318 | r:  -507.000000 | e:   1.000000 | Q:        nan | won: False 
#  203 | steps:  2323 | steps_t:     0 | t: 2.187572 | r:  -506.000000 | e:   1.000000 | Q:        nan | won: False 
#  204 | steps:  2346 | steps_t:     0 | t: 2.224491 | r:  -511.000000 | e:   1.000000 | Q:        nan | won: False 
#  205 | steps:  2357 | steps_t:     0 | t: 2.241144 | r:  -510.000000 | e:   1.000000 | Q:        nan | won: False 
#  206 | steps:  2370 | steps_t:     0 | t: 2.261291 | r:  -512.000000 | e:   1.000000 | Q:        nan | won: False 
#  207 | steps:  2380 | steps_t:     0 | t: 2.276187 | r:  -509.000000 | e:   1.000000 | Q:        nan | won: False 
#  208 | steps:  2394 | steps_t:     0 | t: 2.297740 | r:  -513.000000 | e:   1.000000 | Q:        nan | won: False 
#  209 | steps:  2421 | steps_t:     0 | t: 2.340396 | r:  -515.000000 | e:   1.000000 | Q:        nan | won: False 
#  210 | steps:  2428 | steps_t:     0 | t: 2.350495 | r:  -506.000000 | e:   1.000000 | Q:        nan | won: False 
#  211 | steps:  2439 | steps_t:     0 | t: 2.367657 | r:  -510.000000 | e:   1.000000 | Q:        nan | won: False 
#  212 | steps:  2451 | steps_t:     0 | t: 2.385914 | r:  -511.000000 | e:   1.000000 | Q:        nan | won: False 
#  213 | steps:  2458 | steps_t:     0 | t: 2.396736 | r:  -506.000000 | e:   1.000000 | Q:        nan | won: False 
#  214 | steps:  2467 | steps_t:     0 | t: 2.409954 | r:  -508.000000 | e:   1.000000 | Q:        nan | won: False 
#  215 | steps:  2484 | steps_t:     0 | t: 2.438590 | r:  -516.000000 | e:   1.000000 | Q:        nan | won: False 
#  216 | steps:  2497 | steps_t:     0 | t: 2.459410 | r:  -512.000000 | e:   1.000000 | Q:        nan | won: False 
#  217 | steps:  2518 | steps_t:     0 | t: 2.493052 | r:  -520.000000 | e:   1.000000 | Q:        nan | won: False 
#  218 | steps:  2541 | steps_t:     0 | t: 2.529961 | r:  -522.000000 | e:   1.000000 | Q:        nan | won: False 
#  219 | steps:  2555 | steps_t:     0 | t: 2.552417 | r:  -502.000000 | e:   1.000000 | Q:        nan | won: False 
#  220 | steps:  2564 | steps_t:     0 | t: 2.565762 | r:  -508.000000 | e:   1.000000 | Q:        nan | won: False 
#  221 | steps:  2572 | steps_t:     0 | t: 2.577417 | r:  -507.000000 | e:   1.000000 | Q:        nan | won: False 
#  222 | steps:  2578 | steps_t:     0 | t: 2.586483 | r:  -505.000000 | e:   1.000000 | Q:        nan | won: False 
#  223 | steps:  2590 | steps_t:     0 | t: 2.605025 | r:  -511.000000 | e:   1.000000 | Q:        nan | won: False 
#  224 | steps:  2612 | steps_t:     0 | t: 2.640240 | r:  -510.000000 | e:   1.000000 | Q:        nan | won: False 
#  225 | steps:  2620 | steps_t:     0 | t: 2.652626 | r:  -507.000000 | e:   1.000000 | Q:        nan | won: False 
#  226 | steps:  2629 | steps_t:     0 | t: 2.665805 | r:  -508.000000 | e:   1.000000 | Q:        nan | won: False 
#  227 | steps:  2640 | steps_t:     0 | t: 2.683861 | r:  -510.000000 | e:   1.000000 | Q:        nan | won: False 
#  228 | steps:  2646 | steps_t:     0 | t: 2.692412 | r:  -505.000000 | e:   1.000000 | Q:        nan | won: False 
#  229 | steps:  2652 | steps_t:     0 | t: 2.700890 | r:  -505.000000 | e:   1.000000 | Q:        nan | won: False 
#  230 | steps:  2660 | steps_t:     0 | t: 2.713375 | r:  -507.000000 | e:   1.000000 | Q:        nan | won: False 
#  231 | steps:  2668 | steps_t:     0 | t: 2.725067 | r:  -507.000000 | e:   1.000000 | Q:        nan | won: False 
#  232 | steps:  2682 | steps_t:     0 | t: 2.746980 | r:  -513.000000 | e:   1.000000 | Q:        nan | won: False 
#  233 | steps:  2706 | steps_t:     0 | t: 2.786348 | r:  -523.000000 | e:   1.000000 | Q:        nan | won: False 
#  234 | steps:  2714 | steps_t:     0 | t: 2.798835 | r:  -507.000000 | e:   1.000000 | Q:        nan | won: False 
#  235 | steps:  2722 | steps_t:     0 | t: 2.810702 | r:  -507.000000 | e:   1.000000 | Q:        nan | won: False 
#  236 | steps:  2734 | steps_t:     0 | t: 2.829868 | r:  -511.000000 | e:   1.000000 | Q:        nan | won: False 
#  237 | steps:  2740 | steps_t:     0 | t: 2.838379 | r:  -505.000000 | e:   1.000000 | Q:        nan | won: False 
#  238 | steps:  2749 | steps_t:     0 | t: 2.851855 | r:  -508.000000 | e:   1.000000 | Q:        nan | won: False 
#  239 | steps:  2758 | steps_t:     0 | t: 2.864993 | r:  -508.000000 | e:   1.000000 | Q:        nan | won: False 
#  240 | steps:  2771 | steps_t:     0 | t: 2.885323 | r:  -501.000000 | e:   1.000000 | Q:        nan | won: False 
#  241 | steps:  2785 | steps_t:     0 | t: 2.907647 | r:  -502.000000 | e:   1.000000 | Q:        nan | won: False 
#  242 | steps:  2797 | steps_t:     0 | t: 2.925990 | r:  -511.000000 | e:   1.000000 | Q:        nan | won: False 
#  243 | steps:  2805 | steps_t:     0 | t: 2.938272 | r:  -507.000000 | e:   1.000000 | Q:        nan | won: False 
#  244 | steps:  2820 | steps_t:     0 | t: 2.961533 | r:  -503.000000 | e:   1.000000 | Q:        nan | won: False 
#  245 | steps:  2833 | steps_t:     0 | t: 2.981469 | r:  -501.000000 | e:   1.000000 | Q:        nan | won: False 
#  246 | steps:  2843 | steps_t:     0 | t: 2.996797 | r:  -509.000000 | e:   1.000000 | Q:        nan | won: False 
#  247 | steps:  2852 | steps_t:     0 | t: 3.010105 | r:  -508.000000 | e:   1.000000 | Q:        nan | won: False 
#  248 | steps:  2861 | steps_t:     0 | t: 3.023624 | r:  -508.000000 | e:   1.000000 | Q:        nan | won: False 
#  249 | steps:  2874 | steps_t:     0 | t: 3.043698 | r:  -501.000000 | e:   1.000000 | Q:        nan | won: False 
#  250 | steps:  2884 | steps_t:     0 | t: 3.059856 | r:  -509.000000 | e:   1.000000 | Q:        nan | won: False 
#  251 | steps:  2903 | steps_t:     0 | t: 3.090200 | r:  -518.000000 | e:   1.000000 | Q:        nan | won: False 
#  252 | steps:  2922 | steps_t:     0 | t: 3.120436 | r:  -518.000000 | e:   1.000000 | Q:        nan | won: False 
#  253 | steps:  2933 | steps_t:     0 | t: 3.137893 | r:  -510.000000 | e:   1.000000 | Q:        nan | won: False 
#  254 | steps:  2942 | steps_t:     0 | t: 3.152778 | r:  -508.000000 | e:   1.000000 | Q:        nan | won: False 
#  255 | steps:  2950 | steps_t:     0 | t: 3.164496 | r:  -507.000000 | e:   1.000000 | Q:        nan | won: False 
#  256 | steps:  2957 | steps_t:     0 | t: 3.176106 | r:  -506.000000 | e:   1.000000 | Q:        nan | won: False 
#  257 | steps:  2964 | steps_t:     0 | t: 3.186263 | r:  -506.000000 | e:   1.000000 | Q:        nan | won: False 
#  258 | steps:  2973 | steps_t:     0 | t: 3.199493 | r:  -508.000000 | e:   1.000000 | Q:        nan | won: False 
#  259 | steps:  2980 | steps_t:     0 | t: 3.209802 | r:  -506.000000 | e:   1.000000 | Q:        nan | won: False 
#  260 | steps:  2994 | steps_t:     0 | t: 3.231499 | r:  -513.000000 | e:   1.000000 | Q:        nan | won: False 
#  261 | steps:  3003 | steps_t:     0 | t: 3.244745 | r:  -508.000000 | e:   1.000000 | Q:        nan | won: False 
#  262 | steps:  3011 | steps_t:     0 | t: 3.256550 | r:  -507.000000 | e:   1.000000 | Q:        nan | won: False 
#  263 | steps:  3020 | steps_t:     0 | t: 3.269776 | r:  -508.000000 | e:   1.000000 | Q:        nan | won: False 
#  264 | steps:  3029 | steps_t:     0 | t: 3.283075 | r:  -508.000000 | e:   1.000000 | Q:        nan | won: False 
#  265 | steps:  3035 | steps_t:     0 | t: 3.291354 | r:  -505.000000 | e:   1.000000 | Q:        nan | won: False 
#  266 | steps:  3047 | steps_t:     0 | t: 3.309719 | r:  -511.000000 | e:   1.000000 | Q:        nan | won: False 
#  267 | steps:  3056 | steps_t:     0 | t: 3.322963 | r:  -508.000000 | e:   1.000000 | Q:        nan | won: False 
#  268 | steps:  3071 | steps_t:     0 | t: 3.346609 | r:  -503.000000 | e:   1.000000 | Q:        nan | won: False 
#  269 | steps:  3095 | steps_t:     0 | t: 3.385126 | r:  -523.000000 | e:   1.000000 | Q:        nan | won: False 
#  270 | steps:  3102 | steps_t:     0 | t: 3.395227 | r:  -506.000000 | e:   1.000000 | Q:        nan | won: False 
#  271 | steps:  3109 | steps_t:     0 | t: 3.405327 | r:  -506.000000 | e:   1.000000 | Q:        nan | won: False 
#  272 | steps:  3130 | steps_t:     0 | t: 3.438301 | r:  -509.000000 | e:   1.000000 | Q:        nan | won: False 
#  273 | steps:  3151 | steps_t:     0 | t: 3.471564 | r:  -509.000000 | e:   1.000000 | Q:        nan | won: False 
#  274 | steps:  3161 | steps_t:     0 | t: 3.486599 | r:  -509.000000 | e:   1.000000 | Q:        nan | won: False 
#  275 | steps:  3174 | steps_t:     0 | t: 3.506355 | r:  -512.000000 | e:   1.000000 | Q:        nan | won: False 
#  276 | steps:  3189 | steps_t:     0 | t: 3.529408 | r:  -514.000000 | e:   1.000000 | Q:        nan | won: False 
#  277 | steps:  3199 | steps_t:     0 | t: 3.544422 | r:  -509.000000 | e:   1.000000 | Q:        nan | won: False 
#  278 | steps:  3206 | steps_t:     0 | t: 3.555187 | r:  -506.000000 | e:   1.000000 | Q:        nan | won: False 
#  279 | steps:  3225 | steps_t:     0 | t: 3.584624 | r:  -518.000000 | e:   1.000000 | Q:        nan | won: False 
#  280 | steps:  3230 | steps_t:     0 | t: 3.591488 | r:  -504.000000 | e:   1.000000 | Q:        nan | won: False 
#  281 | steps:  3238 | steps_t:     0 | t: 3.603157 | r:  -507.000000 | e:   1.000000 | Q:        nan | won: False 
#  282 | steps:  3261 | steps_t:     0 | t: 3.640395 | r:  -522.000000 | e:   1.000000 | Q:        nan | won: False 
#  283 | steps:  3274 | steps_t:     0 | t: 3.660336 | r:  -512.000000 | e:   1.000000 | Q:        nan | won: False 
#  284 | steps:  3299 | steps_t:     0 | t: 3.699853 | r:  -513.000000 | e:   1.000000 | Q:        nan | won: False 
#  285 | steps:  3307 | steps_t:     0 | t: 3.711653 | r:  -507.000000 | e:   1.000000 | Q:        nan | won: False 
#  286 | steps:  3317 | steps_t:     0 | t: 3.726449 | r:  -509.000000 | e:   1.000000 | Q:        nan | won: False 
#  287 | steps:  3326 | steps_t:     0 | t: 3.739950 | r:  -508.000000 | e:   1.000000 | Q:        nan | won: False 
#  288 | steps:  3334 | steps_t:     0 | t: 3.751688 | r:  -507.000000 | e:   1.000000 | Q:        nan | won: False 
#  289 | steps:  3344 | steps_t:     0 | t: 3.766973 | r:  -509.000000 | e:   1.000000 | Q:        nan | won: False 
#  290 | steps:  3352 | steps_t:     0 | t: 3.778514 | r:  -507.000000 | e:   1.000000 | Q:        nan | won: False 
#  291 | steps:  3360 | steps_t:     0 | t: 3.790346 | r:  -507.000000 | e:   1.000000 | Q:        nan | won: False 
#  292 | steps:  3366 | steps_t:     0 | t: 3.798661 | r:  -505.000000 | e:   1.000000 | Q:        nan | won: False 
#  293 | steps:  3378 | steps_t:     0 | t: 3.816826 | r:  -511.000000 | e:   1.000000 | Q:        nan | won: False 
#  294 | steps:  3399 | steps_t:     0 | t: 3.851704 | r:  -520.000000 | e:   1.000000 | Q:        nan | won: False 
#  295 | steps:  3412 | steps_t:     0 | t: 3.939664 | r:  -512.000000 | e:   1.000000 | Q:        nan | won: False 
#  296 | steps:  3442 | steps_t:     0 | t: 3.986816 | r:  -518.000000 | e:   1.000000 | Q:        nan | won: False 
#  297 | steps:  3454 | steps_t:     0 | t: 4.005047 | r:  -511.000000 | e:   1.000000 | Q:        nan | won: False 
#  298 | steps:  3467 | steps_t:     0 | t: 4.025232 | r:  -512.000000 | e:   1.000000 | Q:        nan | won: False 
#  299 | steps:  3472 | steps_t:     0 | t: 4.033037 | r:  -504.000000 | e:   1.000000 | Q:        nan | won: False 
#  300 | steps:  3495 | steps_t:     0 | t: 4.069941 | r:  -522.000000 | e:   1.000000 | Q:        nan | won: False 
#  301 | steps:  3504 | steps_t:     0 | t: 4.083328 | r:  -508.000000 | e:   1.000000 | Q:        nan | won: False 
#  302 | steps:  3511 | steps_t:     0 | t: 4.093364 | r:  -506.000000 | e:   1.000000 | Q:        nan | won: False 
#  303 | steps:  3519 | steps_t:     0 | t: 4.105078 | r:  -507.000000 | e:   1.000000 | Q:        nan | won: False 
#  304 | steps:  3532 | steps_t:     0 | t: 4.124869 | r:  -501.000000 | e:   1.000000 | Q:        nan | won: False 
#  305 | steps:  3542 | steps_t:     0 | t: 4.140133 | r:  -509.000000 | e:   1.000000 | Q:        nan | won: False 
#  306 | steps:  3557 | steps_t:     0 | t: 4.164171 | r:  -514.000000 | e:   1.000000 | Q:        nan | won: False 
#  307 | steps:  3571 | steps_t:     0 | t: 4.185666 | r:  -513.000000 | e:   1.000000 | Q:        nan | won: False 
#  308 | steps:  3578 | steps_t:     0 | t: 4.195555 | r:  -506.000000 | e:   1.000000 | Q:        nan | won: False 
#  309 | steps:  3584 | steps_t:     0 | t: 4.204655 | r:  -505.000000 | e:   1.000000 | Q:        nan | won: False 
#  310 | steps:  3595 | steps_t:     0 | t: 4.221318 | r:  -510.000000 | e:   1.000000 | Q:        nan | won: False 
#  311 | steps:  3606 | steps_t:     0 | t: 4.237956 | r:  -510.000000 | e:   1.000000 | Q:        nan | won: False 
#  312 | steps:  3626 | steps_t:     0 | t: 4.269678 | r:  -508.000000 | e:   1.000000 | Q:        nan | won: False 
#  313 | steps:  3641 | steps_t:     0 | t: 4.292477 | r:  -514.000000 | e:   1.000000 | Q:        nan | won: False 
#  314 | steps:  3648 | steps_t:     0 | t: 4.302579 | r:  -506.000000 | e:   1.000000 | Q:        nan | won: False 
#  315 | steps:  3666 | steps_t:     0 | t: 4.330060 | r:  -506.000000 | e:   1.000000 | Q:        nan | won: False 
#  316 | steps:  3673 | steps_t:     0 | t: 4.340230 | r:  -506.000000 | e:   1.000000 | Q:        nan | won: False 
#  317 | steps:  3682 | steps_t:     0 | t: 4.353568 | r:  -508.000000 | e:   1.000000 | Q:        nan | won: False 
#  318 | steps:  3690 | steps_t:     0 | t: 4.365148 | r:  -507.000000 | e:   1.000000 | Q:        nan | won: False 
#  319 | steps:  3698 | steps_t:     0 | t: 4.377055 | r:  -507.000000 | e:   1.000000 | Q:        nan | won: False 
#  320 | steps:  3710 | steps_t:     0 | t: 4.396309 | r:  -511.000000 | e:   1.000000 | Q:        nan | won: False 
#  321 | steps:  3716 | steps_t:     0 | t: 4.404792 | r:  -505.000000 | e:   1.000000 | Q:        nan | won: False 
#  322 | steps:  3727 | steps_t:     0 | t: 4.421422 | r:  -510.000000 | e:   1.000000 | Q:        nan | won: False 
#  323 | steps:  3746 | steps_t:     0 | t: 4.451214 | r:  -518.000000 | e:   1.000000 | Q:        nan | won: False 
#  324 | steps:  3755 | steps_t:     0 | t: 4.464424 | r:  -508.000000 | e:   1.000000 | Q:        nan | won: False 
#  325 | steps:  3767 | steps_t:     0 | t: 4.483201 | r:  -511.000000 | e:   1.000000 | Q:        nan | won: False 
#  326 | steps:  3784 | steps_t:     0 | t: 4.508976 | r:  -505.000000 | e:   1.000000 | Q:        nan | won: False 
#  327 | steps:  3799 | steps_t:     0 | t: 4.532048 | r:  -492.000000 | e:   1.000000 | Q:        nan | won: False 
#  328 | steps:  3812 | steps_t:     0 | t: 4.551862 | r:  -512.000000 | e:   1.000000 | Q:        nan | won: False 
#  329 | steps:  3819 | steps_t:     0 | t: 4.561841 | r:  -506.000000 | e:   1.000000 | Q:        nan | won: False 
#  330 | steps:  3830 | steps_t:     0 | t: 4.578436 | r:  -510.000000 | e:   1.000000 | Q:        nan | won: False 
#  331 | steps:  3837 | steps_t:     0 | t: 4.588451 | r:  -506.000000 | e:   1.000000 | Q:        nan | won: False 
#  332 | steps:  3849 | steps_t:     0 | t: 4.606875 | r:  -511.000000 | e:   1.000000 | Q:        nan | won: False 
#  333 | steps:  3868 | steps_t:     0 | t: 4.637283 | r:  -518.000000 | e:   1.000000 | Q:        nan | won: False 
#  334 | steps:  3876 | steps_t:     0 | t: 4.649227 | r:  -507.000000 | e:   1.000000 | Q:        nan | won: False 
#  335 | steps:  3886 | steps_t:     0 | t: 4.664747 | r:  -509.000000 | e:   1.000000 | Q:        nan | won: False 
#  336 | steps:  3893 | steps_t:     0 | t: 4.674792 | r:  -506.000000 | e:   1.000000 | Q:        nan | won: False 
#  337 | steps:  3899 | steps_t:     0 | t: 4.683136 | r:  -505.000000 | e:   1.000000 | Q:        nan | won: False 
#  338 | steps:  3910 | steps_t:     0 | t: 4.699601 | r:  -510.000000 | e:   1.000000 | Q:        nan | won: False 
#  339 | steps:  3917 | steps_t:     0 | t: 4.709678 | r:  -506.000000 | e:   1.000000 | Q:        nan | won: False 
#  340 | steps:  3925 | steps_t:     0 | t: 4.721327 | r:  -507.000000 | e:   1.000000 | Q:        nan | won: False 
#  341 | steps:  3943 | steps_t:     0 | t: 4.749231 | r:  -506.000000 | e:   1.000000 | Q:        nan | won: False 
#  342 | steps:  3956 | steps_t:     0 | t: 4.769369 | r:  -512.000000 | e:   1.000000 | Q:        nan | won: False 
#  343 | steps:  3973 | steps_t:     0 | t: 4.795870 | r:  -505.000000 | e:   1.000000 | Q:        nan | won: False 
#  344 | steps:  3984 | steps_t:     0 | t: 4.812454 | r:  -510.000000 | e:   1.000000 | Q:        nan | won: False 
#  345 | steps:  3994 | steps_t:     0 | t: 4.827432 | r:  -509.000000 | e:   1.000000 | Q:        nan | won: False 
#  346 | steps:  4005 | steps_t:     0 | t: 4.844462 | r:  -510.000000 | e:   1.000000 | Q:        nan | won: False 
#  347 | steps:  4013 | steps_t:     0 | t: 4.856408 | r:  -507.000000 | e:   1.000000 | Q:        nan | won: False 
#  348 | steps:  4021 | steps_t:     0 | t: 4.868985 | r:  -507.000000 | e:   1.000000 | Q:        nan | won: False 
#  349 | steps:  4028 | steps_t:     0 | t: 4.879199 | r:  -506.000000 | e:   1.000000 | Q:        nan | won: False 
#  350 | steps:  4042 | steps_t:     0 | t: 4.900700 | r:  -502.000000 | e:   1.000000 | Q:        nan | won: False 
#  351 | steps:  4049 | steps_t:     0 | t: 4.910914 | r:  -506.000000 | e:   1.000000 | Q:        nan | won: False 
#  352 | steps:  4055 | steps_t:     0 | t: 4.919684 | r:  -505.000000 | e:   1.000000 | Q:        nan | won: False 
#  353 | steps:  4069 | steps_t:     0 | t: 4.941527 | r:  -513.000000 | e:   1.000000 | Q:        nan | won: False 
#  354 | steps:  4081 | steps_t:     0 | t: 4.959641 | r:  -511.000000 | e:   1.000000 | Q:        nan | won: False 
#  355 | steps:  4092 | steps_t:     0 | t: 4.976233 | r:  -510.000000 | e:   1.000000 | Q:        nan | won: False 
#  356 | steps:  4101 | steps_t:     0 | t: 4.989566 | r:  -508.000000 | e:   1.000000 | Q:        nan | won: False 
#  357 | steps:  4110 | steps_t:     0 | t: 5.003707 | r:  -508.000000 | e:   1.000000 | Q:        nan | won: False 
#  358 | steps:  4119 | steps_t:     0 | t: 5.016853 | r:  -508.000000 | e:   1.000000 | Q:        nan | won: False 
#  359 | steps:  4138 | steps_t:     0 | t: 5.046913 | r:  -507.000000 | e:   1.000000 | Q:        nan | won: False 
#  360 | steps:  4152 | steps_t:     0 | t: 5.069740 | r:  -513.000000 | e:   1.000000 | Q:        nan | won: False 
#  361 | steps:  4164 | steps_t:     0 | t: 5.088869 | r:  -511.000000 | e:   1.000000 | Q:        nan | won: False 
#  362 | steps:  4172 | steps_t:     0 | t: 5.101692 | r:  -507.000000 | e:   1.000000 | Q:        nan | won: False 
#  363 | steps:  4189 | steps_t:     0 | t: 5.128507 | r:  -505.000000 | e:   1.000000 | Q:        nan | won: False 
#  364 | steps:  4197 | steps_t:     0 | t: 5.140265 | r:  -507.000000 | e:   1.000000 | Q:        nan | won: False 
#  365 | steps:  4213 | steps_t:     0 | t: 5.165480 | r:  -515.000000 | e:   1.000000 | Q:        nan | won: False 
#  366 | steps:  4230 | steps_t:     0 | t: 5.192452 | r:  -505.000000 | e:   1.000000 | Q:        nan | won: False 
#  367 | steps:  4241 | steps_t:     0 | t: 5.209124 | r:  -510.000000 | e:   1.000000 | Q:        nan | won: False 
#  368 | steps:  4247 | steps_t:     0 | t: 5.217679 | r:  -505.000000 | e:   1.000000 | Q:        nan | won: False 
#  369 | steps:  4254 | steps_t:     0 | t: 5.227712 | r:  -506.000000 | e:   1.000000 | Q:        nan | won: False 
#  370 | steps:  4263 | steps_t:     0 | t: 5.241438 | r:  -508.000000 | e:   1.000000 | Q:        nan | won: False 
#  371 | steps:  4272 | steps_t:     0 | t: 5.254969 | r:  -508.000000 | e:   1.000000 | Q:        nan | won: False 
#  372 | steps:  4282 | steps_t:     0 | t: 5.269932 | r:  -509.000000 | e:   1.000000 | Q:        nan | won: False 
#  373 | steps:  4292 | steps_t:     0 | t: 5.285314 | r:  -509.000000 | e:   1.000000 | Q:        nan | won: False 
#  374 | steps:  4301 | steps_t:     0 | t: 5.298633 | r:  -508.000000 | e:   1.000000 | Q:        nan | won: False 
#  375 | steps:  4310 | steps_t:     0 | t: 5.312063 | r:  -508.000000 | e:   1.000000 | Q:        nan | won: False 
#  376 | steps:  4322 | steps_t:     0 | t: 5.330550 | r:  -511.000000 | e:   1.000000 | Q:        nan | won: False 
#  377 | steps:  4330 | steps_t:     0 | t: 5.343717 | r:  -507.000000 | e:   1.000000 | Q:        nan | won: False 
#  378 | steps:  4342 | steps_t:     0 | t: 5.361857 | r:  -511.000000 | e:   1.000000 | Q:        nan | won: False 
#  379 | steps:  4357 | steps_t:     0 | t: 5.384824 | r:  -514.000000 | e:   1.000000 | Q:        nan | won: False 
#  380 | steps:  4369 | steps_t:     0 | t: 5.404117 | r:  -511.000000 | e:   1.000000 | Q:        nan | won: False 
#  381 | steps:  4390 | steps_t:     0 | t: 5.437446 | r:  -520.000000 | e:   1.000000 | Q:        nan | won: False 
#  382 | steps:  4407 | steps_t:     0 | t: 5.464729 | r:  -516.000000 | e:   1.000000 | Q:        nan | won: False 
#  383 | steps:  4416 | steps_t:     0 | t: 5.478059 | r:  -508.000000 | e:   1.000000 | Q:        nan | won: False 
#  384 | steps:  4426 | steps_t:     0 | t: 5.493003 | r:  -509.000000 | e:   1.000000 | Q:        nan | won: False 
#  385 | steps:  4435 | steps_t:     0 | t: 5.506585 | r:  -508.000000 | e:   1.000000 | Q:        nan | won: False 
#  386 | steps:  4441 | steps_t:     0 | t: 5.514921 | r:  -505.000000 | e:   1.000000 | Q:        nan | won: False 
#  387 | steps:  4450 | steps_t:     0 | t: 5.528914 | r:  -508.000000 | e:   1.000000 | Q:        nan | won: False 
#  388 | steps:  4464 | steps_t:     0 | t: 5.550436 | r:  -513.000000 | e:   1.000000 | Q:        nan | won: False 
#  389 | steps:  4473 | steps_t:     0 | t: 5.564154 | r:  -508.000000 | e:   1.000000 | Q:        nan | won: False 
#  390 | steps:  4480 | steps_t:     0 | t: 5.574127 | r:  -506.000000 | e:   1.000000 | Q:        nan | won: False 
#  391 | steps:  4490 | steps_t:     0 | t: 5.589943 | r:  -509.000000 | e:   1.000000 | Q:        nan | won: False 
#  392 | steps:  4504 | steps_t:     0 | t: 5.611691 | r:  -502.000000 | e:   1.000000 | Q:        nan | won: False 
#  393 | steps:  4519 | steps_t:     0 | t: 5.635645 | r:  -503.000000 | e:   1.000000 | Q:        nan | won: False 
#  394 | steps:  4534 | steps_t:     0 | t: 5.659024 | r:  -514.000000 | e:   1.000000 | Q:        nan | won: False 
#  395 | steps:  4547 | steps_t:     0 | t: 5.679640 | r:  -512.000000 | e:   1.000000 | Q:        nan | won: False 
#  396 | steps:  4555 | steps_t:     0 | t: 5.691200 | r:  -507.000000 | e:   1.000000 | Q:        nan | won: False 
#  397 | steps:  4564 | steps_t:     0 | t: 5.704611 | r:  -508.000000 | e:   1.000000 | Q:        nan | won: False 
#  398 | steps:  4571 | steps_t:     0 | t: 5.714896 | r:  -506.000000 | e:   1.000000 | Q:        nan | won: False 
#  399 | steps:  4581 | steps_t:     0 | t: 5.729839 | r:  -509.000000 | e:   1.000000 | Q:        nan | won: False 
#  400 | steps:  4617 | steps_t:     0 | t: 5.788129 | r:  -524.000000 | e:   1.000000 | Q:        nan | won: False 
#  401 | steps:  4632 | steps_t:     0 | t: 5.812347 | r:  -514.000000 | e:   1.000000 | Q:        nan | won: False 
#  402 | steps:  4640 | steps_t:     0 | t: 5.823976 | r:  -507.000000 | e:   1.000000 | Q:        nan | won: False 
#  403 | steps:  4648 | steps_t:     0 | t: 5.836289 | r:  -507.000000 | e:   1.000000 | Q:        nan | won: False 
#  404 | steps:  4658 | steps_t:     0 | t: 5.851700 | r:  -509.000000 | e:   1.000000 | Q:        nan | won: False 
#  405 | steps:  4678 | steps_t:     0 | t: 5.883154 | r:  -508.000000 | e:   1.000000 | Q:        nan | won: False 
#  406 | steps:  4690 | steps_t:     0 | t: 5.901325 | r:  -511.000000 | e:   1.000000 | Q:        nan | won: False 
#  407 | steps:  4699 | steps_t:     0 | t: 5.914760 | r:  -508.000000 | e:   1.000000 | Q:        nan | won: False 
#  408 | steps:  4708 | steps_t:     0 | t: 5.928478 | r:  -508.000000 | e:   1.000000 | Q:        nan | won: False 
#  409 | steps:  4747 | steps_t:     0 | t: 5.988906 | r:  -538.000000 | e:   1.000000 | Q:        nan | won: False 
#  410 | steps:  4762 | steps_t:     0 | t: 6.002922 | r:  -492.000000 | e:   1.000000 | Q:        nan | won: False 
#  411 | steps:  4770 | steps_t:     0 | t: 6.009508 | r:  -507.000000 | e:   1.000000 | Q:        nan | won: False 
#  412 | steps:  4787 | steps_t:     0 | t: 6.025074 | r:  -516.000000 | e:   1.000000 | Q:        nan | won: False 
#  413 | steps:  4806 | steps_t:     0 | t: 6.041796 | r:  -518.000000 | e:   1.000000 | Q:        nan | won: False 
#  414 | steps:  4812 | steps_t:     0 | t: 6.046536 | r:  -505.000000 | e:   1.000000 | Q:        nan | won: False 
#  415 | steps:  4821 | steps_t:     0 | t: 6.054728 | r:  -508.000000 | e:   1.000000 | Q:        nan | won: False 
#  416 | steps:  4827 | steps_t:     0 | t: 6.059539 | r:  -505.000000 | e:   1.000000 | Q:        nan | won: False 
#  417 | steps:  4837 | steps_t:     0 | t: 6.068041 | r:  -509.000000 | e:   1.000000 | Q:        nan | won: False 
#  418 | steps:  4845 | steps_t:     0 | t: 6.074496 | r:  -507.000000 | e:   1.000000 | Q:        nan | won: False 
#  419 | steps:  4857 | steps_t:     0 | t: 6.086067 | r:  -511.000000 | e:   1.000000 | Q:        nan | won: False 
#  420 | steps:  4863 | steps_t:     0 | t: 6.090734 | r:  -505.000000 | e:   1.000000 | Q:        nan | won: False 
#  421 | steps:  4875 | steps_t:     0 | t: 6.100930 | r:  -511.000000 | e:   1.000000 | Q:        nan | won: False 
#  422 | steps:  4883 | steps_t:     0 | t: 6.107581 | r:  -507.000000 | e:   1.000000 | Q:        nan | won: False 
#  423 | steps:  4893 | steps_t:     0 | t: 6.115924 | r:  -509.000000 | e:   1.000000 | Q:        nan | won: False 
#  424 | steps:  4911 | steps_t:     0 | t: 6.132439 | r:  -506.000000 | e:   1.000000 | Q:        nan | won: False 
#  425 | steps:  4929 | steps_t:     0 | t: 6.149230 | r:  -517.000000 | e:   1.000000 | Q:        nan | won: False 
#  426 | steps:  4936 | steps_t:     0 | t: 6.154840 | r:  -506.000000 | e:   1.000000 | Q:        nan | won: False 
#  427 | steps:  4944 | steps_t:     0 | t: 6.161333 | r:  -507.000000 | e:   1.000000 | Q:        nan | won: False 
#  428 | steps:  4951 | steps_t:     0 | t: 6.166975 | r:  -506.000000 | e:   1.000000 | Q:        nan | won: False 
#  429 | steps:  4962 | steps_t:     0 | t: 6.176214 | r:  -510.000000 | e:   1.000000 | Q:        nan | won: False 
#  430 | steps:  4968 | steps_t:     0 | t: 6.180980 | r:  -505.000000 | e:   1.000000 | Q:        nan | won: False 
#  431 | steps:  4986 | steps_t:     0 | t: 6.198154 | r:  -506.000000 | e:   1.000000 | Q:        nan | won: False 
#  432 | steps:  4993 | steps_t:     0 | t: 6.203776 | r:  -506.000000 | e:   1.000000 | Q:        nan | won: False 
