#    1 | steps:    10 | steps_t:     0 | t: 0.020857 | r:  -509.000000 | e:   1.000000 | Q:        nan | won: False 
#    2 | steps:    28 | steps_t:     0 | t: 0.046269 | r:  -506.000000 | e:   1.000000 | Q:        nan | won: False 
#    3 | steps:    36 | steps_t:     0 | t: 0.057078 | r:  -507.000000 | e:   1.000000 | Q:        nan | won: False 
#    4 | steps:    44 | steps_t:     0 | t: 0.067929 | r:  -507.000000 | e:   1.000000 | Q:        nan | won: False 
#    5 | steps:    56 | steps_t:     0 | t: 0.084251 | r:  -500.000000 | e:   1.000000 | Q:        nan | won: False 
#    6 | steps:    68 | steps_t:     0 | t: 0.101224 | r:  -511.000000 | e:   1.000000 | Q:        nan | won: False 
#    7 | steps:    76 | steps_t:     0 | t: 0.112127 | r:  -507.000000 | e:   1.000000 | Q:        nan | won: False 
#    8 | steps:    87 | steps_t:     0 | t: 0.127423 | r:  -510.000000 | e:   1.000000 | Q:        nan | won: False 
#    9 | steps:    96 | steps_t:     0 | t: 0.140102 | r:  -508.000000 | e:   1.000000 | Q:        nan | won: False 
#   10 | steps:   114 | steps_t:     0 | t: 0.165484 | r:  -506.000000 | e:   1.000000 | Q:        nan | won: False 
#   11 | steps:   123 | steps_t:     0 | t: 0.177894 | r:  -508.000000 | e:   1.000000 | Q:        nan | won: False 
#   12 | steps:   134 | steps_t:     0 | t: 0.193403 | r:  -510.000000 | e:   1.000000 | Q:        nan | won: False 
#   13 | steps:   141 | steps_t:     0 | t: 0.202806 | r:  -506.000000 | e:   1.000000 | Q:        nan | won: False 
#   14 | steps:   147 | steps_t:     0 | t: 0.210740 | r:  -505.000000 | e:   1.000000 | Q:        nan | won: False 
#   15 | steps:   154 | steps_t:     0 | t: 0.220287 | r:  -506.000000 | e:   1.000000 | Q:        nan | won: False 
#   16 | steps:   175 | steps_t:     0 | t: 0.250208 | r:  -520.000000 | e:   1.000000 | Q:        nan | won: False 
#   17 | steps:   185 | steps_t:     0 | t: 0.264149 | r:  -509.000000 | e:   1.000000 | Q:        nan | won: False 
#   18 | steps:   199 | steps_t:     0 | t: 0.284180 | r:  -502.000000 | e:   1.000000 | Q:        nan | won: False 
#   19 | steps:   209 | steps_t:     0 | t: 0.298229 | r:  -509.000000 | e:   1.000000 | Q:        nan | won: False 
#   20 | steps:   216 | steps_t:     0 | t: 0.307736 | r:  -506.000000 | e:   1.000000 | Q:        nan | won: False 
#   21 | steps:   226 | steps_t:     0 | t: 0.321639 | r:  -509.000000 | e:   1.000000 | Q:        nan | won: False 
#   22 | steps:   240 | steps_t:     0 | t: 0.341163 | r:  -513.000000 | e:   1.000000 | Q:        nan | won: False 
#   23 | steps:   251 | steps_t:     0 | t: 0.356697 | r:  -510.000000 | e:   1.000000 | Q:        nan | won: False 
#   24 | steps:   265 | steps_t:     0 | t: 0.376447 | r:  -513.000000 | e:   1.000000 | Q:        nan | won: False 
#   25 | steps:   272 | steps_t:     0 | t: 0.385916 | r:  -506.000000 | e:   1.000000 | Q:        nan | won: False 
#   26 | steps:   283 | steps_t:     0 | t: 0.401493 | r:  -510.000000 | e:   1.000000 | Q:        nan | won: False 
#   27 | steps:   292 | steps_t:     0 | t: 0.413982 | r:  -508.000000 | e:   1.000000 | Q:        nan | won: False 
#   28 | steps:   302 | steps_t:     0 | t: 0.427799 | r:  -509.000000 | e:   1.000000 | Q:        nan | won: False 
#   29 | steps:   313 | steps_t:     0 | t: 0.443100 | r:  -510.000000 | e:   1.000000 | Q:        nan | won: False 
#   30 | steps:   321 | steps_t:     0 | t: 0.454079 | r:  -507.000000 | e:   1.000000 | Q:        nan | won: False 
#   31 | steps:   335 | steps_t:     0 | t: 0.473444 | r:  -513.000000 | e:   1.000000 | Q:        nan | won: False 
#   32 | steps:   347 | steps_t:     0 | t: 0.490127 | r:  -511.000000 | e:   1.000000 | Q:        nan | won: False 
#   33 | steps:   357 | steps_t:     0 | t: 0.503746 | r:  -509.000000 | e:   1.000000 | Q:        nan | won: False 
#   34 | steps:   373 | steps_t:     0 | t: 0.526233 | r:  -515.000000 | e:   1.000000 | Q:        nan | won: False 
#   35 | steps:   379 | steps_t:     0 | t: 0.534102 | r:  -505.000000 | e:   1.000000 | Q:        nan | won: False 
#   36 | steps:   390 | steps_t:     0 | t: 0.549307 | r:  -510.000000 | e:   1.000000 | Q:        nan | won: False 
#   37 | steps:   401 | steps_t:     0 | t: 0.564850 | r:  -510.000000 | e:   1.000000 | Q:        nan | won: False 
#   38 | steps:   409 | steps_t:     0 | t: 0.575637 | r:  -507.000000 | e:   1.000000 | Q:        nan | won: False 
#   39 | steps:   423 | steps_t:     0 | t: 0.595078 | r:  -513.000000 | e:   1.000000 | Q:        nan | won: False 
#   40 | steps:   428 | steps_t:     0 | t: 0.601530 | r:  -504.000000 | e:   1.000000 | Q:        nan | won: False 
#   41 | steps:   446 | steps_t:     0 | t: 0.626596 | r:  -506.000000 | e:   1.000000 | Q:        nan | won: False 
#   42 | steps:   453 | steps_t:     0 | t: 0.636013 | r:  -506.000000 | e:   1.000000 | Q:        nan | won: False 
#   43 | steps:   473 | steps_t:     0 | t: 0.664436 | r:  -508.000000 | e:   1.000000 | Q:        nan | won: False 
#   44 | steps:   485 | steps_t:     0 | t: 0.681204 | r:  -511.000000 | e:   1.000000 | Q:        nan | won: False 
#   45 | steps:   503 | steps_t:     0 | t: 0.706291 | r:  -517.000000 | e:   1.000000 | Q:        nan | won: False 
#   46 | steps:   509 | steps_t:     0 | t: 0.714260 | r:  -505.000000 | e:   1.000000 | Q:        nan | won: False 
#   47 | steps:   515 | steps_t:     0 | t: 0.722186 | r:  -505.000000 | e:   1.000000 | Q:        nan | won: False 
#   48 | steps:   525 | steps_t:     0 | t: 0.760941 | r:  -509.000000 | e:   1.000000 | Q:        nan | won: False 
#   49 | steps:   543 | steps_t:     0 | t: 0.787308 | r:  -517.000000 | e:   1.000000 | Q:        nan | won: False 
#   50 | steps:   558 | steps_t:     0 | t: 0.808262 | r:  -503.000000 | e:   1.000000 | Q:        nan | won: False 
#   51 | steps:   565 | steps_t:     0 | t: 0.817592 | r:  -506.000000 | e:   1.000000 | Q:        nan | won: False 
#   52 | steps:   571 | steps_t:     0 | t: 0.825537 | r:  -505.000000 | e:   1.000000 | Q:        nan | won: False 
#   53 | steps:   579 | steps_t:     0 | t: 0.836402 | r:  -507.000000 | e:   1.000000 | Q:        nan | won: False 
#   54 | steps:   590 | steps_t:     0 | t: 0.852046 | r:  -510.000000 | e:   1.000000 | Q:        nan | won: False 
#   55 | steps:   598 | steps_t:     0 | t: 0.862818 | r:  -507.000000 | e:   1.000000 | Q:        nan | won: False 
#   56 | steps:   614 | steps_t:     0 | t: 0.885741 | r:  -515.000000 | e:   1.000000 | Q:        nan | won: False 
#   57 | steps:   633 | steps_t:     0 | t: 0.912897 | r:  -518.000000 | e:   1.000000 | Q:        nan | won: False 
#   58 | steps:   644 | steps_t:     0 | t: 0.928205 | r:  -510.000000 | e:   1.000000 | Q:        nan | won: False 
#   59 | steps:   663 | steps_t:     0 | t: 0.955419 | r:  -518.000000 | e:   1.000000 | Q:        nan | won: False 
#   60 | steps:   671 | steps_t:     0 | t: 0.966395 | r:  -507.000000 | e:   1.000000 | Q:        nan | won: False 
#   61 | steps:   680 | steps_t:     0 | t: 0.979051 | r:  -508.000000 | e:   1.000000 | Q:        nan | won: False 
#   62 | steps:   696 | steps_t:     0 | t: 1.001733 | r:  -515.000000 | e:   1.000000 | Q:        nan | won: False 
#   63 | steps:   705 | steps_t:     0 | t: 1.013969 | r:  -508.000000 | e:   1.000000 | Q:        nan | won: False 
#   64 | steps:   713 | steps_t:     0 | t: 1.025078 | r:  -507.000000 | e:   1.000000 | Q:        nan | won: False 
#   65 | steps:   725 | steps_t:     0 | t: 1.042134 | r:  -511.000000 | e:   1.000000 | Q:        nan | won: False 
#   66 | steps:   741 | steps_t:     0 | t: 1.064744 | r:  -504.000000 | e:   1.000000 | Q:        nan | won: False 
#   67 | steps:   761 | steps_t:     0 | t: 1.093342 | r:  -519.000000 | e:   1.000000 | Q:        nan | won: False 
#   68 | steps:   782 | steps_t:     0 | t: 1.123258 | r:  -520.000000 | e:   1.000000 | Q:        nan | won: False 
#   69 | steps:   790 | steps_t:     0 | t: 1.134203 | r:  -507.000000 | e:   1.000000 | Q:        nan | won: False 
#   70 | steps:   803 | steps_t:     0 | t: 1.152385 | r:  -512.000000 | e:   1.000000 | Q:        nan | won: False 
#   71 | steps:   819 | steps_t:     0 | t: 1.175155 | r:  -504.000000 | e:   1.000000 | Q:        nan | won: False 
#   72 | steps:   828 | steps_t:     0 | t: 1.188030 | r:  -508.000000 | e:   1.000000 | Q:        nan | won: False 
#   73 | steps:   841 | steps_t:     0 | t: 1.206088 | r:  -501.000000 | e:   1.000000 | Q:        nan | won: False 
#   74 | steps:   850 | steps_t:     0 | t: 1.218742 | r:  -508.000000 | e:   1.000000 | Q:        nan | won: False 
#   75 | steps:   863 | steps_t:     0 | t: 1.236939 | r:  -512.000000 | e:   1.000000 | Q:        nan | won: False 
#   76 | steps:   869 | steps_t:     0 | t: 1.244955 | r:  -505.000000 | e:   1.000000 | Q:        nan | won: False 
#   77 | steps:   876 | steps_t:     0 | t: 1.254693 | r:  -506.000000 | e:   1.000000 | Q:        nan | won: False 
#   78 | steps:   901 | steps_t:     0 | t: 1.290426 | r:  -513.000000 | e:   1.000000 | Q:        nan | won: False 
#   79 | steps:   907 | steps_t:     0 | t: 1.298502 | r:  -505.000000 | e:   1.000000 | Q:        nan | won: False 
#   80 | steps:   927 | steps_t:     0 | t: 1.327295 | r:  -519.000000 | e:   1.000000 | Q:        nan | won: False 
#   81 | steps:   937 | steps_t:     0 | t: 1.341361 | r:  -509.000000 | e:   1.000000 | Q:        nan | won: False 
#   82 | steps:   949 | steps_t:     0 | t: 1.358125 | r:  -511.000000 | e:   1.000000 | Q:        nan | won: False 
#   83 | steps:   955 | steps_t:     0 | t: 1.366124 | r:  -505.000000 | e:   1.000000 | Q:        nan | won: False 
#   84 | steps:   979 | steps_t:     0 | t: 1.400205 | r:    88.000000 | e:   1.000000 | Q:        nan | won: True 
#   85 | steps:   986 | steps_t:     0 | t: 1.409561 | r:  -506.000000 | e:   1.000000 | Q:        nan | won: False 
#   86 | steps:   992 | steps_t:     0 | t: 1.417890 | r:  -505.000000 | e:   1.000000 | Q:        nan | won: False 
#   87 | steps:  1006 | steps_t:     0 | t: 1.437706 | r:  -502.000000 | e:   1.000000 | Q:        nan | won: False 
#   88 | steps:  1014 | steps_t:     0 | t: 1.448668 | r:  -507.000000 | e:   1.000000 | Q:        nan | won: False 
#   89 | steps:  1024 | steps_t:     0 | t: 1.462783 | r:  -509.000000 | e:   1.000000 | Q:        nan | won: False 
#   90 | steps:  1034 | steps_t:     0 | t: 1.476687 | r:  -509.000000 | e:   1.000000 | Q:        nan | won: False 
#   91 | steps:  1047 | steps_t:     0 | t: 1.495381 | r:  -512.000000 | e:   1.000000 | Q:        nan | won: False 
#   92 | steps:  1060 | steps_t:     0 | t: 1.513522 | r:  -512.000000 | e:   1.000000 | Q:        nan | won: False 
#   93 | steps:  1086 | steps_t:     0 | t: 1.551059 | r:  -525.000000 | e:   1.000000 | Q:        nan | won: False 
#   94 | steps:  1091 | steps_t:     0 | t: 1.557601 | r:  -504.000000 | e:   1.000000 | Q:        nan | won: False 
#   95 | steps:  1097 | steps_t:     0 | t: 1.565609 | r:  -505.000000 | e:   1.000000 | Q:        nan | won: False 
#   96 | steps:  1107 | steps_t:     0 | t: 1.579589 | r:  -509.000000 | e:   1.000000 | Q:        nan | won: False 
#   97 | steps:  1114 | steps_t:     0 | t: 1.589018 | r:  -506.000000 | e:   1.000000 | Q:        nan | won: False 
#   98 | steps:  1131 | steps_t:     0 | t: 1.613851 | r:  -516.000000 | e:   1.000000 | Q:        nan | won: False 
#   99 | steps:  1138 | steps_t:     0 | t: 1.623404 | r:  -506.000000 | e:   1.000000 | Q:        nan | won: False 
#  100 | steps:  1148 | steps_t:     0 | t: 1.637201 | r:  -509.000000 | e:   1.000000 | Q:        nan | won: False 
#  101 | steps:  1157 | steps_t:     0 | t: 1.649460 | r:  -508.000000 | e:   1.000000 | Q:        nan | won: False 
#  102 | steps:  1168 | steps_t:     0 | t: 1.664797 | r:  -510.000000 | e:   1.000000 | Q:        nan | won: False 
#  103 | steps:  1176 | steps_t:     0 | t: 1.675668 | r:  -507.000000 | e:   1.000000 | Q:        nan | won: False 
#  104 | steps:  1189 | steps_t:     0 | t: 1.694575 | r:  -512.000000 | e:   1.000000 | Q:        nan | won: False 
#  105 | steps:  1211 | steps_t:     0 | t: 1.725721 | r:  -510.000000 | e:   1.000000 | Q:        nan | won: False 
#  106 | steps:  1228 | steps_t:     0 | t: 1.750497 | r:  -505.000000 | e:   1.000000 | Q:        nan | won: False 
#  107 | steps:  1240 | steps_t:     0 | t: 1.767156 | r:  -511.000000 | e:   1.000000 | Q:        nan | won: False 
#  108 | steps:  1247 | steps_t:     0 | t: 1.776599 | r:  -506.000000 | e:   1.000000 | Q:        nan | won: False 
#  109 | steps:  1254 | steps_t:     0 | t: 1.786132 | r:  -506.000000 | e:   1.000000 | Q:        nan | won: False 
#  110 | steps:  1270 | steps_t:     0 | t: 1.809067 | r:  -504.000000 | e:   1.000000 | Q:        nan | won: False 
#  111 | steps:  1284 | steps_t:     0 | t: 1.828594 | r:  -502.000000 | e:   1.000000 | Q:        nan | won: False 
#  112 | steps:  1292 | steps_t:     0 | t: 1.839460 | r:  -507.000000 | e:   1.000000 | Q:        nan | won: False 
#  113 | steps:  1298 | steps_t:     0 | t: 1.847463 | r:  -505.000000 | e:   1.000000 | Q:        nan | won: False 
#  114 | steps:  1307 | steps_t:     0 | t: 1.859872 | r:  -508.000000 | e:   1.000000 | Q:        nan | won: False 
#  115 | steps:  1319 | steps_t:     0 | t: 1.876484 | r:  -511.000000 | e:   1.000000 | Q:        nan | won: False 
#  116 | steps:  1325 | steps_t:     0 | t: 1.884604 | r:  -505.000000 | e:   1.000000 | Q:        nan | won: False 
#  117 | steps:  1332 | steps_t:     0 | t: 1.893993 | r:  -506.000000 | e:   1.000000 | Q:        nan | won: False 
#  118 | steps:  1343 | steps_t:     0 | t: 1.909302 | r:  -510.000000 | e:   1.000000 | Q:        nan | won: False 
#  119 | steps:  1354 | steps_t:     0 | t: 1.924541 | r:  -510.000000 | e:   1.000000 | Q:        nan | won: False 
#  120 | steps:  1376 | steps_t:     0 | t: 1.955886 | r:  -521.000000 | e:   1.000000 | Q:        nan | won: False 
#  121 | steps:  1398 | steps_t:     0 | t: 1.987067 | r:  -521.000000 | e:   1.000000 | Q:        nan | won: False 
#  122 | steps:  1415 | steps_t:     0 | t: 2.010985 | r:  -516.000000 | e:   1.000000 | Q:        nan | won: False 
#  123 | steps:  1436 | steps_t:     0 | t: 2.041106 | r:  -520.000000 | e:   1.000000 | Q:        nan | won: False 
#  124 | steps:  1442 | steps_t:     0 | t: 2.049115 | r:  -505.000000 | e:   1.000000 | Q:        nan | won: False 
#  125 | steps:  1461 | steps_t:     0 | t: 2.076148 | r:  -518.000000 | e:   1.000000 | Q:        nan | won: False 
#  126 | steps:  1470 | steps_t:     0 | t: 2.088501 | r:  -508.000000 | e:   1.000000 | Q:        nan | won: False 
#  127 | steps:  1478 | steps_t:     0 | t: 2.099299 | r:  -507.000000 | e:   1.000000 | Q:        nan | won: False 
#  128 | steps:  1487 | steps_t:     0 | t: 2.111581 | r:  -508.000000 | e:   1.000000 | Q:        nan | won: False 
#  129 | steps:  1502 | steps_t:     0 | t: 2.132519 | r:  -514.000000 | e:   1.000000 | Q:        nan | won: False 
#  130 | steps:  1508 | steps_t:     0 | t: 2.140440 | r:  -505.000000 | e:   1.000000 | Q:        nan | won: False 
#  131 | steps:  1521 | steps_t:     0 | t: 2.158468 | r:  -512.000000 | e:   1.000000 | Q:        nan | won: False 
#  132 | steps:  1535 | steps_t:     0 | t: 2.178214 | r:  -502.000000 | e:   1.000000 | Q:        nan | won: False 
#  133 | steps:  1544 | steps_t:     0 | t: 2.190534 | r:  -508.000000 | e:   1.000000 | Q:        nan | won: False 
#  134 | steps:  1574 | steps_t:     0 | t: 2.232344 | r:  -518.000000 | e:   1.000000 | Q:        nan | won: False 
#  135 | steps:  1580 | steps_t:     0 | t: 2.240185 | r:  -505.000000 | e:   1.000000 | Q:        nan | won: False 
#  136 | steps:  1586 | steps_t:     0 | t: 2.247966 | r:  -505.000000 | e:   1.000000 | Q:        nan | won: False 
#  137 | steps:  1603 | steps_t:     0 | t: 2.271241 | r:  -505.000000 | e:   1.000000 | Q:        nan | won: False 
#  138 | steps:  1612 | steps_t:     0 | t: 2.283337 | r:  -508.000000 | e:   1.000000 | Q:        nan | won: False 
#  139 | steps:  1629 | steps_t:     0 | t: 2.306625 | r:  -516.000000 | e:   1.000000 | Q:        nan | won: False 
#  140 | steps:  1647 | steps_t:     0 | t: 2.331241 | r:  -506.000000 | e:   1.000000 | Q:        nan | won: False 
#  141 | steps:  1657 | steps_t:     0 | t: 2.344631 | r:  -509.000000 | e:   1.000000 | Q:        nan | won: False 
#  142 | steps:  1664 | steps_t:     0 | t: 2.354083 | r:  -506.000000 | e:   1.000000 | Q:        nan | won: False 
#  143 | steps:  1671 | steps_t:     0 | t: 2.363309 | r:  -506.000000 | e:   1.000000 | Q:        nan | won: False 
#  144 | steps:  1689 | steps_t:     0 | t: 2.388093 | r:  -517.000000 | e:   1.000000 | Q:        nan | won: False 
#  145 | steps:  1701 | steps_t:     0 | t: 2.404268 | r:  -511.000000 | e:   1.000000 | Q:        nan | won: False 
#  146 | steps:  1711 | steps_t:     0 | t: 2.417784 | r:  -509.000000 | e:   1.000000 | Q:        nan | won: False 
#  147 | steps:  1718 | steps_t:     0 | t: 2.426991 | r:  -506.000000 | e:   1.000000 | Q:        nan | won: False 
#  148 | steps:  1726 | steps_t:     0 | t: 2.437569 | r:  -507.000000 | e:   1.000000 | Q:        nan | won: False 
#  149 | steps:  1735 | steps_t:     0 | t: 2.449557 | r:  -508.000000 | e:   1.000000 | Q:        nan | won: False 
#  150 | steps:  1741 | steps_t:     0 | t: 2.457374 | r:  -505.000000 | e:   1.000000 | Q:        nan | won: False 
#  151 | steps:  1746 | steps_t:     0 | t: 2.463750 | r:  -504.000000 | e:   1.000000 | Q:        nan | won: False 
#  152 | steps:  1752 | steps_t:     0 | t: 2.471575 | r:  -505.000000 | e:   1.000000 | Q:        nan | won: False 
#  153 | steps:  1774 | steps_t:     0 | t: 2.502000 | r:  -521.000000 | e:   1.000000 | Q:        nan | won: False 
#  154 | steps:  1783 | steps_t:     0 | t: 2.514203 | r:  -508.000000 | e:   1.000000 | Q:        nan | won: False 
#  155 | steps:  1794 | steps_t:     0 | t: 2.529066 | r:  -510.000000 | e:   1.000000 | Q:        nan | won: False 
#  156 | steps:  1803 | steps_t:     0 | t: 2.541032 | r:  -508.000000 | e:   1.000000 | Q:        nan | won: False 
#  157 | steps:  1811 | steps_t:     0 | t: 2.551846 | r:  -507.000000 | e:   1.000000 | Q:        nan | won: False 
#  158 | steps:  1854 | steps_t:     0 | t: 2.611574 | r:  -531.000000 | e:   1.000000 | Q:        nan | won: False 
#  159 | steps:  1870 | steps_t:     0 | t: 2.633449 | r:  -504.000000 | e:   1.000000 | Q:        nan | won: False 
#  160 | steps:  1891 | steps_t:     0 | t: 2.662376 | r:  -509.000000 | e:   1.000000 | Q:        nan | won: False 
#  161 | steps:  1900 | steps_t:     0 | t: 2.674463 | r:  -508.000000 | e:   1.000000 | Q:        nan | won: False 
#  162 | steps:  1911 | steps_t:     0 | t: 2.689737 | r:  -510.000000 | e:   1.000000 | Q:        nan | won: False 
#  163 | steps:  1920 | steps_t:     0 | t: 2.701717 | r:  -508.000000 | e:   1.000000 | Q:        nan | won: False 
#  164 | steps:  1935 | steps_t:     0 | t: 2.722332 | r:  -514.000000 | e:   1.000000 | Q:        nan | won: False 
#  165 | steps:  1943 | steps_t:     0 | t: 2.732989 | r:  -507.000000 | e:   1.000000 | Q:        nan | won: False 
#  166 | steps:  1954 | steps_t:     0 | t: 2.748059 | r:  -510.000000 | e:   1.000000 | Q:        nan | won: False 
#  167 | steps:  1962 | steps_t:     0 | t: 2.758781 | r:  -507.000000 | e:   1.000000 | Q:        nan | won: False 
#  168 | steps:  1968 | steps_t:     0 | t: 2.766507 | r:  -505.000000 | e:   1.000000 | Q:        nan | won: False 
#  169 | steps:  1994 | steps_t:     0 | t: 2.802443 | r:  -525.000000 | e:   1.000000 | Q:        nan | won: False 
#  170 | steps:  2000 | steps_t:     0 | t: 2.810268 | r:  -505.000000 | e:   1.000000 | Q:        nan | won: False 
#  171 | steps:  2014 | steps_t:     0 | t: 2.829395 | r:  -513.000000 | e:   1.000000 | Q:        nan | won: False 
#  172 | steps:  2024 | steps_t:     0 | t: 2.843072 | r:  -509.000000 | e:   1.000000 | Q:        nan | won: False 
#  173 | steps:  2036 | steps_t:     0 | t: 2.859444 | r:  -511.000000 | e:   1.000000 | Q:        nan | won: False 
#  174 | steps:  2042 | steps_t:     0 | t: 2.867238 | r:  -505.000000 | e:   1.000000 | Q:        nan | won: False 
#  175 | steps:  2054 | steps_t:     0 | t: 2.883541 | r:  -511.000000 | e:   1.000000 | Q:        nan | won: False 
#  176 | steps:  2075 | steps_t:     0 | t: 2.912315 | r:  -509.000000 | e:   1.000000 | Q:        nan | won: False 
#  177 | steps:  2082 | steps_t:     0 | t: 2.921959 | r:  -506.000000 | e:   1.000000 | Q:        nan | won: False 
#  178 | steps:  2095 | steps_t:     0 | t: 2.939686 | r:  -501.000000 | e:   1.000000 | Q:        nan | won: False 
#  179 | steps:  2116 | steps_t:     0 | t: 2.968788 | r:  -520.000000 | e:   1.000000 | Q:        nan | won: False 
#  180 | steps:  2127 | steps_t:     0 | t: 2.983844 | r:  -510.000000 | e:   1.000000 | Q:        nan | won: False 
#  181 | steps:  2141 | steps_t:     0 | t: 3.002783 | r:  -513.000000 | e:   1.000000 | Q:        nan | won: False 
#  182 | steps:  2151 | steps_t:     0 | t: 3.016226 | r:  -509.000000 | e:   1.000000 | Q:        nan | won: False 
#  183 | steps:  2174 | steps_t:     0 | t: 3.048119 | r:  -511.000000 | e:   1.000000 | Q:        nan | won: False 
#  184 | steps:  2187 | steps_t:     0 | t: 3.065894 | r:  -512.000000 | e:   1.000000 | Q:        nan | won: False 
#  185 | steps:  2196 | steps_t:     0 | t: 3.077910 | r:  -508.000000 | e:   1.000000 | Q:        nan | won: False 
#  186 | steps:  2202 | steps_t:     0 | t: 3.085788 | r:  -505.000000 | e:   1.000000 | Q:        nan | won: False 
#  187 | steps:  2224 | steps_t:     0 | t: 3.115986 | r:  -521.000000 | e:   1.000000 | Q:        nan | won: False 
#  188 | steps:  2234 | steps_t:     0 | t: 3.129371 | r:  -509.000000 | e:   1.000000 | Q:        nan | won: False 
#  189 | steps:  2248 | steps_t:     0 | t: 3.148420 | r:  -502.000000 | e:   1.000000 | Q:        nan | won: False 
#  190 | steps:  2258 | steps_t:     0 | t: 3.161973 | r:  -509.000000 | e:   1.000000 | Q:        nan | won: False 
#  191 | steps:  2267 | steps_t:     0 | t: 3.174077 | r:  -508.000000 | e:   1.000000 | Q:        nan | won: False 
#  192 | steps:  2277 | steps_t:     0 | t: 3.187505 | r:  -509.000000 | e:   1.000000 | Q:        nan | won: False 
#  193 | steps:  2286 | steps_t:     0 | t: 3.199486 | r:  -508.000000 | e:   1.000000 | Q:        nan | won: False 
#  194 | steps:  2295 | steps_t:     0 | t: 3.211585 | r:  -508.000000 | e:   1.000000 | Q:        nan | won: False 
#  195 | steps:  2314 | steps_t:     0 | t: 3.237837 | r:  -507.000000 | e:   1.000000 | Q:        nan | won: False 
#  196 | steps:  2323 | steps_t:     0 | t: 3.249939 | r:  -508.000000 | e:   1.000000 | Q:        nan | won: False 
#  197 | steps:  2333 | steps_t:     0 | t: 3.263354 | r:  -509.000000 | e:   1.000000 | Q:        nan | won: False 
#  198 | steps:  2344 | steps_t:     0 | t: 3.278348 | r:  -510.000000 | e:   1.000000 | Q:        nan | won: False 
#  199 | steps:  2350 | steps_t:     0 | t: 3.286214 | r:  -505.000000 | e:   1.000000 | Q:        nan | won: False 
#  200 | steps:  2358 | steps_t:     0 | t: 3.296893 | r:  -507.000000 | e:   1.000000 | Q:        nan | won: False 
#  201 | steps:  2371 | steps_t:     0 | t: 3.314498 | r:  -501.000000 | e:   1.000000 | Q:        nan | won: False 
#  202 | steps:  2380 | steps_t:     0 | t: 3.326717 | r:  -508.000000 | e:   1.000000 | Q:        nan | won: False 
#  203 | steps:  2392 | steps_t:     0 | t: 3.343111 | r:  -511.000000 | e:   1.000000 | Q:        nan | won: False 
#  204 | steps:  2398 | steps_t:     0 | t: 3.350943 | r:  -505.000000 | e:   1.000000 | Q:        nan | won: False 
#  205 | steps:  2412 | steps_t:     0 | t: 3.370237 | r:  -513.000000 | e:   1.000000 | Q:        nan | won: False 
#  206 | steps:  2435 | steps_t:     0 | t: 3.402572 | r:  -500.000000 | e:   1.000000 | Q:        nan | won: False 
#  207 | steps:  2444 | steps_t:     0 | t: 3.415062 | r:  -508.000000 | e:   1.000000 | Q:        nan | won: False 
#  208 | steps:  2470 | steps_t:     0 | t: 3.451813 | r:  -525.000000 | e:   1.000000 | Q:        nan | won: False 
#  209 | steps:  2485 | steps_t:     0 | t: 3.472749 | r:  -492.000000 | e:   1.000000 | Q:        nan | won: False 
#  210 | steps:  2496 | steps_t:     0 | t: 3.488076 | r:  -510.000000 | e:   1.000000 | Q:        nan | won: False 
#  211 | steps:  2513 | steps_t:     0 | t: 3.511717 | r:  -516.000000 | e:   1.000000 | Q:        nan | won: False 
#  212 | steps:  2527 | steps_t:     0 | t: 3.531307 | r:  -513.000000 | e:   1.000000 | Q:        nan | won: False 
#  213 | steps:  2533 | steps_t:     0 | t: 3.539355 | r:  -505.000000 | e:   1.000000 | Q:        nan | won: False 
#  214 | steps:  2544 | steps_t:     0 | t: 3.554500 | r:  -510.000000 | e:   1.000000 | Q:        nan | won: False 
#  215 | steps:  2554 | steps_t:     0 | t: 3.568353 | r:  -509.000000 | e:   1.000000 | Q:        nan | won: False 
#  216 | steps:  2563 | steps_t:     0 | t: 3.580573 | r:  -508.000000 | e:   1.000000 | Q:        nan | won: False 
#  217 | steps:  2577 | steps_t:     0 | t: 3.600301 | r:  -513.000000 | e:   1.000000 | Q:        nan | won: False 
#  218 | steps:  2589 | steps_t:     0 | t: 3.616694 | r:  -511.000000 | e:   1.000000 | Q:        nan | won: False 
#  219 | steps:  2605 | steps_t:     0 | t: 3.639516 | r:  -504.000000 | e:   1.000000 | Q:        nan | won: False 
#  220 | steps:  2619 | steps_t:     0 | t: 3.658957 | r:  -502.000000 | e:   1.000000 | Q:        nan | won: False 
#  221 | steps:  2628 | steps_t:     0 | t: 3.671020 | r:  -508.000000 | e:   1.000000 | Q:        nan | won: False 
#  222 | steps:  2634 | steps_t:     0 | t: 3.678777 | r:  -505.000000 | e:   1.000000 | Q:        nan | won: False 
#  223 | steps:  2644 | steps_t:     0 | t: 3.692775 | r:  -509.000000 | e:   1.000000 | Q:        nan | won: False 
#  224 | steps:  2655 | steps_t:     0 | t: 3.707747 | r:  -510.000000 | e:   1.000000 | Q:        nan | won: False 
#  225 | steps:  2666 | steps_t:     0 | t: 3.723000 | r:  -510.000000 | e:   1.000000 | Q:        nan | won: False 
#  226 | steps:  2672 | steps_t:     0 | t: 3.731169 | r:  -505.000000 | e:   1.000000 | Q:        nan | won: False 
#  227 | steps:  2679 | steps_t:     0 | t: 3.740466 | r:  -506.000000 | e:   1.000000 | Q:        nan | won: False 
#  228 | steps:  2686 | steps_t:     0 | t: 3.750140 | r:  -506.000000 | e:   1.000000 | Q:        nan | won: False 
#  229 | steps:  2704 | steps_t:     0 | t: 3.775046 | r:  -517.000000 | e:   1.000000 | Q:        nan | won: False 
#  230 | steps:  2713 | steps_t:     0 | t: 3.787621 | r:  -508.000000 | e:   1.000000 | Q:        nan | won: False 
#  231 | steps:  2723 | steps_t:     0 | t: 3.801008 | r:  -509.000000 | e:   1.000000 | Q:        nan | won: False 
#  232 | steps:  2739 | steps_t:     0 | t: 3.823315 | r:  -504.000000 | e:   1.000000 | Q:        nan | won: False 
#  233 | steps:  2745 | steps_t:     0 | t: 3.831132 | r:  -505.000000 | e:   1.000000 | Q:        nan | won: False 
#  234 | steps:  2756 | steps_t:     0 | t: 3.846321 | r:  -510.000000 | e:   1.000000 | Q:        nan | won: False 
#  235 | steps:  2767 | steps_t:     0 | t: 3.861314 | r:  -510.000000 | e:   1.000000 | Q:        nan | won: False 
#  236 | steps:  2777 | steps_t:     0 | t: 3.875124 | r:  -509.000000 | e:   1.000000 | Q:        nan | won: False 
#  237 | steps:  2788 | steps_t:     0 | t: 3.890156 | r:  -510.000000 | e:   1.000000 | Q:        nan | won: False 
#  238 | steps:  2798 | steps_t:     0 | t: 3.903948 | r:  -509.000000 | e:   1.000000 | Q:        nan | won: False 
#  239 | steps:  2806 | steps_t:     0 | t: 3.914604 | r:  -507.000000 | e:   1.000000 | Q:        nan | won: False 
#  240 | steps:  2822 | steps_t:     0 | t: 3.936755 | r:  -504.000000 | e:   1.000000 | Q:        nan | won: False 
#  241 | steps:  2832 | steps_t:     0 | t: 3.950320 | r:  -509.000000 | e:   1.000000 | Q:        nan | won: False 
#  242 | steps:  2839 | steps_t:     0 | t: 3.959595 | r:  -506.000000 | e:   1.000000 | Q:        nan | won: False 
#  243 | steps:  2846 | steps_t:     0 | t: 3.969222 | r:  -506.000000 | e:   1.000000 | Q:        nan | won: False 
#  244 | steps:  2855 | steps_t:     0 | t: 3.981353 | r:  -508.000000 | e:   1.000000 | Q:        nan | won: False 
#  245 | steps:  2862 | steps_t:     0 | t: 3.990563 | r:  -506.000000 | e:   1.000000 | Q:        nan | won: False 
#  246 | steps:  2872 | steps_t:     0 | t: 4.004448 | r:  -509.000000 | e:   1.000000 | Q:        nan | won: False 
#  247 | steps:  2880 | steps_t:     0 | t: 4.015189 | r:  -507.000000 | e:   1.000000 | Q:        nan | won: False 
#  248 | steps:  2890 | steps_t:     0 | t: 4.029173 | r:  -509.000000 | e:   1.000000 | Q:        nan | won: False 
#  249 | steps:  2909 | steps_t:     0 | t: 4.055162 | r:  -507.000000 | e:   1.000000 | Q:        nan | won: False 
#  250 | steps:  2917 | steps_t:     0 | t: 4.066225 | r:  -507.000000 | e:   1.000000 | Q:        nan | won: False 
#  251 | steps:  2932 | steps_t:     0 | t: 4.087009 | r:  -492.000000 | e:   1.000000 | Q:        nan | won: False 
#  252 | steps:  2942 | steps_t:     0 | t: 4.100559 | r:  -509.000000 | e:   1.000000 | Q:        nan | won: False 
#  253 | steps:  2963 | steps_t:     0 | t: 4.130370 | r:  -520.000000 | e:   1.000000 | Q:        nan | won: False 
#  254 | steps:  2979 | steps_t:     0 | t: 4.152678 | r:  -504.000000 | e:   1.000000 | Q:        nan | won: False 
#  255 | steps:  2992 | steps_t:     0 | t: 4.170456 | r:  -512.000000 | e:   1.000000 | Q:        nan | won: False 
#  256 | steps:  3002 | steps_t:     0 | t: 4.184441 | r:  -509.000000 | e:   1.000000 | Q:        nan | won: False 
#  257 | steps:  3009 | steps_t:     0 | t: 4.193607 | r:  -506.000000 | e:   1.000000 | Q:        nan | won: False 
#  258 | steps:  3016 | steps_t:     0 | t: 4.202909 | r:  -506.000000 | e:   1.000000 | Q:        nan | won: False 
#  259 | steps:  3026 | steps_t:     0 | t: 4.216741 | r:  -509.000000 | e:   1.000000 | Q:        nan | won: False 
#  260 | steps:  3034 | steps_t:     0 | t: 4.227372 | r:  -507.000000 | e:   1.000000 | Q:        nan | won: False 
#  261 | steps:  3043 | steps_t:     0 | t: 4.239375 | r:  -508.000000 | e:   1.000000 | Q:        nan | won: False 
#  262 | steps:  3052 | steps_t:     0 | t: 4.251429 | r:  -508.000000 | e:   1.000000 | Q:        nan | won: False 
#  263 | steps:  3063 | steps_t:     0 | t: 4.266155 | r:  -510.000000 | e:   1.000000 | Q:        nan | won: False 
#  264 | steps:  3075 | steps_t:     0 | t: 4.282648 | r:  -511.000000 | e:   1.000000 | Q:        nan | won: False 
#  265 | steps:  3082 | steps_t:     0 | t: 4.291909 | r:  -506.000000 | e:   1.000000 | Q:        nan | won: False 
#  266 | steps:  3098 | steps_t:     0 | t: 4.313824 | r:  -504.000000 | e:   1.000000 | Q:        nan | won: False 
#  267 | steps:  3114 | steps_t:     0 | t: 4.335674 | r:  -515.000000 | e:   1.000000 | Q:        nan | won: False 
#  268 | steps:  3121 | steps_t:     0 | t: 4.344788 | r:  -506.000000 | e:   1.000000 | Q:        nan | won: False 
#  269 | steps:  3132 | steps_t:     0 | t: 4.359790 | r:  -510.000000 | e:   1.000000 | Q:        nan | won: False 
#  270 | steps:  3153 | steps_t:     0 | t: 4.388833 | r:  -520.000000 | e:   1.000000 | Q:        nan | won: False 
#  271 | steps:  3159 | steps_t:     0 | t: 4.396606 | r:  -505.000000 | e:   1.000000 | Q:        nan | won: False 
#  272 | steps:  3173 | steps_t:     0 | t: 4.415746 | r:  -513.000000 | e:   1.000000 | Q:        nan | won: False 
#  273 | steps:  3192 | steps_t:     0 | t: 4.442100 | r:  -496.000000 | e:   1.000000 | Q:        nan | won: False 
#  274 | steps:  3198 | steps_t:     0 | t: 4.449879 | r:  -505.000000 | e:   1.000000 | Q:        nan | won: False 
#  275 | steps:  3210 | steps_t:     0 | t: 4.466733 | r:  -511.000000 | e:   1.000000 | Q:        nan | won: False 
#  276 | steps:  3234 | steps_t:     0 | t: 4.500750 | r:  -523.000000 | e:   1.000000 | Q:        nan | won: False 
#  277 | steps:  3246 | steps_t:     0 | t: 4.517057 | r:  -511.000000 | e:   1.000000 | Q:        nan | won: False 
#  278 | steps:  3252 | steps_t:     0 | t: 4.524845 | r:  -505.000000 | e:   1.000000 | Q:        nan | won: False 
#  279 | steps:  3261 | steps_t:     0 | t: 4.536874 | r:  -508.000000 | e:   1.000000 | Q:        nan | won: False 
#  280 | steps:  3271 | steps_t:     0 | t: 4.550977 | r:  -509.000000 | e:   1.000000 | Q:        nan | won: False 
#  281 | steps:  3278 | steps_t:     0 | t: 4.560205 | r:  -506.000000 | e:   1.000000 | Q:        nan | won: False 
#  282 | steps:  3285 | steps_t:     0 | t: 4.569465 | r:  -506.000000 | e:   1.000000 | Q:        nan | won: False 
#  283 | steps:  3303 | steps_t:     0 | t: 4.594236 | r:  -517.000000 | e:   1.000000 | Q:        nan | won: False 
#  284 | steps:  3314 | steps_t:     0 | t: 4.609225 | r:  -510.000000 | e:   1.000000 | Q:        nan | won: False 
#  285 | steps:  3324 | steps_t:     0 | t: 4.622758 | r:  -509.000000 | e:   1.000000 | Q:        nan | won: False 
#  286 | steps:  3332 | steps_t:     0 | t: 4.633587 | r:  -507.000000 | e:   1.000000 | Q:        nan | won: False 
#  287 | steps:  3338 | steps_t:     0 | t: 4.641309 | r:  -505.000000 | e:   1.000000 | Q:        nan | won: False 
#  288 | steps:  3352 | steps_t:     0 | t: 4.660669 | r:  -513.000000 | e:   1.000000 | Q:        nan | won: False 
#  289 | steps:  3362 | steps_t:     0 | t: 4.674186 | r:  -509.000000 | e:   1.000000 | Q:        nan | won: False 
#  290 | steps:  3372 | steps_t:     0 | t: 4.687733 | r:  -509.000000 | e:   1.000000 | Q:        nan | won: False 
#  291 | steps:  3378 | steps_t:     0 | t: 4.695627 | r:  -505.000000 | e:   1.000000 | Q:        nan | won: False 
#  292 | steps:  3384 | steps_t:     0 | t: 4.703738 | r:  -505.000000 | e:   1.000000 | Q:        nan | won: False 
#  293 | steps:  3399 | steps_t:     0 | t: 4.724642 | r:  -514.000000 | e:   1.000000 | Q:        nan | won: False 
#  294 | steps:  3431 | steps_t:     0 | t: 4.769281 | r:  -520.000000 | e:   1.000000 | Q:        nan | won: False 
#  295 | steps:  3456 | steps_t:     0 | t: 4.804535 | r:  -524.000000 | e:   1.000000 | Q:        nan | won: False 
#  296 | steps:  3468 | steps_t:     0 | t: 4.820849 | r:  -511.000000 | e:   1.000000 | Q:        nan | won: False 
#  297 | steps:  3478 | steps_t:     0 | t: 4.834701 | r:  -509.000000 | e:   1.000000 | Q:        nan | won: False 
#  298 | steps:  3486 | steps_t:     0 | t: 4.845470 | r:  -507.000000 | e:   1.000000 | Q:        nan | won: False 
#  299 | steps:  3495 | steps_t:     0 | t: 4.858122 | r:  -508.000000 | e:   1.000000 | Q:        nan | won: False 
#  300 | steps:  3520 | steps_t:     0 | t: 4.893264 | r:  -513.000000 | e:   1.000000 | Q:        nan | won: False 
#  301 | steps:  3531 | steps_t:     0 | t: 4.908233 | r:  -510.000000 | e:   1.000000 | Q:        nan | won: False 
#  302 | steps:  3537 | steps_t:     0 | t: 4.915971 | r:  -505.000000 | e:   1.000000 | Q:        nan | won: False 
#  303 | steps:  3552 | steps_t:     0 | t: 4.937013 | r:  -503.000000 | e:   1.000000 | Q:        nan | won: False 
#  304 | steps:  3562 | steps_t:     0 | t: 4.951027 | r:  -509.000000 | e:   1.000000 | Q:        nan | won: False 
#  305 | steps:  3572 | steps_t:     0 | t: 4.964647 | r:  -509.000000 | e:   1.000000 | Q:        nan | won: False 
#  306 | steps:  3588 | steps_t:     0 | t: 4.987108 | r:  -515.000000 | e:   1.000000 | Q:        nan | won: False 
#  307 | steps:  3596 | steps_t:     0 | t: 4.997859 | r:  -507.000000 | e:   1.000000 | Q:        nan | won: False 
#  308 | steps:  3602 | steps_t:     0 | t: 5.005737 | r:  -505.000000 | e:   1.000000 | Q:        nan | won: False 
#  309 | steps:  3616 | steps_t:     0 | t: 5.025155 | r:  -513.000000 | e:   1.000000 | Q:        nan | won: False 
#  310 | steps:  3622 | steps_t:     0 | t: 5.033097 | r:  -505.000000 | e:   1.000000 | Q:        nan | won: False 
#  311 | steps:  3632 | steps_t:     0 | t: 5.046857 | r:  -509.000000 | e:   1.000000 | Q:        nan | won: False 
#  312 | steps:  3641 | steps_t:     0 | t: 5.058968 | r:  -508.000000 | e:   1.000000 | Q:        nan | won: False 
#  313 | steps:  3652 | steps_t:     0 | t: 5.074211 | r:  -510.000000 | e:   1.000000 | Q:        nan | won: False 
#  314 | steps:  3661 | steps_t:     0 | t: 5.086324 | r:  -508.000000 | e:   1.000000 | Q:        nan | won: False 
#  315 | steps:  3669 | steps_t:     0 | t: 5.097012 | r:  -507.000000 | e:   1.000000 | Q:        nan | won: False 
#  316 | steps:  3679 | steps_t:     0 | t: 5.110788 | r:  -509.000000 | e:   1.000000 | Q:        nan | won: False 
#  317 | steps:  3685 | steps_t:     0 | t: 5.118649 | r:  -505.000000 | e:   1.000000 | Q:        nan | won: False 
#  318 | steps:  3707 | steps_t:     0 | t: 5.149642 | r:    90.000000 | e:   1.000000 | Q:        nan | won: True 
#  319 | steps:  3713 | steps_t:     0 | t: 5.157483 | r:  -505.000000 | e:   1.000000 | Q:        nan | won: False 
#  320 | steps:  3724 | steps_t:     0 | t: 5.172822 | r:  -510.000000 | e:   1.000000 | Q:        nan | won: False 
#  321 | steps:  3734 | steps_t:     0 | t: 5.186332 | r:  -509.000000 | e:   1.000000 | Q:        nan | won: False 
#  322 | steps:  3742 | steps_t:     0 | t: 5.197371 | r:  -507.000000 | e:   1.000000 | Q:        nan | won: False 
#  323 | steps:  3749 | steps_t:     0 | t: 5.206646 | r:  -506.000000 | e:   1.000000 | Q:        nan | won: False 
#  324 | steps:  3755 | steps_t:     0 | t: 5.214564 | r:  -505.000000 | e:   1.000000 | Q:        nan | won: False 
#  325 | steps:  3766 | steps_t:     0 | t: 5.229806 | r:  -510.000000 | e:   1.000000 | Q:        nan | won: False 
#  326 | steps:  3772 | steps_t:     0 | t: 5.237604 | r:  -505.000000 | e:   1.000000 | Q:        nan | won: False 
#  327 | steps:  3782 | steps_t:     0 | t: 5.251092 | r:  -509.000000 | e:   1.000000 | Q:        nan | won: False 
#  328 | steps:  3792 | steps_t:     0 | t: 5.265005 | r:  -509.000000 | e:   1.000000 | Q:        nan | won: False 
#  329 | steps:  3803 | steps_t:     0 | t: 5.280155 | r:  -510.000000 | e:   1.000000 | Q:        nan | won: False 
#  330 | steps:  3809 | steps_t:     0 | t: 5.287955 | r:  -505.000000 | e:   1.000000 | Q:        nan | won: False 
#  331 | steps:  3820 | steps_t:     0 | t: 5.303334 | r:  -510.000000 | e:   1.000000 | Q:        nan | won: False 
#  332 | steps:  3829 | steps_t:     0 | t: 5.315334 | r:  -508.000000 | e:   1.000000 | Q:        nan | won: False 
#  333 | steps:  3835 | steps_t:     0 | t: 5.323172 | r:  -505.000000 | e:   1.000000 | Q:        nan | won: False 
#  334 | steps:  3846 | steps_t:     0 | t: 5.338485 | r:  -510.000000 | e:   1.000000 | Q:        nan | won: False 
#  335 | steps:  3855 | steps_t:     0 | t: 5.350537 | r:  -508.000000 | e:   1.000000 | Q:        nan | won: False 
#  336 | steps:  3872 | steps_t:     0 | t: 5.374496 | r:  -516.000000 | e:   1.000000 | Q:        nan | won: False 
#  337 | steps:  3881 | steps_t:     0 | t: 5.386588 | r:  -508.000000 | e:   1.000000 | Q:        nan | won: False 
#  338 | steps:  3890 | steps_t:     0 | t: 5.399092 | r:  -508.000000 | e:   1.000000 | Q:        nan | won: False 
#  339 | steps:  3909 | steps_t:     0 | t: 5.425435 | r:  -507.000000 | e:   1.000000 | Q:        nan | won: False 
#  340 | steps:  3922 | steps_t:     0 | t: 5.443252 | r:  -512.000000 | e:   1.000000 | Q:        nan | won: False 
#  341 | steps:  3938 | steps_t:     0 | t: 5.465466 | r:  -504.000000 | e:   1.000000 | Q:        nan | won: False 
#  342 | steps:  3946 | steps_t:     0 | t: 5.476134 | r:  -507.000000 | e:   1.000000 | Q:        nan | won: False 
#  343 | steps:  3959 | steps_t:     0 | t: 5.494183 | r:  -512.000000 | e:   1.000000 | Q:        nan | won: False 
#  344 | steps:  3981 | steps_t:     0 | t: 5.525176 | r:  -521.000000 | e:   1.000000 | Q:        nan | won: False 
#  345 | steps:  3989 | steps_t:     0 | t: 5.536120 | r:  -507.000000 | e:   1.000000 | Q:        nan | won: False 
#  346 | steps:  3997 | steps_t:     0 | t: 5.547333 | r:  -507.000000 | e:   1.000000 | Q:        nan | won: False 
#  347 | steps:  4005 | steps_t:     0 | t: 5.557982 | r:  -507.000000 | e:   1.000000 | Q:        nan | won: False 
#  348 | steps:  4014 | steps_t:     0 | t: 5.569992 | r:  -508.000000 | e:   1.000000 | Q:        nan | won: False 
#  349 | steps:  4023 | steps_t:     0 | t: 5.582496 | r:  -508.000000 | e:   1.000000 | Q:        nan | won: False 
#  350 | steps:  4046 | steps_t:     0 | t: 5.614812 | r:  -522.000000 | e:   1.000000 | Q:        nan | won: False 
#  351 | steps:  4056 | steps_t:     0 | t: 5.628278 | r:  -509.000000 | e:   1.000000 | Q:        nan | won: False 
#  352 | steps:  4073 | steps_t:     0 | t: 5.652061 | r:  -505.000000 | e:   1.000000 | Q:        nan | won: False 
#  353 | steps:  4081 | steps_t:     0 | t: 5.662710 | r:  -507.000000 | e:   1.000000 | Q:        nan | won: False 
#  354 | steps:  4094 | steps_t:     0 | t: 5.680759 | r:  -512.000000 | e:   1.000000 | Q:        nan | won: False 
#  355 | steps:  4103 | steps_t:     0 | t: 5.693382 | r:  -508.000000 | e:   1.000000 | Q:        nan | won: False 
#  356 | steps:  4110 | steps_t:     0 | t: 5.702610 | r:  -506.000000 | e:   1.000000 | Q:        nan | won: False 
#  357 | steps:  4118 | steps_t:     0 | t: 5.713179 | r:  -507.000000 | e:   1.000000 | Q:        nan | won: False 
#  358 | steps:  4134 | steps_t:     0 | t: 5.735536 | r:  -515.000000 | e:   1.000000 | Q:        nan | won: False 
#  359 | steps:  4140 | steps_t:     0 | t: 5.743321 | r:  -505.000000 | e:   1.000000 | Q:        nan | won: False 
#  360 | steps:  4152 | steps_t:     0 | t: 5.759724 | r:  -511.000000 | e:   1.000000 | Q:        nan | won: False 
#  361 | steps:  4164 | steps_t:     0 | t: 5.776306 | r:  -511.000000 | e:   1.000000 | Q:        nan | won: False 
#  362 | steps:  4174 | steps_t:     0 | t: 5.790357 | r:  -509.000000 | e:   1.000000 | Q:        nan | won: False 
#  363 | steps:  4191 | steps_t:     0 | t: 5.813661 | r:  -505.000000 | e:   1.000000 | Q:        nan | won: False 
#  364 | steps:  4204 | steps_t:     0 | t: 5.831699 | r:  -512.000000 | e:   1.000000 | Q:        nan | won: False 
#  365 | steps:  4213 | steps_t:     0 | t: 5.843823 | r:  -508.000000 | e:   1.000000 | Q:        nan | won: False 
#  366 | steps:  4225 | steps_t:     0 | t: 5.860167 | r:  -511.000000 | e:   1.000000 | Q:        nan | won: False 
#  367 | steps:  4231 | steps_t:     0 | t: 5.867985 | r:  -505.000000 | e:   1.000000 | Q:        nan | won: False 
#  368 | steps:  4236 | steps_t:     0 | t: 5.874376 | r:  -504.000000 | e:   1.000000 | Q:        nan | won: False 
#  369 | steps:  4247 | steps_t:     0 | t: 5.889374 | r:  -510.000000 | e:   1.000000 | Q:        nan | won: False 
#  370 | steps:  4261 | steps_t:     0 | t: 5.908437 | r:  -513.000000 | e:   1.000000 | Q:        nan | won: False 
#  371 | steps:  4270 | steps_t:     0 | t: 5.920635 | r:  -508.000000 | e:   1.000000 | Q:        nan | won: False 
#  372 | steps:  4280 | steps_t:     0 | t: 5.934206 | r:  -509.000000 | e:   1.000000 | Q:        nan | won: False 
#  373 | steps:  4291 | steps_t:     0 | t: 5.949230 | r:  -510.000000 | e:   1.000000 | Q:        nan | won: False 
#  374 | steps:  4316 | steps_t:     0 | t: 5.984101 | r:  -524.000000 | e:   1.000000 | Q:        nan | won: False 
#  375 | steps:  4322 | steps_t:     0 | t: 5.991964 | r:  -505.000000 | e:   1.000000 | Q:        nan | won: False 
#  376 | steps:  4331 | steps_t:     0 | t: 6.004002 | r:  -508.000000 | e:   1.000000 | Q:        nan | won: False 
#  377 | steps:  4341 | steps_t:     0 | t: 6.017464 | r:  -509.000000 | e:   1.000000 | Q:        nan | won: False 
#  378 | steps:  4351 | steps_t:     0 | t: 6.030947 | r:  -509.000000 | e:   1.000000 | Q:        nan | won: False 
#  379 | steps:  4367 | steps_t:     0 | t: 6.053052 | r:  -515.000000 | e:   1.000000 | Q:        nan | won: False 
#  380 | steps:  4376 | steps_t:     0 | t: 6.065064 | r:  -508.000000 | e:   1.000000 | Q:        nan | won: False 
#  381 | steps:  4397 | steps_t:     0 | t: 6.094220 | r:  -520.000000 | e:   1.000000 | Q:        nan | won: False 
#  382 | steps:  4405 | steps_t:     0 | t: 6.104904 | r:  -507.000000 | e:   1.000000 | Q:        nan | won: False 
#  383 | steps:  4423 | steps_t:     0 | t: 6.129666 | r:  -517.000000 | e:   1.000000 | Q:        nan | won: False 
#  384 | steps:  4445 | steps_t:     0 | t: 6.160164 | r:  -521.000000 | e:   1.000000 | Q:        nan | won: False 
#  385 | steps:  4454 | steps_t:     0 | t: 6.172171 | r:  -508.000000 | e:   1.000000 | Q:        nan | won: False 
#  386 | steps:  4465 | steps_t:     0 | t: 6.187540 | r:  -510.000000 | e:   1.000000 | Q:        nan | won: False 
#  387 | steps:  4472 | steps_t:     0 | t: 6.196667 | r:  -506.000000 | e:   1.000000 | Q:        nan | won: False 
#  388 | steps:  4480 | steps_t:     0 | t: 6.207359 | r:  -507.000000 | e:   1.000000 | Q:        nan | won: False 
#  389 | steps:  4492 | steps_t:     0 | t: 6.223779 | r:  -511.000000 | e:   1.000000 | Q:        nan | won: False 
#  390 | steps:  4498 | steps_t:     0 | t: 6.231610 | r:  -505.000000 | e:   1.000000 | Q:        nan | won: False 
#  391 | steps:  4509 | steps_t:     0 | t: 6.246269 | r:  -510.000000 | e:   1.000000 | Q:        nan | won: False 
#  392 | steps:  4521 | steps_t:     0 | t: 6.262616 | r:  -511.000000 | e:   1.000000 | Q:        nan | won: False 
#  393 | steps:  4527 | steps_t:     0 | t: 6.270770 | r:  -505.000000 | e:   1.000000 | Q:        nan | won: False 
#  394 | steps:  4532 | steps_t:     0 | t: 6.277187 | r:  -504.000000 | e:   1.000000 | Q:        nan | won: False 
#  395 | steps:  4539 | steps_t:     0 | t: 6.286407 | r:  -506.000000 | e:   1.000000 | Q:        nan | won: False 
#  396 | steps:  4549 | steps_t:     0 | t: 6.299927 | r:  -509.000000 | e:   1.000000 | Q:        nan | won: False 
#  397 | steps:  4554 | steps_t:     0 | t: 6.306278 | r:  -504.000000 | e:   1.000000 | Q:        nan | won: False 
#  398 | steps:  4561 | steps_t:     0 | t: 6.315606 | r:  -506.000000 | e:   1.000000 | Q:        nan | won: False 
#  399 | steps:  4569 | steps_t:     0 | t: 6.326177 | r:  -507.000000 | e:   1.000000 | Q:        nan | won: False 
#  400 | steps:  4586 | steps_t:     0 | t: 6.349599 | r:  -505.000000 | e:   1.000000 | Q:        nan | won: False 
#  401 | steps:  4593 | steps_t:     0 | t: 6.359011 | r:  -506.000000 | e:   1.000000 | Q:        nan | won: False 
#  402 | steps:  4604 | steps_t:     0 | t: 6.373874 | r:  -510.000000 | e:   1.000000 | Q:        nan | won: False 
#  403 | steps:  4611 | steps_t:     0 | t: 6.383102 | r:  -506.000000 | e:   1.000000 | Q:        nan | won: False 
#  404 | steps:  4620 | steps_t:     0 | t: 6.395275 | r:  -508.000000 | e:   1.000000 | Q:        nan | won: False 
#  405 | steps:  4633 | steps_t:     0 | t: 6.413268 | r:  -512.000000 | e:   1.000000 | Q:        nan | won: False 
#  406 | steps:  4639 | steps_t:     0 | t: 6.421110 | r:  -505.000000 | e:   1.000000 | Q:        nan | won: False 
#  407 | steps:  4649 | steps_t:     0 | t: 6.434567 | r:  -509.000000 | e:   1.000000 | Q:        nan | won: False 
#  408 | steps:  4659 | steps_t:     0 | t: 6.448057 | r:  -509.000000 | e:   1.000000 | Q:        nan | won: False 
#  409 | steps:  4665 | steps_t:     0 | t: 6.455840 | r:  -505.000000 | e:   1.000000 | Q:        nan | won: False 
#  410 | steps:  4683 | steps_t:     0 | t: 6.480689 | r:  -517.000000 | e:   1.000000 | Q:        nan | won: False 
#  411 | steps:  4692 | steps_t:     0 | t: 6.492676 | r:  -508.000000 | e:   1.000000 | Q:        nan | won: False 
#  412 | steps:  4702 | steps_t:     0 | t: 6.506131 | r:  -509.000000 | e:   1.000000 | Q:        nan | won: False 
#  413 | steps:  4715 | steps_t:     0 | t: 6.523696 | r:  -512.000000 | e:   1.000000 | Q:        nan | won: False 
#  414 | steps:  4723 | steps_t:     0 | t: 6.534368 | r:  -507.000000 | e:   1.000000 | Q:        nan | won: False 
#  415 | steps:  4733 | steps_t:     0 | t: 6.547832 | r:  -509.000000 | e:   1.000000 | Q:        nan | won: False 
#  416 | steps:  4747 | steps_t:     0 | t: 6.567525 | r:  -513.000000 | e:   1.000000 | Q:        nan | won: False 
#  417 | steps:  4758 | steps_t:     0 | t: 6.582467 | r:  -510.000000 | e:   1.000000 | Q:        nan | won: False 
#  418 | steps:  4764 | steps_t:     0 | t: 6.590225 | r:  -505.000000 | e:   1.000000 | Q:        nan | won: False 
#  419 | steps:  4781 | steps_t:     0 | t: 6.613890 | r:  -516.000000 | e:   1.000000 | Q:        nan | won: False 
#  420 | steps:  4790 | steps_t:     0 | t: 6.625976 | r:  -508.000000 | e:   1.000000 | Q:        nan | won: False 
#  421 | steps:  4796 | steps_t:     0 | t: 6.633825 | r:  -505.000000 | e:   1.000000 | Q:        nan | won: False 
#  422 | steps:  4803 | steps_t:     0 | t: 6.643064 | r:  -506.000000 | e:   1.000000 | Q:        nan | won: False 
#  423 | steps:  4810 | steps_t:     0 | t: 6.652343 | r:  -506.000000 | e:   1.000000 | Q:        nan | won: False 
#  424 | steps:  4816 | steps_t:     0 | t: 6.660165 | r:  -505.000000 | e:   1.000000 | Q:        nan | won: False 
#  425 | steps:  4821 | steps_t:     0 | t: 6.666559 | r:  -504.000000 | e:   1.000000 | Q:        nan | won: False 
#  426 | steps:  4833 | steps_t:     0 | t: 6.682814 | r:  -511.000000 | e:   1.000000 | Q:        nan | won: False 
#  427 | steps:  4844 | steps_t:     0 | t: 6.697872 | r:  -510.000000 | e:   1.000000 | Q:        nan | won: False 
#  428 | steps:  4850 | steps_t:     0 | t: 6.705641 | r:  -505.000000 | e:   1.000000 | Q:        nan | won: False 
#  429 | steps:  4860 | steps_t:     0 | t: 6.719198 | r:  -509.000000 | e:   1.000000 | Q:        nan | won: False 
#  430 | steps:  4868 | steps_t:     0 | t: 6.729916 | r:  -507.000000 | e:   1.000000 | Q:        nan | won: False 
#  431 | steps:  4877 | steps_t:     0 | t: 6.741943 | r:  -508.000000 | e:   1.000000 | Q:        nan | won: False 
#  432 | steps:  4895 | steps_t:     0 | t: 6.766946 | r:  -517.000000 | e:   1.000000 | Q:        nan | won: False 
#  433 | steps:  4904 | steps_t:     0 | t: 6.778941 | r:  -508.000000 | e:   1.000000 | Q:        nan | won: False 
#  434 | steps:  4920 | steps_t:     0 | t: 6.800824 | r:  -504.000000 | e:   1.000000 | Q:        nan | won: False 
#  435 | steps:  4933 | steps_t:     0 | t: 6.818625 | r:  -512.000000 | e:   1.000000 | Q:        nan | won: False 
#  436 | steps:  4950 | steps_t:     0 | t: 6.842120 | r:  -505.000000 | e:   1.000000 | Q:        nan | won: False 
#  437 | steps:  4956 | steps_t:     0 | t: 6.849900 | r:  -505.000000 | e:   1.000000 | Q:        nan | won: False 
#  438 | steps:  4964 | steps_t:     0 | t: 6.860639 | r:  -507.000000 | e:   1.000000 | Q:        nan | won: False 
#  439 | steps:  4971 | steps_t:     0 | t: 6.869845 | r:  -506.000000 | e:   1.000000 | Q:        nan | won: False 
#  440 | steps:  4977 | steps_t:     0 | t: 6.877743 | r:  -505.000000 | e:   1.000000 | Q:        nan | won: False 
#  441 | steps:  4984 | steps_t:     0 | t: 6.887182 | r:  -506.000000 | e:   1.000000 | Q:        nan | won: False 
#  442 | steps:  4991 | steps_t:     0 | t: 6.896470 | r:  -506.000000 | e:   1.000000 | Q:        nan | won: False 
#  443 | steps:  4998 | steps_t:     0 | t: 6.905787 | r:  -506.000000 | e:   1.000000 | Q:        nan | won: False 
