#    1 | steps:     7 | steps_t:     0 | t: 0.016004 | r:  -506.000000 | e:   1.000000 | Q:        nan | won: False 
#    2 | steps:    15 | steps_t:     0 | t: 0.026469 | r:  -507.000000 | e:   1.000000 | Q:        nan | won: False 
#    3 | steps:    36 | steps_t:     0 | t: 0.055415 | r:  -509.000000 | e:   1.000000 | Q:        nan | won: False 
#    4 | steps:    43 | steps_t:     0 | t: 0.064585 | r:  -506.000000 | e:   1.000000 | Q:        nan | won: False 
#    5 | steps:    54 | steps_t:     0 | t: 0.079273 | r:  -510.000000 | e:   1.000000 | Q:        nan | won: False 
#    6 | steps:    62 | steps_t:     0 | t: 0.089881 | r:  -507.000000 | e:   1.000000 | Q:        nan | won: False 
#    7 | steps:    79 | steps_t:     0 | t: 0.113109 | r:  -505.000000 | e:   1.000000 | Q:        nan | won: False 
#    8 | steps:    85 | steps_t:     0 | t: 0.120822 | r:  -505.000000 | e:   1.000000 | Q:        nan | won: False 
#    9 | steps:    95 | steps_t:     0 | t: 0.134136 | r:  -509.000000 | e:   1.000000 | Q:        nan | won: False 
#   10 | steps:   104 | steps_t:     0 | t: 0.146078 | r:  -508.000000 | e:   1.000000 | Q:        nan | won: False 
#   11 | steps:   112 | steps_t:     0 | t: 0.156731 | r:  -507.000000 | e:   1.000000 | Q:        nan | won: False 
#   12 | steps:   134 | steps_t:     0 | t: 0.186813 | r:  -510.000000 | e:   1.000000 | Q:        nan | won: False 
#   13 | steps:   152 | steps_t:     0 | t: 0.211720 | r:  -506.000000 | e:   1.000000 | Q:        nan | won: False 
#   14 | steps:   159 | steps_t:     0 | t: 0.220943 | r:  -506.000000 | e:   1.000000 | Q:        nan | won: False 
#   15 | steps:   174 | steps_t:     0 | t: 0.241282 | r:  -503.000000 | e:   1.000000 | Q:        nan | won: False 
#   16 | steps:   180 | steps_t:     0 | t: 0.249035 | r:  -505.000000 | e:   1.000000 | Q:        nan | won: False 
#   17 | steps:   198 | steps_t:     0 | t: 0.273881 | r:  -506.000000 | e:   1.000000 | Q:        nan | won: False 
#   18 | steps:   204 | steps_t:     0 | t: 0.281765 | r:  -505.000000 | e:   1.000000 | Q:        nan | won: False 
#   19 | steps:   218 | steps_t:     0 | t: 0.300722 | r:  -513.000000 | e:   1.000000 | Q:        nan | won: False 
#   20 | steps:   226 | steps_t:     0 | t: 0.311301 | r:  -507.000000 | e:   1.000000 | Q:        nan | won: False 
#   21 | steps:   241 | steps_t:     0 | t: 0.331831 | r:  -503.000000 | e:   1.000000 | Q:        nan | won: False 
#   22 | steps:   249 | steps_t:     0 | t: 0.342548 | r:  -507.000000 | e:   1.000000 | Q:        nan | won: False 
#   23 | steps:   256 | steps_t:     0 | t: 0.351818 | r:  -506.000000 | e:   1.000000 | Q:        nan | won: False 
#   24 | steps:   265 | steps_t:     0 | t: 0.363827 | r:  -508.000000 | e:   1.000000 | Q:        nan | won: False 
#   25 | steps:   275 | steps_t:     0 | t: 0.377328 | r:  -509.000000 | e:   1.000000 | Q:        nan | won: False 
#   26 | steps:   283 | steps_t:     0 | t: 0.387921 | r:  -507.000000 | e:   1.000000 | Q:        nan | won: False 
#   27 | steps:   305 | steps_t:     0 | t: 0.418345 | r:  -521.000000 | e:   1.000000 | Q:        nan | won: False 
#   28 | steps:   322 | steps_t:     0 | t: 0.441622 | r:  -505.000000 | e:   1.000000 | Q:        nan | won: False 
#   29 | steps:   331 | steps_t:     0 | t: 0.453840 | r:  -508.000000 | e:   1.000000 | Q:        nan | won: False 
#   30 | steps:   339 | steps_t:     0 | t: 0.464415 | r:  -507.000000 | e:   1.000000 | Q:        nan | won: False 
#   31 | steps:   345 | steps_t:     0 | t: 0.472279 | r:  -505.000000 | e:   1.000000 | Q:        nan | won: False 
#   32 | steps:   367 | steps_t:     0 | t: 0.502667 | r:  -521.000000 | e:   1.000000 | Q:        nan | won: False 
#   33 | steps:   378 | steps_t:     0 | t: 0.517709 | r:  -510.000000 | e:   1.000000 | Q:        nan | won: False 
#   34 | steps:   389 | steps_t:     0 | t: 0.532384 | r:  -510.000000 | e:   1.000000 | Q:        nan | won: False 
#   35 | steps:   405 | steps_t:     0 | t: 0.554700 | r:  -515.000000 | e:   1.000000 | Q:        nan | won: False 
#   36 | steps:   419 | steps_t:     0 | t: 0.573618 | r:  -513.000000 | e:   1.000000 | Q:        nan | won: False 
#   37 | steps:   430 | steps_t:     0 | t: 0.588535 | r:  -510.000000 | e:   1.000000 | Q:        nan | won: False 
#   38 | steps:   436 | steps_t:     0 | t: 0.596530 | r:  -505.000000 | e:   1.000000 | Q:        nan | won: False 
#   39 | steps:   449 | steps_t:     0 | t: 0.614145 | r:  -512.000000 | e:   1.000000 | Q:        nan | won: False 
#   40 | steps:   458 | steps_t:     0 | t: 0.651521 | r:  -508.000000 | e:   1.000000 | Q:        nan | won: False 
#   41 | steps:   483 | steps_t:     0 | t: 0.686719 | r:  -524.000000 | e:   1.000000 | Q:        nan | won: False 
#   42 | steps:   494 | steps_t:     0 | t: 0.701657 | r:  -510.000000 | e:   1.000000 | Q:        nan | won: False 
#   43 | steps:   506 | steps_t:     0 | t: 0.717916 | r:  -511.000000 | e:   1.000000 | Q:        nan | won: False 
#   44 | steps:   514 | steps_t:     0 | t: 0.728463 | r:  -507.000000 | e:   1.000000 | Q:        nan | won: False 
#   45 | steps:   529 | steps_t:     0 | t: 0.749161 | r:  -514.000000 | e:   1.000000 | Q:        nan | won: False 
#   46 | steps:   536 | steps_t:     0 | t: 0.758676 | r:  -506.000000 | e:   1.000000 | Q:        nan | won: False 
#   47 | steps:   550 | steps_t:     0 | t: 0.777672 | r:  -513.000000 | e:   1.000000 | Q:        nan | won: False 
#   48 | steps:   562 | steps_t:     0 | t: 0.793968 | r:  -511.000000 | e:   1.000000 | Q:        nan | won: False 
#   49 | steps:   572 | steps_t:     0 | t: 0.807448 | r:  -509.000000 | e:   1.000000 | Q:        nan | won: False 
#   50 | steps:   580 | steps_t:     0 | t: 0.818027 | r:  -507.000000 | e:   1.000000 | Q:        nan | won: False 
#   51 | steps:   588 | steps_t:     0 | t: 0.828595 | r:  -507.000000 | e:   1.000000 | Q:        nan | won: False 
#   52 | steps:   597 | steps_t:     0 | t: 0.840608 | r:  -508.000000 | e:   1.000000 | Q:        nan | won: False 
#   53 | steps:   607 | steps_t:     0 | t: 0.854301 | r:  -509.000000 | e:   1.000000 | Q:        nan | won: False 
#   54 | steps:   647 | steps_t:     0 | t: 0.909548 | r:    72.000000 | e:   1.000000 | Q:        nan | won: True 
#   55 | steps:   655 | steps_t:     0 | t: 0.920089 | r:  -507.000000 | e:   1.000000 | Q:        nan | won: False 
#   56 | steps:   669 | steps_t:     0 | t: 0.939260 | r:  -513.000000 | e:   1.000000 | Q:        nan | won: False 
#   57 | steps:   676 | steps_t:     0 | t: 0.948573 | r:  -506.000000 | e:   1.000000 | Q:        nan | won: False 
#   58 | steps:   700 | steps_t:     0 | t: 0.982093 | r:  -523.000000 | e:   1.000000 | Q:        nan | won: False 
#   59 | steps:   714 | steps_t:     0 | t: 1.001544 | r:  -502.000000 | e:   1.000000 | Q:        nan | won: False 
#   60 | steps:   724 | steps_t:     0 | t: 1.015002 | r:  -509.000000 | e:   1.000000 | Q:        nan | won: False 
#   61 | steps:   732 | steps_t:     0 | t: 1.025755 | r:  -507.000000 | e:   1.000000 | Q:        nan | won: False 
#   62 | steps:   751 | steps_t:     0 | t: 1.052153 | r:  -518.000000 | e:   1.000000 | Q:        nan | won: False 
#   63 | steps:   762 | steps_t:     0 | t: 1.067170 | r:  -510.000000 | e:   1.000000 | Q:        nan | won: False 
#   64 | steps:   769 | steps_t:     0 | t: 1.076465 | r:  -506.000000 | e:   1.000000 | Q:        nan | won: False 
#   65 | steps:   778 | steps_t:     0 | t: 1.088614 | r:  -508.000000 | e:   1.000000 | Q:        nan | won: False 
#   66 | steps:   788 | steps_t:     0 | t: 1.102103 | r:  -509.000000 | e:   1.000000 | Q:        nan | won: False 
#   67 | steps:   799 | steps_t:     0 | t: 1.117049 | r:  -510.000000 | e:   1.000000 | Q:        nan | won: False 
#   68 | steps:   811 | steps_t:     0 | t: 1.133213 | r:  -500.000000 | e:   1.000000 | Q:        nan | won: False 
#   69 | steps:   820 | steps_t:     0 | t: 1.145366 | r:  -508.000000 | e:   1.000000 | Q:        nan | won: False 
#   70 | steps:   830 | steps_t:     0 | t: 1.158967 | r:  -509.000000 | e:   1.000000 | Q:        nan | won: False 
#   71 | steps:   836 | steps_t:     0 | t: 1.166919 | r:  -505.000000 | e:   1.000000 | Q:        nan | won: False 
#   72 | steps:   842 | steps_t:     0 | t: 1.174687 | r:  -505.000000 | e:   1.000000 | Q:        nan | won: False 
#   73 | steps:   850 | steps_t:     0 | t: 1.185314 | r:  -507.000000 | e:   1.000000 | Q:        nan | won: False 
#   74 | steps:   860 | steps_t:     0 | t: 1.198921 | r:  -509.000000 | e:   1.000000 | Q:        nan | won: False 
#   75 | steps:   875 | steps_t:     0 | t: 1.219434 | r:  -503.000000 | e:   1.000000 | Q:        nan | won: False 
#   76 | steps:   883 | steps_t:     0 | t: 1.230165 | r:  -507.000000 | e:   1.000000 | Q:        nan | won: False 
#   77 | steps:   899 | steps_t:     0 | t: 1.252335 | r:  -515.000000 | e:   1.000000 | Q:        nan | won: False 
#   78 | steps:   910 | steps_t:     0 | t: 1.267285 | r:  -510.000000 | e:   1.000000 | Q:        nan | won: False 
#   79 | steps:   921 | steps_t:     0 | t: 1.282240 | r:  -510.000000 | e:   1.000000 | Q:        nan | won: False 
#   80 | steps:   935 | steps_t:     0 | t: 1.301396 | r:  -502.000000 | e:   1.000000 | Q:        nan | won: False 
#   81 | steps:   949 | steps_t:     0 | t: 1.320651 | r:  -513.000000 | e:   1.000000 | Q:        nan | won: False 
#   82 | steps:   956 | steps_t:     0 | t: 1.329767 | r:  -506.000000 | e:   1.000000 | Q:        nan | won: False 
#   83 | steps:   966 | steps_t:     0 | t: 1.343157 | r:  -509.000000 | e:   1.000000 | Q:        nan | won: False 
#   84 | steps:   974 | steps_t:     0 | t: 1.353790 | r:  -507.000000 | e:   1.000000 | Q:        nan | won: False 
#   85 | steps:   982 | steps_t:     0 | t: 1.364323 | r:  -507.000000 | e:   1.000000 | Q:        nan | won: False 
#   86 | steps:   996 | steps_t:     0 | t: 1.383454 | r:  -513.000000 | e:   1.000000 | Q:        nan | won: False 
#   87 | steps:  1010 | steps_t:     0 | t: 1.402837 | r:  -513.000000 | e:   1.000000 | Q:        nan | won: False 
#   88 | steps:  1019 | steps_t:     0 | t: 1.414962 | r:  -508.000000 | e:   1.000000 | Q:        nan | won: False 
#   89 | steps:  1034 | steps_t:     0 | t: 1.435961 | r:  -503.000000 | e:   1.000000 | Q:        nan | won: False 
#   90 | steps:  1043 | steps_t:     0 | t: 1.448215 | r:  -508.000000 | e:   1.000000 | Q:        nan | won: False 
#   91 | steps:  1065 | steps_t:     0 | t: 1.478460 | r:    90.000000 | e:   1.000000 | Q:        nan | won: True 
#   92 | steps:  1084 | steps_t:     0 | t: 1.504807 | r:  -496.000000 | e:   1.000000 | Q:        nan | won: False 
#   93 | steps:  1092 | steps_t:     0 | t: 1.515527 | r:  -507.000000 | e:   1.000000 | Q:        nan | won: False 
#   94 | steps:  1118 | steps_t:     0 | t: 1.552216 | r:  -514.000000 | e:   1.000000 | Q:        nan | won: False 
#   95 | steps:  1139 | steps_t:     0 | t: 1.581507 | r:  -509.000000 | e:   1.000000 | Q:        nan | won: False 
#   96 | steps:  1148 | steps_t:     0 | t: 1.593704 | r:  -508.000000 | e:   1.000000 | Q:        nan | won: False 
#   97 | steps:  1155 | steps_t:     0 | t: 1.603077 | r:  -506.000000 | e:   1.000000 | Q:        nan | won: False 
#   98 | steps:  1168 | steps_t:     0 | t: 1.620700 | r:  -501.000000 | e:   1.000000 | Q:        nan | won: False 
#   99 | steps:  1174 | steps_t:     0 | t: 1.628812 | r:  -505.000000 | e:   1.000000 | Q:        nan | won: False 
#  100 | steps:  1184 | steps_t:     0 | t: 1.642328 | r:  -509.000000 | e:   1.000000 | Q:        nan | won: False 
#  101 | steps:  1198 | steps_t:     0 | t: 1.661539 | r:  -513.000000 | e:   1.000000 | Q:        nan | won: False 
#  102 | steps:  1224 | steps_t:     0 | t: 1.697774 | r:  -514.000000 | e:   1.000000 | Q:        nan | won: False 
#  103 | steps:  1231 | steps_t:     0 | t: 1.706982 | r:  -506.000000 | e:   1.000000 | Q:        nan | won: False 
#  104 | steps:  1242 | steps_t:     0 | t: 1.721978 | r:  -510.000000 | e:   1.000000 | Q:        nan | won: False 
#  105 | steps:  1248 | steps_t:     0 | t: 1.729834 | r:  -505.000000 | e:   1.000000 | Q:        nan | won: False 
#  106 | steps:  1257 | steps_t:     0 | t: 1.741973 | r:  -508.000000 | e:   1.000000 | Q:        nan | won: False 
#  107 | steps:  1271 | steps_t:     0 | t: 1.761294 | r:  -513.000000 | e:   1.000000 | Q:        nan | won: False 
#  108 | steps:  1280 | steps_t:     0 | t: 1.773474 | r:  -508.000000 | e:   1.000000 | Q:        nan | won: False 
#  109 | steps:  1288 | steps_t:     0 | t: 1.784219 | r:  -507.000000 | e:   1.000000 | Q:        nan | won: False 
#  110 | steps:  1305 | steps_t:     0 | t: 1.807666 | r:  -505.000000 | e:   1.000000 | Q:        nan | won: False 
#  111 | steps:  1313 | steps_t:     0 | t: 1.818685 | r:  -507.000000 | e:   1.000000 | Q:        nan | won: False 
#  112 | steps:  1338 | steps_t:     0 | t: 1.854279 | r:  -524.000000 | e:   1.000000 | Q:        nan | won: False 
#  113 | steps:  1351 | steps_t:     0 | t: 1.872493 | r:  -512.000000 | e:   1.000000 | Q:        nan | won: False 
#  114 | steps:  1364 | steps_t:     0 | t: 1.890397 | r:  -512.000000 | e:   1.000000 | Q:        nan | won: False 
#  115 | steps:  1371 | steps_t:     0 | t: 1.899667 | r:  -506.000000 | e:   1.000000 | Q:        nan | won: False 
#  116 | steps:  1377 | steps_t:     0 | t: 1.907443 | r:  -505.000000 | e:   1.000000 | Q:        nan | won: False 
#  117 | steps:  1387 | steps_t:     0 | t: 1.921067 | r:  -509.000000 | e:   1.000000 | Q:        nan | won: False 
#  118 | steps:  1403 | steps_t:     0 | t: 1.943261 | r:  -515.000000 | e:   1.000000 | Q:        nan | won: False 
#  119 | steps:  1421 | steps_t:     0 | t: 1.968201 | r:  -517.000000 | e:   1.000000 | Q:        nan | won: False 
#  120 | steps:  1439 | steps_t:     0 | t: 1.994016 | r:  -506.000000 | e:   1.000000 | Q:        nan | won: False 
#  121 | steps:  1447 | steps_t:     0 | t: 2.004792 | r:  -507.000000 | e:   1.000000 | Q:        nan | won: False 
#  122 | steps:  1458 | steps_t:     0 | t: 2.019791 | r:  -510.000000 | e:   1.000000 | Q:        nan | won: False 
#  123 | steps:  1467 | steps_t:     0 | t: 2.031886 | r:  -508.000000 | e:   1.000000 | Q:        nan | won: False 
#  124 | steps:  1497 | steps_t:     0 | t: 2.073578 | r:  -518.000000 | e:   1.000000 | Q:        nan | won: False 
#  125 | steps:  1506 | steps_t:     0 | t: 2.085440 | r:  -508.000000 | e:   1.000000 | Q:        nan | won: False 
#  126 | steps:  1518 | steps_t:     0 | t: 2.101464 | r:  -511.000000 | e:   1.000000 | Q:        nan | won: False 
#  127 | steps:  1526 | steps_t:     0 | t: 2.111975 | r:  -507.000000 | e:   1.000000 | Q:        nan | won: False 
#  128 | steps:  1535 | steps_t:     0 | t: 2.123846 | r:  -508.000000 | e:   1.000000 | Q:        nan | won: False 
#  129 | steps:  1544 | steps_t:     0 | t: 2.135699 | r:  -508.000000 | e:   1.000000 | Q:        nan | won: False 
#  130 | steps:  1564 | steps_t:     0 | t: 2.162842 | r:  -519.000000 | e:   1.000000 | Q:        nan | won: False 
#  131 | steps:  1576 | steps_t:     0 | t: 2.178854 | r:  -511.000000 | e:   1.000000 | Q:        nan | won: False 
#  132 | steps:  1584 | steps_t:     0 | t: 2.189402 | r:  -507.000000 | e:   1.000000 | Q:        nan | won: False 
#  133 | steps:  1606 | steps_t:     0 | t: 2.219669 | r:  -521.000000 | e:   1.000000 | Q:        nan | won: False 
#  134 | steps:  1611 | steps_t:     0 | t: 2.225982 | r:  -504.000000 | e:   1.000000 | Q:        nan | won: False 
#  135 | steps:  1618 | steps_t:     0 | t: 2.234980 | r:  -506.000000 | e:   1.000000 | Q:        nan | won: False 
#  136 | steps:  1629 | steps_t:     0 | t: 2.249696 | r:  -510.000000 | e:   1.000000 | Q:        nan | won: False 
#  137 | steps:  1637 | steps_t:     0 | t: 2.260132 | r:  -507.000000 | e:   1.000000 | Q:        nan | won: False 
#  138 | steps:  1656 | steps_t:     0 | t: 2.285575 | r:  -507.000000 | e:   1.000000 | Q:        nan | won: False 
#  139 | steps:  1671 | steps_t:     0 | t: 2.305904 | r:  -514.000000 | e:   1.000000 | Q:        nan | won: False 
#  140 | steps:  1682 | steps_t:     0 | t: 2.320522 | r:  -510.000000 | e:   1.000000 | Q:        nan | won: False 
#  141 | steps:  1688 | steps_t:     0 | t: 2.328229 | r:  -505.000000 | e:   1.000000 | Q:        nan | won: False 
#  142 | steps:  1698 | steps_t:     0 | t: 2.341645 | r:  -509.000000 | e:   1.000000 | Q:        nan | won: False 
#  143 | steps:  1706 | steps_t:     0 | t: 2.352186 | r:  -507.000000 | e:   1.000000 | Q:        nan | won: False 
#  144 | steps:  1714 | steps_t:     0 | t: 2.362705 | r:  -507.000000 | e:   1.000000 | Q:        nan | won: False 
#  145 | steps:  1724 | steps_t:     0 | t: 2.375863 | r:  -509.000000 | e:   1.000000 | Q:        nan | won: False 
#  146 | steps:  1736 | steps_t:     0 | t: 2.391940 | r:  -511.000000 | e:   1.000000 | Q:        nan | won: False 
#  147 | steps:  1753 | steps_t:     0 | t: 2.414968 | r:  -505.000000 | e:   1.000000 | Q:        nan | won: False 
#  148 | steps:  1762 | steps_t:     0 | t: 2.426863 | r:  -508.000000 | e:   1.000000 | Q:        nan | won: False 
#  149 | steps:  1768 | steps_t:     0 | t: 2.434523 | r:  -505.000000 | e:   1.000000 | Q:        nan | won: False 
#  150 | steps:  1777 | steps_t:     0 | t: 2.446420 | r:  -508.000000 | e:   1.000000 | Q:        nan | won: False 
#  151 | steps:  1786 | steps_t:     0 | t: 2.458343 | r:  -508.000000 | e:   1.000000 | Q:        nan | won: False 
#  152 | steps:  1796 | steps_t:     0 | t: 2.471570 | r:  -509.000000 | e:   1.000000 | Q:        nan | won: False 
#  153 | steps:  1813 | steps_t:     0 | t: 2.494403 | r:  -505.000000 | e:   1.000000 | Q:        nan | won: False 
#  154 | steps:  1824 | steps_t:     0 | t: 2.509132 | r:  -510.000000 | e:   1.000000 | Q:        nan | won: False 
#  155 | steps:  1836 | steps_t:     0 | t: 2.525079 | r:  -511.000000 | e:   1.000000 | Q:        nan | won: False 
#  156 | steps:  1848 | steps_t:     0 | t: 2.541159 | r:  -511.000000 | e:   1.000000 | Q:        nan | won: False 
#  157 | steps:  1856 | steps_t:     0 | t: 2.551709 | r:  -507.000000 | e:   1.000000 | Q:        nan | won: False 
#  158 | steps:  1864 | steps_t:     0 | t: 2.562124 | r:  -507.000000 | e:   1.000000 | Q:        nan | won: False 
#  159 | steps:  1882 | steps_t:     0 | t: 2.586514 | r:  -517.000000 | e:   1.000000 | Q:        nan | won: False 
#  160 | steps:  1894 | steps_t:     0 | t: 2.602751 | r:  -511.000000 | e:   1.000000 | Q:        nan | won: False 
#  161 | steps:  1905 | steps_t:     0 | t: 2.617491 | r:  -510.000000 | e:   1.000000 | Q:        nan | won: False 
#  162 | steps:  1911 | steps_t:     0 | t: 2.625195 | r:  -505.000000 | e:   1.000000 | Q:        nan | won: False 
#  163 | steps:  1926 | steps_t:     0 | t: 2.645424 | r:  -503.000000 | e:   1.000000 | Q:        nan | won: False 
#  164 | steps:  1934 | steps_t:     0 | t: 2.655913 | r:  -507.000000 | e:   1.000000 | Q:        nan | won: False 
#  165 | steps:  1944 | steps_t:     0 | t: 2.669065 | r:  -509.000000 | e:   1.000000 | Q:        nan | won: False 
#  166 | steps:  1953 | steps_t:     0 | t: 2.680871 | r:  -508.000000 | e:   1.000000 | Q:        nan | won: False 
#  167 | steps:  1973 | steps_t:     0 | t: 2.708267 | r:  -519.000000 | e:   1.000000 | Q:        nan | won: False 
#  168 | steps:  1979 | steps_t:     0 | t: 2.715956 | r:  -505.000000 | e:   1.000000 | Q:        nan | won: False 
#  169 | steps:  2003 | steps_t:     0 | t: 2.748707 | r:  -512.000000 | e:   1.000000 | Q:        nan | won: False 
#  170 | steps:  2014 | steps_t:     0 | t: 2.763413 | r:  -510.000000 | e:   1.000000 | Q:        nan | won: False 
#  171 | steps:  2033 | steps_t:     0 | t: 2.788987 | r:  -507.000000 | e:   1.000000 | Q:        nan | won: False 
#  172 | steps:  2049 | steps_t:     0 | t: 2.811345 | r:  -515.000000 | e:   1.000000 | Q:        nan | won: False 
#  173 | steps:  2065 | steps_t:     0 | t: 2.833230 | r:  -515.000000 | e:   1.000000 | Q:        nan | won: False 
#  174 | steps:  2089 | steps_t:     0 | t: 2.866130 | r:  -523.000000 | e:   1.000000 | Q:        nan | won: False 
#  175 | steps:  2119 | steps_t:     0 | t: 2.907182 | r:  -518.000000 | e:   1.000000 | Q:        nan | won: False 
#  176 | steps:  2129 | steps_t:     0 | t: 2.920480 | r:  -509.000000 | e:   1.000000 | Q:        nan | won: False 
#  177 | steps:  2136 | steps_t:     0 | t: 2.929651 | r:  -506.000000 | e:   1.000000 | Q:        nan | won: False 
#  178 | steps:  2156 | steps_t:     0 | t: 2.957020 | r:  -519.000000 | e:   1.000000 | Q:        nan | won: False 
#  179 | steps:  2167 | steps_t:     0 | t: 2.971726 | r:  -510.000000 | e:   1.000000 | Q:        nan | won: False 
#  180 | steps:  2175 | steps_t:     0 | t: 2.982160 | r:  -507.000000 | e:   1.000000 | Q:        nan | won: False 
#  181 | steps:  2189 | steps_t:     0 | t: 3.001117 | r:  -513.000000 | e:   1.000000 | Q:        nan | won: False 
#  182 | steps:  2215 | steps_t:     0 | t: 3.036837 | r:  -525.000000 | e:   1.000000 | Q:        nan | won: False 
#  183 | steps:  2223 | steps_t:     0 | t: 3.047271 | r:  -507.000000 | e:   1.000000 | Q:        nan | won: False 
#  184 | steps:  2233 | steps_t:     0 | t: 3.060796 | r:  -509.000000 | e:   1.000000 | Q:        nan | won: False 
#  185 | steps:  2240 | steps_t:     0 | t: 3.069893 | r:  -506.000000 | e:   1.000000 | Q:        nan | won: False 
#  186 | steps:  2249 | steps_t:     0 | t: 3.081899 | r:  -508.000000 | e:   1.000000 | Q:        nan | won: False 
#  187 | steps:  2262 | steps_t:     0 | t: 3.099277 | r:  -501.000000 | e:   1.000000 | Q:        nan | won: False 
#  188 | steps:  2271 | steps_t:     0 | t: 3.111066 | r:  -508.000000 | e:   1.000000 | Q:        nan | won: False 
#  189 | steps:  2276 | steps_t:     0 | t: 3.117366 | r:  -504.000000 | e:   1.000000 | Q:        nan | won: False 
#  190 | steps:  2286 | steps_t:     0 | t: 3.130700 | r:  -509.000000 | e:   1.000000 | Q:        nan | won: False 
#  191 | steps:  2292 | steps_t:     0 | t: 3.138376 | r:  -505.000000 | e:   1.000000 | Q:        nan | won: False 
#  192 | steps:  2299 | steps_t:     0 | t: 3.147356 | r:  -506.000000 | e:   1.000000 | Q:        nan | won: False 
#  193 | steps:  2317 | steps_t:     0 | t: 3.171697 | r:  -506.000000 | e:   1.000000 | Q:        nan | won: False 
#  194 | steps:  2325 | steps_t:     0 | t: 3.182091 | r:  -507.000000 | e:   1.000000 | Q:        nan | won: False 
#  195 | steps:  2334 | steps_t:     0 | t: 3.194191 | r:  -508.000000 | e:   1.000000 | Q:        nan | won: False 
#  196 | steps:  2350 | steps_t:     0 | t: 3.215706 | r:  -515.000000 | e:   1.000000 | Q:        nan | won: False 
#  197 | steps:  2369 | steps_t:     0 | t: 3.241572 | r:  -518.000000 | e:   1.000000 | Q:        nan | won: False 
#  198 | steps:  2380 | steps_t:     0 | t: 3.256172 | r:  -510.000000 | e:   1.000000 | Q:        nan | won: False 
#  199 | steps:  2392 | steps_t:     0 | t: 3.272190 | r:  -511.000000 | e:   1.000000 | Q:        nan | won: False 
#  200 | steps:  2398 | steps_t:     0 | t: 3.279840 | r:  -505.000000 | e:   1.000000 | Q:        nan | won: False 
#  201 | steps:  2414 | steps_t:     0 | t: 3.301447 | r:  -504.000000 | e:   1.000000 | Q:        nan | won: False 
#  202 | steps:  2425 | steps_t:     0 | t: 3.315981 | r:  -510.000000 | e:   1.000000 | Q:        nan | won: False 
#  203 | steps:  2438 | steps_t:     0 | t: 3.333590 | r:  -512.000000 | e:   1.000000 | Q:        nan | won: False 
#  204 | steps:  2449 | steps_t:     0 | t: 3.348084 | r:  -510.000000 | e:   1.000000 | Q:        nan | won: False 
#  205 | steps:  2467 | steps_t:     0 | t: 3.372394 | r:  -517.000000 | e:   1.000000 | Q:        nan | won: False 
#  206 | steps:  2482 | steps_t:     0 | t: 3.392802 | r:  -503.000000 | e:   1.000000 | Q:        nan | won: False 
#  207 | steps:  2508 | steps_t:     0 | t: 3.427690 | r:  -514.000000 | e:   1.000000 | Q:        nan | won: False 
#  208 | steps:  2521 | steps_t:     0 | t: 3.445281 | r:  -512.000000 | e:   1.000000 | Q:        nan | won: False 
#  209 | steps:  2527 | steps_t:     0 | t: 3.452915 | r:  -505.000000 | e:   1.000000 | Q:        nan | won: False 
#  210 | steps:  2537 | steps_t:     0 | t: 3.466286 | r:  -509.000000 | e:   1.000000 | Q:        nan | won: False 
#  211 | steps:  2544 | steps_t:     0 | t: 3.475410 | r:  -506.000000 | e:   1.000000 | Q:        nan | won: False 
#  212 | steps:  2558 | steps_t:     0 | t: 3.494174 | r:  -513.000000 | e:   1.000000 | Q:        nan | won: False 
#  213 | steps:  2570 | steps_t:     0 | t: 3.510118 | r:  -511.000000 | e:   1.000000 | Q:        nan | won: False 
#  214 | steps:  2580 | steps_t:     0 | t: 3.523399 | r:  -509.000000 | e:   1.000000 | Q:        nan | won: False 
#  215 | steps:  2596 | steps_t:     0 | t: 3.545138 | r:  -504.000000 | e:   1.000000 | Q:        nan | won: False 
#  216 | steps:  2617 | steps_t:     0 | t: 3.573797 | r:  -520.000000 | e:   1.000000 | Q:        nan | won: False 
#  217 | steps:  2628 | steps_t:     0 | t: 3.588322 | r:  -510.000000 | e:   1.000000 | Q:        nan | won: False 
#  218 | steps:  2641 | steps_t:     0 | t: 3.605654 | r:  -501.000000 | e:   1.000000 | Q:        nan | won: False 
#  219 | steps:  2659 | steps_t:     0 | t: 3.630424 | r:  -506.000000 | e:   1.000000 | Q:        nan | won: False 
#  220 | steps:  2668 | steps_t:     0 | t: 3.642439 | r:  -508.000000 | e:   1.000000 | Q:        nan | won: False 
#  221 | steps:  2682 | steps_t:     0 | t: 3.661209 | r:  -513.000000 | e:   1.000000 | Q:        nan | won: False 
#  222 | steps:  2697 | steps_t:     0 | t: 3.681419 | r:  -514.000000 | e:   1.000000 | Q:        nan | won: False 
#  223 | steps:  2714 | steps_t:     0 | t: 3.704623 | r:  -516.000000 | e:   1.000000 | Q:        nan | won: False 
#  224 | steps:  2731 | steps_t:     0 | t: 3.727505 | r:  -505.000000 | e:   1.000000 | Q:        nan | won: False 
#  225 | steps:  2743 | steps_t:     0 | t: 3.743536 | r:  -511.000000 | e:   1.000000 | Q:        nan | won: False 
#  226 | steps:  2749 | steps_t:     0 | t: 3.751167 | r:  -505.000000 | e:   1.000000 | Q:        nan | won: False 
#  227 | steps:  2758 | steps_t:     0 | t: 3.763123 | r:  -508.000000 | e:   1.000000 | Q:        nan | won: False 
#  228 | steps:  2772 | steps_t:     0 | t: 3.782028 | r:  -513.000000 | e:   1.000000 | Q:        nan | won: False 
#  229 | steps:  2791 | steps_t:     0 | t: 3.807697 | r:  -507.000000 | e:   1.000000 | Q:        nan | won: False 
#  230 | steps:  2812 | steps_t:     0 | t: 3.836594 | r:  -520.000000 | e:   1.000000 | Q:        nan | won: False 
#  231 | steps:  2828 | steps_t:     0 | t: 3.858242 | r:  -504.000000 | e:   1.000000 | Q:        nan | won: False 
#  232 | steps:  2840 | steps_t:     0 | t: 3.874322 | r:  -511.000000 | e:   1.000000 | Q:        nan | won: False 
#  233 | steps:  2849 | steps_t:     0 | t: 3.886225 | r:  -508.000000 | e:   1.000000 | Q:        nan | won: False 
#  234 | steps:  2857 | steps_t:     0 | t: 3.896570 | r:  -507.000000 | e:   1.000000 | Q:        nan | won: False 
#  235 | steps:  2871 | steps_t:     0 | t: 3.915278 | r:  -502.000000 | e:   1.000000 | Q:        nan | won: False 
#  236 | steps:  2877 | steps_t:     0 | t: 3.922880 | r:  -505.000000 | e:   1.000000 | Q:        nan | won: False 
#  237 | steps:  2885 | steps_t:     0 | t: 3.933357 | r:  -507.000000 | e:   1.000000 | Q:        nan | won: False 
#  238 | steps:  2911 | steps_t:     0 | t: 3.968772 | r:  -525.000000 | e:   1.000000 | Q:        nan | won: False 
#  239 | steps:  2925 | steps_t:     0 | t: 3.987776 | r:  -513.000000 | e:   1.000000 | Q:        nan | won: False 
#  240 | steps:  2934 | steps_t:     0 | t: 4.000036 | r:  -508.000000 | e:   1.000000 | Q:        nan | won: False 
#  241 | steps:  2949 | steps_t:     0 | t: 4.020263 | r:  -503.000000 | e:   1.000000 | Q:        nan | won: False 
#  242 | steps:  2958 | steps_t:     0 | t: 4.032211 | r:  -508.000000 | e:   1.000000 | Q:        nan | won: False 
#  243 | steps:  2969 | steps_t:     0 | t: 4.046917 | r:  -510.000000 | e:   1.000000 | Q:        nan | won: False 
#  244 | steps:  2975 | steps_t:     0 | t: 4.054597 | r:  -505.000000 | e:   1.000000 | Q:        nan | won: False 
#  245 | steps:  2983 | steps_t:     0 | t: 4.065056 | r:  -507.000000 | e:   1.000000 | Q:        nan | won: False 
#  246 | steps:  2997 | steps_t:     0 | t: 4.083882 | r:  -513.000000 | e:   1.000000 | Q:        nan | won: False 
#  247 | steps:  3008 | steps_t:     0 | t: 4.099024 | r:  -510.000000 | e:   1.000000 | Q:        nan | won: False 
#  248 | steps:  3024 | steps_t:     0 | t: 4.120501 | r:  -504.000000 | e:   1.000000 | Q:        nan | won: False 
#  249 | steps:  3033 | steps_t:     0 | t: 4.132289 | r:  -508.000000 | e:   1.000000 | Q:        nan | won: False 
#  250 | steps:  3048 | steps_t:     0 | t: 4.152333 | r:  -514.000000 | e:   1.000000 | Q:        nan | won: False 
#  251 | steps:  3063 | steps_t:     0 | t: 4.172555 | r:  -492.000000 | e:   1.000000 | Q:        nan | won: False 
#  252 | steps:  3069 | steps_t:     0 | t: 4.180239 | r:  -505.000000 | e:   1.000000 | Q:        nan | won: False 
#  253 | steps:  3086 | steps_t:     0 | t: 4.203576 | r:  -505.000000 | e:   1.000000 | Q:        nan | won: False 
#  254 | steps:  3104 | steps_t:     0 | t: 4.228136 | r:  -506.000000 | e:   1.000000 | Q:        nan | won: False 
#  255 | steps:  3111 | steps_t:     0 | t: 4.237241 | r:  -506.000000 | e:   1.000000 | Q:        nan | won: False 
#  256 | steps:  3124 | steps_t:     0 | t: 4.255127 | r:  -512.000000 | e:   1.000000 | Q:        nan | won: False 
#  257 | steps:  3130 | steps_t:     0 | t: 4.262716 | r:  -505.000000 | e:   1.000000 | Q:        nan | won: False 
#  258 | steps:  3143 | steps_t:     0 | t: 4.280183 | r:  -512.000000 | e:   1.000000 | Q:        nan | won: False 
#  259 | steps:  3155 | steps_t:     0 | t: 4.296110 | r:  -511.000000 | e:   1.000000 | Q:        nan | won: False 
#  260 | steps:  3165 | steps_t:     0 | t: 4.309388 | r:  -509.000000 | e:   1.000000 | Q:        nan | won: False 
#  261 | steps:  3189 | steps_t:     0 | t: 4.342535 | r:  -523.000000 | e:   1.000000 | Q:        nan | won: False 
#  262 | steps:  3205 | steps_t:     0 | t: 4.364145 | r:  -515.000000 | e:   1.000000 | Q:        nan | won: False 
#  263 | steps:  3221 | steps_t:     0 | t: 4.385768 | r:  -504.000000 | e:   1.000000 | Q:        nan | won: False 
#  264 | steps:  3233 | steps_t:     0 | t: 4.402241 | r:  -511.000000 | e:   1.000000 | Q:        nan | won: False 
#  265 | steps:  3249 | steps_t:     0 | t: 4.423853 | r:  -504.000000 | e:   1.000000 | Q:        nan | won: False 
#  266 | steps:  3255 | steps_t:     0 | t: 4.431534 | r:  -505.000000 | e:   1.000000 | Q:        nan | won: False 
#  267 | steps:  3282 | steps_t:     0 | t: 4.467989 | r:  -515.000000 | e:   1.000000 | Q:        nan | won: False 
#  268 | steps:  3294 | steps_t:     0 | t: 4.484104 | r:  -511.000000 | e:   1.000000 | Q:        nan | won: False 
#  269 | steps:  3308 | steps_t:     0 | t: 4.502932 | r:  -513.000000 | e:   1.000000 | Q:        nan | won: False 
#  270 | steps:  3324 | steps_t:     0 | t: 4.524405 | r:  -515.000000 | e:   1.000000 | Q:        nan | won: False 
#  271 | steps:  3339 | steps_t:     0 | t: 4.544668 | r:  -514.000000 | e:   1.000000 | Q:        nan | won: False 
#  272 | steps:  3352 | steps_t:     0 | t: 4.562209 | r:  -501.000000 | e:   1.000000 | Q:        nan | won: False 
#  273 | steps:  3359 | steps_t:     0 | t: 4.571160 | r:  -506.000000 | e:   1.000000 | Q:        nan | won: False 
#  274 | steps:  3373 | steps_t:     0 | t: 4.589991 | r:  -513.000000 | e:   1.000000 | Q:        nan | won: False 
#  275 | steps:  3382 | steps_t:     0 | t: 4.601834 | r:  -508.000000 | e:   1.000000 | Q:        nan | won: False 
#  276 | steps:  3391 | steps_t:     0 | t: 4.613697 | r:  -508.000000 | e:   1.000000 | Q:        nan | won: False 
#  277 | steps:  3398 | steps_t:     0 | t: 4.622798 | r:  -506.000000 | e:   1.000000 | Q:        nan | won: False 
#  278 | steps:  3414 | steps_t:     0 | t: 4.644650 | r:  -515.000000 | e:   1.000000 | Q:        nan | won: False 
#  279 | steps:  3430 | steps_t:     0 | t: 4.666218 | r:  -515.000000 | e:   1.000000 | Q:        nan | won: False 
#  280 | steps:  3464 | steps_t:     0 | t: 4.712630 | r:  -533.000000 | e:   1.000000 | Q:        nan | won: False 
#  281 | steps:  3472 | steps_t:     0 | t: 4.723055 | r:  -507.000000 | e:   1.000000 | Q:        nan | won: False 
#  282 | steps:  3483 | steps_t:     0 | t: 4.737688 | r:  -510.000000 | e:   1.000000 | Q:        nan | won: False 
#  283 | steps:  3489 | steps_t:     0 | t: 4.745346 | r:  -505.000000 | e:   1.000000 | Q:        nan | won: False 
#  284 | steps:  3501 | steps_t:     0 | t: 4.761421 | r:  -511.000000 | e:   1.000000 | Q:        nan | won: False 
#  285 | steps:  3510 | steps_t:     0 | t: 4.773315 | r:  -508.000000 | e:   1.000000 | Q:        nan | won: False 
#  286 | steps:  3527 | steps_t:     0 | t: 4.796288 | r:  -505.000000 | e:   1.000000 | Q:        nan | won: False 
#  287 | steps:  3540 | steps_t:     0 | t: 4.813717 | r:  -512.000000 | e:   1.000000 | Q:        nan | won: False 
#  288 | steps:  3550 | steps_t:     0 | t: 4.827073 | r:  -509.000000 | e:   1.000000 | Q:        nan | won: False 
#  289 | steps:  3560 | steps_t:     0 | t: 4.840318 | r:  -509.000000 | e:   1.000000 | Q:        nan | won: False 
#  290 | steps:  3569 | steps_t:     0 | t: 4.852205 | r:  -508.000000 | e:   1.000000 | Q:        nan | won: False 
#  291 | steps:  3586 | steps_t:     0 | t: 4.875153 | r:  -505.000000 | e:   1.000000 | Q:        nan | won: False 
#  292 | steps:  3594 | steps_t:     0 | t: 4.885513 | r:  -507.000000 | e:   1.000000 | Q:        nan | won: False 
#  293 | steps:  3624 | steps_t:     0 | t: 4.926631 | r:  -518.000000 | e:   1.000000 | Q:        nan | won: False 
#  294 | steps:  3632 | steps_t:     0 | t: 4.937064 | r:  -507.000000 | e:   1.000000 | Q:        nan | won: False 
#  295 | steps:  3662 | steps_t:     0 | t: 4.977722 | r:    82.000000 | e:   1.000000 | Q:        nan | won: True 
#  296 | steps:  3669 | steps_t:     0 | t: 4.986761 | r:  -506.000000 | e:   1.000000 | Q:        nan | won: False 
#  297 | steps:  3675 | steps_t:     0 | t: 4.994477 | r:  -505.000000 | e:   1.000000 | Q:        nan | won: False 
#  298 | steps:  3690 | steps_t:     0 | t: 5.014728 | r:  -492.000000 | e:   1.000000 | Q:        nan | won: False 
#  299 | steps:  3702 | steps_t:     0 | t: 5.031208 | r:  -511.000000 | e:   1.000000 | Q:        nan | won: False 
#  300 | steps:  3721 | steps_t:     0 | t: 5.057442 | r:  -507.000000 | e:   1.000000 | Q:        nan | won: False 
#  301 | steps:  3730 | steps_t:     0 | t: 5.069336 | r:  -508.000000 | e:   1.000000 | Q:        nan | won: False 
#  302 | steps:  3736 | steps_t:     0 | t: 5.077002 | r:  -505.000000 | e:   1.000000 | Q:        nan | won: False 
#  303 | steps:  3744 | steps_t:     0 | t: 5.087677 | r:  -507.000000 | e:   1.000000 | Q:        nan | won: False 
#  304 | steps:  3752 | steps_t:     0 | t: 5.098006 | r:  -507.000000 | e:   1.000000 | Q:        nan | won: False 
#  305 | steps:  3763 | steps_t:     0 | t: 5.112613 | r:  -510.000000 | e:   1.000000 | Q:        nan | won: False 
#  306 | steps:  3773 | steps_t:     0 | t: 5.125827 | r:  -509.000000 | e:   1.000000 | Q:        nan | won: False 
#  307 | steps:  3778 | steps_t:     0 | t: 5.132043 | r:  -504.000000 | e:   1.000000 | Q:        nan | won: False 
#  308 | steps:  3792 | steps_t:     0 | t: 5.151027 | r:  -513.000000 | e:   1.000000 | Q:        nan | won: False 
#  309 | steps:  3801 | steps_t:     0 | t: 5.162819 | r:  -508.000000 | e:   1.000000 | Q:        nan | won: False 
#  310 | steps:  3814 | steps_t:     0 | t: 5.180160 | r:  -501.000000 | e:   1.000000 | Q:        nan | won: False 
#  311 | steps:  3824 | steps_t:     0 | t: 5.193495 | r:  -509.000000 | e:   1.000000 | Q:        nan | won: False 
#  312 | steps:  3839 | steps_t:     0 | t: 5.213706 | r:  -514.000000 | e:   1.000000 | Q:        nan | won: False 
#  313 | steps:  3851 | steps_t:     0 | t: 5.229858 | r:  -511.000000 | e:   1.000000 | Q:        nan | won: False 
#  314 | steps:  3862 | steps_t:     0 | t: 5.244586 | r:  -510.000000 | e:   1.000000 | Q:        nan | won: False 
#  315 | steps:  3872 | steps_t:     0 | t: 5.257899 | r:  -509.000000 | e:   1.000000 | Q:        nan | won: False 
#  316 | steps:  3884 | steps_t:     0 | t: 5.273883 | r:  -511.000000 | e:   1.000000 | Q:        nan | won: False 
#  317 | steps:  3896 | steps_t:     0 | t: 5.289900 | r:  -511.000000 | e:   1.000000 | Q:        nan | won: False 
#  318 | steps:  3904 | steps_t:     0 | t: 5.300405 | r:  -507.000000 | e:   1.000000 | Q:        nan | won: False 
#  319 | steps:  3913 | steps_t:     0 | t: 5.312243 | r:  -508.000000 | e:   1.000000 | Q:        nan | won: False 
#  320 | steps:  3919 | steps_t:     0 | t: 5.319938 | r:  -505.000000 | e:   1.000000 | Q:        nan | won: False 
#  321 | steps:  3926 | steps_t:     0 | t: 5.328974 | r:  -506.000000 | e:   1.000000 | Q:        nan | won: False 
#  322 | steps:  3937 | steps_t:     0 | t: 5.343666 | r:  -510.000000 | e:   1.000000 | Q:        nan | won: False 
#  323 | steps:  3958 | steps_t:     0 | t: 5.372381 | r:  -520.000000 | e:   1.000000 | Q:        nan | won: False 
#  324 | steps:  3976 | steps_t:     0 | t: 5.397388 | r:  -517.000000 | e:   1.000000 | Q:        nan | won: False 
#  325 | steps:  4003 | steps_t:     0 | t: 5.434284 | r:  -515.000000 | e:   1.000000 | Q:        nan | won: False 
#  326 | steps:  4025 | steps_t:     0 | t: 5.464279 | r:  -521.000000 | e:   1.000000 | Q:        nan | won: False 
#  327 | steps:  4037 | steps_t:     0 | t: 5.480429 | r:  -511.000000 | e:   1.000000 | Q:        nan | won: False 
#  328 | steps:  4051 | steps_t:     0 | t: 5.499229 | r:  -502.000000 | e:   1.000000 | Q:        nan | won: False 
#  329 | steps:  4060 | steps_t:     0 | t: 5.511172 | r:  -508.000000 | e:   1.000000 | Q:        nan | won: False 
#  330 | steps:  4083 | steps_t:     0 | t: 5.542571 | r:  -522.000000 | e:   1.000000 | Q:        nan | won: False 
#  331 | steps:  4093 | steps_t:     0 | t: 5.555869 | r:  -509.000000 | e:   1.000000 | Q:        nan | won: False 
#  332 | steps:  4100 | steps_t:     0 | t: 5.564945 | r:  -506.000000 | e:   1.000000 | Q:        nan | won: False 
#  333 | steps:  4105 | steps_t:     0 | t: 5.571266 | r:  -504.000000 | e:   1.000000 | Q:        nan | won: False 
#  334 | steps:  4124 | steps_t:     0 | t: 5.597072 | r:  -518.000000 | e:   1.000000 | Q:        nan | won: False 
#  335 | steps:  4135 | steps_t:     0 | t: 5.611686 | r:  -510.000000 | e:   1.000000 | Q:        nan | won: False 
#  336 | steps:  4155 | steps_t:     0 | t: 5.638841 | r:  -508.000000 | e:   1.000000 | Q:        nan | won: False 
#  337 | steps:  4160 | steps_t:     0 | t: 5.645160 | r:  -504.000000 | e:   1.000000 | Q:        nan | won: False 
#  338 | steps:  4174 | steps_t:     0 | t: 5.664313 | r:  -513.000000 | e:   1.000000 | Q:        nan | won: False 
#  339 | steps:  4190 | steps_t:     0 | t: 5.686179 | r:  -515.000000 | e:   1.000000 | Q:        nan | won: False 
#  340 | steps:  4198 | steps_t:     0 | t: 5.696656 | r:  -507.000000 | e:   1.000000 | Q:        nan | won: False 
#  341 | steps:  4213 | steps_t:     0 | t: 5.716890 | r:  -503.000000 | e:   1.000000 | Q:        nan | won: False 
#  342 | steps:  4231 | steps_t:     0 | t: 5.741548 | r:  -517.000000 | e:   1.000000 | Q:        nan | won: False 
#  343 | steps:  4239 | steps_t:     0 | t: 5.752117 | r:  -507.000000 | e:   1.000000 | Q:        nan | won: False 
#  344 | steps:  4270 | steps_t:     0 | t: 5.794652 | r:  -519.000000 | e:   1.000000 | Q:        nan | won: False 
#  345 | steps:  4277 | steps_t:     0 | t: 5.803727 | r:  -506.000000 | e:   1.000000 | Q:        nan | won: False 
#  346 | steps:  4285 | steps_t:     0 | t: 5.814166 | r:  -507.000000 | e:   1.000000 | Q:        nan | won: False 
#  347 | steps:  4296 | steps_t:     0 | t: 5.829043 | r:  -510.000000 | e:   1.000000 | Q:        nan | won: False 
#  348 | steps:  4305 | steps_t:     0 | t: 5.840857 | r:  -508.000000 | e:   1.000000 | Q:        nan | won: False 
#  349 | steps:  4335 | steps_t:     0 | t: 5.882498 | r:  -529.000000 | e:   1.000000 | Q:        nan | won: False 
#  350 | steps:  4352 | steps_t:     0 | t: 5.905482 | r:  -516.000000 | e:   1.000000 | Q:        nan | won: False 
#  351 | steps:  4357 | steps_t:     0 | t: 5.911735 | r:  -504.000000 | e:   1.000000 | Q:        nan | won: False 
#  352 | steps:  4367 | steps_t:     0 | t: 5.925326 | r:  -509.000000 | e:   1.000000 | Q:        nan | won: False 
#  353 | steps:  4379 | steps_t:     0 | t: 5.941366 | r:  -511.000000 | e:   1.000000 | Q:        nan | won: False 
#  354 | steps:  4399 | steps_t:     0 | t: 5.968547 | r:  -519.000000 | e:   1.000000 | Q:        nan | won: False 
#  355 | steps:  4414 | steps_t:     0 | t: 5.988887 | r:  -514.000000 | e:   1.000000 | Q:        nan | won: False 
#  356 | steps:  4428 | steps_t:     0 | t: 6.007576 | r:  -513.000000 | e:   1.000000 | Q:        nan | won: False 
#  357 | steps:  4441 | steps_t:     0 | t: 6.025104 | r:  -512.000000 | e:   1.000000 | Q:        nan | won: False 
#  358 | steps:  4450 | steps_t:     0 | t: 6.037057 | r:  -508.000000 | e:   1.000000 | Q:        nan | won: False 
#  359 | steps:  4458 | steps_t:     0 | t: 6.047684 | r:  -507.000000 | e:   1.000000 | Q:        nan | won: False 
#  360 | steps:  4480 | steps_t:     0 | t: 6.078008 | r:  -521.000000 | e:   1.000000 | Q:        nan | won: False 
#  361 | steps:  4497 | steps_t:     0 | t: 6.101136 | r:  -516.000000 | e:   1.000000 | Q:        nan | won: False 
#  362 | steps:  4508 | steps_t:     0 | t: 6.115730 | r:  -510.000000 | e:   1.000000 | Q:        nan | won: False 
#  363 | steps:  4515 | steps_t:     0 | t: 6.124742 | r:  -506.000000 | e:   1.000000 | Q:        nan | won: False 
#  364 | steps:  4523 | steps_t:     0 | t: 6.135554 | r:  -507.000000 | e:   1.000000 | Q:        nan | won: False 
#  365 | steps:  4532 | steps_t:     0 | t: 6.147438 | r:  -508.000000 | e:   1.000000 | Q:        nan | won: False 
#  366 | steps:  4538 | steps_t:     0 | t: 6.155212 | r:  -505.000000 | e:   1.000000 | Q:        nan | won: False 
#  367 | steps:  4547 | steps_t:     0 | t: 6.166919 | r:  -508.000000 | e:   1.000000 | Q:        nan | won: False 
#  368 | steps:  4553 | steps_t:     0 | t: 6.174556 | r:  -505.000000 | e:   1.000000 | Q:        nan | won: False 
#  369 | steps:  4580 | steps_t:     0 | t: 6.211190 | r:  -515.000000 | e:   1.000000 | Q:        nan | won: False 
#  370 | steps:  4588 | steps_t:     0 | t: 6.221787 | r:  -507.000000 | e:   1.000000 | Q:        nan | won: False 
#  371 | steps:  4602 | steps_t:     0 | t: 6.240646 | r:  -513.000000 | e:   1.000000 | Q:        nan | won: False 
#  372 | steps:  4619 | steps_t:     0 | t: 6.263463 | r:  -505.000000 | e:   1.000000 | Q:        nan | won: False 
#  373 | steps:  4629 | steps_t:     0 | t: 6.276729 | r:  -509.000000 | e:   1.000000 | Q:        nan | won: False 
#  374 | steps:  4638 | steps_t:     0 | t: 6.288707 | r:  -508.000000 | e:   1.000000 | Q:        nan | won: False 
#  375 | steps:  4661 | steps_t:     0 | t: 6.319834 | r:  -511.000000 | e:   1.000000 | Q:        nan | won: False 
#  376 | steps:  4677 | steps_t:     0 | t: 6.341692 | r:  -504.000000 | e:   1.000000 | Q:        nan | won: False 
#  377 | steps:  4688 | steps_t:     0 | t: 6.356459 | r:  -510.000000 | e:   1.000000 | Q:        nan | won: False 
#  378 | steps:  4697 | steps_t:     0 | t: 6.368326 | r:  -508.000000 | e:   1.000000 | Q:        nan | won: False 
#  379 | steps:  4704 | steps_t:     0 | t: 6.377563 | r:  -506.000000 | e:   1.000000 | Q:        nan | won: False 
#  380 | steps:  4717 | steps_t:     0 | t: 6.395418 | r:  -512.000000 | e:   1.000000 | Q:        nan | won: False 
#  381 | steps:  4724 | steps_t:     0 | t: 6.404826 | r:  -506.000000 | e:   1.000000 | Q:        nan | won: False 
#  382 | steps:  4738 | steps_t:     0 | t: 6.423750 | r:  -513.000000 | e:   1.000000 | Q:        nan | won: False 
#  383 | steps:  4744 | steps_t:     0 | t: 6.431449 | r:  -505.000000 | e:   1.000000 | Q:        nan | won: False 
#  384 | steps:  4753 | steps_t:     0 | t: 6.443685 | r:  -508.000000 | e:   1.000000 | Q:        nan | won: False 
#  385 | steps:  4762 | steps_t:     0 | t: 6.455515 | r:  -508.000000 | e:   1.000000 | Q:        nan | won: False 
#  386 | steps:  4768 | steps_t:     0 | t: 6.463238 | r:  -505.000000 | e:   1.000000 | Q:        nan | won: False 
#  387 | steps:  4775 | steps_t:     0 | t: 6.472579 | r:  -506.000000 | e:   1.000000 | Q:        nan | won: False 
#  388 | steps:  4793 | steps_t:     0 | t: 6.497469 | r:  -517.000000 | e:   1.000000 | Q:        nan | won: False 
#  389 | steps:  4806 | steps_t:     0 | t: 6.515025 | r:  -512.000000 | e:   1.000000 | Q:        nan | won: False 
#  390 | steps:  4829 | steps_t:     0 | t: 6.547014 | r:  -522.000000 | e:   1.000000 | Q:        nan | won: False 
#  391 | steps:  4835 | steps_t:     0 | t: 6.554712 | r:  -505.000000 | e:   1.000000 | Q:        nan | won: False 
#  392 | steps:  4851 | steps_t:     0 | t: 6.576642 | r:  -504.000000 | e:   1.000000 | Q:        nan | won: False 
#  393 | steps:  4864 | steps_t:     0 | t: 6.594715 | r:  -512.000000 | e:   1.000000 | Q:        nan | won: False 
#  394 | steps:  4873 | steps_t:     0 | t: 6.606586 | r:  -508.000000 | e:   1.000000 | Q:        nan | won: False 
#  395 | steps:  4881 | steps_t:     0 | t: 6.616976 | r:  -507.000000 | e:   1.000000 | Q:        nan | won: False 
#  396 | steps:  4891 | steps_t:     0 | t: 6.630868 | r:  -509.000000 | e:   1.000000 | Q:        nan | won: False 
#  397 | steps:  4903 | steps_t:     0 | t: 6.646824 | r:  -511.000000 | e:   1.000000 | Q:        nan | won: False 
#  398 | steps:  4911 | steps_t:     0 | t: 6.657641 | r:  -507.000000 | e:   1.000000 | Q:        nan | won: False 
#  399 | steps:  4917 | steps_t:     0 | t: 6.665273 | r:  -505.000000 | e:   1.000000 | Q:        nan | won: False 
#  400 | steps:  4924 | steps_t:     0 | t: 6.674304 | r:  -506.000000 | e:   1.000000 | Q:        nan | won: False 
#  401 | steps:  4935 | steps_t:     0 | t: 6.689455 | r:  -510.000000 | e:   1.000000 | Q:        nan | won: False 
#  402 | steps:  4955 | steps_t:     0 | t: 6.717031 | r:  -519.000000 | e:   1.000000 | Q:        nan | won: False 
#  403 | steps:  4962 | steps_t:     0 | t: 6.726215 | r:  -506.000000 | e:   1.000000 | Q:        nan | won: False 
#  404 | steps:  4982 | steps_t:     0 | t: 6.753660 | r:  -519.000000 | e:   1.000000 | Q:        nan | won: False 
#  405 | steps:  4989 | steps_t:     0 | t: 6.762778 | r:  -506.000000 | e:   1.000000 | Q:        nan | won: False 
#  406 | steps:  4996 | steps_t:     0 | t: 6.772112 | r:  -506.000000 | e:   1.000000 | Q:        nan | won: False 
