#    1 | steps:    12 | steps_t:     0 | t: 0.023492 | r:  -511.000000 | e:   1.000000 | Q:        nan | won: False 
#    2 | steps:    26 | steps_t:     0 | t: 0.042997 | r:  -513.000000 | e:   1.000000 | Q:        nan | won: False 
#    3 | steps:    36 | steps_t:     0 | t: 0.057898 | r:  -509.000000 | e:   1.000000 | Q:        nan | won: False 
#    4 | steps:    46 | steps_t:     0 | t: 0.071448 | r:  -509.000000 | e:   1.000000 | Q:        nan | won: False 
#    5 | steps:    56 | steps_t:     0 | t: 0.085931 | r:  -509.000000 | e:   1.000000 | Q:        nan | won: False 
#    6 | steps:    66 | steps_t:     0 | t: 0.099825 | r:  -509.000000 | e:   1.000000 | Q:        nan | won: False 
#    7 | steps:    72 | steps_t:     0 | t: 0.107689 | r:  -505.000000 | e:   1.000000 | Q:        nan | won: False 
#    8 | steps:    93 | steps_t:     0 | t: 0.138414 | r:  -520.000000 | e:   1.000000 | Q:        nan | won: False 
#    9 | steps:   106 | steps_t:     0 | t: 0.157043 | r:  -512.000000 | e:   1.000000 | Q:        nan | won: False 
#   10 | steps:   111 | steps_t:     0 | t: 0.163825 | r:  -504.000000 | e:   1.000000 | Q:        nan | won: False 
#   11 | steps:   123 | steps_t:     0 | t: 0.181104 | r:  -511.000000 | e:   1.000000 | Q:        nan | won: False 
#   12 | steps:   131 | steps_t:     0 | t: 0.191760 | r:  -507.000000 | e:   1.000000 | Q:        nan | won: False 
#   13 | steps:   149 | steps_t:     0 | t: 0.217749 | r:  -517.000000 | e:   1.000000 | Q:        nan | won: False 
#   14 | steps:   159 | steps_t:     0 | t: 0.231537 | r:  -509.000000 | e:   1.000000 | Q:        nan | won: False 
#   15 | steps:   168 | steps_t:     0 | t: 0.244324 | r:  -508.000000 | e:   1.000000 | Q:        nan | won: False 
#   16 | steps:   176 | steps_t:     0 | t: 0.255418 | r:  -507.000000 | e:   1.000000 | Q:        nan | won: False 
#   17 | steps:   183 | steps_t:     0 | t: 0.264889 | r:  -506.000000 | e:   1.000000 | Q:        nan | won: False 
#   18 | steps:   198 | steps_t:     0 | t: 0.286259 | r:  -503.000000 | e:   1.000000 | Q:        nan | won: False 
#   19 | steps:   209 | steps_t:     0 | t: 0.301613 | r:  -510.000000 | e:   1.000000 | Q:        nan | won: False 
#   20 | steps:   219 | steps_t:     0 | t: 0.315584 | r:  -509.000000 | e:   1.000000 | Q:        nan | won: False 
#   21 | steps:   232 | steps_t:     0 | t: 0.333890 | r:  -512.000000 | e:   1.000000 | Q:        nan | won: False 
#   22 | steps:   240 | steps_t:     0 | t: 0.344697 | r:  -507.000000 | e:   1.000000 | Q:        nan | won: False 
#   23 | steps:   250 | steps_t:     0 | t: 0.358933 | r:  -509.000000 | e:   1.000000 | Q:        nan | won: False 
#   24 | steps:   258 | steps_t:     0 | t: 0.370188 | r:  -507.000000 | e:   1.000000 | Q:        nan | won: False 
#   25 | steps:   265 | steps_t:     0 | t: 0.379922 | r:  -506.000000 | e:   1.000000 | Q:        nan | won: False 
#   26 | steps:   274 | steps_t:     0 | t: 0.392402 | r:  -508.000000 | e:   1.000000 | Q:        nan | won: False 
#   27 | steps:   281 | steps_t:     0 | t: 0.401735 | r:  -506.000000 | e:   1.000000 | Q:        nan | won: False 
#   28 | steps:   298 | steps_t:     0 | t: 0.427006 | r:  -516.000000 | e:   1.000000 | Q:        nan | won: False 
#   29 | steps:   305 | steps_t:     0 | t: 0.436482 | r:  -506.000000 | e:   1.000000 | Q:        nan | won: False 
#   30 | steps:   332 | steps_t:     0 | t: 0.475237 | r:  -515.000000 | e:   1.000000 | Q:        nan | won: False 
#   31 | steps:   342 | steps_t:     0 | t: 0.489284 | r:  -509.000000 | e:   1.000000 | Q:        nan | won: False 
#   32 | steps:   352 | steps_t:     0 | t: 0.503161 | r:  -509.000000 | e:   1.000000 | Q:        nan | won: False 
#   33 | steps:   359 | steps_t:     0 | t: 0.512878 | r:  -506.000000 | e:   1.000000 | Q:        nan | won: False 
#   34 | steps:   367 | steps_t:     0 | t: 0.524234 | r:  -507.000000 | e:   1.000000 | Q:        nan | won: False 
#   35 | steps:   376 | steps_t:     0 | t: 0.536616 | r:  -508.000000 | e:   1.000000 | Q:        nan | won: False 
#   36 | steps:   386 | steps_t:     0 | t: 0.550664 | r:  -509.000000 | e:   1.000000 | Q:        nan | won: False 
#   37 | steps:   401 | steps_t:     0 | t: 0.571842 | r:  -514.000000 | e:   1.000000 | Q:        nan | won: False 
#   38 | steps:   420 | steps_t:     0 | t: 0.599360 | r:  -518.000000 | e:   1.000000 | Q:        nan | won: False 
#   39 | steps:   431 | steps_t:     0 | t: 0.614504 | r:  -510.000000 | e:   1.000000 | Q:        nan | won: False 
#   40 | steps:   447 | steps_t:     0 | t: 0.636817 | r:  -504.000000 | e:   1.000000 | Q:        nan | won: False 
#   41 | steps:   456 | steps_t:     0 | t: 0.648922 | r:  -508.000000 | e:   1.000000 | Q:        nan | won: False 
#   42 | steps:   463 | steps_t:     0 | t: 0.659022 | r:  -506.000000 | e:   1.000000 | Q:        nan | won: False 
#   43 | steps:   473 | steps_t:     0 | t: 0.672828 | r:  -509.000000 | e:   1.000000 | Q:        nan | won: False 
#   44 | steps:   487 | steps_t:     0 | t: 0.692322 | r:  -513.000000 | e:   1.000000 | Q:        nan | won: False 
#   45 | steps:   493 | steps_t:     0 | t: 0.700184 | r:  -505.000000 | e:   1.000000 | Q:        nan | won: False 
#   46 | steps:   508 | steps_t:     0 | t: 0.721004 | r:  -492.000000 | e:   1.000000 | Q:        nan | won: False 
#   47 | steps:   516 | steps_t:     0 | t: 0.756413 | r:  -507.000000 | e:   1.000000 | Q:        nan | won: False 
#   48 | steps:   533 | steps_t:     0 | t: 0.781572 | r:  -516.000000 | e:   1.000000 | Q:        nan | won: False 
#   49 | steps:   541 | steps_t:     0 | t: 0.792366 | r:  -507.000000 | e:   1.000000 | Q:        nan | won: False 
#   50 | steps:   560 | steps_t:     0 | t: 0.819131 | r:  -496.000000 | e:   1.000000 | Q:        nan | won: False 
#   51 | steps:   574 | steps_t:     0 | t: 0.839123 | r:  -513.000000 | e:   1.000000 | Q:        nan | won: False 
#   52 | steps:   582 | steps_t:     0 | t: 0.849976 | r:  -507.000000 | e:   1.000000 | Q:        nan | won: False 
#   53 | steps:   592 | steps_t:     0 | t: 0.863729 | r:  -509.000000 | e:   1.000000 | Q:        nan | won: False 
#   54 | steps:   602 | steps_t:     0 | t: 0.877789 | r:  -509.000000 | e:   1.000000 | Q:        nan | won: False 
#   55 | steps:   608 | steps_t:     0 | t: 0.885712 | r:  -505.000000 | e:   1.000000 | Q:        nan | won: False 
#   56 | steps:   633 | steps_t:     0 | t: 0.921115 | r:  -513.000000 | e:   1.000000 | Q:        nan | won: False 
#   57 | steps:   643 | steps_t:     0 | t: 0.934844 | r:  -509.000000 | e:   1.000000 | Q:        nan | won: False 
#   58 | steps:   653 | steps_t:     0 | t: 0.948713 | r:  -509.000000 | e:   1.000000 | Q:        nan | won: False 
#   59 | steps:   659 | steps_t:     0 | t: 0.956782 | r:  -505.000000 | e:   1.000000 | Q:        nan | won: False 
#   60 | steps:   680 | steps_t:     0 | t: 0.986257 | r:  -509.000000 | e:   1.000000 | Q:        nan | won: False 
#   61 | steps:   692 | steps_t:     0 | t: 1.003134 | r:  -511.000000 | e:   1.000000 | Q:        nan | won: False 
#   62 | steps:   698 | steps_t:     0 | t: 1.011519 | r:  -505.000000 | e:   1.000000 | Q:        nan | won: False 
#   63 | steps:   706 | steps_t:     0 | t: 1.022510 | r:  -507.000000 | e:   1.000000 | Q:        nan | won: False 
#   64 | steps:   715 | steps_t:     0 | t: 1.034878 | r:  -508.000000 | e:   1.000000 | Q:        nan | won: False 
#   65 | steps:   728 | steps_t:     0 | t: 1.053036 | r:  -512.000000 | e:   1.000000 | Q:        nan | won: False 
#   66 | steps:   739 | steps_t:     0 | t: 1.068237 | r:  -510.000000 | e:   1.000000 | Q:        nan | won: False 
#   67 | steps:   747 | steps_t:     0 | t: 1.079295 | r:  -507.000000 | e:   1.000000 | Q:        nan | won: False 
#   68 | steps:   756 | steps_t:     0 | t: 1.091568 | r:  -508.000000 | e:   1.000000 | Q:        nan | won: False 
#   69 | steps:   763 | steps_t:     0 | t: 1.100827 | r:  -506.000000 | e:   1.000000 | Q:        nan | won: False 
#   70 | steps:   780 | steps_t:     0 | t: 1.124491 | r:  -516.000000 | e:   1.000000 | Q:        nan | won: False 
#   71 | steps:   794 | steps_t:     0 | t: 1.144625 | r:  -513.000000 | e:   1.000000 | Q:        nan | won: False 
#   72 | steps:   802 | steps_t:     0 | t: 1.155560 | r:  -507.000000 | e:   1.000000 | Q:        nan | won: False 
#   73 | steps:   820 | steps_t:     0 | t: 1.181341 | r:  -517.000000 | e:   1.000000 | Q:        nan | won: False 
#   74 | steps:   833 | steps_t:     0 | t: 1.199374 | r:  -512.000000 | e:   1.000000 | Q:        nan | won: False 
#   75 | steps:   841 | steps_t:     0 | t: 1.210304 | r:  -507.000000 | e:   1.000000 | Q:        nan | won: False 
#   76 | steps:   850 | steps_t:     0 | t: 1.222453 | r:  -508.000000 | e:   1.000000 | Q:        nan | won: False 
#   77 | steps:   863 | steps_t:     0 | t: 1.241166 | r:  -512.000000 | e:   1.000000 | Q:        nan | won: False 
#   78 | steps:   869 | steps_t:     0 | t: 1.249433 | r:  -505.000000 | e:   1.000000 | Q:        nan | won: False 
#   79 | steps:   894 | steps_t:     0 | t: 1.284775 | r:  -513.000000 | e:   1.000000 | Q:        nan | won: False 
#   80 | steps:   903 | steps_t:     0 | t: 1.297067 | r:  -508.000000 | e:   1.000000 | Q:        nan | won: False 
#   81 | steps:   913 | steps_t:     0 | t: 1.311044 | r:  -509.000000 | e:   1.000000 | Q:        nan | won: False 
#   82 | steps:   924 | steps_t:     0 | t: 1.326419 | r:  -510.000000 | e:   1.000000 | Q:        nan | won: False 
#   83 | steps:   946 | steps_t:     0 | t: 1.357456 | r:  -521.000000 | e:   1.000000 | Q:        nan | won: False 
#   84 | steps:   955 | steps_t:     0 | t: 1.369984 | r:  -508.000000 | e:   1.000000 | Q:        nan | won: False 
#   85 | steps:   967 | steps_t:     0 | t: 1.387053 | r:  -511.000000 | e:   1.000000 | Q:        nan | won: False 
#   86 | steps:   977 | steps_t:     0 | t: 1.400788 | r:  -509.000000 | e:   1.000000 | Q:        nan | won: False 
#   87 | steps:   993 | steps_t:     0 | t: 1.423551 | r:  -515.000000 | e:   1.000000 | Q:        nan | won: False 
#   88 | steps:   998 | steps_t:     0 | t: 1.429993 | r:  -504.000000 | e:   1.000000 | Q:        nan | won: False 
#   89 | steps:  1007 | steps_t:     0 | t: 1.442512 | r:  -508.000000 | e:   1.000000 | Q:        nan | won: False 
#   90 | steps:  1017 | steps_t:     0 | t: 1.456377 | r:  -509.000000 | e:   1.000000 | Q:        nan | won: False 
#   91 | steps:  1024 | steps_t:     0 | t: 1.465758 | r:  -506.000000 | e:   1.000000 | Q:        nan | won: False 
#   92 | steps:  1032 | steps_t:     0 | t: 1.476588 | r:  -507.000000 | e:   1.000000 | Q:        nan | won: False 
#   93 | steps:  1044 | steps_t:     0 | t: 1.493233 | r:  -511.000000 | e:   1.000000 | Q:        nan | won: False 
#   94 | steps:  1054 | steps_t:     0 | t: 1.506914 | r:  -509.000000 | e:   1.000000 | Q:        nan | won: False 
#   95 | steps:  1062 | steps_t:     0 | t: 1.517770 | r:  -507.000000 | e:   1.000000 | Q:        nan | won: False 
#   96 | steps:  1067 | steps_t:     0 | t: 1.524202 | r:  -504.000000 | e:   1.000000 | Q:        nan | won: False 
#   97 | steps:  1085 | steps_t:     0 | t: 1.549646 | r:  -506.000000 | e:   1.000000 | Q:        nan | won: False 
#   98 | steps:  1098 | steps_t:     0 | t: 1.567736 | r:  -512.000000 | e:   1.000000 | Q:        nan | won: False 
#   99 | steps:  1116 | steps_t:     0 | t: 1.593906 | r:  -517.000000 | e:   1.000000 | Q:        nan | won: False 
#  100 | steps:  1126 | steps_t:     0 | t: 1.607687 | r:  -509.000000 | e:   1.000000 | Q:        nan | won: False 
#  101 | steps:  1138 | steps_t:     0 | t: 1.624606 | r:  -511.000000 | e:   1.000000 | Q:        nan | won: False 
#  102 | steps:  1148 | steps_t:     0 | t: 1.638604 | r:  -509.000000 | e:   1.000000 | Q:        nan | won: False 
#  103 | steps:  1161 | steps_t:     0 | t: 1.656758 | r:  -512.000000 | e:   1.000000 | Q:        nan | won: False 
#  104 | steps:  1167 | steps_t:     0 | t: 1.664653 | r:  -505.000000 | e:   1.000000 | Q:        nan | won: False 
#  105 | steps:  1191 | steps_t:     0 | t: 1.698972 | r:  -512.000000 | e:   1.000000 | Q:        nan | won: False 
#  106 | steps:  1206 | steps_t:     0 | t: 1.719921 | r:  -503.000000 | e:   1.000000 | Q:        nan | won: False 
#  107 | steps:  1214 | steps_t:     0 | t: 1.730930 | r:  -507.000000 | e:   1.000000 | Q:        nan | won: False 
#  108 | steps:  1223 | steps_t:     0 | t: 1.743363 | r:  -508.000000 | e:   1.000000 | Q:        nan | won: False 
#  109 | steps:  1242 | steps_t:     0 | t: 1.770288 | r:  -518.000000 | e:   1.000000 | Q:        nan | won: False 
#  110 | steps:  1253 | steps_t:     0 | t: 1.785649 | r:  -510.000000 | e:   1.000000 | Q:        nan | won: False 
#  111 | steps:  1259 | steps_t:     0 | t: 1.793676 | r:  -505.000000 | e:   1.000000 | Q:        nan | won: False 
#  112 | steps:  1268 | steps_t:     0 | t: 1.806406 | r:  -508.000000 | e:   1.000000 | Q:        nan | won: False 
#  113 | steps:  1277 | steps_t:     0 | t: 1.818726 | r:  -508.000000 | e:   1.000000 | Q:        nan | won: False 
#  114 | steps:  1297 | steps_t:     0 | t: 1.847455 | r:  -519.000000 | e:   1.000000 | Q:        nan | won: False 
#  115 | steps:  1307 | steps_t:     0 | t: 1.861478 | r:  -509.000000 | e:   1.000000 | Q:        nan | won: False 
#  116 | steps:  1322 | steps_t:     0 | t: 1.882591 | r:  -514.000000 | e:   1.000000 | Q:        nan | won: False 
#  117 | steps:  1331 | steps_t:     0 | t: 1.895026 | r:  -508.000000 | e:   1.000000 | Q:        nan | won: False 
#  118 | steps:  1340 | steps_t:     0 | t: 1.907449 | r:  -508.000000 | e:   1.000000 | Q:        nan | won: False 
#  119 | steps:  1354 | steps_t:     0 | t: 1.927110 | r:  -502.000000 | e:   1.000000 | Q:        nan | won: False 
#  120 | steps:  1362 | steps_t:     0 | t: 1.938285 | r:  -507.000000 | e:   1.000000 | Q:        nan | won: False 
#  121 | steps:  1375 | steps_t:     0 | t: 1.956530 | r:  -512.000000 | e:   1.000000 | Q:        nan | won: False 
#  122 | steps:  1382 | steps_t:     0 | t: 1.965883 | r:  -506.000000 | e:   1.000000 | Q:        nan | won: False 
#  123 | steps:  1389 | steps_t:     0 | t: 1.975507 | r:  -506.000000 | e:   1.000000 | Q:        nan | won: False 
#  124 | steps:  1398 | steps_t:     0 | t: 1.988014 | r:  -508.000000 | e:   1.000000 | Q:        nan | won: False 
#  125 | steps:  1410 | steps_t:     0 | t: 2.004946 | r:  -511.000000 | e:   1.000000 | Q:        nan | won: False 
#  126 | steps:  1418 | steps_t:     0 | t: 2.015903 | r:  -507.000000 | e:   1.000000 | Q:        nan | won: False 
#  127 | steps:  1429 | steps_t:     0 | t: 2.031502 | r:  -510.000000 | e:   1.000000 | Q:        nan | won: False 
#  128 | steps:  1449 | steps_t:     0 | t: 2.059934 | r:  -508.000000 | e:   1.000000 | Q:        nan | won: False 
#  129 | steps:  1460 | steps_t:     0 | t: 2.075284 | r:  -510.000000 | e:   1.000000 | Q:        nan | won: False 
#  130 | steps:  1474 | steps_t:     0 | t: 2.095336 | r:  -513.000000 | e:   1.000000 | Q:        nan | won: False 
#  131 | steps:  1486 | steps_t:     0 | t: 2.111950 | r:  -511.000000 | e:   1.000000 | Q:        nan | won: False 
#  132 | steps:  1496 | steps_t:     0 | t: 2.125866 | r:  -509.000000 | e:   1.000000 | Q:        nan | won: False 
#  133 | steps:  1514 | steps_t:     0 | t: 2.151328 | r:  -517.000000 | e:   1.000000 | Q:        nan | won: False 
#  134 | steps:  1540 | steps_t:     0 | t: 2.188367 | r:  -514.000000 | e:   1.000000 | Q:        nan | won: False 
#  135 | steps:  1549 | steps_t:     0 | t: 2.200801 | r:  -508.000000 | e:   1.000000 | Q:        nan | won: False 
#  136 | steps:  1557 | steps_t:     0 | t: 2.211616 | r:  -507.000000 | e:   1.000000 | Q:        nan | won: False 
#  137 | steps:  1567 | steps_t:     0 | t: 2.225717 | r:  -509.000000 | e:   1.000000 | Q:        nan | won: False 
#  138 | steps:  1576 | steps_t:     0 | t: 2.238137 | r:  -508.000000 | e:   1.000000 | Q:        nan | won: False 
#  139 | steps:  1587 | steps_t:     0 | t: 2.253503 | r:  -510.000000 | e:   1.000000 | Q:        nan | won: False 
#  140 | steps:  1594 | steps_t:     0 | t: 2.262986 | r:  -506.000000 | e:   1.000000 | Q:        nan | won: False 
#  141 | steps:  1605 | steps_t:     0 | t: 2.278292 | r:  -510.000000 | e:   1.000000 | Q:        nan | won: False 
#  142 | steps:  1615 | steps_t:     0 | t: 2.292042 | r:  -509.000000 | e:   1.000000 | Q:        nan | won: False 
#  143 | steps:  1628 | steps_t:     0 | t: 2.310188 | r:  -512.000000 | e:   1.000000 | Q:        nan | won: False 
#  144 | steps:  1651 | steps_t:     0 | t: 2.342490 | r:  -522.000000 | e:   1.000000 | Q:        nan | won: False 
#  145 | steps:  1664 | steps_t:     0 | t: 2.360253 | r:  -512.000000 | e:   1.000000 | Q:        nan | won: False 
#  146 | steps:  1685 | steps_t:     0 | t: 2.389385 | r:  -520.000000 | e:   1.000000 | Q:        nan | won: False 
#  147 | steps:  1699 | steps_t:     0 | t: 2.408426 | r:  -502.000000 | e:   1.000000 | Q:        nan | won: False 
#  148 | steps:  1707 | steps_t:     0 | t: 2.419256 | r:  -507.000000 | e:   1.000000 | Q:        nan | won: False 
#  149 | steps:  1715 | steps_t:     0 | t: 2.430110 | r:  -507.000000 | e:   1.000000 | Q:        nan | won: False 
#  150 | steps:  1728 | steps_t:     0 | t: 2.447948 | r:  -512.000000 | e:   1.000000 | Q:        nan | won: False 
#  151 | steps:  1748 | steps_t:     0 | t: 2.475557 | r:  -519.000000 | e:   1.000000 | Q:        nan | won: False 
#  152 | steps:  1763 | steps_t:     0 | t: 2.496160 | r:  -492.000000 | e:   1.000000 | Q:        nan | won: False 
#  153 | steps:  1768 | steps_t:     0 | t: 2.502438 | r:  -504.000000 | e:   1.000000 | Q:        nan | won: False 
#  154 | steps:  1778 | steps_t:     0 | t: 2.515993 | r:  -509.000000 | e:   1.000000 | Q:        nan | won: False 
#  155 | steps:  1785 | steps_t:     0 | t: 2.525211 | r:  -506.000000 | e:   1.000000 | Q:        nan | won: False 
#  156 | steps:  1803 | steps_t:     0 | t: 2.550299 | r:  -517.000000 | e:   1.000000 | Q:        nan | won: False 
#  157 | steps:  1810 | steps_t:     0 | t: 2.559584 | r:  -506.000000 | e:   1.000000 | Q:        nan | won: False 
#  158 | steps:  1822 | steps_t:     0 | t: 2.575753 | r:  -511.000000 | e:   1.000000 | Q:        nan | won: False 
#  159 | steps:  1831 | steps_t:     0 | t: 2.588213 | r:  -508.000000 | e:   1.000000 | Q:        nan | won: False 
#  160 | steps:  1845 | steps_t:     0 | t: 2.607368 | r:  -513.000000 | e:   1.000000 | Q:        nan | won: False 
#  161 | steps:  1853 | steps_t:     0 | t: 2.617973 | r:  -507.000000 | e:   1.000000 | Q:        nan | won: False 
#  162 | steps:  1859 | steps_t:     0 | t: 2.625971 | r:  -505.000000 | e:   1.000000 | Q:        nan | won: False 
#  163 | steps:  1865 | steps_t:     0 | t: 2.633701 | r:  -505.000000 | e:   1.000000 | Q:        nan | won: False 
#  164 | steps:  1871 | steps_t:     0 | t: 2.641812 | r:  -505.000000 | e:   1.000000 | Q:        nan | won: False 
#  165 | steps:  1883 | steps_t:     0 | t: 2.658107 | r:  -511.000000 | e:   1.000000 | Q:        nan | won: False 
#  166 | steps:  1891 | steps_t:     0 | t: 2.668613 | r:  -507.000000 | e:   1.000000 | Q:        nan | won: False 
#  167 | steps:  1903 | steps_t:     0 | t: 2.685094 | r:  -511.000000 | e:   1.000000 | Q:        nan | won: False 
#  168 | steps:  1925 | steps_t:     0 | t: 2.715663 | r:  -521.000000 | e:   1.000000 | Q:        nan | won: False 
#  169 | steps:  1936 | steps_t:     0 | t: 2.730477 | r:  -510.000000 | e:   1.000000 | Q:        nan | won: False 
#  170 | steps:  1943 | steps_t:     0 | t: 2.739805 | r:  -506.000000 | e:   1.000000 | Q:        nan | won: False 
#  171 | steps:  1951 | steps_t:     0 | t: 2.750325 | r:  -507.000000 | e:   1.000000 | Q:        nan | won: False 
#  172 | steps:  1960 | steps_t:     0 | t: 2.762385 | r:  -508.000000 | e:   1.000000 | Q:        nan | won: False 
#  173 | steps:  1971 | steps_t:     0 | t: 2.777503 | r:  -510.000000 | e:   1.000000 | Q:        nan | won: False 
#  174 | steps:  1979 | steps_t:     0 | t: 2.788187 | r:  -507.000000 | e:   1.000000 | Q:        nan | won: False 
#  175 | steps:  1987 | steps_t:     0 | t: 2.798981 | r:  -507.000000 | e:   1.000000 | Q:        nan | won: False 
#  176 | steps:  1997 | steps_t:     0 | t: 2.812562 | r:  -509.000000 | e:   1.000000 | Q:        nan | won: False 
#  177 | steps:  2016 | steps_t:     0 | t: 2.839120 | r:  -518.000000 | e:   1.000000 | Q:        nan | won: False 
#  178 | steps:  2023 | steps_t:     0 | t: 2.848292 | r:  -506.000000 | e:   1.000000 | Q:        nan | won: False 
#  179 | steps:  2033 | steps_t:     0 | t: 2.861776 | r:  -509.000000 | e:   1.000000 | Q:        nan | won: False 
#  180 | steps:  2046 | steps_t:     0 | t: 2.879709 | r:  -512.000000 | e:   1.000000 | Q:        nan | won: False 
#  181 | steps:  2053 | steps_t:     0 | t: 2.889139 | r:  -506.000000 | e:   1.000000 | Q:        nan | won: False 
#  182 | steps:  2067 | steps_t:     0 | t: 2.908350 | r:  -502.000000 | e:   1.000000 | Q:        nan | won: False 
#  183 | steps:  2084 | steps_t:     0 | t: 2.931653 | r:  -516.000000 | e:   1.000000 | Q:        nan | won: False 
#  184 | steps:  2099 | steps_t:     0 | t: 2.952611 | r:  -514.000000 | e:   1.000000 | Q:        nan | won: False 
#  185 | steps:  2111 | steps_t:     0 | t: 2.968894 | r:  -511.000000 | e:   1.000000 | Q:        nan | won: False 
#  186 | steps:  2121 | steps_t:     0 | t: 2.982468 | r:  -509.000000 | e:   1.000000 | Q:        nan | won: False 
#  187 | steps:  2139 | steps_t:     0 | t: 3.007618 | r:  -517.000000 | e:   1.000000 | Q:        nan | won: False 
#  188 | steps:  2154 | steps_t:     0 | t: 3.028247 | r:  -514.000000 | e:   1.000000 | Q:        nan | won: False 
#  189 | steps:  2174 | steps_t:     0 | t: 3.056214 | r:  -508.000000 | e:   1.000000 | Q:        nan | won: False 
#  190 | steps:  2185 | steps_t:     0 | t: 3.071104 | r:  -510.000000 | e:   1.000000 | Q:        nan | won: False 
#  191 | steps:  2198 | steps_t:     0 | t: 3.088917 | r:  -501.000000 | e:   1.000000 | Q:        nan | won: False 
#  192 | steps:  2209 | steps_t:     0 | t: 3.104058 | r:  -510.000000 | e:   1.000000 | Q:        nan | won: False 
#  193 | steps:  2221 | steps_t:     0 | t: 3.120254 | r:  -511.000000 | e:   1.000000 | Q:        nan | won: False 
#  194 | steps:  2231 | steps_t:     0 | t: 3.133750 | r:  -509.000000 | e:   1.000000 | Q:        nan | won: False 
#  195 | steps:  2239 | steps_t:     0 | t: 3.144579 | r:  -507.000000 | e:   1.000000 | Q:        nan | won: False 
#  196 | steps:  2255 | steps_t:     0 | t: 3.166759 | r:  -515.000000 | e:   1.000000 | Q:        nan | won: False 
#  197 | steps:  2266 | steps_t:     0 | t: 3.181978 | r:  -510.000000 | e:   1.000000 | Q:        nan | won: False 
#  198 | steps:  2275 | steps_t:     0 | t: 3.194255 | r:  -508.000000 | e:   1.000000 | Q:        nan | won: False 
#  199 | steps:  2281 | steps_t:     0 | t: 3.202183 | r:  -505.000000 | e:   1.000000 | Q:        nan | won: False 
#  200 | steps:  2300 | steps_t:     0 | t: 3.228211 | r:  -507.000000 | e:   1.000000 | Q:        nan | won: False 
#  201 | steps:  2313 | steps_t:     0 | t: 3.246454 | r:  -512.000000 | e:   1.000000 | Q:        nan | won: False 
#  202 | steps:  2321 | steps_t:     0 | t: 3.257184 | r:  -507.000000 | e:   1.000000 | Q:        nan | won: False 
#  203 | steps:  2343 | steps_t:     0 | t: 3.287488 | r:  -510.000000 | e:   1.000000 | Q:        nan | won: False 
#  204 | steps:  2356 | steps_t:     0 | t: 3.305388 | r:  -512.000000 | e:   1.000000 | Q:        nan | won: False 
#  205 | steps:  2365 | steps_t:     0 | t: 3.317322 | r:  -508.000000 | e:   1.000000 | Q:        nan | won: False 
#  206 | steps:  2371 | steps_t:     0 | t: 3.325037 | r:  -505.000000 | e:   1.000000 | Q:        nan | won: False 
#  207 | steps:  2380 | steps_t:     0 | t: 3.337184 | r:  -508.000000 | e:   1.000000 | Q:        nan | won: False 
#  208 | steps:  2388 | steps_t:     0 | t: 3.348216 | r:  -507.000000 | e:   1.000000 | Q:        nan | won: False 
#  209 | steps:  2399 | steps_t:     0 | t: 3.363058 | r:  -510.000000 | e:   1.000000 | Q:        nan | won: False 
#  210 | steps:  2408 | steps_t:     0 | t: 3.375135 | r:  -508.000000 | e:   1.000000 | Q:        nan | won: False 
#  211 | steps:  2414 | steps_t:     0 | t: 3.382943 | r:  -505.000000 | e:   1.000000 | Q:        nan | won: False 
#  212 | steps:  2426 | steps_t:     0 | t: 3.399533 | r:  -511.000000 | e:   1.000000 | Q:        nan | won: False 
#  213 | steps:  2433 | steps_t:     0 | t: 3.408722 | r:  -506.000000 | e:   1.000000 | Q:        nan | won: False 
#  214 | steps:  2441 | steps_t:     0 | t: 3.419234 | r:  -507.000000 | e:   1.000000 | Q:        nan | won: False 
#  215 | steps:  2452 | steps_t:     0 | t: 3.434303 | r:  -510.000000 | e:   1.000000 | Q:        nan | won: False 
#  216 | steps:  2463 | steps_t:     0 | t: 3.449571 | r:  -510.000000 | e:   1.000000 | Q:        nan | won: False 
#  217 | steps:  2475 | steps_t:     0 | t: 3.465937 | r:  -511.000000 | e:   1.000000 | Q:        nan | won: False 
#  218 | steps:  2483 | steps_t:     0 | t: 3.476573 | r:  -507.000000 | e:   1.000000 | Q:        nan | won: False 
#  219 | steps:  2491 | steps_t:     0 | t: 3.487248 | r:  -507.000000 | e:   1.000000 | Q:        nan | won: False 
#  220 | steps:  2499 | steps_t:     0 | t: 3.498065 | r:  -507.000000 | e:   1.000000 | Q:        nan | won: False 
#  221 | steps:  2509 | steps_t:     0 | t: 3.511733 | r:  -509.000000 | e:   1.000000 | Q:        nan | won: False 
#  222 | steps:  2524 | steps_t:     0 | t: 3.532213 | r:  -492.000000 | e:   1.000000 | Q:        nan | won: False 
#  223 | steps:  2530 | steps_t:     0 | t: 3.540114 | r:  -505.000000 | e:   1.000000 | Q:        nan | won: False 
#  224 | steps:  2536 | steps_t:     0 | t: 3.548449 | r:  -505.000000 | e:   1.000000 | Q:        nan | won: False 
#  225 | steps:  2548 | steps_t:     0 | t: 3.565002 | r:  -511.000000 | e:   1.000000 | Q:        nan | won: False 
#  226 | steps:  2554 | steps_t:     0 | t: 3.572777 | r:  -505.000000 | e:   1.000000 | Q:        nan | won: False 
#  227 | steps:  2562 | steps_t:     0 | t: 3.583579 | r:  -507.000000 | e:   1.000000 | Q:        nan | won: False 
#  228 | steps:  2567 | steps_t:     0 | t: 3.589895 | r:  -504.000000 | e:   1.000000 | Q:        nan | won: False 
#  229 | steps:  2579 | steps_t:     0 | t: 3.606550 | r:  -511.000000 | e:   1.000000 | Q:        nan | won: False 
#  230 | steps:  2591 | steps_t:     0 | t: 3.622748 | r:  -511.000000 | e:   1.000000 | Q:        nan | won: False 
#  231 | steps:  2600 | steps_t:     0 | t: 3.635036 | r:  -508.000000 | e:   1.000000 | Q:        nan | won: False 
#  232 | steps:  2607 | steps_t:     0 | t: 3.644167 | r:  -506.000000 | e:   1.000000 | Q:        nan | won: False 
#  233 | steps:  2615 | steps_t:     0 | t: 3.655140 | r:  -507.000000 | e:   1.000000 | Q:        nan | won: False 
#  234 | steps:  2622 | steps_t:     0 | t: 3.664356 | r:  -506.000000 | e:   1.000000 | Q:        nan | won: False 
#  235 | steps:  2635 | steps_t:     0 | t: 3.682210 | r:  -512.000000 | e:   1.000000 | Q:        nan | won: False 
#  236 | steps:  2644 | steps_t:     0 | t: 3.694338 | r:  -508.000000 | e:   1.000000 | Q:        nan | won: False 
#  237 | steps:  2668 | steps_t:     0 | t: 3.727523 | r:  -523.000000 | e:   1.000000 | Q:        nan | won: False 
#  238 | steps:  2682 | steps_t:     0 | t: 3.746802 | r:  -513.000000 | e:   1.000000 | Q:        nan | won: False 
#  239 | steps:  2708 | steps_t:     0 | t: 3.783192 | r:  -514.000000 | e:   1.000000 | Q:        nan | won: False 
#  240 | steps:  2716 | steps_t:     0 | t: 3.793945 | r:  -507.000000 | e:   1.000000 | Q:        nan | won: False 
#  241 | steps:  2724 | steps_t:     0 | t: 3.804687 | r:  -507.000000 | e:   1.000000 | Q:        nan | won: False 
#  242 | steps:  2738 | steps_t:     0 | t: 3.824038 | r:  -513.000000 | e:   1.000000 | Q:        nan | won: False 
#  243 | steps:  2747 | steps_t:     0 | t: 3.836222 | r:  -508.000000 | e:   1.000000 | Q:        nan | won: False 
#  244 | steps:  2755 | steps_t:     0 | t: 3.846781 | r:  -507.000000 | e:   1.000000 | Q:        nan | won: False 
#  245 | steps:  2767 | steps_t:     0 | t: 3.863573 | r:  -511.000000 | e:   1.000000 | Q:        nan | won: False 
#  246 | steps:  2776 | steps_t:     0 | t: 3.875686 | r:  -508.000000 | e:   1.000000 | Q:        nan | won: False 
#  247 | steps:  2786 | steps_t:     0 | t: 3.889170 | r:  -509.000000 | e:   1.000000 | Q:        nan | won: False 
#  248 | steps:  2799 | steps_t:     0 | t: 3.906953 | r:  -512.000000 | e:   1.000000 | Q:        nan | won: False 
#  249 | steps:  2811 | steps_t:     0 | t: 3.923260 | r:  -511.000000 | e:   1.000000 | Q:        nan | won: False 
#  250 | steps:  2825 | steps_t:     0 | t: 3.942516 | r:  -513.000000 | e:   1.000000 | Q:        nan | won: False 
#  251 | steps:  2831 | steps_t:     0 | t: 3.950397 | r:  -505.000000 | e:   1.000000 | Q:        nan | won: False 
#  252 | steps:  2844 | steps_t:     0 | t: 3.968558 | r:  -512.000000 | e:   1.000000 | Q:        nan | won: False 
#  253 | steps:  2859 | steps_t:     0 | t: 3.989286 | r:  -514.000000 | e:   1.000000 | Q:        nan | won: False 
#  254 | steps:  2864 | steps_t:     0 | t: 3.995674 | r:  -504.000000 | e:   1.000000 | Q:        nan | won: False 
#  255 | steps:  2881 | steps_t:     0 | t: 4.019270 | r:  -516.000000 | e:   1.000000 | Q:        nan | won: False 
#  256 | steps:  2895 | steps_t:     0 | t: 4.038796 | r:  -502.000000 | e:   1.000000 | Q:        nan | won: False 
#  257 | steps:  2906 | steps_t:     0 | t: 4.053729 | r:  -510.000000 | e:   1.000000 | Q:        nan | won: False 
#  258 | steps:  2928 | steps_t:     0 | t: 4.084751 | r:  -510.000000 | e:   1.000000 | Q:        nan | won: False 
#  259 | steps:  2934 | steps_t:     0 | t: 4.092711 | r:  -505.000000 | e:   1.000000 | Q:        nan | won: False 
#  260 | steps:  2941 | steps_t:     0 | t: 4.101890 | r:  -506.000000 | e:   1.000000 | Q:        nan | won: False 
#  261 | steps:  2959 | steps_t:     0 | t: 4.126508 | r:  -506.000000 | e:   1.000000 | Q:        nan | won: False 
#  262 | steps:  2965 | steps_t:     0 | t: 4.134660 | r:  -505.000000 | e:   1.000000 | Q:        nan | won: False 
#  263 | steps:  2973 | steps_t:     0 | t: 4.145295 | r:  -507.000000 | e:   1.000000 | Q:        nan | won: False 
#  264 | steps:  2983 | steps_t:     0 | t: 4.159224 | r:  -509.000000 | e:   1.000000 | Q:        nan | won: False 
#  265 | steps:  2991 | steps_t:     0 | t: 4.170178 | r:  -507.000000 | e:   1.000000 | Q:        nan | won: False 
#  266 | steps:  3001 | steps_t:     0 | t: 4.183734 | r:  -509.000000 | e:   1.000000 | Q:        nan | won: False 
#  267 | steps:  3016 | steps_t:     0 | t: 4.204531 | r:  -514.000000 | e:   1.000000 | Q:        nan | won: False 
#  268 | steps:  3022 | steps_t:     0 | t: 4.212595 | r:  -505.000000 | e:   1.000000 | Q:        nan | won: False 
#  269 | steps:  3030 | steps_t:     0 | t: 4.223432 | r:  -507.000000 | e:   1.000000 | Q:        nan | won: False 
#  270 | steps:  3046 | steps_t:     0 | t: 4.245382 | r:  -515.000000 | e:   1.000000 | Q:        nan | won: False 
#  271 | steps:  3066 | steps_t:     0 | t: 4.273157 | r:  -508.000000 | e:   1.000000 | Q:        nan | won: False 
#  272 | steps:  3073 | steps_t:     0 | t: 4.282387 | r:  -506.000000 | e:   1.000000 | Q:        nan | won: False 
#  273 | steps:  3092 | steps_t:     0 | t: 4.308814 | r:  -507.000000 | e:   1.000000 | Q:        nan | won: False 
#  274 | steps:  3105 | steps_t:     0 | t: 4.326495 | r:  -512.000000 | e:   1.000000 | Q:        nan | won: False 
#  275 | steps:  3125 | steps_t:     0 | t: 4.354136 | r:    92.000000 | e:   1.000000 | Q:        nan | won: True 
#  276 | steps:  3142 | steps_t:     0 | t: 4.378009 | r:  -516.000000 | e:   1.000000 | Q:        nan | won: False 
#  277 | steps:  3154 | steps_t:     0 | t: 4.394125 | r:  -511.000000 | e:   1.000000 | Q:        nan | won: False 
#  278 | steps:  3175 | steps_t:     0 | t: 4.423463 | r:  -520.000000 | e:   1.000000 | Q:        nan | won: False 
#  279 | steps:  3180 | steps_t:     0 | t: 4.429929 | r:  -504.000000 | e:   1.000000 | Q:        nan | won: False 
#  280 | steps:  3188 | steps_t:     0 | t: 4.440645 | r:  -507.000000 | e:   1.000000 | Q:        nan | won: False 
#  281 | steps:  3197 | steps_t:     0 | t: 4.452667 | r:  -508.000000 | e:   1.000000 | Q:        nan | won: False 
#  282 | steps:  3210 | steps_t:     0 | t: 4.470638 | r:  -512.000000 | e:   1.000000 | Q:        nan | won: False 
#  283 | steps:  3218 | steps_t:     0 | t: 4.481616 | r:  -507.000000 | e:   1.000000 | Q:        nan | won: False 
#  284 | steps:  3224 | steps_t:     0 | t: 4.489510 | r:  -505.000000 | e:   1.000000 | Q:        nan | won: False 
#  285 | steps:  3231 | steps_t:     0 | t: 4.498612 | r:  -506.000000 | e:   1.000000 | Q:        nan | won: False 
#  286 | steps:  3239 | steps_t:     0 | t: 4.509250 | r:  -507.000000 | e:   1.000000 | Q:        nan | won: False 
#  287 | steps:  3248 | steps_t:     0 | t: 4.521290 | r:  -508.000000 | e:   1.000000 | Q:        nan | won: False 
#  288 | steps:  3277 | steps_t:     0 | t: 4.561421 | r:  -517.000000 | e:   1.000000 | Q:        nan | won: False 
#  289 | steps:  3287 | steps_t:     0 | t: 4.574993 | r:  -509.000000 | e:   1.000000 | Q:        nan | won: False 
#  290 | steps:  3298 | steps_t:     0 | t: 4.590377 | r:  -510.000000 | e:   1.000000 | Q:        nan | won: False 
#  291 | steps:  3318 | steps_t:     0 | t: 4.618130 | r:  -519.000000 | e:   1.000000 | Q:        nan | won: False 
#  292 | steps:  3329 | steps_t:     0 | t: 4.633324 | r:  -510.000000 | e:   1.000000 | Q:        nan | won: False 
#  293 | steps:  3348 | steps_t:     0 | t: 4.659835 | r:  -507.000000 | e:   1.000000 | Q:        nan | won: False 
#  294 | steps:  3362 | steps_t:     0 | t: 4.679101 | r:  -502.000000 | e:   1.000000 | Q:        nan | won: False 
#  295 | steps:  3371 | steps_t:     0 | t: 4.691248 | r:  -508.000000 | e:   1.000000 | Q:        nan | won: False 
#  296 | steps:  3383 | steps_t:     0 | t: 4.707630 | r:  -511.000000 | e:   1.000000 | Q:        nan | won: False 
#  297 | steps:  3401 | steps_t:     0 | t: 4.732637 | r:  -517.000000 | e:   1.000000 | Q:        nan | won: False 
#  298 | steps:  3411 | steps_t:     0 | t: 4.746265 | r:  -509.000000 | e:   1.000000 | Q:        nan | won: False 
#  299 | steps:  3418 | steps_t:     0 | t: 4.755522 | r:  -506.000000 | e:   1.000000 | Q:        nan | won: False 
#  300 | steps:  3436 | steps_t:     0 | t: 4.780683 | r:  -506.000000 | e:   1.000000 | Q:        nan | won: False 
#  301 | steps:  3454 | steps_t:     0 | t: 4.805624 | r:  -517.000000 | e:   1.000000 | Q:        nan | won: False 
#  302 | steps:  3470 | steps_t:     0 | t: 4.827822 | r:  -504.000000 | e:   1.000000 | Q:        nan | won: False 
#  303 | steps:  3477 | steps_t:     0 | t: 4.837467 | r:  -506.000000 | e:   1.000000 | Q:        nan | won: False 
#  304 | steps:  3491 | steps_t:     0 | t: 4.856630 | r:  -513.000000 | e:   1.000000 | Q:        nan | won: False 
#  305 | steps:  3498 | steps_t:     0 | t: 4.866359 | r:  -506.000000 | e:   1.000000 | Q:        nan | won: False 
#  306 | steps:  3506 | steps_t:     0 | t: 4.877186 | r:  -507.000000 | e:   1.000000 | Q:        nan | won: False 
#  307 | steps:  3512 | steps_t:     0 | t: 4.885022 | r:  -505.000000 | e:   1.000000 | Q:        nan | won: False 
#  308 | steps:  3519 | steps_t:     0 | t: 4.894397 | r:  -506.000000 | e:   1.000000 | Q:        nan | won: False 
#  309 | steps:  3536 | steps_t:     0 | t: 4.917925 | r:  -516.000000 | e:   1.000000 | Q:        nan | won: False 
#  310 | steps:  3545 | steps_t:     0 | t: 4.930089 | r:  -508.000000 | e:   1.000000 | Q:        nan | won: False 
#  311 | steps:  3553 | steps_t:     0 | t: 4.940933 | r:  -507.000000 | e:   1.000000 | Q:        nan | won: False 
#  312 | steps:  3562 | steps_t:     0 | t: 4.952943 | r:  -508.000000 | e:   1.000000 | Q:        nan | won: False 
#  313 | steps:  3575 | steps_t:     0 | t: 4.970835 | r:  -512.000000 | e:   1.000000 | Q:        nan | won: False 
#  314 | steps:  3589 | steps_t:     0 | t: 4.990365 | r:  -502.000000 | e:   1.000000 | Q:        nan | won: False 
#  315 | steps:  3600 | steps_t:     0 | t: 5.005232 | r:  -510.000000 | e:   1.000000 | Q:        nan | won: False 
#  316 | steps:  3611 | steps_t:     0 | t: 5.020298 | r:  -510.000000 | e:   1.000000 | Q:        nan | won: False 
#  317 | steps:  3618 | steps_t:     0 | t: 5.029623 | r:  -506.000000 | e:   1.000000 | Q:        nan | won: False 
#  318 | steps:  3627 | steps_t:     0 | t: 5.041961 | r:  -508.000000 | e:   1.000000 | Q:        nan | won: False 
#  319 | steps:  3637 | steps_t:     0 | t: 5.055585 | r:  -509.000000 | e:   1.000000 | Q:        nan | won: False 
#  320 | steps:  3648 | steps_t:     0 | t: 5.070375 | r:  -510.000000 | e:   1.000000 | Q:        nan | won: False 
#  321 | steps:  3667 | steps_t:     0 | t: 5.096822 | r:  -518.000000 | e:   1.000000 | Q:        nan | won: False 
#  322 | steps:  3681 | steps_t:     0 | t: 5.115928 | r:  -513.000000 | e:   1.000000 | Q:        nan | won: False 
#  323 | steps:  3687 | steps_t:     0 | t: 5.123772 | r:  -505.000000 | e:   1.000000 | Q:        nan | won: False 
#  324 | steps:  3693 | steps_t:     0 | t: 5.131668 | r:  -505.000000 | e:   1.000000 | Q:        nan | won: False 
#  325 | steps:  3700 | steps_t:     0 | t: 5.141403 | r:  -506.000000 | e:   1.000000 | Q:        nan | won: False 
#  326 | steps:  3715 | steps_t:     0 | t: 5.162081 | r:  -514.000000 | e:   1.000000 | Q:        nan | won: False 
#  327 | steps:  3727 | steps_t:     0 | t: 5.178907 | r:  -511.000000 | e:   1.000000 | Q:        nan | won: False 
#  328 | steps:  3749 | steps_t:     0 | t: 5.209859 | r:  -521.000000 | e:   1.000000 | Q:        nan | won: False 
#  329 | steps:  3765 | steps_t:     0 | t: 5.232294 | r:  -515.000000 | e:   1.000000 | Q:        nan | won: False 
#  330 | steps:  3787 | steps_t:     0 | t: 5.262671 | r:  -521.000000 | e:   1.000000 | Q:        nan | won: False 
#  331 | steps:  3818 | steps_t:     0 | t: 5.306033 | r:  -519.000000 | e:   1.000000 | Q:        nan | won: False 
#  332 | steps:  3844 | steps_t:     0 | t: 5.342258 | r:  -525.000000 | e:   1.000000 | Q:        nan | won: False 
#  333 | steps:  3857 | steps_t:     0 | t: 5.360129 | r:  -512.000000 | e:   1.000000 | Q:        nan | won: False 
#  334 | steps:  3864 | steps_t:     0 | t: 5.369500 | r:  -506.000000 | e:   1.000000 | Q:        nan | won: False 
#  335 | steps:  3881 | steps_t:     0 | t: 5.393371 | r:  -516.000000 | e:   1.000000 | Q:        nan | won: False 
#  336 | steps:  3889 | steps_t:     0 | t: 5.404063 | r:  -507.000000 | e:   1.000000 | Q:        nan | won: False 
#  337 | steps:  3897 | steps_t:     0 | t: 5.414738 | r:  -507.000000 | e:   1.000000 | Q:        nan | won: False 
#  338 | steps:  3906 | steps_t:     0 | t: 5.427170 | r:  -508.000000 | e:   1.000000 | Q:        nan | won: False 
#  339 | steps:  3917 | steps_t:     0 | t: 5.442094 | r:  -510.000000 | e:   1.000000 | Q:        nan | won: False 
#  340 | steps:  3928 | steps_t:     0 | t: 5.457241 | r:  -510.000000 | e:   1.000000 | Q:        nan | won: False 
#  341 | steps:  3936 | steps_t:     0 | t: 5.467851 | r:  -507.000000 | e:   1.000000 | Q:        nan | won: False 
#  342 | steps:  3948 | steps_t:     0 | t: 5.484350 | r:  -511.000000 | e:   1.000000 | Q:        nan | won: False 
#  343 | steps:  3962 | steps_t:     0 | t: 5.503706 | r:  -513.000000 | e:   1.000000 | Q:        nan | won: False 
#  344 | steps:  3972 | steps_t:     0 | t: 5.517103 | r:  -509.000000 | e:   1.000000 | Q:        nan | won: False 
#  345 | steps:  3992 | steps_t:     0 | t: 5.545014 | r:  -508.000000 | e:   1.000000 | Q:        nan | won: False 
#  346 | steps:  4002 | steps_t:     0 | t: 5.558573 | r:  -509.000000 | e:   1.000000 | Q:        nan | won: False 
#  347 | steps:  4009 | steps_t:     0 | t: 5.567773 | r:  -506.000000 | e:   1.000000 | Q:        nan | won: False 
#  348 | steps:  4018 | steps_t:     0 | t: 5.580091 | r:  -508.000000 | e:   1.000000 | Q:        nan | won: False 
#  349 | steps:  4048 | steps_t:     0 | t: 5.621906 | r:  -518.000000 | e:   1.000000 | Q:        nan | won: False 
#  350 | steps:  4057 | steps_t:     0 | t: 5.634088 | r:  -508.000000 | e:   1.000000 | Q:        nan | won: False 
#  351 | steps:  4066 | steps_t:     0 | t: 5.646115 | r:  -508.000000 | e:   1.000000 | Q:        nan | won: False 
#  352 | steps:  4076 | steps_t:     0 | t: 5.660046 | r:  -509.000000 | e:   1.000000 | Q:        nan | won: False 
#  353 | steps:  4083 | steps_t:     0 | t: 5.669430 | r:  -506.000000 | e:   1.000000 | Q:        nan | won: False 
#  354 | steps:  4093 | steps_t:     0 | t: 5.682854 | r:  -509.000000 | e:   1.000000 | Q:        nan | won: False 
#  355 | steps:  4104 | steps_t:     0 | t: 5.697925 | r:  -510.000000 | e:   1.000000 | Q:        nan | won: False 
#  356 | steps:  4113 | steps_t:     0 | t: 5.709934 | r:  -508.000000 | e:   1.000000 | Q:        nan | won: False 
#  357 | steps:  4120 | steps_t:     0 | t: 5.719397 | r:  -506.000000 | e:   1.000000 | Q:        nan | won: False 
#  358 | steps:  4127 | steps_t:     0 | t: 5.728676 | r:  -506.000000 | e:   1.000000 | Q:        nan | won: False 
#  359 | steps:  4136 | steps_t:     0 | t: 5.740817 | r:  -508.000000 | e:   1.000000 | Q:        nan | won: False 
#  360 | steps:  4146 | steps_t:     0 | t: 5.754326 | r:  -509.000000 | e:   1.000000 | Q:        nan | won: False 
#  361 | steps:  4158 | steps_t:     0 | t: 5.770885 | r:  -511.000000 | e:   1.000000 | Q:        nan | won: False 
#  362 | steps:  4164 | steps_t:     0 | t: 5.778924 | r:  -505.000000 | e:   1.000000 | Q:        nan | won: False 
#  363 | steps:  4177 | steps_t:     0 | t: 5.796696 | r:  -512.000000 | e:   1.000000 | Q:        nan | won: False 
#  364 | steps:  4188 | steps_t:     0 | t: 5.811570 | r:  -510.000000 | e:   1.000000 | Q:        nan | won: False 
#  365 | steps:  4194 | steps_t:     0 | t: 5.819404 | r:  -505.000000 | e:   1.000000 | Q:        nan | won: False 
#  366 | steps:  4203 | steps_t:     0 | t: 5.831816 | r:  -508.000000 | e:   1.000000 | Q:        nan | won: False 
#  367 | steps:  4211 | steps_t:     0 | t: 5.842490 | r:  -507.000000 | e:   1.000000 | Q:        nan | won: False 
#  368 | steps:  4224 | steps_t:     0 | t: 5.860669 | r:  -512.000000 | e:   1.000000 | Q:        nan | won: False 
#  369 | steps:  4245 | steps_t:     0 | t: 5.890085 | r:  -520.000000 | e:   1.000000 | Q:        nan | won: False 
#  370 | steps:  4251 | steps_t:     0 | t: 5.897862 | r:  -505.000000 | e:   1.000000 | Q:        nan | won: False 
#  371 | steps:  4261 | steps_t:     0 | t: 5.911436 | r:  -509.000000 | e:   1.000000 | Q:        nan | won: False 
#  372 | steps:  4269 | steps_t:     0 | t: 5.922167 | r:  -507.000000 | e:   1.000000 | Q:        nan | won: False 
#  373 | steps:  4276 | steps_t:     0 | t: 5.931323 | r:  -506.000000 | e:   1.000000 | Q:        nan | won: False 
#  374 | steps:  4292 | steps_t:     0 | t: 5.953651 | r:  -515.000000 | e:   1.000000 | Q:        nan | won: False 
#  375 | steps:  4305 | steps_t:     0 | t: 5.971603 | r:  -512.000000 | e:   1.000000 | Q:        nan | won: False 
#  376 | steps:  4313 | steps_t:     0 | t: 5.982325 | r:  -507.000000 | e:   1.000000 | Q:        nan | won: False 
#  377 | steps:  4320 | steps_t:     0 | t: 5.991745 | r:  -506.000000 | e:   1.000000 | Q:        nan | won: False 
#  378 | steps:  4329 | steps_t:     0 | t: 6.003924 | r:  -508.000000 | e:   1.000000 | Q:        nan | won: False 
#  379 | steps:  4339 | steps_t:     0 | t: 6.017353 | r:  -509.000000 | e:   1.000000 | Q:        nan | won: False 
#  380 | steps:  4347 | steps_t:     0 | t: 6.028366 | r:  -507.000000 | e:   1.000000 | Q:        nan | won: False 
#  381 | steps:  4355 | steps_t:     0 | t: 6.039200 | r:  -507.000000 | e:   1.000000 | Q:        nan | won: False 
#  382 | steps:  4396 | steps_t:     0 | t: 6.097190 | r:  -529.000000 | e:   1.000000 | Q:        nan | won: False 
#  383 | steps:  4403 | steps_t:     0 | t: 6.106526 | r:  -506.000000 | e:   1.000000 | Q:        nan | won: False 
#  384 | steps:  4418 | steps_t:     0 | t: 6.127177 | r:  -492.000000 | e:   1.000000 | Q:        nan | won: False 
#  385 | steps:  4425 | steps_t:     0 | t: 6.136879 | r:  -506.000000 | e:   1.000000 | Q:        nan | won: False 
#  386 | steps:  4432 | steps_t:     0 | t: 6.146092 | r:  -506.000000 | e:   1.000000 | Q:        nan | won: False 
#  387 | steps:  4439 | steps_t:     0 | t: 6.155385 | r:  -506.000000 | e:   1.000000 | Q:        nan | won: False 
#  388 | steps:  4449 | steps_t:     0 | t: 6.169181 | r:  -509.000000 | e:   1.000000 | Q:        nan | won: False 
#  389 | steps:  4455 | steps_t:     0 | t: 6.177148 | r:  -505.000000 | e:   1.000000 | Q:        nan | won: False 
#  390 | steps:  4469 | steps_t:     0 | t: 6.196716 | r:  -513.000000 | e:   1.000000 | Q:        nan | won: False 
#  391 | steps:  4479 | steps_t:     0 | t: 6.210144 | r:  -509.000000 | e:   1.000000 | Q:        nan | won: False 
#  392 | steps:  4497 | steps_t:     0 | t: 6.235693 | r:  -517.000000 | e:   1.000000 | Q:        nan | won: False 
#  393 | steps:  4506 | steps_t:     0 | t: 6.247863 | r:  -508.000000 | e:   1.000000 | Q:        nan | won: False 
#  394 | steps:  4517 | steps_t:     0 | t: 6.263006 | r:  -510.000000 | e:   1.000000 | Q:        nan | won: False 
#  395 | steps:  4524 | steps_t:     0 | t: 6.272166 | r:  -506.000000 | e:   1.000000 | Q:        nan | won: False 
#  396 | steps:  4535 | steps_t:     0 | t: 6.287113 | r:  -510.000000 | e:   1.000000 | Q:        nan | won: False 
#  397 | steps:  4549 | steps_t:     0 | t: 6.306593 | r:  -502.000000 | e:   1.000000 | Q:        nan | won: False 
#  398 | steps:  4558 | steps_t:     0 | t: 6.318666 | r:  -508.000000 | e:   1.000000 | Q:        nan | won: False 
#  399 | steps:  4564 | steps_t:     0 | t: 6.326500 | r:  -505.000000 | e:   1.000000 | Q:        nan | won: False 
#  400 | steps:  4570 | steps_t:     0 | t: 6.334271 | r:  -505.000000 | e:   1.000000 | Q:        nan | won: False 
#  401 | steps:  4585 | steps_t:     0 | t: 6.355046 | r:  -514.000000 | e:   1.000000 | Q:        nan | won: False 
#  402 | steps:  4606 | steps_t:     0 | t: 6.384170 | r:  -509.000000 | e:   1.000000 | Q:        nan | won: False 
#  403 | steps:  4612 | steps_t:     0 | t: 6.392096 | r:  -505.000000 | e:   1.000000 | Q:        nan | won: False 
#  404 | steps:  4626 | steps_t:     0 | t: 6.411537 | r:  -513.000000 | e:   1.000000 | Q:        nan | won: False 
#  405 | steps:  4632 | steps_t:     0 | t: 6.419488 | r:  -505.000000 | e:   1.000000 | Q:        nan | won: False 
#  406 | steps:  4643 | steps_t:     0 | t: 6.434512 | r:  -510.000000 | e:   1.000000 | Q:        nan | won: False 
#  407 | steps:  4653 | steps_t:     0 | t: 6.448174 | r:  -509.000000 | e:   1.000000 | Q:        nan | won: False 
#  408 | steps:  4659 | steps_t:     0 | t: 6.456128 | r:  -505.000000 | e:   1.000000 | Q:        nan | won: False 
#  409 | steps:  4669 | steps_t:     0 | t: 6.469442 | r:  -509.000000 | e:   1.000000 | Q:        nan | won: False 
#  410 | steps:  4675 | steps_t:     0 | t: 6.477141 | r:  -505.000000 | e:   1.000000 | Q:        nan | won: False 
#  411 | steps:  4690 | steps_t:     0 | t: 6.497786 | r:  -514.000000 | e:   1.000000 | Q:        nan | won: False 
#  412 | steps:  4699 | steps_t:     0 | t: 6.510034 | r:  -508.000000 | e:   1.000000 | Q:        nan | won: False 
#  413 | steps:  4705 | steps_t:     0 | t: 6.518041 | r:  -505.000000 | e:   1.000000 | Q:        nan | won: False 
#  414 | steps:  4731 | steps_t:     0 | t: 6.554926 | r:  -525.000000 | e:   1.000000 | Q:        nan | won: False 
#  415 | steps:  4757 | steps_t:     0 | t: 6.591273 | r:  -525.000000 | e:   1.000000 | Q:        nan | won: False 
#  416 | steps:  4763 | steps_t:     0 | t: 6.599634 | r:  -505.000000 | e:   1.000000 | Q:        nan | won: False 
#  417 | steps:  4776 | steps_t:     0 | t: 6.617650 | r:  -512.000000 | e:   1.000000 | Q:        nan | won: False 
#  418 | steps:  4787 | steps_t:     0 | t: 6.632997 | r:  -510.000000 | e:   1.000000 | Q:        nan | won: False 
#  419 | steps:  4793 | steps_t:     0 | t: 6.640746 | r:  -505.000000 | e:   1.000000 | Q:        nan | won: False 
#  420 | steps:  4802 | steps_t:     0 | t: 6.652818 | r:  -508.000000 | e:   1.000000 | Q:        nan | won: False 
#  421 | steps:  4812 | steps_t:     0 | t: 6.666517 | r:  -509.000000 | e:   1.000000 | Q:        nan | won: False 
#  422 | steps:  4822 | steps_t:     0 | t: 6.680025 | r:  -509.000000 | e:   1.000000 | Q:        nan | won: False 
#  423 | steps:  4831 | steps_t:     0 | t: 6.692208 | r:  -508.000000 | e:   1.000000 | Q:        nan | won: False 
#  424 | steps:  4840 | steps_t:     0 | t: 6.704226 | r:  -508.000000 | e:   1.000000 | Q:        nan | won: False 
#  425 | steps:  4846 | steps_t:     0 | t: 6.712321 | r:  -505.000000 | e:   1.000000 | Q:        nan | won: False 
#  426 | steps:  4853 | steps_t:     0 | t: 6.721534 | r:  -506.000000 | e:   1.000000 | Q:        nan | won: False 
#  427 | steps:  4858 | steps_t:     0 | t: 6.728103 | r:  -504.000000 | e:   1.000000 | Q:        nan | won: False 
#  428 | steps:  4876 | steps_t:     0 | t: 6.752916 | r:  -517.000000 | e:   1.000000 | Q:        nan | won: False 
#  429 | steps:  4884 | steps_t:     0 | t: 6.763659 | r:  -507.000000 | e:   1.000000 | Q:        nan | won: False 
#  430 | steps:  4892 | steps_t:     0 | t: 6.774266 | r:  -507.000000 | e:   1.000000 | Q:        nan | won: False 
#  431 | steps:  4909 | steps_t:     0 | t: 6.797819 | r:  -505.000000 | e:   1.000000 | Q:        nan | won: False 
#  432 | steps:  4920 | steps_t:     0 | t: 6.813171 | r:  -510.000000 | e:   1.000000 | Q:        nan | won: False 
#  433 | steps:  4929 | steps_t:     0 | t: 6.825390 | r:  -508.000000 | e:   1.000000 | Q:        nan | won: False 
#  434 | steps:  4946 | steps_t:     0 | t: 6.848868 | r:  -516.000000 | e:   1.000000 | Q:        nan | won: False 
#  435 | steps:  4958 | steps_t:     0 | t: 6.865465 | r:  -511.000000 | e:   1.000000 | Q:        nan | won: False 
#  436 | steps:  4965 | steps_t:     0 | t: 6.874764 | r:  -506.000000 | e:   1.000000 | Q:        nan | won: False 
#  437 | steps:  4977 | steps_t:     0 | t: 6.891111 | r:  -511.000000 | e:   1.000000 | Q:        nan | won: False 
#  438 | steps:  4985 | steps_t:     0 | t: 6.901734 | r:  -507.000000 | e:   1.000000 | Q:        nan | won: False 
#  439 | steps:  4996 | steps_t:     0 | t: 6.916570 | r:  -510.000000 | e:   1.000000 | Q:        nan | won: False 
