#    1 | steps:     7 | steps_t:     0 | t: 0.016405 | r:  -506.000000 | e:   1.000000 | Q:        nan | won: False 
#    2 | steps:    37 | steps_t:     0 | t: 0.059347 | r:  -518.000000 | e:   1.000000 | Q:        nan | won: False 
#    3 | steps:    46 | steps_t:     0 | t: 0.071686 | r:  -508.000000 | e:   1.000000 | Q:        nan | won: False 
#    4 | steps:    57 | steps_t:     0 | t: 0.086772 | r:  -510.000000 | e:   1.000000 | Q:        nan | won: False 
#    5 | steps:    68 | steps_t:     0 | t: 0.102188 | r:  -510.000000 | e:   1.000000 | Q:        nan | won: False 
#    6 | steps:    73 | steps_t:     0 | t: 0.108675 | r:  -504.000000 | e:   1.000000 | Q:        nan | won: False 
#    7 | steps:    91 | steps_t:     0 | t: 0.134107 | r:  -506.000000 | e:   1.000000 | Q:        nan | won: False 
#    8 | steps:   102 | steps_t:     0 | t: 0.149315 | r:  -510.000000 | e:   1.000000 | Q:        nan | won: False 
#    9 | steps:   111 | steps_t:     0 | t: 0.161839 | r:  -508.000000 | e:   1.000000 | Q:        nan | won: False 
#   10 | steps:   119 | steps_t:     0 | t: 0.173020 | r:  -507.000000 | e:   1.000000 | Q:        nan | won: False 
#   11 | steps:   126 | steps_t:     0 | t: 0.182637 | r:  -506.000000 | e:   1.000000 | Q:        nan | won: False 
#   12 | steps:   141 | steps_t:     0 | t: 0.203231 | r:  -503.000000 | e:   1.000000 | Q:        nan | won: False 
#   13 | steps:   152 | steps_t:     0 | t: 0.218398 | r:  -510.000000 | e:   1.000000 | Q:        nan | won: False 
#   14 | steps:   166 | steps_t:     0 | t: 0.237599 | r:  -513.000000 | e:   1.000000 | Q:        nan | won: False 
#   15 | steps:   173 | steps_t:     0 | t: 0.246991 | r:  -506.000000 | e:   1.000000 | Q:        nan | won: False 
#   16 | steps:   180 | steps_t:     0 | t: 0.256400 | r:  -506.000000 | e:   1.000000 | Q:        nan | won: False 
#   17 | steps:   192 | steps_t:     0 | t: 0.272970 | r:  -511.000000 | e:   1.000000 | Q:        nan | won: False 
#   18 | steps:   201 | steps_t:     0 | t: 0.285169 | r:  -508.000000 | e:   1.000000 | Q:        nan | won: False 
#   19 | steps:   212 | steps_t:     0 | t: 0.300225 | r:  -510.000000 | e:   1.000000 | Q:        nan | won: False 
#   20 | steps:   224 | steps_t:     0 | t: 0.316980 | r:  -511.000000 | e:   1.000000 | Q:        nan | won: False 
#   21 | steps:   239 | steps_t:     0 | t: 0.337783 | r:  -503.000000 | e:   1.000000 | Q:        nan | won: False 
#   22 | steps:   249 | steps_t:     0 | t: 0.351388 | r:  -509.000000 | e:   1.000000 | Q:        nan | won: False 
#   23 | steps:   271 | steps_t:     0 | t: 0.382015 | r:  -521.000000 | e:   1.000000 | Q:        nan | won: False 
#   24 | steps:   278 | steps_t:     0 | t: 0.391279 | r:  -506.000000 | e:   1.000000 | Q:        nan | won: False 
#   25 | steps:   290 | steps_t:     0 | t: 0.407900 | r:  -511.000000 | e:   1.000000 | Q:        nan | won: False 
#   26 | steps:   298 | steps_t:     0 | t: 0.419146 | r:  -507.000000 | e:   1.000000 | Q:        nan | won: False 
#   27 | steps:   310 | steps_t:     0 | t: 0.435623 | r:  -511.000000 | e:   1.000000 | Q:        nan | won: False 
#   28 | steps:   324 | steps_t:     0 | t: 0.454990 | r:  -513.000000 | e:   1.000000 | Q:        nan | won: False 
#   29 | steps:   338 | steps_t:     0 | t: 0.474363 | r:  -502.000000 | e:   1.000000 | Q:        nan | won: False 
#   30 | steps:   356 | steps_t:     0 | t: 0.499464 | r:  -517.000000 | e:   1.000000 | Q:        nan | won: False 
#   31 | steps:   366 | steps_t:     0 | t: 0.513098 | r:  -509.000000 | e:   1.000000 | Q:        nan | won: False 
#   32 | steps:   373 | steps_t:     0 | t: 0.522509 | r:  -506.000000 | e:   1.000000 | Q:        nan | won: False 
#   33 | steps:   385 | steps_t:     0 | t: 0.538940 | r:  -511.000000 | e:   1.000000 | Q:        nan | won: False 
#   34 | steps:   397 | steps_t:     0 | t: 0.555427 | r:  -511.000000 | e:   1.000000 | Q:        nan | won: False 
#   35 | steps:   404 | steps_t:     0 | t: 0.564672 | r:  -506.000000 | e:   1.000000 | Q:        nan | won: False 
#   36 | steps:   415 | steps_t:     0 | t: 0.580049 | r:  -510.000000 | e:   1.000000 | Q:        nan | won: False 
#   37 | steps:   433 | steps_t:     0 | t: 0.605535 | r:  -517.000000 | e:   1.000000 | Q:        nan | won: False 
#   38 | steps:   440 | steps_t:     0 | t: 0.615137 | r:  -506.000000 | e:   1.000000 | Q:        nan | won: False 
#   39 | steps:   456 | steps_t:     0 | t: 0.637251 | r:  -504.000000 | e:   1.000000 | Q:        nan | won: False 
#   40 | steps:   466 | steps_t:     0 | t: 0.651000 | r:  -509.000000 | e:   1.000000 | Q:        nan | won: False 
#   41 | steps:   471 | steps_t:     0 | t: 0.657653 | r:  -504.000000 | e:   1.000000 | Q:        nan | won: False 
#   42 | steps:   478 | steps_t:     0 | t: 0.666978 | r:  -506.000000 | e:   1.000000 | Q:        nan | won: False 
#   43 | steps:   496 | steps_t:     0 | t: 0.719919 | r:  -517.000000 | e:   1.000000 | Q:        nan | won: False 
#   44 | steps:   502 | steps_t:     0 | t: 0.727884 | r:  -505.000000 | e:   1.000000 | Q:        nan | won: False 
#   45 | steps:   520 | steps_t:     0 | t: 0.753131 | r:  -517.000000 | e:   1.000000 | Q:        nan | won: False 
#   46 | steps:   534 | steps_t:     0 | t: 0.772516 | r:  -502.000000 | e:   1.000000 | Q:        nan | won: False 
#   47 | steps:   548 | steps_t:     0 | t: 0.792412 | r:  -513.000000 | e:   1.000000 | Q:        nan | won: False 
#   48 | steps:   558 | steps_t:     0 | t: 0.806100 | r:  -509.000000 | e:   1.000000 | Q:        nan | won: False 
#   49 | steps:   564 | steps_t:     0 | t: 0.813979 | r:  -505.000000 | e:   1.000000 | Q:        nan | won: False 
#   50 | steps:   574 | steps_t:     0 | t: 0.827607 | r:  -509.000000 | e:   1.000000 | Q:        nan | won: False 
#   51 | steps:   586 | steps_t:     0 | t: 0.844056 | r:  -511.000000 | e:   1.000000 | Q:        nan | won: False 
#   52 | steps:   603 | steps_t:     0 | t: 0.867794 | r:  -505.000000 | e:   1.000000 | Q:        nan | won: False 
#   53 | steps:   618 | steps_t:     0 | t: 0.888948 | r:  -503.000000 | e:   1.000000 | Q:        nan | won: False 
#   54 | steps:   626 | steps_t:     0 | t: 0.899844 | r:  -507.000000 | e:   1.000000 | Q:        nan | won: False 
#   55 | steps:   646 | steps_t:     0 | t: 0.928088 | r:  -519.000000 | e:   1.000000 | Q:        nan | won: False 
#   56 | steps:   671 | steps_t:     0 | t: 0.963319 | r:  -524.000000 | e:   1.000000 | Q:        nan | won: False 
#   57 | steps:   683 | steps_t:     0 | t: 0.979889 | r:  -511.000000 | e:   1.000000 | Q:        nan | won: False 
#   58 | steps:   695 | steps_t:     0 | t: 0.996701 | r:  -511.000000 | e:   1.000000 | Q:        nan | won: False 
#   59 | steps:   709 | steps_t:     0 | t: 1.016163 | r:  -502.000000 | e:   1.000000 | Q:        nan | won: False 
#   60 | steps:   717 | steps_t:     0 | t: 1.027151 | r:  -507.000000 | e:   1.000000 | Q:        nan | won: False 
#   61 | steps:   722 | steps_t:     0 | t: 1.033740 | r:  -504.000000 | e:   1.000000 | Q:        nan | won: False 
#   62 | steps:   732 | steps_t:     0 | t: 1.047510 | r:  -509.000000 | e:   1.000000 | Q:        nan | won: False 
#   63 | steps:   739 | steps_t:     0 | t: 1.056835 | r:  -506.000000 | e:   1.000000 | Q:        nan | won: False 
#   64 | steps:   749 | steps_t:     0 | t: 1.070546 | r:  -509.000000 | e:   1.000000 | Q:        nan | won: False 
#   65 | steps:   757 | steps_t:     0 | t: 1.081279 | r:  -507.000000 | e:   1.000000 | Q:        nan | won: False 
#   66 | steps:   767 | steps_t:     0 | t: 1.094905 | r:  -509.000000 | e:   1.000000 | Q:        nan | won: False 
#   67 | steps:   781 | steps_t:     0 | t: 1.114164 | r:  -502.000000 | e:   1.000000 | Q:        nan | won: False 
#   68 | steps:   799 | steps_t:     0 | t: 1.139515 | r:  -517.000000 | e:   1.000000 | Q:        nan | won: False 
#   69 | steps:   805 | steps_t:     0 | t: 1.147293 | r:  -505.000000 | e:   1.000000 | Q:        nan | won: False 
#   70 | steps:   814 | steps_t:     0 | t: 1.159484 | r:  -508.000000 | e:   1.000000 | Q:        nan | won: False 
#   71 | steps:   822 | steps_t:     0 | t: 1.170294 | r:  -507.000000 | e:   1.000000 | Q:        nan | won: False 
#   72 | steps:   830 | steps_t:     0 | t: 1.181132 | r:  -507.000000 | e:   1.000000 | Q:        nan | won: False 
#   73 | steps:   842 | steps_t:     0 | t: 1.197529 | r:  -511.000000 | e:   1.000000 | Q:        nan | won: False 
#   74 | steps:   851 | steps_t:     0 | t: 1.209655 | r:  -508.000000 | e:   1.000000 | Q:        nan | won: False 
#   75 | steps:   866 | steps_t:     0 | t: 1.230594 | r:  -514.000000 | e:   1.000000 | Q:        nan | won: False 
#   76 | steps:   883 | steps_t:     0 | t: 1.254402 | r:  -516.000000 | e:   1.000000 | Q:        nan | won: False 
#   77 | steps:   888 | steps_t:     0 | t: 1.261008 | r:  -504.000000 | e:   1.000000 | Q:        nan | won: False 
#   78 | steps:   898 | steps_t:     0 | t: 1.274827 | r:  -509.000000 | e:   1.000000 | Q:        nan | won: False 
#   79 | steps:   906 | steps_t:     0 | t: 1.285691 | r:  -507.000000 | e:   1.000000 | Q:        nan | won: False 
#   80 | steps:   913 | steps_t:     0 | t: 1.295072 | r:  -506.000000 | e:   1.000000 | Q:        nan | won: False 
#   81 | steps:   922 | steps_t:     0 | t: 1.307383 | r:  -508.000000 | e:   1.000000 | Q:        nan | won: False 
#   82 | steps:   936 | steps_t:     0 | t: 1.326933 | r:  -513.000000 | e:   1.000000 | Q:        nan | won: False 
#   83 | steps:   961 | steps_t:     0 | t: 1.361978 | r:  -513.000000 | e:   1.000000 | Q:        nan | won: False 
#   84 | steps:   986 | steps_t:     0 | t: 1.397305 | r:  -524.000000 | e:   1.000000 | Q:        nan | won: False 
#   85 | steps:   995 | steps_t:     0 | t: 1.409936 | r:  -508.000000 | e:   1.000000 | Q:        nan | won: False 
#   86 | steps:  1001 | steps_t:     0 | t: 1.417897 | r:  -505.000000 | e:   1.000000 | Q:        nan | won: False 
#   87 | steps:  1012 | steps_t:     0 | t: 1.433192 | r:  -510.000000 | e:   1.000000 | Q:        nan | won: False 
#   88 | steps:  1018 | steps_t:     0 | t: 1.441123 | r:  -505.000000 | e:   1.000000 | Q:        nan | won: False 
#   89 | steps:  1026 | steps_t:     0 | t: 1.451805 | r:  -507.000000 | e:   1.000000 | Q:        nan | won: False 
#   90 | steps:  1033 | steps_t:     0 | t: 1.461057 | r:  -506.000000 | e:   1.000000 | Q:        nan | won: False 
#   91 | steps:  1047 | steps_t:     0 | t: 1.480563 | r:  -513.000000 | e:   1.000000 | Q:        nan | won: False 
#   92 | steps:  1060 | steps_t:     0 | t: 1.498573 | r:  -501.000000 | e:   1.000000 | Q:        nan | won: False 
#   93 | steps:  1065 | steps_t:     0 | t: 1.505041 | r:  -504.000000 | e:   1.000000 | Q:        nan | won: False 
#   94 | steps:  1071 | steps_t:     0 | t: 1.513059 | r:  -505.000000 | e:   1.000000 | Q:        nan | won: False 
#   95 | steps:  1077 | steps_t:     0 | t: 1.521097 | r:  -505.000000 | e:   1.000000 | Q:        nan | won: False 
#   96 | steps:  1091 | steps_t:     0 | t: 1.540603 | r:  -513.000000 | e:   1.000000 | Q:        nan | won: False 
#   97 | steps:  1098 | steps_t:     0 | t: 1.549924 | r:  -506.000000 | e:   1.000000 | Q:        nan | won: False 
#   98 | steps:  1105 | steps_t:     0 | t: 1.559374 | r:  -506.000000 | e:   1.000000 | Q:        nan | won: False 
#   99 | steps:  1120 | steps_t:     0 | t: 1.580467 | r:  -514.000000 | e:   1.000000 | Q:        nan | won: False 
#  100 | steps:  1126 | steps_t:     0 | t: 1.588536 | r:  -505.000000 | e:   1.000000 | Q:        nan | won: False 
#  101 | steps:  1141 | steps_t:     0 | t: 1.609547 | r:  -503.000000 | e:   1.000000 | Q:        nan | won: False 
#  102 | steps:  1155 | steps_t:     0 | t: 1.629030 | r:  -513.000000 | e:   1.000000 | Q:        nan | won: False 
#  103 | steps:  1163 | steps_t:     0 | t: 1.639909 | r:  -507.000000 | e:   1.000000 | Q:        nan | won: False 
#  104 | steps:  1173 | steps_t:     0 | t: 1.653783 | r:  -509.000000 | e:   1.000000 | Q:        nan | won: False 
#  105 | steps:  1179 | steps_t:     0 | t: 1.661645 | r:  -505.000000 | e:   1.000000 | Q:        nan | won: False 
#  106 | steps:  1195 | steps_t:     0 | t: 1.684000 | r:  -515.000000 | e:   1.000000 | Q:        nan | won: False 
#  107 | steps:  1206 | steps_t:     0 | t: 1.699459 | r:  -510.000000 | e:   1.000000 | Q:        nan | won: False 
#  108 | steps:  1220 | steps_t:     0 | t: 1.718904 | r:  -502.000000 | e:   1.000000 | Q:        nan | won: False 
#  109 | steps:  1235 | steps_t:     0 | t: 1.739777 | r:  -492.000000 | e:   1.000000 | Q:        nan | won: False 
#  110 | steps:  1249 | steps_t:     0 | t: 1.759668 | r:  -513.000000 | e:   1.000000 | Q:        nan | won: False 
#  111 | steps:  1258 | steps_t:     0 | t: 1.771864 | r:  -508.000000 | e:   1.000000 | Q:        nan | won: False 
#  112 | steps:  1269 | steps_t:     0 | t: 1.787072 | r:  -510.000000 | e:   1.000000 | Q:        nan | won: False 
#  113 | steps:  1275 | steps_t:     0 | t: 1.795395 | r:  -505.000000 | e:   1.000000 | Q:        nan | won: False 
#  114 | steps:  1290 | steps_t:     0 | t: 1.816566 | r:  -503.000000 | e:   1.000000 | Q:        nan | won: False 
#  115 | steps:  1299 | steps_t:     0 | t: 1.828866 | r:  -508.000000 | e:   1.000000 | Q:        nan | won: False 
#  116 | steps:  1305 | steps_t:     0 | t: 1.836808 | r:  -505.000000 | e:   1.000000 | Q:        nan | won: False 
#  117 | steps:  1314 | steps_t:     0 | t: 1.849076 | r:  -508.000000 | e:   1.000000 | Q:        nan | won: False 
#  118 | steps:  1326 | steps_t:     0 | t: 1.865713 | r:  -511.000000 | e:   1.000000 | Q:        nan | won: False 
#  119 | steps:  1334 | steps_t:     0 | t: 1.876641 | r:  -507.000000 | e:   1.000000 | Q:        nan | won: False 
#  120 | steps:  1351 | steps_t:     0 | t: 1.900287 | r:  -505.000000 | e:   1.000000 | Q:        nan | won: False 
#  121 | steps:  1359 | steps_t:     0 | t: 1.911260 | r:  -507.000000 | e:   1.000000 | Q:        nan | won: False 
#  122 | steps:  1367 | steps_t:     0 | t: 1.922155 | r:  -507.000000 | e:   1.000000 | Q:        nan | won: False 
#  123 | steps:  1378 | steps_t:     0 | t: 1.937380 | r:  -510.000000 | e:   1.000000 | Q:        nan | won: False 
#  124 | steps:  1384 | steps_t:     0 | t: 1.945355 | r:  -505.000000 | e:   1.000000 | Q:        nan | won: False 
#  125 | steps:  1390 | steps_t:     0 | t: 1.953355 | r:  -505.000000 | e:   1.000000 | Q:        nan | won: False 
#  126 | steps:  1412 | steps_t:     0 | t: 1.984421 | r:  -521.000000 | e:   1.000000 | Q:        nan | won: False 
#  127 | steps:  1420 | steps_t:     0 | t: 1.995591 | r:  -507.000000 | e:   1.000000 | Q:        nan | won: False 
#  128 | steps:  1436 | steps_t:     0 | t: 2.017953 | r:  -504.000000 | e:   1.000000 | Q:        nan | won: False 
#  129 | steps:  1455 | steps_t:     0 | t: 2.044995 | r:  -518.000000 | e:   1.000000 | Q:        nan | won: False 
#  130 | steps:  1474 | steps_t:     0 | t: 2.071721 | r:  -518.000000 | e:   1.000000 | Q:        nan | won: False 
#  131 | steps:  1482 | steps_t:     0 | t: 2.082789 | r:  -507.000000 | e:   1.000000 | Q:        nan | won: False 
#  132 | steps:  1498 | steps_t:     0 | t: 2.105331 | r:  -515.000000 | e:   1.000000 | Q:        nan | won: False 
#  133 | steps:  1508 | steps_t:     0 | t: 2.119093 | r:  -509.000000 | e:   1.000000 | Q:        nan | won: False 
#  134 | steps:  1524 | steps_t:     0 | t: 2.141409 | r:  -515.000000 | e:   1.000000 | Q:        nan | won: False 
#  135 | steps:  1538 | steps_t:     0 | t: 2.160866 | r:  -502.000000 | e:   1.000000 | Q:        nan | won: False 
#  136 | steps:  1548 | steps_t:     0 | t: 2.174513 | r:  -509.000000 | e:   1.000000 | Q:        nan | won: False 
#  137 | steps:  1554 | steps_t:     0 | t: 2.182712 | r:  -505.000000 | e:   1.000000 | Q:        nan | won: False 
#  138 | steps:  1570 | steps_t:     0 | t: 2.205066 | r:  -515.000000 | e:   1.000000 | Q:        nan | won: False 
#  139 | steps:  1579 | steps_t:     0 | t: 2.217473 | r:  -508.000000 | e:   1.000000 | Q:        nan | won: False 
#  140 | steps:  1585 | steps_t:     0 | t: 2.225380 | r:  -505.000000 | e:   1.000000 | Q:        nan | won: False 
#  141 | steps:  1595 | steps_t:     0 | t: 2.239013 | r:  -509.000000 | e:   1.000000 | Q:        nan | won: False 
#  142 | steps:  1602 | steps_t:     0 | t: 2.248415 | r:  -506.000000 | e:   1.000000 | Q:        nan | won: False 
#  143 | steps:  1616 | steps_t:     0 | t: 2.267852 | r:  -513.000000 | e:   1.000000 | Q:        nan | won: False 
#  144 | steps:  1635 | steps_t:     0 | t: 2.293676 | r:  -507.000000 | e:   1.000000 | Q:        nan | won: False 
#  145 | steps:  1645 | steps_t:     0 | t: 2.307091 | r:  -509.000000 | e:   1.000000 | Q:        nan | won: False 
#  146 | steps:  1659 | steps_t:     0 | t: 2.326493 | r:  -513.000000 | e:   1.000000 | Q:        nan | won: False 
#  147 | steps:  1666 | steps_t:     0 | t: 2.335651 | r:  -506.000000 | e:   1.000000 | Q:        nan | won: False 
#  148 | steps:  1677 | steps_t:     0 | t: 2.350487 | r:  -510.000000 | e:   1.000000 | Q:        nan | won: False 
#  149 | steps:  1687 | steps_t:     0 | t: 2.363904 | r:  -509.000000 | e:   1.000000 | Q:        nan | won: False 
#  150 | steps:  1696 | steps_t:     0 | t: 2.375886 | r:  -508.000000 | e:   1.000000 | Q:        nan | won: False 
#  151 | steps:  1717 | steps_t:     0 | t: 2.404793 | r:  -520.000000 | e:   1.000000 | Q:        nan | won: False 
#  152 | steps:  1731 | steps_t:     0 | t: 2.424147 | r:  -513.000000 | e:   1.000000 | Q:        nan | won: False 
#  153 | steps:  1739 | steps_t:     0 | t: 2.434698 | r:  -507.000000 | e:   1.000000 | Q:        nan | won: False 
#  154 | steps:  1748 | steps_t:     0 | t: 2.446844 | r:  -508.000000 | e:   1.000000 | Q:        nan | won: False 
#  155 | steps:  1756 | steps_t:     0 | t: 2.457544 | r:  -507.000000 | e:   1.000000 | Q:        nan | won: False 
#  156 | steps:  1770 | steps_t:     0 | t: 2.476633 | r:  -513.000000 | e:   1.000000 | Q:        nan | won: False 
#  157 | steps:  1776 | steps_t:     0 | t: 2.484544 | r:  -505.000000 | e:   1.000000 | Q:        nan | won: False 
#  158 | steps:  1786 | steps_t:     0 | t: 2.498116 | r:  -509.000000 | e:   1.000000 | Q:        nan | won: False 
#  159 | steps:  1801 | steps_t:     0 | t: 2.518985 | r:  -492.000000 | e:   1.000000 | Q:        nan | won: False 
#  160 | steps:  1807 | steps_t:     0 | t: 2.526787 | r:  -505.000000 | e:   1.000000 | Q:        nan | won: False 
#  161 | steps:  1818 | steps_t:     0 | t: 2.541636 | r:  -510.000000 | e:   1.000000 | Q:        nan | won: False 
#  162 | steps:  1828 | steps_t:     0 | t: 2.555153 | r:  -509.000000 | e:   1.000000 | Q:        nan | won: False 
#  163 | steps:  1840 | steps_t:     0 | t: 2.571378 | r:  -511.000000 | e:   1.000000 | Q:        nan | won: False 
#  164 | steps:  1847 | steps_t:     0 | t: 2.580496 | r:  -506.000000 | e:   1.000000 | Q:        nan | won: False 
#  165 | steps:  1855 | steps_t:     0 | t: 2.591125 | r:  -507.000000 | e:   1.000000 | Q:        nan | won: False 
#  166 | steps:  1863 | steps_t:     0 | t: 2.601758 | r:  -507.000000 | e:   1.000000 | Q:        nan | won: False 
#  167 | steps:  1870 | steps_t:     0 | t: 2.610888 | r:  -506.000000 | e:   1.000000 | Q:        nan | won: False 
#  168 | steps:  1879 | steps_t:     0 | t: 2.623166 | r:  -508.000000 | e:   1.000000 | Q:        nan | won: False 
#  169 | steps:  1886 | steps_t:     0 | t: 2.632288 | r:  -506.000000 | e:   1.000000 | Q:        nan | won: False 
#  170 | steps:  1896 | steps_t:     0 | t: 2.645662 | r:  -509.000000 | e:   1.000000 | Q:        nan | won: False 
#  171 | steps:  1904 | steps_t:     0 | t: 2.656339 | r:  -507.000000 | e:   1.000000 | Q:        nan | won: False 
#  172 | steps:  1918 | steps_t:     0 | t: 2.675394 | r:  -513.000000 | e:   1.000000 | Q:        nan | won: False 
#  173 | steps:  1927 | steps_t:     0 | t: 2.687426 | r:  -508.000000 | e:   1.000000 | Q:        nan | won: False 
#  174 | steps:  1936 | steps_t:     0 | t: 2.699493 | r:  -508.000000 | e:   1.000000 | Q:        nan | won: False 
#  175 | steps:  1943 | steps_t:     0 | t: 2.708627 | r:  -506.000000 | e:   1.000000 | Q:        nan | won: False 
#  176 | steps:  1950 | steps_t:     0 | t: 2.717993 | r:  -506.000000 | e:   1.000000 | Q:        nan | won: False 
#  177 | steps:  1960 | steps_t:     0 | t: 2.731541 | r:  -509.000000 | e:   1.000000 | Q:        nan | won: False 
#  178 | steps:  1969 | steps_t:     0 | t: 2.743423 | r:  -508.000000 | e:   1.000000 | Q:        nan | won: False 
#  179 | steps:  1976 | steps_t:     0 | t: 2.752572 | r:  -506.000000 | e:   1.000000 | Q:        nan | won: False 
#  180 | steps:  1986 | steps_t:     0 | t: 2.765986 | r:  -509.000000 | e:   1.000000 | Q:        nan | won: False 
#  181 | steps:  1993 | steps_t:     0 | t: 2.775082 | r:  -506.000000 | e:   1.000000 | Q:        nan | won: False 
#  182 | steps:  2000 | steps_t:     0 | t: 2.784202 | r:  -506.000000 | e:   1.000000 | Q:        nan | won: False 
#  183 | steps:  2006 | steps_t:     0 | t: 2.791993 | r:  -505.000000 | e:   1.000000 | Q:        nan | won: False 
#  184 | steps:  2015 | steps_t:     0 | t: 2.803936 | r:  -508.000000 | e:   1.000000 | Q:        nan | won: False 
#  185 | steps:  2036 | steps_t:     0 | t: 2.833053 | r:  -520.000000 | e:   1.000000 | Q:        nan | won: False 
#  186 | steps:  2045 | steps_t:     0 | t: 2.845025 | r:  -508.000000 | e:   1.000000 | Q:        nan | won: False 
#  187 | steps:  2055 | steps_t:     0 | t: 2.858464 | r:  -509.000000 | e:   1.000000 | Q:        nan | won: False 
#  188 | steps:  2061 | steps_t:     0 | t: 2.866158 | r:  -505.000000 | e:   1.000000 | Q:        nan | won: False 
#  189 | steps:  2080 | steps_t:     0 | t: 2.892565 | r:  -518.000000 | e:   1.000000 | Q:        nan | won: False 
#  190 | steps:  2091 | steps_t:     0 | t: 2.907903 | r:  -510.000000 | e:   1.000000 | Q:        nan | won: False 
#  191 | steps:  2103 | steps_t:     0 | t: 2.924294 | r:  -511.000000 | e:   1.000000 | Q:        nan | won: False 
#  192 | steps:  2113 | steps_t:     0 | t: 2.937583 | r:  -509.000000 | e:   1.000000 | Q:        nan | won: False 
#  193 | steps:  2119 | steps_t:     0 | t: 2.945319 | r:  -505.000000 | e:   1.000000 | Q:        nan | won: False 
#  194 | steps:  2133 | steps_t:     0 | t: 2.964455 | r:  -513.000000 | e:   1.000000 | Q:        nan | won: False 
#  195 | steps:  2145 | steps_t:     0 | t: 2.980657 | r:  -511.000000 | e:   1.000000 | Q:        nan | won: False 
#  196 | steps:  2151 | steps_t:     0 | t: 2.988326 | r:  -505.000000 | e:   1.000000 | Q:        nan | won: False 
#  197 | steps:  2161 | steps_t:     0 | t: 3.001806 | r:  -509.000000 | e:   1.000000 | Q:        nan | won: False 
#  198 | steps:  2176 | steps_t:     0 | t: 3.022271 | r:  -503.000000 | e:   1.000000 | Q:        nan | won: False 
#  199 | steps:  2182 | steps_t:     0 | t: 3.029991 | r:  -505.000000 | e:   1.000000 | Q:        nan | won: False 
#  200 | steps:  2190 | steps_t:     0 | t: 3.040549 | r:  -507.000000 | e:   1.000000 | Q:        nan | won: False 
#  201 | steps:  2197 | steps_t:     0 | t: 3.049676 | r:  -506.000000 | e:   1.000000 | Q:        nan | won: False 
#  202 | steps:  2209 | steps_t:     0 | t: 3.065995 | r:  -511.000000 | e:   1.000000 | Q:        nan | won: False 
#  203 | steps:  2230 | steps_t:     0 | t: 3.095040 | r:  -520.000000 | e:   1.000000 | Q:        nan | won: False 
#  204 | steps:  2248 | steps_t:     0 | t: 3.119951 | r:  -506.000000 | e:   1.000000 | Q:        nan | won: False 
#  205 | steps:  2254 | steps_t:     0 | t: 3.127641 | r:  -505.000000 | e:   1.000000 | Q:        nan | won: False 
#  206 | steps:  2263 | steps_t:     0 | t: 3.139729 | r:  -508.000000 | e:   1.000000 | Q:        nan | won: False 
#  207 | steps:  2274 | steps_t:     0 | t: 3.155492 | r:  -510.000000 | e:   1.000000 | Q:        nan | won: False 
#  208 | steps:  2292 | steps_t:     0 | t: 3.180147 | r:  -517.000000 | e:   1.000000 | Q:        nan | won: False 
#  209 | steps:  2306 | steps_t:     0 | t: 3.199295 | r:  -513.000000 | e:   1.000000 | Q:        nan | won: False 
#  210 | steps:  2318 | steps_t:     0 | t: 3.215679 | r:  -511.000000 | e:   1.000000 | Q:        nan | won: False 
#  211 | steps:  2328 | steps_t:     0 | t: 3.229082 | r:  -509.000000 | e:   1.000000 | Q:        nan | won: False 
#  212 | steps:  2336 | steps_t:     0 | t: 3.239645 | r:  -507.000000 | e:   1.000000 | Q:        nan | won: False 
#  213 | steps:  2345 | steps_t:     0 | t: 3.251717 | r:  -508.000000 | e:   1.000000 | Q:        nan | won: False 
#  214 | steps:  2356 | steps_t:     0 | t: 3.266599 | r:  -510.000000 | e:   1.000000 | Q:        nan | won: False 
#  215 | steps:  2375 | steps_t:     0 | t: 3.292853 | r:  -518.000000 | e:   1.000000 | Q:        nan | won: False 
#  216 | steps:  2383 | steps_t:     0 | t: 3.303436 | r:  -507.000000 | e:   1.000000 | Q:        nan | won: False 
#  217 | steps:  2389 | steps_t:     0 | t: 3.311510 | r:  -505.000000 | e:   1.000000 | Q:        nan | won: False 
#  218 | steps:  2398 | steps_t:     0 | t: 3.323777 | r:  -508.000000 | e:   1.000000 | Q:        nan | won: False 
#  219 | steps:  2414 | steps_t:     0 | t: 3.345601 | r:  -515.000000 | e:   1.000000 | Q:        nan | won: False 
#  220 | steps:  2430 | steps_t:     0 | t: 3.367591 | r:  -515.000000 | e:   1.000000 | Q:        nan | won: False 
#  221 | steps:  2453 | steps_t:     0 | t: 3.399362 | r:  -522.000000 | e:   1.000000 | Q:        nan | won: False 
#  222 | steps:  2460 | steps_t:     0 | t: 3.409053 | r:  -506.000000 | e:   1.000000 | Q:        nan | won: False 
#  223 | steps:  2465 | steps_t:     0 | t: 3.415422 | r:  -504.000000 | e:   1.000000 | Q:        nan | won: False 
#  224 | steps:  2476 | steps_t:     0 | t: 3.430177 | r:  -510.000000 | e:   1.000000 | Q:        nan | won: False 
#  225 | steps:  2492 | steps_t:     0 | t: 3.451999 | r:  -504.000000 | e:   1.000000 | Q:        nan | won: False 
#  226 | steps:  2503 | steps_t:     0 | t: 3.466769 | r:  -510.000000 | e:   1.000000 | Q:        nan | won: False 
#  227 | steps:  2515 | steps_t:     0 | t: 3.483019 | r:  -511.000000 | e:   1.000000 | Q:        nan | won: False 
#  228 | steps:  2526 | steps_t:     0 | t: 3.497911 | r:  -510.000000 | e:   1.000000 | Q:        nan | won: False 
#  229 | steps:  2532 | steps_t:     0 | t: 3.505634 | r:  -505.000000 | e:   1.000000 | Q:        nan | won: False 
#  230 | steps:  2541 | steps_t:     0 | t: 3.517643 | r:  -508.000000 | e:   1.000000 | Q:        nan | won: False 
#  231 | steps:  2548 | steps_t:     0 | t: 3.526810 | r:  -506.000000 | e:   1.000000 | Q:        nan | won: False 
#  232 | steps:  2559 | steps_t:     0 | t: 3.541582 | r:  -510.000000 | e:   1.000000 | Q:        nan | won: False 
#  233 | steps:  2567 | steps_t:     0 | t: 3.552171 | r:  -507.000000 | e:   1.000000 | Q:        nan | won: False 
#  234 | steps:  2581 | steps_t:     0 | t: 3.571287 | r:  -502.000000 | e:   1.000000 | Q:        nan | won: False 
#  235 | steps:  2603 | steps_t:     0 | t: 3.602115 | r:  -521.000000 | e:   1.000000 | Q:        nan | won: False 
#  236 | steps:  2609 | steps_t:     0 | t: 3.610170 | r:  -505.000000 | e:   1.000000 | Q:        nan | won: False 
#  237 | steps:  2616 | steps_t:     0 | t: 3.619651 | r:  -506.000000 | e:   1.000000 | Q:        nan | won: False 
#  238 | steps:  2626 | steps_t:     0 | t: 3.633093 | r:  -509.000000 | e:   1.000000 | Q:        nan | won: False 
#  239 | steps:  2632 | steps_t:     0 | t: 3.641162 | r:  -505.000000 | e:   1.000000 | Q:        nan | won: False 
#  240 | steps:  2642 | steps_t:     0 | t: 3.654822 | r:  -509.000000 | e:   1.000000 | Q:        nan | won: False 
#  241 | steps:  2654 | steps_t:     0 | t: 3.671372 | r:  -511.000000 | e:   1.000000 | Q:        nan | won: False 
#  242 | steps:  2668 | steps_t:     0 | t: 3.690465 | r:  -513.000000 | e:   1.000000 | Q:        nan | won: False 
#  243 | steps:  2696 | steps_t:     0 | t: 3.730113 | r:  -527.000000 | e:   1.000000 | Q:        nan | won: False 
#  244 | steps:  2704 | steps_t:     0 | t: 3.741095 | r:  -507.000000 | e:   1.000000 | Q:        nan | won: False 
#  245 | steps:  2721 | steps_t:     0 | t: 3.764777 | r:  -516.000000 | e:   1.000000 | Q:        nan | won: False 
#  246 | steps:  2733 | steps_t:     0 | t: 3.781023 | r:  -511.000000 | e:   1.000000 | Q:        nan | won: False 
#  247 | steps:  2742 | steps_t:     0 | t: 3.793106 | r:  -508.000000 | e:   1.000000 | Q:        nan | won: False 
#  248 | steps:  2758 | steps_t:     0 | t: 3.815331 | r:  -504.000000 | e:   1.000000 | Q:        nan | won: False 
#  249 | steps:  2783 | steps_t:     0 | t: 3.850219 | r:  -513.000000 | e:   1.000000 | Q:        nan | won: False 
#  250 | steps:  2796 | steps_t:     0 | t: 3.868325 | r:  -512.000000 | e:   1.000000 | Q:        nan | won: False 
#  251 | steps:  2803 | steps_t:     0 | t: 3.877569 | r:  -506.000000 | e:   1.000000 | Q:        nan | won: False 
#  252 | steps:  2812 | steps_t:     0 | t: 3.889890 | r:  -508.000000 | e:   1.000000 | Q:        nan | won: False 
#  253 | steps:  2825 | steps_t:     0 | t: 3.907645 | r:  -512.000000 | e:   1.000000 | Q:        nan | won: False 
#  254 | steps:  2835 | steps_t:     0 | t: 3.921525 | r:  -509.000000 | e:   1.000000 | Q:        nan | won: False 
#  255 | steps:  2845 | steps_t:     0 | t: 3.934943 | r:  -509.000000 | e:   1.000000 | Q:        nan | won: False 
#  256 | steps:  2856 | steps_t:     0 | t: 3.950268 | r:  -510.000000 | e:   1.000000 | Q:        nan | won: False 
#  257 | steps:  2875 | steps_t:     0 | t: 3.976444 | r:  -518.000000 | e:   1.000000 | Q:        nan | won: False 
#  258 | steps:  2901 | steps_t:     0 | t: 4.012990 | r:  -514.000000 | e:   1.000000 | Q:        nan | won: False 
#  259 | steps:  2919 | steps_t:     0 | t: 4.037733 | r:  -506.000000 | e:   1.000000 | Q:        nan | won: False 
#  260 | steps:  2938 | steps_t:     0 | t: 4.063871 | r:  -507.000000 | e:   1.000000 | Q:        nan | won: False 
#  261 | steps:  2956 | steps_t:     0 | t: 4.088835 | r:  -517.000000 | e:   1.000000 | Q:        nan | won: False 
#  262 | steps:  2986 | steps_t:     0 | t: 4.130417 | r:  -529.000000 | e:   1.000000 | Q:        nan | won: False 
#  263 | steps:  3000 | steps_t:     0 | t: 4.149815 | r:  -502.000000 | e:   1.000000 | Q:        nan | won: False 
#  264 | steps:  3006 | steps_t:     0 | t: 4.157638 | r:  -505.000000 | e:   1.000000 | Q:        nan | won: False 
#  265 | steps:  3031 | steps_t:     0 | t: 4.192285 | r:  -513.000000 | e:   1.000000 | Q:        nan | won: False 
#  266 | steps:  3037 | steps_t:     0 | t: 4.200526 | r:  -505.000000 | e:   1.000000 | Q:        nan | won: False 
#  267 | steps:  3055 | steps_t:     0 | t: 4.225219 | r:  -517.000000 | e:   1.000000 | Q:        nan | won: False 
#  268 | steps:  3062 | steps_t:     0 | t: 4.234258 | r:  -506.000000 | e:   1.000000 | Q:        nan | won: False 
#  269 | steps:  3077 | steps_t:     0 | t: 4.254647 | r:  -503.000000 | e:   1.000000 | Q:        nan | won: False 
#  270 | steps:  3091 | steps_t:     0 | t: 4.273813 | r:  -513.000000 | e:   1.000000 | Q:        nan | won: False 
#  271 | steps:  3097 | steps_t:     0 | t: 4.281528 | r:  -505.000000 | e:   1.000000 | Q:        nan | won: False 
#  272 | steps:  3103 | steps_t:     0 | t: 4.289212 | r:  -505.000000 | e:   1.000000 | Q:        nan | won: False 
#  273 | steps:  3114 | steps_t:     0 | t: 4.303874 | r:  -510.000000 | e:   1.000000 | Q:        nan | won: False 
#  274 | steps:  3126 | steps_t:     0 | t: 4.320163 | r:  -500.000000 | e:   1.000000 | Q:        nan | won: False 
#  275 | steps:  3135 | steps_t:     0 | t: 4.332495 | r:  -508.000000 | e:   1.000000 | Q:        nan | won: False 
#  276 | steps:  3145 | steps_t:     0 | t: 4.346004 | r:  -509.000000 | e:   1.000000 | Q:        nan | won: False 
#  277 | steps:  3153 | steps_t:     0 | t: 4.356508 | r:  -507.000000 | e:   1.000000 | Q:        nan | won: False 
#  278 | steps:  3164 | steps_t:     0 | t: 4.371327 | r:  -510.000000 | e:   1.000000 | Q:        nan | won: False 
#  279 | steps:  3172 | steps_t:     0 | t: 4.381823 | r:  -507.000000 | e:   1.000000 | Q:        nan | won: False 
#  280 | steps:  3182 | steps_t:     0 | t: 4.395226 | r:  -509.000000 | e:   1.000000 | Q:        nan | won: False 
#  281 | steps:  3202 | steps_t:     0 | t: 4.422909 | r:  -519.000000 | e:   1.000000 | Q:        nan | won: False 
#  282 | steps:  3209 | steps_t:     0 | t: 4.432073 | r:  -506.000000 | e:   1.000000 | Q:        nan | won: False 
#  283 | steps:  3227 | steps_t:     0 | t: 4.456878 | r:  -506.000000 | e:   1.000000 | Q:        nan | won: False 
#  284 | steps:  3233 | steps_t:     0 | t: 4.464687 | r:  -505.000000 | e:   1.000000 | Q:        nan | won: False 
#  285 | steps:  3241 | steps_t:     0 | t: 4.475322 | r:  -507.000000 | e:   1.000000 | Q:        nan | won: False 
#  286 | steps:  3251 | steps_t:     0 | t: 4.488728 | r:  -509.000000 | e:   1.000000 | Q:        nan | won: False 
#  287 | steps:  3257 | steps_t:     0 | t: 4.496515 | r:  -505.000000 | e:   1.000000 | Q:        nan | won: False 
#  288 | steps:  3266 | steps_t:     0 | t: 4.508408 | r:  -508.000000 | e:   1.000000 | Q:        nan | won: False 
#  289 | steps:  3276 | steps_t:     0 | t: 4.522219 | r:  -509.000000 | e:   1.000000 | Q:        nan | won: False 
#  290 | steps:  3285 | steps_t:     0 | t: 4.534314 | r:  -508.000000 | e:   1.000000 | Q:        nan | won: False 
#  291 | steps:  3292 | steps_t:     0 | t: 4.543848 | r:  -506.000000 | e:   1.000000 | Q:        nan | won: False 
#  292 | steps:  3302 | steps_t:     0 | t: 4.557425 | r:  -509.000000 | e:   1.000000 | Q:        nan | won: False 
#  293 | steps:  3312 | steps_t:     0 | t: 4.571161 | r:  -509.000000 | e:   1.000000 | Q:        nan | won: False 
#  294 | steps:  3317 | steps_t:     0 | t: 4.577484 | r:  -504.000000 | e:   1.000000 | Q:        nan | won: False 
#  295 | steps:  3327 | steps_t:     0 | t: 4.590982 | r:  -509.000000 | e:   1.000000 | Q:        nan | won: False 
#  296 | steps:  3349 | steps_t:     0 | t: 4.621897 | r:  -521.000000 | e:   1.000000 | Q:        nan | won: False 
#  297 | steps:  3359 | steps_t:     0 | t: 4.635789 | r:  -509.000000 | e:   1.000000 | Q:        nan | won: False 
#  298 | steps:  3366 | steps_t:     0 | t: 4.645088 | r:  -506.000000 | e:   1.000000 | Q:        nan | won: False 
#  299 | steps:  3380 | steps_t:     0 | t: 4.664464 | r:  -513.000000 | e:   1.000000 | Q:        nan | won: False 
#  300 | steps:  3387 | steps_t:     0 | t: 4.673713 | r:  -506.000000 | e:   1.000000 | Q:        nan | won: False 
#  301 | steps:  3401 | steps_t:     0 | t: 4.692759 | r:  -513.000000 | e:   1.000000 | Q:        nan | won: False 
#  302 | steps:  3409 | steps_t:     0 | t: 4.703733 | r:  -507.000000 | e:   1.000000 | Q:        nan | won: False 
#  303 | steps:  3418 | steps_t:     0 | t: 4.715822 | r:  -508.000000 | e:   1.000000 | Q:        nan | won: False 
#  304 | steps:  3426 | steps_t:     0 | t: 4.726808 | r:  -507.000000 | e:   1.000000 | Q:        nan | won: False 
#  305 | steps:  3436 | steps_t:     0 | t: 4.740216 | r:  -509.000000 | e:   1.000000 | Q:        nan | won: False 
#  306 | steps:  3443 | steps_t:     0 | t: 4.749358 | r:  -506.000000 | e:   1.000000 | Q:        nan | won: False 
#  307 | steps:  3452 | steps_t:     0 | t: 4.761987 | r:  -508.000000 | e:   1.000000 | Q:        nan | won: False 
#  308 | steps:  3460 | steps_t:     0 | t: 4.772727 | r:  -507.000000 | e:   1.000000 | Q:        nan | won: False 
#  309 | steps:  3467 | steps_t:     0 | t: 4.782034 | r:  -506.000000 | e:   1.000000 | Q:        nan | won: False 
#  310 | steps:  3482 | steps_t:     0 | t: 4.802947 | r:  -492.000000 | e:   1.000000 | Q:        nan | won: False 
#  311 | steps:  3489 | steps_t:     0 | t: 4.812268 | r:  -506.000000 | e:   1.000000 | Q:        nan | won: False 
#  312 | steps:  3501 | steps_t:     0 | t: 4.829251 | r:  -511.000000 | e:   1.000000 | Q:        nan | won: False 
#  313 | steps:  3510 | steps_t:     0 | t: 4.841292 | r:  -508.000000 | e:   1.000000 | Q:        nan | won: False 
#  314 | steps:  3521 | steps_t:     0 | t: 4.856623 | r:  -510.000000 | e:   1.000000 | Q:        nan | won: False 
#  315 | steps:  3543 | steps_t:     0 | t: 4.887290 | r:  -521.000000 | e:   1.000000 | Q:        nan | won: False 
#  316 | steps:  3553 | steps_t:     0 | t: 4.900697 | r:  -509.000000 | e:   1.000000 | Q:        nan | won: False 
#  317 | steps:  3569 | steps_t:     0 | t: 4.923208 | r:  -515.000000 | e:   1.000000 | Q:        nan | won: False 
#  318 | steps:  3578 | steps_t:     0 | t: 4.935122 | r:  -508.000000 | e:   1.000000 | Q:        nan | won: False 
#  319 | steps:  3584 | steps_t:     0 | t: 4.943274 | r:  -505.000000 | e:   1.000000 | Q:        nan | won: False 
#  320 | steps:  3592 | steps_t:     0 | t: 4.953979 | r:  -507.000000 | e:   1.000000 | Q:        nan | won: False 
#  321 | steps:  3602 | steps_t:     0 | t: 4.967342 | r:  -509.000000 | e:   1.000000 | Q:        nan | won: False 
#  322 | steps:  3616 | steps_t:     0 | t: 4.986833 | r:  -513.000000 | e:   1.000000 | Q:        nan | won: False 
#  323 | steps:  3627 | steps_t:     0 | t: 5.001784 | r:  -510.000000 | e:   1.000000 | Q:        nan | won: False 
#  324 | steps:  3638 | steps_t:     0 | t: 5.017211 | r:  -510.000000 | e:   1.000000 | Q:        nan | won: False 
#  325 | steps:  3647 | steps_t:     0 | t: 5.029124 | r:  -508.000000 | e:   1.000000 | Q:        nan | won: False 
#  326 | steps:  3654 | steps_t:     0 | t: 5.038600 | r:  -506.000000 | e:   1.000000 | Q:        nan | won: False 
#  327 | steps:  3661 | steps_t:     0 | t: 5.047944 | r:  -506.000000 | e:   1.000000 | Q:        nan | won: False 
#  328 | steps:  3678 | steps_t:     0 | t: 5.071662 | r:  -505.000000 | e:   1.000000 | Q:        nan | won: False 
#  329 | steps:  3697 | steps_t:     0 | t: 5.097872 | r:  -507.000000 | e:   1.000000 | Q:        nan | won: False 
#  330 | steps:  3711 | steps_t:     0 | t: 5.117116 | r:  -513.000000 | e:   1.000000 | Q:        nan | won: False 
#  331 | steps:  3721 | steps_t:     0 | t: 5.130882 | r:  -509.000000 | e:   1.000000 | Q:        nan | won: False 
#  332 | steps:  3730 | steps_t:     0 | t: 5.142892 | r:  -508.000000 | e:   1.000000 | Q:        nan | won: False 
#  333 | steps:  3748 | steps_t:     0 | t: 5.168123 | r:  -506.000000 | e:   1.000000 | Q:        nan | won: False 
#  334 | steps:  3757 | steps_t:     0 | t: 5.180113 | r:  -508.000000 | e:   1.000000 | Q:        nan | won: False 
#  335 | steps:  3775 | steps_t:     0 | t: 5.205184 | r:  -517.000000 | e:   1.000000 | Q:        nan | won: False 
#  336 | steps:  3783 | steps_t:     0 | t: 5.215884 | r:  -507.000000 | e:   1.000000 | Q:        nan | won: False 
#  337 | steps:  3790 | steps_t:     0 | t: 5.225582 | r:  -506.000000 | e:   1.000000 | Q:        nan | won: False 
#  338 | steps:  3797 | steps_t:     0 | t: 5.234803 | r:  -506.000000 | e:   1.000000 | Q:        nan | won: False 
#  339 | steps:  3820 | steps_t:     0 | t: 5.267110 | r:  -522.000000 | e:   1.000000 | Q:        nan | won: False 
#  340 | steps:  3829 | steps_t:     0 | t: 5.279149 | r:  -508.000000 | e:   1.000000 | Q:        nan | won: False 
#  341 | steps:  3842 | steps_t:     0 | t: 5.297202 | r:  -512.000000 | e:   1.000000 | Q:        nan | won: False 
#  342 | steps:  3853 | steps_t:     0 | t: 5.312442 | r:  -510.000000 | e:   1.000000 | Q:        nan | won: False 
#  343 | steps:  3869 | steps_t:     0 | t: 5.334496 | r:  -504.000000 | e:   1.000000 | Q:        nan | won: False 
#  344 | steps:  3880 | steps_t:     0 | t: 5.349709 | r:  -510.000000 | e:   1.000000 | Q:        nan | won: False 
#  345 | steps:  3893 | steps_t:     0 | t: 5.367325 | r:  -512.000000 | e:   1.000000 | Q:        nan | won: False 
#  346 | steps:  3902 | steps_t:     0 | t: 5.379692 | r:  -508.000000 | e:   1.000000 | Q:        nan | won: False 
#  347 | steps:  3910 | steps_t:     0 | t: 5.390316 | r:  -507.000000 | e:   1.000000 | Q:        nan | won: False 
#  348 | steps:  3917 | steps_t:     0 | t: 5.399513 | r:  -506.000000 | e:   1.000000 | Q:        nan | won: False 
#  349 | steps:  3923 | steps_t:     0 | t: 5.407635 | r:  -505.000000 | e:   1.000000 | Q:        nan | won: False 
#  350 | steps:  3931 | steps_t:     0 | t: 5.418356 | r:  -507.000000 | e:   1.000000 | Q:        nan | won: False 
#  351 | steps:  3961 | steps_t:     0 | t: 5.459783 | r:  -529.000000 | e:   1.000000 | Q:        nan | won: False 
#  352 | steps:  3975 | steps_t:     0 | t: 5.478837 | r:  -502.000000 | e:   1.000000 | Q:        nan | won: False 
#  353 | steps:  3981 | steps_t:     0 | t: 5.486637 | r:  -505.000000 | e:   1.000000 | Q:        nan | won: False 
#  354 | steps:  3989 | steps_t:     0 | t: 5.497173 | r:  -507.000000 | e:   1.000000 | Q:        nan | won: False 
#  355 | steps:  3995 | steps_t:     0 | t: 5.505076 | r:  -505.000000 | e:   1.000000 | Q:        nan | won: False 
#  356 | steps:  4008 | steps_t:     0 | t: 5.522611 | r:  -501.000000 | e:   1.000000 | Q:        nan | won: False 
#  357 | steps:  4016 | steps_t:     0 | t: 5.533073 | r:  -507.000000 | e:   1.000000 | Q:        nan | won: False 
#  358 | steps:  4026 | steps_t:     0 | t: 5.546467 | r:  -509.000000 | e:   1.000000 | Q:        nan | won: False 
#  359 | steps:  4035 | steps_t:     0 | t: 5.558461 | r:  -508.000000 | e:   1.000000 | Q:        nan | won: False 
#  360 | steps:  4040 | steps_t:     0 | t: 5.564840 | r:  -504.000000 | e:   1.000000 | Q:        nan | won: False 
#  361 | steps:  4052 | steps_t:     0 | t: 5.581074 | r:  -511.000000 | e:   1.000000 | Q:        nan | won: False 
#  362 | steps:  4067 | steps_t:     0 | t: 5.601658 | r:  -503.000000 | e:   1.000000 | Q:        nan | won: False 
#  363 | steps:  4076 | steps_t:     0 | t: 5.613923 | r:  -508.000000 | e:   1.000000 | Q:        nan | won: False 
#  364 | steps:  4088 | steps_t:     0 | t: 5.630199 | r:  -511.000000 | e:   1.000000 | Q:        nan | won: False 
#  365 | steps:  4097 | steps_t:     0 | t: 5.642244 | r:  -508.000000 | e:   1.000000 | Q:        nan | won: False 
#  366 | steps:  4103 | steps_t:     0 | t: 5.650063 | r:  -505.000000 | e:   1.000000 | Q:        nan | won: False 
#  367 | steps:  4112 | steps_t:     0 | t: 5.662013 | r:  -508.000000 | e:   1.000000 | Q:        nan | won: False 
#  368 | steps:  4128 | steps_t:     0 | t: 5.683892 | r:  -504.000000 | e:   1.000000 | Q:        nan | won: False 
#  369 | steps:  4137 | steps_t:     0 | t: 5.695826 | r:  -508.000000 | e:   1.000000 | Q:        nan | won: False 
#  370 | steps:  4150 | steps_t:     0 | t: 5.713471 | r:  -512.000000 | e:   1.000000 | Q:        nan | won: False 
#  371 | steps:  4168 | steps_t:     0 | t: 5.738186 | r:  -506.000000 | e:   1.000000 | Q:        nan | won: False 
#  372 | steps:  4175 | steps_t:     0 | t: 5.747334 | r:  -506.000000 | e:   1.000000 | Q:        nan | won: False 
#  373 | steps:  4182 | steps_t:     0 | t: 5.756537 | r:  -506.000000 | e:   1.000000 | Q:        nan | won: False 
#  374 | steps:  4187 | steps_t:     0 | t: 5.762871 | r:  -504.000000 | e:   1.000000 | Q:        nan | won: False 
#  375 | steps:  4193 | steps_t:     0 | t: 5.770661 | r:  -505.000000 | e:   1.000000 | Q:        nan | won: False 
#  376 | steps:  4204 | steps_t:     0 | t: 5.785503 | r:  -510.000000 | e:   1.000000 | Q:        nan | won: False 
#  377 | steps:  4219 | steps_t:     0 | t: 5.806199 | r:  -492.000000 | e:   1.000000 | Q:        nan | won: False 
#  378 | steps:  4225 | steps_t:     0 | t: 5.814225 | r:  -505.000000 | e:   1.000000 | Q:        nan | won: False 
#  379 | steps:  4245 | steps_t:     0 | t: 5.841939 | r:  -519.000000 | e:   1.000000 | Q:        nan | won: False 
#  380 | steps:  4254 | steps_t:     0 | t: 5.853966 | r:  -508.000000 | e:   1.000000 | Q:        nan | won: False 
#  381 | steps:  4259 | steps_t:     0 | t: 5.860323 | r:  -504.000000 | e:   1.000000 | Q:        nan | won: False 
#  382 | steps:  4272 | steps_t:     0 | t: 5.878170 | r:  -512.000000 | e:   1.000000 | Q:        nan | won: False 
#  383 | steps:  4287 | steps_t:     0 | t: 5.898694 | r:  -514.000000 | e:   1.000000 | Q:        nan | won: False 
#  384 | steps:  4296 | steps_t:     0 | t: 5.911034 | r:  -508.000000 | e:   1.000000 | Q:        nan | won: False 
#  385 | steps:  4310 | steps_t:     0 | t: 5.930350 | r:  -502.000000 | e:   1.000000 | Q:        nan | won: False 
#  386 | steps:  4318 | steps_t:     0 | t: 5.941093 | r:  -507.000000 | e:   1.000000 | Q:        nan | won: False 
#  387 | steps:  4344 | steps_t:     0 | t: 5.977087 | r:  -525.000000 | e:   1.000000 | Q:        nan | won: False 
#  388 | steps:  4350 | steps_t:     0 | t: 5.985050 | r:  -505.000000 | e:   1.000000 | Q:        nan | won: False 
#  389 | steps:  4360 | steps_t:     0 | t: 5.998742 | r:  -509.000000 | e:   1.000000 | Q:        nan | won: False 
#  390 | steps:  4372 | steps_t:     0 | t: 6.015077 | r:  -511.000000 | e:   1.000000 | Q:        nan | won: False 
#  391 | steps:  4380 | steps_t:     0 | t: 6.025714 | r:  -507.000000 | e:   1.000000 | Q:        nan | won: False 
#  392 | steps:  4390 | steps_t:     0 | t: 6.039253 | r:  -509.000000 | e:   1.000000 | Q:        nan | won: False 
#  393 | steps:  4401 | steps_t:     0 | t: 6.054445 | r:  -510.000000 | e:   1.000000 | Q:        nan | won: False 
#  394 | steps:  4408 | steps_t:     0 | t: 6.063526 | r:  -506.000000 | e:   1.000000 | Q:        nan | won: False 
#  395 | steps:  4416 | steps_t:     0 | t: 6.074191 | r:  -507.000000 | e:   1.000000 | Q:        nan | won: False 
#  396 | steps:  4428 | steps_t:     0 | t: 6.090460 | r:  -511.000000 | e:   1.000000 | Q:        nan | won: False 
#  397 | steps:  4436 | steps_t:     0 | t: 6.101072 | r:  -507.000000 | e:   1.000000 | Q:        nan | won: False 
#  398 | steps:  4444 | steps_t:     0 | t: 6.111637 | r:  -507.000000 | e:   1.000000 | Q:        nan | won: False 
#  399 | steps:  4464 | steps_t:     0 | t: 6.139484 | r:  -519.000000 | e:   1.000000 | Q:        nan | won: False 
#  400 | steps:  4490 | steps_t:     0 | t: 6.175457 | r:  -525.000000 | e:   1.000000 | Q:        nan | won: False 
#  401 | steps:  4500 | steps_t:     0 | t: 6.188988 | r:  -509.000000 | e:   1.000000 | Q:        nan | won: False 
#  402 | steps:  4510 | steps_t:     0 | t: 6.202426 | r:  -509.000000 | e:   1.000000 | Q:        nan | won: False 
#  403 | steps:  4526 | steps_t:     0 | t: 6.224156 | r:  -504.000000 | e:   1.000000 | Q:        nan | won: False 
#  404 | steps:  4531 | steps_t:     0 | t: 6.230572 | r:  -504.000000 | e:   1.000000 | Q:        nan | won: False 
#  405 | steps:  4541 | steps_t:     0 | t: 6.243931 | r:  -509.000000 | e:   1.000000 | Q:        nan | won: False 
#  406 | steps:  4550 | steps_t:     0 | t: 6.256074 | r:  -508.000000 | e:   1.000000 | Q:        nan | won: False 
#  407 | steps:  4556 | steps_t:     0 | t: 6.263864 | r:  -505.000000 | e:   1.000000 | Q:        nan | won: False 
#  408 | steps:  4565 | steps_t:     0 | t: 6.275745 | r:  -508.000000 | e:   1.000000 | Q:        nan | won: False 
#  409 | steps:  4573 | steps_t:     0 | t: 6.286398 | r:  -507.000000 | e:   1.000000 | Q:        nan | won: False 
#  410 | steps:  4590 | steps_t:     0 | t: 6.309533 | r:  -505.000000 | e:   1.000000 | Q:        nan | won: False 
#  411 | steps:  4609 | steps_t:     0 | t: 6.335380 | r:  -507.000000 | e:   1.000000 | Q:        nan | won: False 
#  412 | steps:  4616 | steps_t:     0 | t: 6.344553 | r:  -506.000000 | e:   1.000000 | Q:        nan | won: False 
#  413 | steps:  4624 | steps_t:     0 | t: 6.355018 | r:  -507.000000 | e:   1.000000 | Q:        nan | won: False 
#  414 | steps:  4642 | steps_t:     0 | t: 6.379781 | r:  -517.000000 | e:   1.000000 | Q:        nan | won: False 
#  415 | steps:  4653 | steps_t:     0 | t: 6.394689 | r:  -510.000000 | e:   1.000000 | Q:        nan | won: False 
#  416 | steps:  4662 | steps_t:     0 | t: 6.406795 | r:  -508.000000 | e:   1.000000 | Q:        nan | won: False 
#  417 | steps:  4673 | steps_t:     0 | t: 6.421748 | r:  -510.000000 | e:   1.000000 | Q:        nan | won: False 
#  418 | steps:  4697 | steps_t:     0 | t: 6.455059 | r:  -512.000000 | e:   1.000000 | Q:        nan | won: False 
#  419 | steps:  4706 | steps_t:     0 | t: 6.467048 | r:  -508.000000 | e:   1.000000 | Q:        nan | won: False 
#  420 | steps:  4714 | steps_t:     0 | t: 6.477632 | r:  -507.000000 | e:   1.000000 | Q:        nan | won: False 
#  421 | steps:  4722 | steps_t:     0 | t: 6.488172 | r:  -507.000000 | e:   1.000000 | Q:        nan | won: False 
#  422 | steps:  4730 | steps_t:     0 | t: 6.498896 | r:  -507.000000 | e:   1.000000 | Q:        nan | won: False 
#  423 | steps:  4738 | steps_t:     0 | t: 6.509397 | r:  -507.000000 | e:   1.000000 | Q:        nan | won: False 
#  424 | steps:  4748 | steps_t:     0 | t: 6.522864 | r:  -509.000000 | e:   1.000000 | Q:        nan | won: False 
#  425 | steps:  4761 | steps_t:     0 | t: 6.540977 | r:  -512.000000 | e:   1.000000 | Q:        nan | won: False 
#  426 | steps:  4771 | steps_t:     0 | t: 6.554454 | r:  -509.000000 | e:   1.000000 | Q:        nan | won: False 
#  427 | steps:  4777 | steps_t:     0 | t: 6.562189 | r:  -505.000000 | e:   1.000000 | Q:        nan | won: False 
#  428 | steps:  4788 | steps_t:     0 | t: 6.576992 | r:  -510.000000 | e:   1.000000 | Q:        nan | won: False 
#  429 | steps:  4801 | steps_t:     0 | t: 6.594702 | r:  -512.000000 | e:   1.000000 | Q:        nan | won: False 
#  430 | steps:  4813 | steps_t:     0 | t: 6.610925 | r:  -511.000000 | e:   1.000000 | Q:        nan | won: False 
#  431 | steps:  4822 | steps_t:     0 | t: 6.622998 | r:  -508.000000 | e:   1.000000 | Q:        nan | won: False 
#  432 | steps:  4833 | steps_t:     0 | t: 6.637981 | r:  -510.000000 | e:   1.000000 | Q:        nan | won: False 
#  433 | steps:  4848 | steps_t:     0 | t: 6.658420 | r:  -514.000000 | e:   1.000000 | Q:        nan | won: False 
#  434 | steps:  4854 | steps_t:     0 | t: 6.666221 | r:  -505.000000 | e:   1.000000 | Q:        nan | won: False 
#  435 | steps:  4870 | steps_t:     0 | t: 6.688154 | r:  -515.000000 | e:   1.000000 | Q:        nan | won: False 
#  436 | steps:  4886 | steps_t:     0 | t: 6.710214 | r:  -515.000000 | e:   1.000000 | Q:        nan | won: False 
#  437 | steps:  4893 | steps_t:     0 | t: 6.719418 | r:  -506.000000 | e:   1.000000 | Q:        nan | won: False 
#  438 | steps:  4915 | steps_t:     0 | t: 6.752519 | r:  -521.000000 | e:   1.000000 | Q:        nan | won: False 
#  439 | steps:  4927 | steps_t:     0 | t: 6.768793 | r:  -511.000000 | e:   1.000000 | Q:        nan | won: False 
#  440 | steps:  4934 | steps_t:     0 | t: 6.778129 | r:  -506.000000 | e:   1.000000 | Q:        nan | won: False 
#  441 | steps:  4943 | steps_t:     0 | t: 6.790107 | r:  -508.000000 | e:   1.000000 | Q:        nan | won: False 
#  442 | steps:  4970 | steps_t:     0 | t: 6.827302 | r:  -515.000000 | e:   1.000000 | Q:        nan | won: False 
#  443 | steps:  5013 | steps_t:     0 | t: 7.733137 | r:  -531.000000 | e:   1.000000 | Q:        nan | won: False 
#  444 | steps:  5018 | steps_t:     0 | t: 7.953856 | r:  -504.000000 | e:   1.000000 | Q:        nan | won: False 
#  445 | steps:  5027 | steps_t:     0 | t: 8.449593 | r:  -508.000000 | e:   1.000000 | Q:        nan | won: False 
#  446 | steps:  5043 | steps_t:     0 | t: 9.698888 | r:  -504.000000 | e:   1.000000 | Q:        nan | won: False 
#  447 | steps:  5048 | steps_t:     0 | t: 10.029336 | r:  -504.000000 | e:   1.000000 | Q:        nan | won: False 
#  448 | steps:  5071 | steps_t:     0 | t: 11.841697 | r:  -522.000000 | e:   1.000000 | Q:        nan | won: False 
#  449 | steps:  5078 | steps_t:     0 | t: 12.314994 | r:  -506.000000 | e:   1.000000 | Q:        nan | won: False 
#  450 | steps:  5086 | steps_t:     0 | t: 12.708510 | r:  -507.000000 | e:   1.000000 | Q:        nan | won: False 
#  451 | steps:  5092 | steps_t:     0 | t: 12.989638 | r:  -505.000000 | e:   1.000000 | Q:        nan | won: False 
#  452 | steps:  5109 | steps_t:     0 | t: 13.897190 | r:  -505.000000 | e:   1.000000 | Q:        nan | won: False 
#  453 | steps:  5118 | steps_t:     0 | t: 14.373659 | r:  -508.000000 | e:   1.000000 | Q:        nan | won: False 
#  454 | steps:  5130 | steps_t:     0 | t: 15.151751 | r:  -511.000000 | e:   1.000000 | Q:        nan | won: False 
#  455 | steps:  5144 | steps_t:     0 | t: 16.044397 | r:  -513.000000 | e:   1.000000 | Q:        nan | won: False 
#  456 | steps:  5153 | steps_t:     0 | t: 16.614855 | r:  -508.000000 | e:   1.000000 | Q:        nan | won: False 
#  457 | steps:  5165 | steps_t:     0 | t: 17.370977 | r:  -511.000000 | e:   1.000000 | Q:        nan | won: False 
#  458 | steps:  5171 | steps_t:     0 | t: 17.717804 | r:  -505.000000 | e:   1.000000 | Q:        nan | won: False 
#  459 | steps:  5177 | steps_t:     0 | t: 18.057472 | r:  -505.000000 | e:   1.000000 | Q:        nan | won: False 
#  460 | steps:  5188 | steps_t:     0 | t: 18.749295 | r:  -510.000000 | e:   1.000000 | Q:        nan | won: False 
#  461 | steps:  5199 | steps_t:     0 | t: 19.445260 | r:  -510.000000 | e:   1.000000 | Q:        nan | won: False 
#  462 | steps:  5205 | steps_t:     0 | t: 19.817396 | r:  -505.000000 | e:   1.000000 | Q:        nan | won: False 
#  463 | steps:  5213 | steps_t:     0 | t: 20.301302 | r:  -507.000000 | e:   1.000000 | Q:        nan | won: False 
