#    1 | steps:     5 | steps_t:     0 | t: 0.013567 | r:  -504.000000 | e:   1.000000 | Q:        nan | won: False 
#    2 | steps:    18 | steps_t:     0 | t: 0.031485 | r:  -501.000000 | e:   1.000000 | Q:        nan | won: False 
#    3 | steps:    40 | steps_t:     0 | t: 0.062452 | r:  -510.000000 | e:   1.000000 | Q:        nan | won: False 
#    4 | steps:    45 | steps_t:     0 | t: 0.068978 | r:  -504.000000 | e:   1.000000 | Q:        nan | won: False 
#    5 | steps:    51 | steps_t:     0 | t: 0.077019 | r:  -505.000000 | e:   1.000000 | Q:        nan | won: False 
#    6 | steps:    60 | steps_t:     0 | t: 0.089854 | r:  -508.000000 | e:   1.000000 | Q:        nan | won: False 
#    7 | steps:    71 | steps_t:     0 | t: 0.105059 | r:  -510.000000 | e:   1.000000 | Q:        nan | won: False 
#    8 | steps:    80 | steps_t:     0 | t: 0.117360 | r:  -508.000000 | e:   1.000000 | Q:        nan | won: False 
#    9 | steps:    87 | steps_t:     0 | t: 0.126776 | r:  -506.000000 | e:   1.000000 | Q:        nan | won: False 
#   10 | steps:   101 | steps_t:     0 | t: 0.145990 | r:  -513.000000 | e:   1.000000 | Q:        nan | won: False 
#   11 | steps:   114 | steps_t:     0 | t: 0.163939 | r:  -512.000000 | e:   1.000000 | Q:        nan | won: False 
#   12 | steps:   124 | steps_t:     0 | t: 0.177727 | r:  -509.000000 | e:   1.000000 | Q:        nan | won: False 
#   13 | steps:   130 | steps_t:     0 | t: 0.185591 | r:  -505.000000 | e:   1.000000 | Q:        nan | won: False 
#   14 | steps:   138 | steps_t:     0 | t: 0.196263 | r:  -507.000000 | e:   1.000000 | Q:        nan | won: False 
#   15 | steps:   145 | steps_t:     0 | t: 0.205723 | r:  -506.000000 | e:   1.000000 | Q:        nan | won: False 
#   16 | steps:   157 | steps_t:     0 | t: 0.222237 | r:  -511.000000 | e:   1.000000 | Q:        nan | won: False 
#   17 | steps:   168 | steps_t:     0 | t: 0.237331 | r:  -510.000000 | e:   1.000000 | Q:        nan | won: False 
#   18 | steps:   177 | steps_t:     0 | t: 0.249590 | r:  -508.000000 | e:   1.000000 | Q:        nan | won: False 
#   19 | steps:   188 | steps_t:     0 | t: 0.264764 | r:  -510.000000 | e:   1.000000 | Q:        nan | won: False 
#   20 | steps:   196 | steps_t:     0 | t: 0.275678 | r:  -507.000000 | e:   1.000000 | Q:        nan | won: False 
#   21 | steps:   202 | steps_t:     0 | t: 0.283638 | r:  -505.000000 | e:   1.000000 | Q:        nan | won: False 
#   22 | steps:   211 | steps_t:     0 | t: 0.295973 | r:  -508.000000 | e:   1.000000 | Q:        nan | won: False 
#   23 | steps:   227 | steps_t:     0 | t: 0.318385 | r:  -515.000000 | e:   1.000000 | Q:        nan | won: False 
#   24 | steps:   235 | steps_t:     0 | t: 0.329240 | r:  -507.000000 | e:   1.000000 | Q:        nan | won: False 
#   25 | steps:   244 | steps_t:     0 | t: 0.341650 | r:  -508.000000 | e:   1.000000 | Q:        nan | won: False 
#   26 | steps:   250 | steps_t:     0 | t: 0.349646 | r:  -505.000000 | e:   1.000000 | Q:        nan | won: False 
#   27 | steps:   258 | steps_t:     0 | t: 0.360452 | r:  -507.000000 | e:   1.000000 | Q:        nan | won: False 
#   28 | steps:   275 | steps_t:     0 | t: 0.384277 | r:  -516.000000 | e:   1.000000 | Q:        nan | won: False 
#   29 | steps:   282 | steps_t:     0 | t: 0.393815 | r:  -506.000000 | e:   1.000000 | Q:        nan | won: False 
#   30 | steps:   291 | steps_t:     0 | t: 0.406238 | r:  -508.000000 | e:   1.000000 | Q:        nan | won: False 
#   31 | steps:   301 | steps_t:     0 | t: 0.420061 | r:  -509.000000 | e:   1.000000 | Q:        nan | won: False 
#   32 | steps:   306 | steps_t:     0 | t: 0.426828 | r:  -504.000000 | e:   1.000000 | Q:        nan | won: False 
#   33 | steps:   317 | steps_t:     0 | t: 0.442295 | r:  -510.000000 | e:   1.000000 | Q:        nan | won: False 
#   34 | steps:   331 | steps_t:     0 | t: 0.462065 | r:  -513.000000 | e:   1.000000 | Q:        nan | won: False 
#   35 | steps:   341 | steps_t:     0 | t: 0.476033 | r:  -509.000000 | e:   1.000000 | Q:        nan | won: False 
#   36 | steps:   351 | steps_t:     0 | t: 0.489839 | r:  -509.000000 | e:   1.000000 | Q:        nan | won: False 
#   37 | steps:   358 | steps_t:     0 | t: 0.499264 | r:  -506.000000 | e:   1.000000 | Q:        nan | won: False 
#   38 | steps:   370 | steps_t:     0 | t: 0.515852 | r:  -511.000000 | e:   1.000000 | Q:        nan | won: False 
#   39 | steps:   380 | steps_t:     0 | t: 0.529721 | r:  -509.000000 | e:   1.000000 | Q:        nan | won: False 
#   40 | steps:   392 | steps_t:     0 | t: 0.549791 | r:  -511.000000 | e:   1.000000 | Q:        nan | won: False 
#   41 | steps:   403 | steps_t:     0 | t: 0.565057 | r:  -510.000000 | e:   1.000000 | Q:        nan | won: False 
#   42 | steps:   415 | steps_t:     0 | t: 0.581810 | r:  -511.000000 | e:   1.000000 | Q:        nan | won: False 
#   43 | steps:   427 | steps_t:     0 | t: 0.598420 | r:  -511.000000 | e:   1.000000 | Q:        nan | won: False 
#   44 | steps:   436 | steps_t:     0 | t: 0.610808 | r:  -508.000000 | e:   1.000000 | Q:        nan | won: False 
#   45 | steps:   442 | steps_t:     0 | t: 0.618848 | r:  -505.000000 | e:   1.000000 | Q:        nan | won: False 
#   46 | steps:   462 | steps_t:     0 | t: 0.647234 | r:  -508.000000 | e:   1.000000 | Q:        nan | won: False 
#   47 | steps:   479 | steps_t:     0 | t: 0.671469 | r:  -516.000000 | e:   1.000000 | Q:        nan | won: False 
#   48 | steps:   493 | steps_t:     0 | t: 0.691133 | r:  -502.000000 | e:   1.000000 | Q:        nan | won: False 
#   49 | steps:   511 | steps_t:     0 | t: 0.716352 | r:  -506.000000 | e:   1.000000 | Q:        nan | won: False 
#   50 | steps:   516 | steps_t:     0 | t: 0.723443 | r:  -504.000000 | e:   1.000000 | Q:        nan | won: False 
#   51 | steps:   522 | steps_t:     0 | t: 0.731402 | r:  -505.000000 | e:   1.000000 | Q:        nan | won: False 
#   52 | steps:   543 | steps_t:     0 | t: 0.760735 | r:  -520.000000 | e:   1.000000 | Q:        nan | won: False 
#   53 | steps:   551 | steps_t:     0 | t: 0.771593 | r:  -507.000000 | e:   1.000000 | Q:        nan | won: False 
#   54 | steps:   566 | steps_t:     0 | t: 0.818381 | r:  -503.000000 | e:   1.000000 | Q:        nan | won: False 
#   55 | steps:   576 | steps_t:     0 | t: 0.832419 | r:  -509.000000 | e:   1.000000 | Q:        nan | won: False 
#   56 | steps:   587 | steps_t:     0 | t: 0.847693 | r:  -510.000000 | e:   1.000000 | Q:        nan | won: False 
#   57 | steps:   597 | steps_t:     0 | t: 0.861470 | r:  -509.000000 | e:   1.000000 | Q:        nan | won: False 
#   58 | steps:   608 | steps_t:     0 | t: 0.876947 | r:  -510.000000 | e:   1.000000 | Q:        nan | won: False 
#   59 | steps:   616 | steps_t:     0 | t: 0.888045 | r:  -507.000000 | e:   1.000000 | Q:        nan | won: False 
#   60 | steps:   628 | steps_t:     0 | t: 0.904909 | r:  -511.000000 | e:   1.000000 | Q:        nan | won: False 
#   61 | steps:   638 | steps_t:     0 | t: 0.918823 | r:  -509.000000 | e:   1.000000 | Q:        nan | won: False 
#   62 | steps:   646 | steps_t:     0 | t: 0.929841 | r:  -507.000000 | e:   1.000000 | Q:        nan | won: False 
#   63 | steps:   654 | steps_t:     0 | t: 0.940661 | r:  -507.000000 | e:   1.000000 | Q:        nan | won: False 
#   64 | steps:   663 | steps_t:     0 | t: 0.953057 | r:  -508.000000 | e:   1.000000 | Q:        nan | won: False 
#   65 | steps:   681 | steps_t:     0 | t: 0.978365 | r:  -517.000000 | e:   1.000000 | Q:        nan | won: False 
#   66 | steps:   697 | steps_t:     0 | t: 1.000793 | r:  -504.000000 | e:   1.000000 | Q:        nan | won: False 
#   67 | steps:   708 | steps_t:     0 | t: 1.016204 | r:  -510.000000 | e:   1.000000 | Q:        nan | won: False 
#   68 | steps:   713 | steps_t:     0 | t: 1.022717 | r:  -504.000000 | e:   1.000000 | Q:        nan | won: False 
#   69 | steps:   727 | steps_t:     0 | t: 1.042236 | r:  -502.000000 | e:   1.000000 | Q:        nan | won: False 
#   70 | steps:   738 | steps_t:     0 | t: 1.057494 | r:  -510.000000 | e:   1.000000 | Q:        nan | won: False 
#   71 | steps:   748 | steps_t:     0 | t: 1.071261 | r:  -509.000000 | e:   1.000000 | Q:        nan | won: False 
#   72 | steps:   772 | steps_t:     0 | t: 1.105946 | r:  -523.000000 | e:   1.000000 | Q:        nan | won: False 
#   73 | steps:   781 | steps_t:     0 | t: 1.118461 | r:  -508.000000 | e:   1.000000 | Q:        nan | won: False 
#   74 | steps:   789 | steps_t:     0 | t: 1.129603 | r:  -507.000000 | e:   1.000000 | Q:        nan | won: False 
#   75 | steps:   799 | steps_t:     0 | t: 1.143605 | r:  -509.000000 | e:   1.000000 | Q:        nan | won: False 
#   76 | steps:   804 | steps_t:     0 | t: 1.150132 | r:  -504.000000 | e:   1.000000 | Q:        nan | won: False 
#   77 | steps:   809 | steps_t:     0 | t: 1.156893 | r:  -504.000000 | e:   1.000000 | Q:        nan | won: False 
#   78 | steps:   817 | steps_t:     0 | t: 1.167770 | r:  -507.000000 | e:   1.000000 | Q:        nan | won: False 
#   79 | steps:   832 | steps_t:     0 | t: 1.188755 | r:  -514.000000 | e:   1.000000 | Q:        nan | won: False 
#   80 | steps:   842 | steps_t:     0 | t: 1.203135 | r:  -509.000000 | e:   1.000000 | Q:        nan | won: False 
#   81 | steps:   862 | steps_t:     0 | t: 1.231212 | r:  -519.000000 | e:   1.000000 | Q:        nan | won: False 
#   82 | steps:   869 | steps_t:     0 | t: 1.240800 | r:  -506.000000 | e:   1.000000 | Q:        nan | won: False 
#   83 | steps:   882 | steps_t:     0 | t: 1.259038 | r:  -512.000000 | e:   1.000000 | Q:        nan | won: False 
#   84 | steps:   890 | steps_t:     0 | t: 1.270127 | r:  -507.000000 | e:   1.000000 | Q:        nan | won: False 
#   85 | steps:   909 | steps_t:     0 | t: 1.296954 | r:  -518.000000 | e:   1.000000 | Q:        nan | won: False 
#   86 | steps:   921 | steps_t:     0 | t: 1.313600 | r:  -511.000000 | e:   1.000000 | Q:        nan | won: False 
#   87 | steps:   929 | steps_t:     0 | t: 1.324540 | r:  -507.000000 | e:   1.000000 | Q:        nan | won: False 
#   88 | steps:   934 | steps_t:     0 | t: 1.331121 | r:  -504.000000 | e:   1.000000 | Q:        nan | won: False 
#   89 | steps:   947 | steps_t:     0 | t: 1.349405 | r:  -512.000000 | e:   1.000000 | Q:        nan | won: False 
#   90 | steps:   960 | steps_t:     0 | t: 1.367595 | r:  -512.000000 | e:   1.000000 | Q:        nan | won: False 
#   91 | steps:   967 | steps_t:     0 | t: 1.376986 | r:  -506.000000 | e:   1.000000 | Q:        nan | won: False 
#   92 | steps:   974 | steps_t:     0 | t: 1.386473 | r:  -506.000000 | e:   1.000000 | Q:        nan | won: False 
#   93 | steps:   983 | steps_t:     0 | t: 1.398877 | r:  -508.000000 | e:   1.000000 | Q:        nan | won: False 
#   94 | steps:   997 | steps_t:     0 | t: 1.418532 | r:  -513.000000 | e:   1.000000 | Q:        nan | won: False 
#   95 | steps:  1008 | steps_t:     0 | t: 1.433801 | r:  -510.000000 | e:   1.000000 | Q:        nan | won: False 
#   96 | steps:  1016 | steps_t:     0 | t: 1.444748 | r:  -507.000000 | e:   1.000000 | Q:        nan | won: False 
#   97 | steps:  1027 | steps_t:     0 | t: 1.460304 | r:  -510.000000 | e:   1.000000 | Q:        nan | won: False 
#   98 | steps:  1046 | steps_t:     0 | t: 1.486974 | r:  -507.000000 | e:   1.000000 | Q:        nan | won: False 
#   99 | steps:  1069 | steps_t:     0 | t: 1.519641 | r:  -511.000000 | e:   1.000000 | Q:        nan | won: False 
#  100 | steps:  1079 | steps_t:     0 | t: 1.533510 | r:  -509.000000 | e:   1.000000 | Q:        nan | won: False 
#  101 | steps:  1086 | steps_t:     0 | t: 1.543018 | r:  -506.000000 | e:   1.000000 | Q:        nan | won: False 
#  102 | steps:  1095 | steps_t:     0 | t: 1.555307 | r:  -508.000000 | e:   1.000000 | Q:        nan | won: False 
#  103 | steps:  1101 | steps_t:     0 | t: 1.563300 | r:  -505.000000 | e:   1.000000 | Q:        nan | won: False 
#  104 | steps:  1121 | steps_t:     0 | t: 1.591869 | r:  -519.000000 | e:   1.000000 | Q:        nan | won: False 
#  105 | steps:  1134 | steps_t:     0 | t: 1.610353 | r:  -512.000000 | e:   1.000000 | Q:        nan | won: False 
#  106 | steps:  1141 | steps_t:     0 | t: 1.619739 | r:  -506.000000 | e:   1.000000 | Q:        nan | won: False 
#  107 | steps:  1151 | steps_t:     0 | t: 1.633569 | r:  -509.000000 | e:   1.000000 | Q:        nan | won: False 
#  108 | steps:  1158 | steps_t:     0 | t: 1.643011 | r:  -506.000000 | e:   1.000000 | Q:        nan | won: False 
#  109 | steps:  1175 | steps_t:     0 | t: 1.666897 | r:  -505.000000 | e:   1.000000 | Q:        nan | won: False 
#  110 | steps:  1182 | steps_t:     0 | t: 1.676506 | r:  -506.000000 | e:   1.000000 | Q:        nan | won: False 
#  111 | steps:  1191 | steps_t:     0 | t: 1.688962 | r:  -508.000000 | e:   1.000000 | Q:        nan | won: False 
#  112 | steps:  1200 | steps_t:     0 | t: 1.701364 | r:  -508.000000 | e:   1.000000 | Q:        nan | won: False 
#  113 | steps:  1209 | steps_t:     0 | t: 1.714500 | r:  -508.000000 | e:   1.000000 | Q:        nan | won: False 
#  114 | steps:  1226 | steps_t:     0 | t: 1.738722 | r:  -516.000000 | e:   1.000000 | Q:        nan | won: False 
#  115 | steps:  1240 | steps_t:     0 | t: 1.759104 | r:  -513.000000 | e:   1.000000 | Q:        nan | won: False 
#  116 | steps:  1246 | steps_t:     0 | t: 1.767140 | r:  -505.000000 | e:   1.000000 | Q:        nan | won: False 
#  117 | steps:  1258 | steps_t:     0 | t: 1.784505 | r:  -511.000000 | e:   1.000000 | Q:        nan | won: False 
#  118 | steps:  1271 | steps_t:     0 | t: 1.802741 | r:  -512.000000 | e:   1.000000 | Q:        nan | won: False 
#  119 | steps:  1296 | steps_t:     0 | t: 1.838984 | r:  -524.000000 | e:   1.000000 | Q:        nan | won: False 
#  120 | steps:  1307 | steps_t:     0 | t: 1.854593 | r:  -510.000000 | e:   1.000000 | Q:        nan | won: False 
#  121 | steps:  1315 | steps_t:     0 | t: 1.866112 | r:  -507.000000 | e:   1.000000 | Q:        nan | won: False 
#  122 | steps:  1334 | steps_t:     0 | t: 1.893260 | r:  -507.000000 | e:   1.000000 | Q:        nan | won: False 
#  123 | steps:  1343 | steps_t:     0 | t: 1.906371 | r:  -508.000000 | e:   1.000000 | Q:        nan | won: False 
#  124 | steps:  1354 | steps_t:     0 | t: 1.921827 | r:  -510.000000 | e:   1.000000 | Q:        nan | won: False 
#  125 | steps:  1364 | steps_t:     0 | t: 1.936608 | r:  -509.000000 | e:   1.000000 | Q:        nan | won: False 
#  126 | steps:  1372 | steps_t:     0 | t: 1.947742 | r:  -507.000000 | e:   1.000000 | Q:        nan | won: False 
#  127 | steps:  1382 | steps_t:     0 | t: 1.962162 | r:  -509.000000 | e:   1.000000 | Q:        nan | won: False 
#  128 | steps:  1411 | steps_t:     0 | t: 2.004151 | r:  -517.000000 | e:   1.000000 | Q:        nan | won: False 
#  129 | steps:  1420 | steps_t:     0 | t: 2.016751 | r:  -508.000000 | e:   1.000000 | Q:        nan | won: False 
#  130 | steps:  1427 | steps_t:     0 | t: 2.026747 | r:  -506.000000 | e:   1.000000 | Q:        nan | won: False 
#  131 | steps:  1438 | steps_t:     0 | t: 2.042145 | r:  -510.000000 | e:   1.000000 | Q:        nan | won: False 
#  132 | steps:  1444 | steps_t:     0 | t: 2.050139 | r:  -505.000000 | e:   1.000000 | Q:        nan | won: False 
#  133 | steps:  1470 | steps_t:     0 | t: 2.087773 | r:  -525.000000 | e:   1.000000 | Q:        nan | won: False 
#  134 | steps:  1490 | steps_t:     0 | t: 2.116960 | r:  -508.000000 | e:   1.000000 | Q:        nan | won: False 
#  135 | steps:  1501 | steps_t:     0 | t: 2.132626 | r:  -510.000000 | e:   1.000000 | Q:        nan | won: False 
#  136 | steps:  1513 | steps_t:     0 | t: 2.150001 | r:  -511.000000 | e:   1.000000 | Q:        nan | won: False 
#  137 | steps:  1531 | steps_t:     0 | t: 2.175733 | r:  -506.000000 | e:   1.000000 | Q:        nan | won: False 
#  138 | steps:  1539 | steps_t:     0 | t: 2.186873 | r:  -507.000000 | e:   1.000000 | Q:        nan | won: False 
#  139 | steps:  1554 | steps_t:     0 | t: 2.209051 | r:  -514.000000 | e:   1.000000 | Q:        nan | won: False 
#  140 | steps:  1576 | steps_t:     0 | t: 2.240660 | r:    90.000000 | e:   1.000000 | Q:        nan | won: True 
#  141 | steps:  1586 | steps_t:     0 | t: 2.254673 | r:  -509.000000 | e:   1.000000 | Q:        nan | won: False 
#  142 | steps:  1594 | steps_t:     0 | t: 2.265610 | r:  -507.000000 | e:   1.000000 | Q:        nan | won: False 
#  143 | steps:  1613 | steps_t:     0 | t: 2.293143 | r:  -496.000000 | e:   1.000000 | Q:        nan | won: False 
#  144 | steps:  1618 | steps_t:     0 | t: 2.300093 | r:  -504.000000 | e:   1.000000 | Q:        nan | won: False 
#  145 | steps:  1627 | steps_t:     0 | t: 2.312701 | r:  -508.000000 | e:   1.000000 | Q:        nan | won: False 
#  146 | steps:  1633 | steps_t:     0 | t: 2.320805 | r:  -505.000000 | e:   1.000000 | Q:        nan | won: False 
#  147 | steps:  1640 | steps_t:     0 | t: 2.330402 | r:  -506.000000 | e:   1.000000 | Q:        nan | won: False 
#  148 | steps:  1675 | steps_t:     0 | t: 2.380778 | r:  -523.000000 | e:   1.000000 | Q:        nan | won: False 
#  149 | steps:  1682 | steps_t:     0 | t: 2.390223 | r:  -506.000000 | e:   1.000000 | Q:        nan | won: False 
#  150 | steps:  1698 | steps_t:     0 | t: 2.413139 | r:  -504.000000 | e:   1.000000 | Q:        nan | won: False 
#  151 | steps:  1710 | steps_t:     0 | t: 2.429891 | r:  -511.000000 | e:   1.000000 | Q:        nan | won: False 
#  152 | steps:  1719 | steps_t:     0 | t: 2.442130 | r:  -508.000000 | e:   1.000000 | Q:        nan | won: False 
#  153 | steps:  1735 | steps_t:     0 | t: 2.464974 | r:  -515.000000 | e:   1.000000 | Q:        nan | won: False 
#  154 | steps:  1740 | steps_t:     0 | t: 2.471361 | r:  -504.000000 | e:   1.000000 | Q:        nan | won: False 
#  155 | steps:  1750 | steps_t:     0 | t: 2.485100 | r:  -509.000000 | e:   1.000000 | Q:        nan | won: False 
#  156 | steps:  1756 | steps_t:     0 | t: 2.493186 | r:  -505.000000 | e:   1.000000 | Q:        nan | won: False 
#  157 | steps:  1761 | steps_t:     0 | t: 2.499678 | r:  -504.000000 | e:   1.000000 | Q:        nan | won: False 
#  158 | steps:  1767 | steps_t:     0 | t: 2.507473 | r:  -505.000000 | e:   1.000000 | Q:        nan | won: False 
#  159 | steps:  1776 | steps_t:     0 | t: 2.520141 | r:  -508.000000 | e:   1.000000 | Q:        nan | won: False 
#  160 | steps:  1782 | steps_t:     0 | t: 2.528077 | r:  -505.000000 | e:   1.000000 | Q:        nan | won: False 
#  161 | steps:  1789 | steps_t:     0 | t: 2.537439 | r:  -506.000000 | e:   1.000000 | Q:        nan | won: False 
#  162 | steps:  1796 | steps_t:     0 | t: 2.546761 | r:  -506.000000 | e:   1.000000 | Q:        nan | won: False 
#  163 | steps:  1804 | steps_t:     0 | t: 2.557920 | r:  -507.000000 | e:   1.000000 | Q:        nan | won: False 
#  164 | steps:  1813 | steps_t:     0 | t: 2.569944 | r:  -508.000000 | e:   1.000000 | Q:        nan | won: False 
#  165 | steps:  1828 | steps_t:     0 | t: 2.591119 | r:  -503.000000 | e:   1.000000 | Q:        nan | won: False 
#  166 | steps:  1833 | steps_t:     0 | t: 2.597627 | r:  -504.000000 | e:   1.000000 | Q:        nan | won: False 
#  167 | steps:  1842 | steps_t:     0 | t: 2.610224 | r:  -508.000000 | e:   1.000000 | Q:        nan | won: False 
#  168 | steps:  1851 | steps_t:     0 | t: 2.622635 | r:  -508.000000 | e:   1.000000 | Q:        nan | won: False 
#  169 | steps:  1861 | steps_t:     0 | t: 2.636129 | r:  -509.000000 | e:   1.000000 | Q:        nan | won: False 
#  170 | steps:  1882 | steps_t:     0 | t: 2.665946 | r:  -520.000000 | e:   1.000000 | Q:        nan | won: False 
#  171 | steps:  1892 | steps_t:     0 | t: 2.680091 | r:  -509.000000 | e:   1.000000 | Q:        nan | won: False 
#  172 | steps:  1902 | steps_t:     0 | t: 2.693734 | r:  -509.000000 | e:   1.000000 | Q:        nan | won: False 
#  173 | steps:  1909 | steps_t:     0 | t: 2.703485 | r:  -506.000000 | e:   1.000000 | Q:        nan | won: False 
#  174 | steps:  1915 | steps_t:     0 | t: 2.711474 | r:  -505.000000 | e:   1.000000 | Q:        nan | won: False 
#  175 | steps:  1923 | steps_t:     0 | t: 2.722253 | r:  -507.000000 | e:   1.000000 | Q:        nan | won: False 
#  176 | steps:  1931 | steps_t:     0 | t: 2.733143 | r:  -507.000000 | e:   1.000000 | Q:        nan | won: False 
#  177 | steps:  1940 | steps_t:     0 | t: 2.745159 | r:  -508.000000 | e:   1.000000 | Q:        nan | won: False 
#  178 | steps:  1948 | steps_t:     0 | t: 2.755954 | r:  -507.000000 | e:   1.000000 | Q:        nan | won: False 
#  179 | steps:  1954 | steps_t:     0 | t: 2.763937 | r:  -505.000000 | e:   1.000000 | Q:        nan | won: False 
#  180 | steps:  1967 | steps_t:     0 | t: 2.781757 | r:  -512.000000 | e:   1.000000 | Q:        nan | won: False 
#  181 | steps:  1976 | steps_t:     0 | t: 2.793854 | r:  -508.000000 | e:   1.000000 | Q:        nan | won: False 
#  182 | steps:  1986 | steps_t:     0 | t: 2.807599 | r:  -509.000000 | e:   1.000000 | Q:        nan | won: False 
#  183 | steps:  1994 | steps_t:     0 | t: 2.818258 | r:  -507.000000 | e:   1.000000 | Q:        nan | won: False 
#  184 | steps:  2007 | steps_t:     0 | t: 2.835821 | r:  -512.000000 | e:   1.000000 | Q:        nan | won: False 
#  185 | steps:  2012 | steps_t:     0 | t: 2.842544 | r:  -504.000000 | e:   1.000000 | Q:        nan | won: False 
#  186 | steps:  2031 | steps_t:     0 | t: 2.869365 | r:  -507.000000 | e:   1.000000 | Q:        nan | won: False 
#  187 | steps:  2042 | steps_t:     0 | t: 2.884405 | r:  -510.000000 | e:   1.000000 | Q:        nan | won: False 
#  188 | steps:  2051 | steps_t:     0 | t: 2.896602 | r:  -508.000000 | e:   1.000000 | Q:        nan | won: False 
#  189 | steps:  2058 | steps_t:     0 | t: 2.905867 | r:  -506.000000 | e:   1.000000 | Q:        nan | won: False 
#  190 | steps:  2074 | steps_t:     0 | t: 2.927846 | r:  -504.000000 | e:   1.000000 | Q:        nan | won: False 
#  191 | steps:  2092 | steps_t:     0 | t: 2.952901 | r:  -517.000000 | e:   1.000000 | Q:        nan | won: False 
#  192 | steps:  2104 | steps_t:     0 | t: 2.969592 | r:  -511.000000 | e:   1.000000 | Q:        nan | won: False 
#  193 | steps:  2111 | steps_t:     0 | t: 2.978891 | r:  -506.000000 | e:   1.000000 | Q:        nan | won: False 
#  194 | steps:  2132 | steps_t:     0 | t: 3.007975 | r:  -520.000000 | e:   1.000000 | Q:        nan | won: False 
#  195 | steps:  2144 | steps_t:     0 | t: 3.024567 | r:  -511.000000 | e:   1.000000 | Q:        nan | won: False 
#  196 | steps:  2152 | steps_t:     0 | t: 3.035184 | r:  -507.000000 | e:   1.000000 | Q:        nan | won: False 
#  197 | steps:  2158 | steps_t:     0 | t: 3.042950 | r:  -505.000000 | e:   1.000000 | Q:        nan | won: False 
#  198 | steps:  2166 | steps_t:     0 | t: 3.053627 | r:  -507.000000 | e:   1.000000 | Q:        nan | won: False 
#  199 | steps:  2182 | steps_t:     0 | t: 3.075589 | r:  -515.000000 | e:   1.000000 | Q:        nan | won: False 
#  200 | steps:  2192 | steps_t:     0 | t: 3.089045 | r:  -509.000000 | e:   1.000000 | Q:        nan | won: False 
#  201 | steps:  2207 | steps_t:     0 | t: 3.109786 | r:  -514.000000 | e:   1.000000 | Q:        nan | won: False 
#  202 | steps:  2213 | steps_t:     0 | t: 3.117616 | r:  -505.000000 | e:   1.000000 | Q:        nan | won: False 
#  203 | steps:  2236 | steps_t:     0 | t: 3.149681 | r:  -522.000000 | e:   1.000000 | Q:        nan | won: False 
#  204 | steps:  2245 | steps_t:     0 | t: 3.162289 | r:  -508.000000 | e:   1.000000 | Q:        nan | won: False 
#  205 | steps:  2254 | steps_t:     0 | t: 3.174464 | r:  -508.000000 | e:   1.000000 | Q:        nan | won: False 
#  206 | steps:  2276 | steps_t:     0 | t: 3.205254 | r:  -521.000000 | e:   1.000000 | Q:        nan | won: False 
#  207 | steps:  2299 | steps_t:     0 | t: 3.237205 | r:  -522.000000 | e:   1.000000 | Q:        nan | won: False 
#  208 | steps:  2310 | steps_t:     0 | t: 3.252662 | r:  -510.000000 | e:   1.000000 | Q:        nan | won: False 
#  209 | steps:  2319 | steps_t:     0 | t: 3.264941 | r:  -508.000000 | e:   1.000000 | Q:        nan | won: False 
#  210 | steps:  2328 | steps_t:     0 | t: 3.277124 | r:  -508.000000 | e:   1.000000 | Q:        nan | won: False 
#  211 | steps:  2333 | steps_t:     0 | t: 3.283545 | r:  -504.000000 | e:   1.000000 | Q:        nan | won: False 
#  212 | steps:  2348 | steps_t:     0 | t: 3.304225 | r:  -503.000000 | e:   1.000000 | Q:        nan | won: False 
#  213 | steps:  2356 | steps_t:     0 | t: 3.314881 | r:  -507.000000 | e:   1.000000 | Q:        nan | won: False 
#  214 | steps:  2367 | steps_t:     0 | t: 3.329961 | r:  -510.000000 | e:   1.000000 | Q:        nan | won: False 
#  215 | steps:  2376 | steps_t:     0 | t: 3.341960 | r:  -508.000000 | e:   1.000000 | Q:        nan | won: False 
#  216 | steps:  2383 | steps_t:     0 | t: 3.351181 | r:  -506.000000 | e:   1.000000 | Q:        nan | won: False 
#  217 | steps:  2399 | steps_t:     0 | t: 3.373172 | r:  -515.000000 | e:   1.000000 | Q:        nan | won: False 
#  218 | steps:  2416 | steps_t:     0 | t: 3.396689 | r:  -516.000000 | e:   1.000000 | Q:        nan | won: False 
#  219 | steps:  2438 | steps_t:     0 | t: 3.427717 | r:  -510.000000 | e:   1.000000 | Q:        nan | won: False 
#  220 | steps:  2450 | steps_t:     0 | t: 3.443999 | r:  -511.000000 | e:   1.000000 | Q:        nan | won: False 
#  221 | steps:  2480 | steps_t:     0 | t: 3.485954 | r:  -518.000000 | e:   1.000000 | Q:        nan | won: False 
#  222 | steps:  2489 | steps_t:     0 | t: 3.498195 | r:  -508.000000 | e:   1.000000 | Q:        nan | won: False 
#  223 | steps:  2495 | steps_t:     0 | t: 3.505997 | r:  -505.000000 | e:   1.000000 | Q:        nan | won: False 
#  224 | steps:  2513 | steps_t:     0 | t: 3.530912 | r:  -517.000000 | e:   1.000000 | Q:        nan | won: False 
#  225 | steps:  2526 | steps_t:     0 | t: 3.548711 | r:  -512.000000 | e:   1.000000 | Q:        nan | won: False 
#  226 | steps:  2532 | steps_t:     0 | t: 3.556566 | r:  -505.000000 | e:   1.000000 | Q:        nan | won: False 
#  227 | steps:  2539 | steps_t:     0 | t: 3.566148 | r:  -506.000000 | e:   1.000000 | Q:        nan | won: False 
#  228 | steps:  2550 | steps_t:     0 | t: 3.581324 | r:  -510.000000 | e:   1.000000 | Q:        nan | won: False 
#  229 | steps:  2560 | steps_t:     0 | t: 3.594888 | r:  -509.000000 | e:   1.000000 | Q:        nan | won: False 
#  230 | steps:  2582 | steps_t:     0 | t: 3.625229 | r:  -521.000000 | e:   1.000000 | Q:        nan | won: False 
#  231 | steps:  2611 | steps_t:     0 | t: 3.665680 | r:  -517.000000 | e:   1.000000 | Q:        nan | won: False 
#  232 | steps:  2622 | steps_t:     0 | t: 3.680666 | r:  -510.000000 | e:   1.000000 | Q:        nan | won: False 
#  233 | steps:  2642 | steps_t:     0 | t: 3.708750 | r:  -519.000000 | e:   1.000000 | Q:        nan | won: False 
#  234 | steps:  2651 | steps_t:     0 | t: 3.720935 | r:  -508.000000 | e:   1.000000 | Q:        nan | won: False 
#  235 | steps:  2680 | steps_t:     0 | t: 3.761408 | r:  -528.000000 | e:   1.000000 | Q:        nan | won: False 
#  236 | steps:  2701 | steps_t:     0 | t: 3.790426 | r:  -509.000000 | e:   1.000000 | Q:        nan | won: False 
#  237 | steps:  2710 | steps_t:     0 | t: 3.802536 | r:  -508.000000 | e:   1.000000 | Q:        nan | won: False 
#  238 | steps:  2719 | steps_t:     0 | t: 3.814854 | r:  -508.000000 | e:   1.000000 | Q:        nan | won: False 
#  239 | steps:  2724 | steps_t:     0 | t: 3.821235 | r:  -504.000000 | e:   1.000000 | Q:        nan | won: False 
#  240 | steps:  2737 | steps_t:     0 | t: 3.839302 | r:  -512.000000 | e:   1.000000 | Q:        nan | won: False 
#  241 | steps:  2756 | steps_t:     0 | t: 3.865669 | r:  -518.000000 | e:   1.000000 | Q:        nan | won: False 
#  242 | steps:  2764 | steps_t:     0 | t: 3.876336 | r:  -507.000000 | e:   1.000000 | Q:        nan | won: False 
#  243 | steps:  2780 | steps_t:     0 | t: 3.898443 | r:  -504.000000 | e:   1.000000 | Q:        nan | won: False 
#  244 | steps:  2786 | steps_t:     0 | t: 3.906289 | r:  -505.000000 | e:   1.000000 | Q:        nan | won: False 
#  245 | steps:  2798 | steps_t:     0 | t: 3.922603 | r:  -511.000000 | e:   1.000000 | Q:        nan | won: False 
#  246 | steps:  2815 | steps_t:     0 | t: 3.946191 | r:  -516.000000 | e:   1.000000 | Q:        nan | won: False 
#  247 | steps:  2822 | steps_t:     0 | t: 3.955420 | r:  -506.000000 | e:   1.000000 | Q:        nan | won: False 
#  248 | steps:  2829 | steps_t:     0 | t: 3.964674 | r:  -506.000000 | e:   1.000000 | Q:        nan | won: False 
#  249 | steps:  2843 | steps_t:     0 | t: 3.984019 | r:  -513.000000 | e:   1.000000 | Q:        nan | won: False 
#  250 | steps:  2853 | steps_t:     0 | t: 3.997571 | r:  -509.000000 | e:   1.000000 | Q:        nan | won: False 
#  251 | steps:  2859 | steps_t:     0 | t: 4.005335 | r:  -505.000000 | e:   1.000000 | Q:        nan | won: False 
#  252 | steps:  2874 | steps_t:     0 | t: 4.025944 | r:  -492.000000 | e:   1.000000 | Q:        nan | won: False 
#  253 | steps:  2882 | steps_t:     0 | t: 4.036587 | r:  -507.000000 | e:   1.000000 | Q:        nan | won: False 
#  254 | steps:  2893 | steps_t:     0 | t: 4.051596 | r:  -510.000000 | e:   1.000000 | Q:        nan | won: False 
#  255 | steps:  2901 | steps_t:     0 | t: 4.062373 | r:  -507.000000 | e:   1.000000 | Q:        nan | won: False 
#  256 | steps:  2909 | steps_t:     0 | t: 4.073109 | r:  -507.000000 | e:   1.000000 | Q:        nan | won: False 
#  257 | steps:  2925 | steps_t:     0 | t: 4.095305 | r:  -515.000000 | e:   1.000000 | Q:        nan | won: False 
#  258 | steps:  2932 | steps_t:     0 | t: 4.104533 | r:  -506.000000 | e:   1.000000 | Q:        nan | won: False 
#  259 | steps:  2949 | steps_t:     0 | t: 4.128026 | r:  -516.000000 | e:   1.000000 | Q:        nan | won: False 
#  260 | steps:  2961 | steps_t:     0 | t: 4.144547 | r:  -511.000000 | e:   1.000000 | Q:        nan | won: False 
#  261 | steps:  2973 | steps_t:     0 | t: 4.160890 | r:  -511.000000 | e:   1.000000 | Q:        nan | won: False 
#  262 | steps:  2980 | steps_t:     0 | t: 4.170125 | r:  -506.000000 | e:   1.000000 | Q:        nan | won: False 
#  263 | steps:  2990 | steps_t:     0 | t: 4.183669 | r:  -509.000000 | e:   1.000000 | Q:        nan | won: False 
#  264 | steps:  3001 | steps_t:     0 | t: 4.198845 | r:  -510.000000 | e:   1.000000 | Q:        nan | won: False 
#  265 | steps:  3013 | steps_t:     0 | t: 4.215377 | r:  -511.000000 | e:   1.000000 | Q:        nan | won: False 
#  266 | steps:  3023 | steps_t:     0 | t: 4.228977 | r:  -509.000000 | e:   1.000000 | Q:        nan | won: False 
#  267 | steps:  3033 | steps_t:     0 | t: 4.242796 | r:  -509.000000 | e:   1.000000 | Q:        nan | won: False 
#  268 | steps:  3039 | steps_t:     0 | t: 4.250737 | r:  -505.000000 | e:   1.000000 | Q:        nan | won: False 
#  269 | steps:  3055 | steps_t:     0 | t: 4.272885 | r:  -515.000000 | e:   1.000000 | Q:        nan | won: False 
#  270 | steps:  3061 | steps_t:     0 | t: 4.280677 | r:  -505.000000 | e:   1.000000 | Q:        nan | won: False 
#  271 | steps:  3072 | steps_t:     0 | t: 4.295697 | r:  -510.000000 | e:   1.000000 | Q:        nan | won: False 
#  272 | steps:  3087 | steps_t:     0 | t: 4.316214 | r:  -503.000000 | e:   1.000000 | Q:        nan | won: False 
#  273 | steps:  3093 | steps_t:     0 | t: 4.323982 | r:  -505.000000 | e:   1.000000 | Q:        nan | won: False 
#  274 | steps:  3101 | steps_t:     0 | t: 4.334678 | r:  -507.000000 | e:   1.000000 | Q:        nan | won: False 
#  275 | steps:  3114 | steps_t:     0 | t: 4.352523 | r:  -512.000000 | e:   1.000000 | Q:        nan | won: False 
#  276 | steps:  3124 | steps_t:     0 | t: 4.366080 | r:  -509.000000 | e:   1.000000 | Q:        nan | won: False 
#  277 | steps:  3155 | steps_t:     0 | t: 4.409418 | r:  -530.000000 | e:   1.000000 | Q:        nan | won: False 
#  278 | steps:  3172 | steps_t:     0 | t: 4.432727 | r:  -505.000000 | e:   1.000000 | Q:        nan | won: False 
#  279 | steps:  3186 | steps_t:     0 | t: 4.452259 | r:  -513.000000 | e:   1.000000 | Q:        nan | won: False 
#  280 | steps:  3194 | steps_t:     0 | t: 4.463173 | r:  -507.000000 | e:   1.000000 | Q:        nan | won: False 
#  281 | steps:  3204 | steps_t:     0 | t: 4.476679 | r:  -509.000000 | e:   1.000000 | Q:        nan | won: False 
#  282 | steps:  3209 | steps_t:     0 | t: 4.483126 | r:  -504.000000 | e:   1.000000 | Q:        nan | won: False 
#  283 | steps:  3215 | steps_t:     0 | t: 4.491084 | r:  -505.000000 | e:   1.000000 | Q:        nan | won: False 
#  284 | steps:  3227 | steps_t:     0 | t: 4.507388 | r:  -500.000000 | e:   1.000000 | Q:        nan | won: False 
#  285 | steps:  3241 | steps_t:     0 | t: 4.526570 | r:  -513.000000 | e:   1.000000 | Q:        nan | won: False 
#  286 | steps:  3260 | steps_t:     0 | t: 4.552928 | r:  -518.000000 | e:   1.000000 | Q:        nan | won: False 
#  287 | steps:  3270 | steps_t:     0 | t: 4.566569 | r:  -509.000000 | e:   1.000000 | Q:        nan | won: False 
#  288 | steps:  3277 | steps_t:     0 | t: 4.575792 | r:  -506.000000 | e:   1.000000 | Q:        nan | won: False 
#  289 | steps:  3287 | steps_t:     0 | t: 4.589400 | r:  -509.000000 | e:   1.000000 | Q:        nan | won: False 
#  290 | steps:  3298 | steps_t:     0 | t: 4.604887 | r:  -510.000000 | e:   1.000000 | Q:        nan | won: False 
#  291 | steps:  3303 | steps_t:     0 | t: 4.611390 | r:  -504.000000 | e:   1.000000 | Q:        nan | won: False 
#  292 | steps:  3324 | steps_t:     0 | t: 4.640764 | r:  -520.000000 | e:   1.000000 | Q:        nan | won: False 
#  293 | steps:  3343 | steps_t:     0 | t: 4.667088 | r:  -507.000000 | e:   1.000000 | Q:        nan | won: False 
#  294 | steps:  3348 | steps_t:     0 | t: 4.673416 | r:  -504.000000 | e:   1.000000 | Q:        nan | won: False 
#  295 | steps:  3356 | steps_t:     0 | t: 4.684310 | r:  -507.000000 | e:   1.000000 | Q:        nan | won: False 
#  296 | steps:  3366 | steps_t:     0 | t: 4.697784 | r:  -509.000000 | e:   1.000000 | Q:        nan | won: False 
#  297 | steps:  3372 | steps_t:     0 | t: 4.705619 | r:  -505.000000 | e:   1.000000 | Q:        nan | won: False 
#  298 | steps:  3382 | steps_t:     0 | t: 4.719392 | r:  -509.000000 | e:   1.000000 | Q:        nan | won: False 
#  299 | steps:  3394 | steps_t:     0 | t: 4.735901 | r:  -511.000000 | e:   1.000000 | Q:        nan | won: False 
#  300 | steps:  3402 | steps_t:     0 | t: 4.746573 | r:  -507.000000 | e:   1.000000 | Q:        nan | won: False 
#  301 | steps:  3410 | steps_t:     0 | t: 4.757268 | r:  -507.000000 | e:   1.000000 | Q:        nan | won: False 
#  302 | steps:  3424 | steps_t:     0 | t: 4.776710 | r:  -513.000000 | e:   1.000000 | Q:        nan | won: False 
#  303 | steps:  3430 | steps_t:     0 | t: 4.784621 | r:  -505.000000 | e:   1.000000 | Q:        nan | won: False 
#  304 | steps:  3435 | steps_t:     0 | t: 4.790974 | r:  -504.000000 | e:   1.000000 | Q:        nan | won: False 
#  305 | steps:  3453 | steps_t:     0 | t: 4.816198 | r:  -506.000000 | e:   1.000000 | Q:        nan | won: False 
#  306 | steps:  3459 | steps_t:     0 | t: 4.824087 | r:  -505.000000 | e:   1.000000 | Q:        nan | won: False 
#  307 | steps:  3466 | steps_t:     0 | t: 4.833317 | r:  -506.000000 | e:   1.000000 | Q:        nan | won: False 
#  308 | steps:  3486 | steps_t:     0 | t: 4.861371 | r:  -519.000000 | e:   1.000000 | Q:        nan | won: False 
#  309 | steps:  3499 | steps_t:     0 | t: 4.879176 | r:  -512.000000 | e:   1.000000 | Q:        nan | won: False 
#  310 | steps:  3508 | steps_t:     0 | t: 4.891241 | r:  -508.000000 | e:   1.000000 | Q:        nan | won: False 
#  311 | steps:  3522 | steps_t:     0 | t: 4.910464 | r:  -502.000000 | e:   1.000000 | Q:        nan | won: False 
#  312 | steps:  3532 | steps_t:     0 | t: 4.923981 | r:  -509.000000 | e:   1.000000 | Q:        nan | won: False 
#  313 | steps:  3543 | steps_t:     0 | t: 4.938904 | r:  -510.000000 | e:   1.000000 | Q:        nan | won: False 
#  314 | steps:  3559 | steps_t:     0 | t: 4.960968 | r:  -504.000000 | e:   1.000000 | Q:        nan | won: False 
#  315 | steps:  3571 | steps_t:     0 | t: 4.977435 | r:  -511.000000 | e:   1.000000 | Q:        nan | won: False 
#  316 | steps:  3585 | steps_t:     0 | t: 4.996503 | r:  -513.000000 | e:   1.000000 | Q:        nan | won: False 
#  317 | steps:  3599 | steps_t:     0 | t: 5.015786 | r:  -502.000000 | e:   1.000000 | Q:        nan | won: False 
#  318 | steps:  3616 | steps_t:     0 | t: 5.039361 | r:  -516.000000 | e:   1.000000 | Q:        nan | won: False 
#  319 | steps:  3625 | steps_t:     0 | t: 5.051376 | r:  -508.000000 | e:   1.000000 | Q:        nan | won: False 
#  320 | steps:  3637 | steps_t:     0 | t: 5.067806 | r:  -511.000000 | e:   1.000000 | Q:        nan | won: False 
#  321 | steps:  3653 | steps_t:     0 | t: 5.090038 | r:  -504.000000 | e:   1.000000 | Q:        nan | won: False 
#  322 | steps:  3663 | steps_t:     0 | t: 5.103590 | r:  -509.000000 | e:   1.000000 | Q:        nan | won: False 
#  323 | steps:  3671 | steps_t:     0 | t: 5.114363 | r:  -507.000000 | e:   1.000000 | Q:        nan | won: False 
#  324 | steps:  3688 | steps_t:     0 | t: 5.138125 | r:  -516.000000 | e:   1.000000 | Q:        nan | won: False 
#  325 | steps:  3711 | steps_t:     0 | t: 5.170023 | r:  -522.000000 | e:   1.000000 | Q:        nan | won: False 
#  326 | steps:  3724 | steps_t:     0 | t: 5.188018 | r:  -512.000000 | e:   1.000000 | Q:        nan | won: False 
#  327 | steps:  3736 | steps_t:     0 | t: 5.204314 | r:  -500.000000 | e:   1.000000 | Q:        nan | won: False 
#  328 | steps:  3742 | steps_t:     0 | t: 5.212170 | r:  -505.000000 | e:   1.000000 | Q:        nan | won: False 
#  329 | steps:  3763 | steps_t:     0 | t: 5.241443 | r:  -520.000000 | e:   1.000000 | Q:        nan | won: False 
#  330 | steps:  3771 | steps_t:     0 | t: 5.252224 | r:  -507.000000 | e:   1.000000 | Q:        nan | won: False 
#  331 | steps:  3779 | steps_t:     0 | t: 5.263057 | r:  -507.000000 | e:   1.000000 | Q:        nan | won: False 
#  332 | steps:  3798 | steps_t:     0 | t: 5.289297 | r:  -507.000000 | e:   1.000000 | Q:        nan | won: False 
#  333 | steps:  3841 | steps_t:     0 | t: 5.349860 | r:  -531.000000 | e:   1.000000 | Q:        nan | won: False 
#  334 | steps:  3852 | steps_t:     0 | t: 5.364876 | r:  -510.000000 | e:   1.000000 | Q:        nan | won: False 
#  335 | steps:  3869 | steps_t:     0 | t: 5.388715 | r:  -516.000000 | e:   1.000000 | Q:        nan | won: False 
#  336 | steps:  3875 | steps_t:     0 | t: 5.396711 | r:  -505.000000 | e:   1.000000 | Q:        nan | won: False 
#  337 | steps:  3886 | steps_t:     0 | t: 5.411820 | r:  -510.000000 | e:   1.000000 | Q:        nan | won: False 
#  338 | steps:  3897 | steps_t:     0 | t: 5.426879 | r:  -510.000000 | e:   1.000000 | Q:        nan | won: False 
#  339 | steps:  3915 | steps_t:     0 | t: 5.452678 | r:  -517.000000 | e:   1.000000 | Q:        nan | won: False 
#  340 | steps:  3934 | steps_t:     0 | t: 5.479079 | r:  -507.000000 | e:   1.000000 | Q:        nan | won: False 
#  341 | steps:  3939 | steps_t:     0 | t: 5.485509 | r:  -504.000000 | e:   1.000000 | Q:        nan | won: False 
#  342 | steps:  3947 | steps_t:     0 | t: 5.496287 | r:  -507.000000 | e:   1.000000 | Q:        nan | won: False 
#  343 | steps:  3958 | steps_t:     0 | t: 5.511541 | r:  -510.000000 | e:   1.000000 | Q:        nan | won: False 
#  344 | steps:  3964 | steps_t:     0 | t: 5.519351 | r:  -505.000000 | e:   1.000000 | Q:        nan | won: False 
#  345 | steps:  3975 | steps_t:     0 | t: 5.534415 | r:  -510.000000 | e:   1.000000 | Q:        nan | won: False 
#  346 | steps:  3991 | steps_t:     0 | t: 5.556672 | r:  -504.000000 | e:   1.000000 | Q:        nan | won: False 
#  347 | steps:  4005 | steps_t:     0 | t: 5.576302 | r:  -513.000000 | e:   1.000000 | Q:        nan | won: False 
#  348 | steps:  4011 | steps_t:     0 | t: 5.584155 | r:  -505.000000 | e:   1.000000 | Q:        nan | won: False 
#  349 | steps:  4018 | steps_t:     0 | t: 5.593462 | r:  -506.000000 | e:   1.000000 | Q:        nan | won: False 
#  350 | steps:  4026 | steps_t:     0 | t: 5.604120 | r:  -507.000000 | e:   1.000000 | Q:        nan | won: False 
#  351 | steps:  4036 | steps_t:     0 | t: 5.618015 | r:  -509.000000 | e:   1.000000 | Q:        nan | won: False 
#  352 | steps:  4045 | steps_t:     0 | t: 5.630089 | r:  -508.000000 | e:   1.000000 | Q:        nan | won: False 
#  353 | steps:  4053 | steps_t:     0 | t: 5.640805 | r:  -507.000000 | e:   1.000000 | Q:        nan | won: False 
#  354 | steps:  4060 | steps_t:     0 | t: 5.650177 | r:  -506.000000 | e:   1.000000 | Q:        nan | won: False 
#  355 | steps:  4073 | steps_t:     0 | t: 5.668498 | r:  -512.000000 | e:   1.000000 | Q:        nan | won: False 
#  356 | steps:  4083 | steps_t:     0 | t: 5.682112 | r:  -509.000000 | e:   1.000000 | Q:        nan | won: False 
#  357 | steps:  4090 | steps_t:     0 | t: 5.691476 | r:  -506.000000 | e:   1.000000 | Q:        nan | won: False 
#  358 | steps:  4109 | steps_t:     0 | t: 5.718464 | r:  -496.000000 | e:   1.000000 | Q:        nan | won: False 
#  359 | steps:  4117 | steps_t:     0 | t: 5.729323 | r:  -507.000000 | e:   1.000000 | Q:        nan | won: False 
#  360 | steps:  4125 | steps_t:     0 | t: 5.739933 | r:  -507.000000 | e:   1.000000 | Q:        nan | won: False 
#  361 | steps:  4135 | steps_t:     0 | t: 5.753639 | r:  -509.000000 | e:   1.000000 | Q:        nan | won: False 
#  362 | steps:  4155 | steps_t:     0 | t: 5.781834 | r:  -519.000000 | e:   1.000000 | Q:        nan | won: False 
#  363 | steps:  4161 | steps_t:     0 | t: 5.789640 | r:  -505.000000 | e:   1.000000 | Q:        nan | won: False 
#  364 | steps:  4177 | steps_t:     0 | t: 5.812177 | r:  -504.000000 | e:   1.000000 | Q:        nan | won: False 
#  365 | steps:  4185 | steps_t:     0 | t: 5.823044 | r:  -507.000000 | e:   1.000000 | Q:        nan | won: False 
#  366 | steps:  4193 | steps_t:     0 | t: 5.833738 | r:  -507.000000 | e:   1.000000 | Q:        nan | won: False 
#  367 | steps:  4205 | steps_t:     0 | t: 5.850164 | r:  -511.000000 | e:   1.000000 | Q:        nan | won: False 
#  368 | steps:  4215 | steps_t:     0 | t: 5.863868 | r:  -509.000000 | e:   1.000000 | Q:        nan | won: False 
#  369 | steps:  4221 | steps_t:     0 | t: 5.871671 | r:  -505.000000 | e:   1.000000 | Q:        nan | won: False 
#  370 | steps:  4231 | steps_t:     0 | t: 5.885510 | r:  -509.000000 | e:   1.000000 | Q:        nan | won: False 
#  371 | steps:  4242 | steps_t:     0 | t: 5.900551 | r:  -510.000000 | e:   1.000000 | Q:        nan | won: False 
#  372 | steps:  4256 | steps_t:     0 | t: 5.919904 | r:  -502.000000 | e:   1.000000 | Q:        nan | won: False 
#  373 | steps:  4263 | steps_t:     0 | t: 5.929156 | r:  -506.000000 | e:   1.000000 | Q:        nan | won: False 
#  374 | steps:  4289 | steps_t:     0 | t: 5.965996 | r:  -514.000000 | e:   1.000000 | Q:        nan | won: False 
#  375 | steps:  4295 | steps_t:     0 | t: 5.973896 | r:  -505.000000 | e:   1.000000 | Q:        nan | won: False 
#  376 | steps:  4303 | steps_t:     0 | t: 5.984592 | r:  -507.000000 | e:   1.000000 | Q:        nan | won: False 
#  377 | steps:  4313 | steps_t:     0 | t: 5.998326 | r:  -509.000000 | e:   1.000000 | Q:        nan | won: False 
#  378 | steps:  4326 | steps_t:     0 | t: 6.016591 | r:  -512.000000 | e:   1.000000 | Q:        nan | won: False 
#  379 | steps:  4335 | steps_t:     0 | t: 6.028909 | r:  -508.000000 | e:   1.000000 | Q:        nan | won: False 
#  380 | steps:  4358 | steps_t:     0 | t: 6.061359 | r:  -522.000000 | e:   1.000000 | Q:        nan | won: False 
#  381 | steps:  4365 | steps_t:     0 | t: 6.070720 | r:  -506.000000 | e:   1.000000 | Q:        nan | won: False 
#  382 | steps:  4370 | steps_t:     0 | t: 6.077098 | r:  -504.000000 | e:   1.000000 | Q:        nan | won: False 
#  383 | steps:  4379 | steps_t:     0 | t: 6.089277 | r:  -508.000000 | e:   1.000000 | Q:        nan | won: False 
#  384 | steps:  4394 | steps_t:     0 | t: 6.110444 | r:  -492.000000 | e:   1.000000 | Q:        nan | won: False 
#  385 | steps:  4402 | steps_t:     0 | t: 6.121274 | r:  -507.000000 | e:   1.000000 | Q:        nan | won: False 
#  386 | steps:  4420 | steps_t:     0 | t: 6.146218 | r:  -517.000000 | e:   1.000000 | Q:        nan | won: False 
#  387 | steps:  4428 | steps_t:     0 | t: 6.157001 | r:  -507.000000 | e:   1.000000 | Q:        nan | won: False 
#  388 | steps:  4436 | steps_t:     0 | t: 6.167756 | r:  -507.000000 | e:   1.000000 | Q:        nan | won: False 
#  389 | steps:  4444 | steps_t:     0 | t: 6.178352 | r:  -507.000000 | e:   1.000000 | Q:        nan | won: False 
#  390 | steps:  4464 | steps_t:     0 | t: 6.206286 | r:  -508.000000 | e:   1.000000 | Q:        nan | won: False 
#  391 | steps:  4487 | steps_t:     0 | t: 6.238783 | r:  -522.000000 | e:   1.000000 | Q:        nan | won: False 
#  392 | steps:  4505 | steps_t:     0 | t: 6.263992 | r:  -517.000000 | e:   1.000000 | Q:        nan | won: False 
#  393 | steps:  4518 | steps_t:     0 | t: 6.282512 | r:  -512.000000 | e:   1.000000 | Q:        nan | won: False 
#  394 | steps:  4532 | steps_t:     0 | t: 6.301989 | r:  -502.000000 | e:   1.000000 | Q:        nan | won: False 
#  395 | steps:  4550 | steps_t:     0 | t: 6.327176 | r:  -517.000000 | e:   1.000000 | Q:        nan | won: False 
#  396 | steps:  4561 | steps_t:     0 | t: 6.342039 | r:  -510.000000 | e:   1.000000 | Q:        nan | won: False 
#  397 | steps:  4571 | steps_t:     0 | t: 6.355675 | r:  -509.000000 | e:   1.000000 | Q:        nan | won: False 
#  398 | steps:  4582 | steps_t:     0 | t: 6.370558 | r:  -510.000000 | e:   1.000000 | Q:        nan | won: False 
#  399 | steps:  4609 | steps_t:     0 | t: 6.408473 | r:  -515.000000 | e:   1.000000 | Q:        nan | won: False 
#  400 | steps:  4614 | steps_t:     0 | t: 6.415097 | r:  -504.000000 | e:   1.000000 | Q:        nan | won: False 
#  401 | steps:  4626 | steps_t:     0 | t: 6.431528 | r:  -511.000000 | e:   1.000000 | Q:        nan | won: False 
#  402 | steps:  4650 | steps_t:     0 | t: 6.465397 | r:  -523.000000 | e:   1.000000 | Q:        nan | won: False 
#  403 | steps:  4658 | steps_t:     0 | t: 6.476189 | r:  -507.000000 | e:   1.000000 | Q:        nan | won: False 
#  404 | steps:  4681 | steps_t:     0 | t: 6.508437 | r:  -522.000000 | e:   1.000000 | Q:        nan | won: False 
#  405 | steps:  4700 | steps_t:     0 | t: 6.534955 | r:  -507.000000 | e:   1.000000 | Q:        nan | won: False 
#  406 | steps:  4715 | steps_t:     0 | t: 6.555626 | r:  -503.000000 | e:   1.000000 | Q:        nan | won: False 
#  407 | steps:  4725 | steps_t:     0 | t: 6.569275 | r:  -509.000000 | e:   1.000000 | Q:        nan | won: False 
#  408 | steps:  4734 | steps_t:     0 | t: 6.581443 | r:  -508.000000 | e:   1.000000 | Q:        nan | won: False 
#  409 | steps:  4757 | steps_t:     0 | t: 6.613950 | r:  -522.000000 | e:   1.000000 | Q:        nan | won: False 
#  410 | steps:  4767 | steps_t:     0 | t: 6.627658 | r:  -509.000000 | e:   1.000000 | Q:        nan | won: False 
#  411 | steps:  4785 | steps_t:     0 | t: 6.652688 | r:  -506.000000 | e:   1.000000 | Q:        nan | won: False 
#  412 | steps:  4794 | steps_t:     0 | t: 6.665242 | r:  -508.000000 | e:   1.000000 | Q:        nan | won: False 
#  413 | steps:  4801 | steps_t:     0 | t: 6.674417 | r:  -506.000000 | e:   1.000000 | Q:        nan | won: False 
#  414 | steps:  4806 | steps_t:     0 | t: 6.681387 | r:  -504.000000 | e:   1.000000 | Q:        nan | won: False 
#  415 | steps:  4818 | steps_t:     0 | t: 6.698040 | r:  -511.000000 | e:   1.000000 | Q:        nan | won: False 
#  416 | steps:  4832 | steps_t:     0 | t: 6.717595 | r:  -513.000000 | e:   1.000000 | Q:        nan | won: False 
#  417 | steps:  4844 | steps_t:     0 | t: 6.734132 | r:  -511.000000 | e:   1.000000 | Q:        nan | won: False 
#  418 | steps:  4852 | steps_t:     0 | t: 6.745153 | r:  -507.000000 | e:   1.000000 | Q:        nan | won: False 
#  419 | steps:  4882 | steps_t:     0 | t: 6.787491 | r:  -529.000000 | e:   1.000000 | Q:        nan | won: False 
#  420 | steps:  4893 | steps_t:     0 | t: 6.802633 | r:  -510.000000 | e:   1.000000 | Q:        nan | won: False 
#  421 | steps:  4901 | steps_t:     0 | t: 6.813572 | r:  -507.000000 | e:   1.000000 | Q:        nan | won: False 
#  422 | steps:  4909 | steps_t:     0 | t: 6.824322 | r:  -507.000000 | e:   1.000000 | Q:        nan | won: False 
#  423 | steps:  4918 | steps_t:     0 | t: 6.836542 | r:  -508.000000 | e:   1.000000 | Q:        nan | won: False 
#  424 | steps:  4925 | steps_t:     0 | t: 6.846075 | r:  -506.000000 | e:   1.000000 | Q:        nan | won: False 
#  425 | steps:  4939 | steps_t:     0 | t: 6.865219 | r:  -502.000000 | e:   1.000000 | Q:        nan | won: False 
#  426 | steps:  4946 | steps_t:     0 | t: 6.874599 | r:  -506.000000 | e:   1.000000 | Q:        nan | won: False 
#  427 | steps:  4956 | steps_t:     0 | t: 6.888533 | r:  -509.000000 | e:   1.000000 | Q:        nan | won: False 
#  428 | steps:  4978 | steps_t:     0 | t: 6.919433 | r:  -521.000000 | e:   1.000000 | Q:        nan | won: False 
#  429 | steps:  4990 | steps_t:     0 | t: 6.935937 | r:  -511.000000 | e:   1.000000 | Q:        nan | won: False 
