#    1 | steps:     7 | steps_t:     0 | t: 0.007814 | r:  -506.000000 | e:   1.000000 | Q:        nan | won: False 
#    2 | steps:    15 | steps_t:     0 | t: 0.010741 | r:  -507.000000 | e:   1.000000 | Q:        nan | won: False 
#    3 | steps:    24 | steps_t:     0 | t: 0.013956 | r:  -508.000000 | e:   1.000000 | Q:        nan | won: False 
#    4 | steps:    44 | steps_t:     0 | t: 0.021117 | r:  -519.000000 | e:   1.000000 | Q:        nan | won: False 
#    5 | steps:    50 | steps_t:     0 | t: 0.022984 | r:  -505.000000 | e:   1.000000 | Q:        nan | won: False 
#    6 | steps:    61 | steps_t:     0 | t: 0.029673 | r:  -510.000000 | e:   1.000000 | Q:        nan | won: False 
#    7 | steps:    71 | steps_t:     0 | t: 0.033336 | r:  -509.000000 | e:   1.000000 | Q:        nan | won: False 
#    8 | steps:    82 | steps_t:     0 | t: 0.039874 | r:  -510.000000 | e:   1.000000 | Q:        nan | won: False 
#    9 | steps:    93 | steps_t:     0 | t: 0.043654 | r:  -510.000000 | e:   1.000000 | Q:        nan | won: False 
#   10 | steps:   111 | steps_t:     0 | t: 0.052511 | r:  -517.000000 | e:   1.000000 | Q:        nan | won: False 
#   11 | steps:   133 | steps_t:     0 | t: 0.059792 | r:  -521.000000 | e:   1.000000 | Q:        nan | won: False 
#   12 | steps:   148 | steps_t:     0 | t: 0.067304 | r:  -514.000000 | e:   1.000000 | Q:        nan | won: False 
#   13 | steps:   175 | steps_t:     0 | t: 0.080944 | r:  -515.000000 | e:   1.000000 | Q:        nan | won: False 
#   14 | steps:   196 | steps_t:     0 | t: 0.091232 | r:  -520.000000 | e:   1.000000 | Q:        nan | won: False 
#   15 | steps:   210 | steps_t:     0 | t: 0.096052 | r:  -513.000000 | e:   1.000000 | Q:        nan | won: False 
#   16 | steps:   218 | steps_t:     0 | t: 0.098813 | r:  -507.000000 | e:   1.000000 | Q:        nan | won: False 
#   17 | steps:   225 | steps_t:     0 | t: 0.103593 | r:  -506.000000 | e:   1.000000 | Q:        nan | won: False 
#   18 | steps:   242 | steps_t:     0 | t: 0.110448 | r:  -516.000000 | e:   1.000000 | Q:        nan | won: False 
#   19 | steps:   252 | steps_t:     0 | t: 0.117329 | r:  -509.000000 | e:   1.000000 | Q:        nan | won: False 
#   20 | steps:   262 | steps_t:     0 | t: 0.120829 | r:  -509.000000 | e:   1.000000 | Q:        nan | won: False 
#   21 | steps:   273 | steps_t:     0 | t: 0.124642 | r:  -510.000000 | e:   1.000000 | Q:        nan | won: False 
#   22 | steps:   289 | steps_t:     0 | t: 0.131742 | r:  -515.000000 | e:   1.000000 | Q:        nan | won: False 
#   23 | steps:   295 | steps_t:     0 | t: 0.133809 | r:  -505.000000 | e:   1.000000 | Q:        nan | won: False 
#   24 | steps:   303 | steps_t:     0 | t: 0.136541 | r:  -507.000000 | e:   1.000000 | Q:        nan | won: False 
#   25 | steps:   318 | steps_t:     0 | t: 0.141523 | r:  -514.000000 | e:   1.000000 | Q:        nan | won: False 
#   26 | steps:   328 | steps_t:     0 | t: 0.144952 | r:  -509.000000 | e:   1.000000 | Q:        nan | won: False 
#   27 | steps:   338 | steps_t:     0 | t: 0.149915 | r:  -509.000000 | e:   1.000000 | Q:        nan | won: False 
#   28 | steps:   349 | steps_t:     0 | t: 0.156482 | r:  -510.000000 | e:   1.000000 | Q:        nan | won: False 
#   29 | steps:   357 | steps_t:     0 | t: 0.159231 | r:  -507.000000 | e:   1.000000 | Q:        nan | won: False 
#   30 | steps:   366 | steps_t:     0 | t: 0.162346 | r:  -508.000000 | e:   1.000000 | Q:        nan | won: False 
#   31 | steps:   381 | steps_t:     0 | t: 0.170021 | r:  -514.000000 | e:   1.000000 | Q:        nan | won: False 
#   32 | steps:   390 | steps_t:     0 | t: 0.173091 | r:  -508.000000 | e:   1.000000 | Q:        nan | won: False 
#   33 | steps:   397 | steps_t:     0 | t: 0.175452 | r:  -506.000000 | e:   1.000000 | Q:        nan | won: False 
#   34 | steps:   409 | steps_t:     0 | t: 0.181911 | r:  -511.000000 | e:   1.000000 | Q:        nan | won: False 
#   35 | steps:   419 | steps_t:     0 | t: 0.185368 | r:  -509.000000 | e:   1.000000 | Q:        nan | won: False 
#   36 | steps:   428 | steps_t:     0 | t: 0.188726 | r:  -508.000000 | e:   1.000000 | Q:        nan | won: False 
#   37 | steps:   436 | steps_t:     0 | t: 0.193777 | r:  -507.000000 | e:   1.000000 | Q:        nan | won: False 
#   38 | steps:   449 | steps_t:     0 | t: 0.198233 | r:  -512.000000 | e:   1.000000 | Q:        nan | won: False 
#   39 | steps:   472 | steps_t:     0 | t: 0.210905 | r:  -522.000000 | e:   1.000000 | Q:        nan | won: False 
#   40 | steps:   490 | steps_t:     0 | t: 0.217191 | r:  -517.000000 | e:   1.000000 | Q:        nan | won: False 
#   41 | steps:   498 | steps_t:     0 | t: 0.223118 | r:  -507.000000 | e:   1.000000 | Q:        nan | won: False 
#   42 | steps:   514 | steps_t:     0 | t: 0.228915 | r:  -515.000000 | e:   1.000000 | Q:        nan | won: False 
#   43 | steps:   525 | steps_t:     0 | t: 0.236061 | r:  -510.000000 | e:   1.000000 | Q:        nan | won: False 
#   44 | steps:   535 | steps_t:     0 | t: 0.239533 | r:  -509.000000 | e:   1.000000 | Q:        nan | won: False 
#   45 | steps:   543 | steps_t:     0 | t: 0.242279 | r:  -507.000000 | e:   1.000000 | Q:        nan | won: False 
#   46 | steps:   558 | steps_t:     0 | t: 0.251153 | r:  -492.000000 | e:   1.000000 | Q:        nan | won: False 
#   47 | steps:   572 | steps_t:     0 | t: 0.255960 | r:  -513.000000 | e:   1.000000 | Q:        nan | won: False 
#   48 | steps:   582 | steps_t:     0 | t: 0.260580 | r:  -509.000000 | e:   1.000000 | Q:        nan | won: False 
#   49 | steps:   593 | steps_t:     0 | t: 0.264595 | r:  -510.000000 | e:   1.000000 | Q:        nan | won: False 
#   50 | steps:   602 | steps_t:     0 | t: 0.267656 | r:  -508.000000 | e:   1.000000 | Q:        nan | won: False 
#   51 | steps:   608 | steps_t:     0 | t: 0.269714 | r:  -505.000000 | e:   1.000000 | Q:        nan | won: False 
#   52 | steps:   617 | steps_t:     0 | t: 0.272803 | r:  -508.000000 | e:   1.000000 | Q:        nan | won: False 
#   53 | steps:   625 | steps_t:     0 | t: 0.306258 | r:  -507.000000 | e:   1.000000 | Q:        nan | won: False 
#   54 | steps:   635 | steps_t:     0 | t: 0.313535 | r:  -509.000000 | e:   1.000000 | Q:        nan | won: False 
#   55 | steps:   643 | steps_t:     0 | t: 0.317132 | r:  -507.000000 | e:   1.000000 | Q:        nan | won: False 
#   56 | steps:   650 | steps_t:     0 | t: 0.320206 | r:  -506.000000 | e:   1.000000 | Q:        nan | won: False 
#   57 | steps:   665 | steps_t:     0 | t: 0.328725 | r:  -514.000000 | e:   1.000000 | Q:        nan | won: False 
#   58 | steps:   675 | steps_t:     0 | t: 0.332731 | r:  -509.000000 | e:   1.000000 | Q:        nan | won: False 
#   59 | steps:   706 | steps_t:     0 | t: 0.345177 | r:  -530.000000 | e:   1.000000 | Q:        nan | won: False 
#   60 | steps:   713 | steps_t:     0 | t: 0.347788 | r:  -506.000000 | e:   1.000000 | Q:        nan | won: False 
#   61 | steps:   722 | steps_t:     0 | t: 0.351135 | r:  -508.000000 | e:   1.000000 | Q:        nan | won: False 
#   62 | steps:   730 | steps_t:     0 | t: 0.354084 | r:  -507.000000 | e:   1.000000 | Q:        nan | won: False 
#   63 | steps:   735 | steps_t:     0 | t: 0.355976 | r:  -504.000000 | e:   1.000000 | Q:        nan | won: False 
#   64 | steps:   744 | steps_t:     0 | t: 0.359254 | r:  -508.000000 | e:   1.000000 | Q:        nan | won: False 
#   65 | steps:   752 | steps_t:     0 | t: 0.362187 | r:  -507.000000 | e:   1.000000 | Q:        nan | won: False 
#   66 | steps:   762 | steps_t:     0 | t: 0.370145 | r:  -509.000000 | e:   1.000000 | Q:        nan | won: False 
#   67 | steps:   773 | steps_t:     0 | t: 0.373990 | r:  -510.000000 | e:   1.000000 | Q:        nan | won: False 
#   68 | steps:   783 | steps_t:     0 | t: 0.381114 | r:  -509.000000 | e:   1.000000 | Q:        nan | won: False 
#   69 | steps:   798 | steps_t:     0 | t: 0.386360 | r:  -492.000000 | e:   1.000000 | Q:        nan | won: False 
#   70 | steps:   805 | steps_t:     0 | t: 0.388826 | r:  -506.000000 | e:   1.000000 | Q:        nan | won: False 
#   71 | steps:   814 | steps_t:     0 | t: 0.395247 | r:  -508.000000 | e:   1.000000 | Q:        nan | won: False 
#   72 | steps:   821 | steps_t:     0 | t: 0.397955 | r:  -506.000000 | e:   1.000000 | Q:        nan | won: False 
#   73 | steps:   831 | steps_t:     0 | t: 0.401747 | r:  -509.000000 | e:   1.000000 | Q:        nan | won: False 
#   74 | steps:   848 | steps_t:     0 | t: 0.410949 | r:  -516.000000 | e:   1.000000 | Q:        nan | won: False 
#   75 | steps:   857 | steps_t:     0 | t: 0.414268 | r:  -508.000000 | e:   1.000000 | Q:        nan | won: False 
#   76 | steps:   865 | steps_t:     0 | t: 0.417097 | r:  -507.000000 | e:   1.000000 | Q:        nan | won: False 
#   77 | steps:   881 | steps_t:     0 | t: 0.423979 | r:  -515.000000 | e:   1.000000 | Q:        nan | won: False 
#   78 | steps:   893 | steps_t:     0 | t: 0.428184 | r:  -511.000000 | e:   1.000000 | Q:        nan | won: False 
#   79 | steps:   934 | steps_t:     0 | t: 0.442369 | r:  -529.000000 | e:   1.000000 | Q:        nan | won: False 
#   80 | steps:   944 | steps_t:     0 | t: 0.448661 | r:  -509.000000 | e:   1.000000 | Q:        nan | won: False 
#   81 | steps:   953 | steps_t:     0 | t: 0.452006 | r:  -508.000000 | e:   1.000000 | Q:        nan | won: False 
#   82 | steps:   967 | steps_t:     0 | t: 0.456935 | r:  -513.000000 | e:   1.000000 | Q:        nan | won: False 
#   83 | steps:   975 | steps_t:     0 | t: 0.462236 | r:  -507.000000 | e:   1.000000 | Q:        nan | won: False 
#   84 | steps:   986 | steps_t:     0 | t: 0.465951 | r:  -510.000000 | e:   1.000000 | Q:        nan | won: False 
#   85 | steps:   992 | steps_t:     0 | t: 0.468057 | r:  -505.000000 | e:   1.000000 | Q:        nan | won: False 
#   86 | steps:  1000 | steps_t:     0 | t: 0.473702 | r:  -507.000000 | e:   1.000000 | Q:        nan | won: False 
#   87 | steps:  1013 | steps_t:     0 | t: 0.478119 | r:  -512.000000 | e:   1.000000 | Q:        nan | won: False 
#   88 | steps:  1023 | steps_t:     0 | t: 0.483936 | r:  -509.000000 | e:   1.000000 | Q:        nan | won: False 
#   89 | steps:  1032 | steps_t:     0 | t: 0.487219 | r:  -508.000000 | e:   1.000000 | Q:        nan | won: False 
#   90 | steps:  1039 | steps_t:     0 | t: 0.489893 | r:  -506.000000 | e:   1.000000 | Q:        nan | won: False 
#   91 | steps:  1052 | steps_t:     0 | t: 0.498921 | r:  -512.000000 | e:   1.000000 | Q:        nan | won: False 
#   92 | steps:  1059 | steps_t:     0 | t: 0.501285 | r:  -506.000000 | e:   1.000000 | Q:        nan | won: False 
#   93 | steps:  1067 | steps_t:     0 | t: 0.504056 | r:  -507.000000 | e:   1.000000 | Q:        nan | won: False 
#   94 | steps:  1076 | steps_t:     0 | t: 0.507661 | r:  -508.000000 | e:   1.000000 | Q:        nan | won: False 
#   95 | steps:  1084 | steps_t:     0 | t: 0.513380 | r:  -507.000000 | e:   1.000000 | Q:        nan | won: False 
#   96 | steps:  1100 | steps_t:     0 | t: 0.518946 | r:  -515.000000 | e:   1.000000 | Q:        nan | won: False 
#   97 | steps:  1107 | steps_t:     0 | t: 0.524761 | r:  -506.000000 | e:   1.000000 | Q:        nan | won: False 
#   98 | steps:  1123 | steps_t:     0 | t: 0.530579 | r:  -515.000000 | e:   1.000000 | Q:        nan | won: False 
#   99 | steps:  1134 | steps_t:     0 | t: 0.538024 | r:  -510.000000 | e:   1.000000 | Q:        nan | won: False 
#  100 | steps:  1143 | steps_t:     0 | t: 0.541207 | r:  -508.000000 | e:   1.000000 | Q:        nan | won: False 
#  101 | steps:  1155 | steps_t:     0 | t: 0.545250 | r:  -511.000000 | e:   1.000000 | Q:        nan | won: False 
#  102 | steps:  1165 | steps_t:     0 | t: 0.550113 | r:  -509.000000 | e:   1.000000 | Q:        nan | won: False 
#  103 | steps:  1173 | steps_t:     0 | t: 0.552745 | r:  -507.000000 | e:   1.000000 | Q:        nan | won: False 
#  104 | steps:  1181 | steps_t:     0 | t: 0.555691 | r:  -507.000000 | e:   1.000000 | Q:        nan | won: False 
#  105 | steps:  1189 | steps_t:     0 | t: 0.558343 | r:  -507.000000 | e:   1.000000 | Q:        nan | won: False 
#  106 | steps:  1207 | steps_t:     0 | t: 0.564657 | r:  -517.000000 | e:   1.000000 | Q:        nan | won: False 
#  107 | steps:  1216 | steps_t:     0 | t: 0.567818 | r:  -508.000000 | e:   1.000000 | Q:        nan | won: False 
#  108 | steps:  1223 | steps_t:     0 | t: 0.570296 | r:  -506.000000 | e:   1.000000 | Q:        nan | won: False 
#  109 | steps:  1229 | steps_t:     0 | t: 0.572409 | r:  -505.000000 | e:   1.000000 | Q:        nan | won: False 
#  110 | steps:  1238 | steps_t:     0 | t: 0.580484 | r:  -508.000000 | e:   1.000000 | Q:        nan | won: False 
#  111 | steps:  1247 | steps_t:     0 | t: 0.583614 | r:  -508.000000 | e:   1.000000 | Q:        nan | won: False 
#  112 | steps:  1255 | steps_t:     0 | t: 0.586659 | r:  -507.000000 | e:   1.000000 | Q:        nan | won: False 
#  113 | steps:  1268 | steps_t:     0 | t: 0.593514 | r:  -512.000000 | e:   1.000000 | Q:        nan | won: False 
#  114 | steps:  1289 | steps_t:     0 | t: 0.601026 | r:  -520.000000 | e:   1.000000 | Q:        nan | won: False 
#  115 | steps:  1301 | steps_t:     0 | t: 0.607550 | r:  -511.000000 | e:   1.000000 | Q:        nan | won: False 
#  116 | steps:  1308 | steps_t:     0 | t: 0.610026 | r:  -506.000000 | e:   1.000000 | Q:        nan | won: False 
#  117 | steps:  1315 | steps_t:     0 | t: 0.612483 | r:  -506.000000 | e:   1.000000 | Q:        nan | won: False 
#  118 | steps:  1324 | steps_t:     0 | t: 0.620674 | r:  -508.000000 | e:   1.000000 | Q:        nan | won: False 
#  119 | steps:  1332 | steps_t:     0 | t: 0.623460 | r:  -507.000000 | e:   1.000000 | Q:        nan | won: False 
#  120 | steps:  1343 | steps_t:     0 | t: 0.627175 | r:  -510.000000 | e:   1.000000 | Q:        nan | won: False 
#  121 | steps:  1352 | steps_t:     0 | t: 0.630399 | r:  -508.000000 | e:   1.000000 | Q:        nan | won: False 
#  122 | steps:  1367 | steps_t:     0 | t: 0.639333 | r:  -503.000000 | e:   1.000000 | Q:        nan | won: False 
#  123 | steps:  1376 | steps_t:     0 | t: 0.642527 | r:  -508.000000 | e:   1.000000 | Q:        nan | won: False 
#  124 | steps:  1385 | steps_t:     0 | t: 0.649088 | r:  -508.000000 | e:   1.000000 | Q:        nan | won: False 
#  125 | steps:  1402 | steps_t:     0 | t: 0.654993 | r:  -516.000000 | e:   1.000000 | Q:        nan | won: False 
#  126 | steps:  1418 | steps_t:     0 | t: 0.664263 | r:  -515.000000 | e:   1.000000 | Q:        nan | won: False 
#  127 | steps:  1424 | steps_t:     0 | t: 0.666411 | r:  -505.000000 | e:   1.000000 | Q:        nan | won: False 
#  128 | steps:  1433 | steps_t:     0 | t: 0.670895 | r:  -508.000000 | e:   1.000000 | Q:        nan | won: False 
#  129 | steps:  1439 | steps_t:     0 | t: 0.673033 | r:  -505.000000 | e:   1.000000 | Q:        nan | won: False 
#  130 | steps:  1447 | steps_t:     0 | t: 0.675816 | r:  -507.000000 | e:   1.000000 | Q:        nan | won: False 
#  131 | steps:  1453 | steps_t:     0 | t: 0.678175 | r:  -505.000000 | e:   1.000000 | Q:        nan | won: False 
#  132 | steps:  1463 | steps_t:     0 | t: 0.681645 | r:  -509.000000 | e:   1.000000 | Q:        nan | won: False 
#  133 | steps:  1473 | steps_t:     0 | t: 0.684962 | r:  -509.000000 | e:   1.000000 | Q:        nan | won: False 
#  134 | steps:  1482 | steps_t:     0 | t: 0.688050 | r:  -508.000000 | e:   1.000000 | Q:        nan | won: False 
#  135 | steps:  1497 | steps_t:     0 | t: 0.693093 | r:  -514.000000 | e:   1.000000 | Q:        nan | won: False 
#  136 | steps:  1508 | steps_t:     0 | t: 0.699649 | r:  -510.000000 | e:   1.000000 | Q:        nan | won: False 
#  137 | steps:  1526 | steps_t:     0 | t: 0.705952 | r:  -517.000000 | e:   1.000000 | Q:        nan | won: False 
#  138 | steps:  1532 | steps_t:     0 | t: 0.710589 | r:  -505.000000 | e:   1.000000 | Q:        nan | won: False 
#  139 | steps:  1542 | steps_t:     0 | t: 0.714080 | r:  -509.000000 | e:   1.000000 | Q:        nan | won: False 
#  140 | steps:  1549 | steps_t:     0 | t: 0.716681 | r:  -506.000000 | e:   1.000000 | Q:        nan | won: False 
#  141 | steps:  1559 | steps_t:     0 | t: 0.720123 | r:  -509.000000 | e:   1.000000 | Q:        nan | won: False 
#  142 | steps:  1567 | steps_t:     0 | t: 0.725212 | r:  -507.000000 | e:   1.000000 | Q:        nan | won: False 
#  143 | steps:  1575 | steps_t:     0 | t: 0.727998 | r:  -507.000000 | e:   1.000000 | Q:        nan | won: False 
#  144 | steps:  1582 | steps_t:     0 | t: 0.730345 | r:  -506.000000 | e:   1.000000 | Q:        nan | won: False 
#  145 | steps:  1594 | steps_t:     0 | t: 0.736645 | r:  -511.000000 | e:   1.000000 | Q:        nan | won: False 
#  146 | steps:  1611 | steps_t:     0 | t: 0.742810 | r:  -516.000000 | e:   1.000000 | Q:        nan | won: False 
#  147 | steps:  1621 | steps_t:     0 | t: 0.746233 | r:  -509.000000 | e:   1.000000 | Q:        nan | won: False 
#  148 | steps:  1629 | steps_t:     0 | t: 0.753695 | r:  -507.000000 | e:   1.000000 | Q:        nan | won: False 
#  149 | steps:  1638 | steps_t:     0 | t: 0.756862 | r:  -508.000000 | e:   1.000000 | Q:        nan | won: False 
#  150 | steps:  1645 | steps_t:     0 | t: 0.759137 | r:  -506.000000 | e:   1.000000 | Q:        nan | won: False 
#  151 | steps:  1662 | steps_t:     0 | t: 0.768196 | r:  -516.000000 | e:   1.000000 | Q:        nan | won: False 
#  152 | steps:  1671 | steps_t:     0 | t: 0.771568 | r:  -508.000000 | e:   1.000000 | Q:        nan | won: False 
#  153 | steps:  1680 | steps_t:     0 | t: 0.777747 | r:  -508.000000 | e:   1.000000 | Q:        nan | won: False 
#  154 | steps:  1698 | steps_t:     0 | t: 0.783960 | r:  -517.000000 | e:   1.000000 | Q:        nan | won: False 
#  155 | steps:  1709 | steps_t:     0 | t: 0.791276 | r:  -510.000000 | e:   1.000000 | Q:        nan | won: False 
#  156 | steps:  1726 | steps_t:     0 | t: 0.797307 | r:  -516.000000 | e:   1.000000 | Q:        nan | won: False 
#  157 | steps:  1736 | steps_t:     0 | t: 0.802060 | r:  -509.000000 | e:   1.000000 | Q:        nan | won: False 
#  158 | steps:  1746 | steps_t:     0 | t: 0.805523 | r:  -509.000000 | e:   1.000000 | Q:        nan | won: False 
#  159 | steps:  1754 | steps_t:     0 | t: 0.808698 | r:  -507.000000 | e:   1.000000 | Q:        nan | won: False 
#  160 | steps:  1762 | steps_t:     0 | t: 0.811523 | r:  -507.000000 | e:   1.000000 | Q:        nan | won: False 
#  161 | steps:  1769 | steps_t:     0 | t: 0.814005 | r:  -506.000000 | e:   1.000000 | Q:        nan | won: False 
#  162 | steps:  1783 | steps_t:     0 | t: 0.818871 | r:  -513.000000 | e:   1.000000 | Q:        nan | won: False 
#  163 | steps:  1796 | steps_t:     0 | t: 0.823468 | r:  -512.000000 | e:   1.000000 | Q:        nan | won: False 
#  164 | steps:  1803 | steps_t:     0 | t: 0.825992 | r:  -506.000000 | e:   1.000000 | Q:        nan | won: False 
#  165 | steps:  1818 | steps_t:     0 | t: 0.834522 | r:  -492.000000 | e:   1.000000 | Q:        nan | won: False 
#  166 | steps:  1823 | steps_t:     0 | t: 0.836132 | r:  -504.000000 | e:   1.000000 | Q:        nan | won: False 
#  167 | steps:  1839 | steps_t:     0 | t: 0.843842 | r:  -515.000000 | e:   1.000000 | Q:        nan | won: False 
#  168 | steps:  1845 | steps_t:     0 | t: 0.846031 | r:  -505.000000 | e:   1.000000 | Q:        nan | won: False 
#  169 | steps:  1853 | steps_t:     0 | t: 0.848709 | r:  -507.000000 | e:   1.000000 | Q:        nan | won: False 
#  170 | steps:  1862 | steps_t:     0 | t: 0.851827 | r:  -508.000000 | e:   1.000000 | Q:        nan | won: False 
#  171 | steps:  1868 | steps_t:     0 | t: 0.854537 | r:  -505.000000 | e:   1.000000 | Q:        nan | won: False 
#  172 | steps:  1879 | steps_t:     0 | t: 0.860424 | r:  -510.000000 | e:   1.000000 | Q:        nan | won: False 
#  173 | steps:  1887 | steps_t:     0 | t: 0.863452 | r:  -507.000000 | e:   1.000000 | Q:        nan | won: False 
#  174 | steps:  1895 | steps_t:     0 | t: 0.868677 | r:  -507.000000 | e:   1.000000 | Q:        nan | won: False 
#  175 | steps:  1904 | steps_t:     0 | t: 0.872134 | r:  -508.000000 | e:   1.000000 | Q:        nan | won: False 
#  176 | steps:  1911 | steps_t:     0 | t: 0.874640 | r:  -506.000000 | e:   1.000000 | Q:        nan | won: False 
#  177 | steps:  1923 | steps_t:     0 | t: 0.879083 | r:  -511.000000 | e:   1.000000 | Q:        nan | won: False 
#  178 | steps:  1951 | steps_t:     0 | t: 0.892736 | r:  -527.000000 | e:   1.000000 | Q:        nan | won: False 
#  179 | steps:  1964 | steps_t:     0 | t: 0.900571 | r:  -512.000000 | e:   1.000000 | Q:        nan | won: False 
#  180 | steps:  1974 | steps_t:     0 | t: 0.904193 | r:  -509.000000 | e:   1.000000 | Q:        nan | won: False 
#  181 | steps:  1984 | steps_t:     0 | t: 0.910898 | r:  -509.000000 | e:   1.000000 | Q:        nan | won: False 
#  182 | steps:  2002 | steps_t:     0 | t: 0.917168 | r:  -517.000000 | e:   1.000000 | Q:        nan | won: False 
#  183 | steps:  2016 | steps_t:     0 | t: 0.925891 | r:  -513.000000 | e:   1.000000 | Q:        nan | won: False 
#  184 | steps:  2025 | steps_t:     0 | t: 0.929420 | r:  -508.000000 | e:   1.000000 | Q:        nan | won: False 
#  185 | steps:  2035 | steps_t:     0 | t: 0.932977 | r:  -509.000000 | e:   1.000000 | Q:        nan | won: False 
#  186 | steps:  2056 | steps_t:     0 | t: 0.941656 | r:  -520.000000 | e:   1.000000 | Q:        nan | won: False 
#  187 | steps:  2068 | steps_t:     0 | t: 0.945863 | r:  -511.000000 | e:   1.000000 | Q:        nan | won: False 
#  188 | steps:  2079 | steps_t:     0 | t: 0.949701 | r:  -510.000000 | e:   1.000000 | Q:        nan | won: False 
#  189 | steps:  2086 | steps_t:     0 | t: 0.952145 | r:  -506.000000 | e:   1.000000 | Q:        nan | won: False 
#  190 | steps:  2093 | steps_t:     0 | t: 0.954657 | r:  -506.000000 | e:   1.000000 | Q:        nan | won: False 
#  191 | steps:  2116 | steps_t:     0 | t: 0.965827 | r:  -522.000000 | e:   1.000000 | Q:        nan | won: False 
#  192 | steps:  2125 | steps_t:     0 | t: 0.969049 | r:  -508.000000 | e:   1.000000 | Q:        nan | won: False 
#  193 | steps:  2142 | steps_t:     0 | t: 0.977794 | r:  -516.000000 | e:   1.000000 | Q:        nan | won: False 
#  194 | steps:  2152 | steps_t:     0 | t: 0.981400 | r:  -509.000000 | e:   1.000000 | Q:        nan | won: False 
#  195 | steps:  2159 | steps_t:     0 | t: 0.983832 | r:  -506.000000 | e:   1.000000 | Q:        nan | won: False 
#  196 | steps:  2170 | steps_t:     0 | t: 0.990237 | r:  -510.000000 | e:   1.000000 | Q:        nan | won: False 
#  197 | steps:  2186 | steps_t:     0 | t: 0.995883 | r:  -504.000000 | e:   1.000000 | Q:        nan | won: False 
#  198 | steps:  2196 | steps_t:     0 | t: 1.001960 | r:  -509.000000 | e:   1.000000 | Q:        nan | won: False 
#  199 | steps:  2204 | steps_t:     0 | t: 1.004698 | r:  -507.000000 | e:   1.000000 | Q:        nan | won: False 
#  200 | steps:  2217 | steps_t:     0 | t: 1.013635 | r:  -512.000000 | e:   1.000000 | Q:        nan | won: False 
#  201 | steps:  2233 | steps_t:     0 | t: 1.019413 | r:  -515.000000 | e:   1.000000 | Q:        nan | won: False 
#  202 | steps:  2241 | steps_t:     0 | t: 1.022254 | r:  -507.000000 | e:   1.000000 | Q:        nan | won: False 
#  203 | steps:  2250 | steps_t:     0 | t: 1.028616 | r:  -508.000000 | e:   1.000000 | Q:        nan | won: False 
#  204 | steps:  2258 | steps_t:     0 | t: 1.031394 | r:  -507.000000 | e:   1.000000 | Q:        nan | won: False 
#  205 | steps:  2267 | steps_t:     0 | t: 1.034680 | r:  -508.000000 | e:   1.000000 | Q:        nan | won: False 
#  206 | steps:  2277 | steps_t:     0 | t: 1.041473 | r:  -509.000000 | e:   1.000000 | Q:        nan | won: False 
#  207 | steps:  2288 | steps_t:     0 | t: 1.045384 | r:  -510.000000 | e:   1.000000 | Q:        nan | won: False 
#  208 | steps:  2296 | steps_t:     0 | t: 1.050011 | r:  -507.000000 | e:   1.000000 | Q:        nan | won: False 
#  209 | steps:  2303 | steps_t:     0 | t: 1.054562 | r:  -506.000000 | e:   1.000000 | Q:        nan | won: False 
#  210 | steps:  2309 | steps_t:     0 | t: 1.056711 | r:  -505.000000 | e:   1.000000 | Q:        nan | won: False 
#  211 | steps:  2318 | steps_t:     0 | t: 1.059804 | r:  -508.000000 | e:   1.000000 | Q:        nan | won: False 
#  212 | steps:  2331 | steps_t:     0 | t: 1.065569 | r:  -512.000000 | e:   1.000000 | Q:        nan | won: False 
#  213 | steps:  2346 | steps_t:     0 | t: 1.070713 | r:  -503.000000 | e:   1.000000 | Q:        nan | won: False 
#  214 | steps:  2358 | steps_t:     0 | t: 1.074975 | r:  -511.000000 | e:   1.000000 | Q:        nan | won: False 
#  215 | steps:  2369 | steps_t:     0 | t: 1.078893 | r:  -510.000000 | e:   1.000000 | Q:        nan | won: False 
#  216 | steps:  2381 | steps_t:     0 | t: 1.083057 | r:  -511.000000 | e:   1.000000 | Q:        nan | won: False 
#  217 | steps:  2393 | steps_t:     0 | t: 1.087265 | r:  -511.000000 | e:   1.000000 | Q:        nan | won: False 
#  218 | steps:  2402 | steps_t:     0 | t: 1.093589 | r:  -508.000000 | e:   1.000000 | Q:        nan | won: False 
#  219 | steps:  2410 | steps_t:     0 | t: 1.096431 | r:  -507.000000 | e:   1.000000 | Q:        nan | won: False 
#  220 | steps:  2423 | steps_t:     0 | t: 1.103300 | r:  -512.000000 | e:   1.000000 | Q:        nan | won: False 
#  221 | steps:  2445 | steps_t:     0 | t: 1.111135 | r:  -521.000000 | e:   1.000000 | Q:        nan | won: False 
#  222 | steps:  2462 | steps_t:     0 | t: 1.119271 | r:  -516.000000 | e:   1.000000 | Q:        nan | won: False 
#  223 | steps:  2470 | steps_t:     0 | t: 1.121980 | r:  -507.000000 | e:   1.000000 | Q:        nan | won: False 
#  224 | steps:  2478 | steps_t:     0 | t: 1.127424 | r:  -507.000000 | e:   1.000000 | Q:        nan | won: False 
#  225 | steps:  2492 | steps_t:     0 | t: 1.132217 | r:  -513.000000 | e:   1.000000 | Q:        nan | won: False 
#  226 | steps:  2502 | steps_t:     0 | t: 1.135922 | r:  -509.000000 | e:   1.000000 | Q:        nan | won: False 
#  227 | steps:  2515 | steps_t:     0 | t: 1.140582 | r:  -512.000000 | e:   1.000000 | Q:        nan | won: False 
#  228 | steps:  2524 | steps_t:     0 | t: 1.143719 | r:  -508.000000 | e:   1.000000 | Q:        nan | won: False 
#  229 | steps:  2542 | steps_t:     0 | t: 1.150201 | r:  -517.000000 | e:   1.000000 | Q:        nan | won: False 
#  230 | steps:  2551 | steps_t:     0 | t: 1.153378 | r:  -508.000000 | e:   1.000000 | Q:        nan | won: False 
#  231 | steps:  2560 | steps_t:     0 | t: 1.156543 | r:  -508.000000 | e:   1.000000 | Q:        nan | won: False 
#  232 | steps:  2586 | steps_t:     0 | t: 1.165586 | r:  -514.000000 | e:   1.000000 | Q:        nan | won: False 
#  233 | steps:  2600 | steps_t:     0 | t: 1.170598 | r:  -513.000000 | e:   1.000000 | Q:        nan | won: False 
#  234 | steps:  2610 | steps_t:     0 | t: 1.174133 | r:  -509.000000 | e:   1.000000 | Q:        nan | won: False 
#  235 | steps:  2618 | steps_t:     0 | t: 1.176961 | r:  -507.000000 | e:   1.000000 | Q:        nan | won: False 
#  236 | steps:  2627 | steps_t:     0 | t: 1.180060 | r:  -508.000000 | e:   1.000000 | Q:        nan | won: False 
#  237 | steps:  2633 | steps_t:     0 | t: 1.182055 | r:  -505.000000 | e:   1.000000 | Q:        nan | won: False 
#  238 | steps:  2651 | steps_t:     0 | t: 1.188775 | r:  -517.000000 | e:   1.000000 | Q:        nan | won: False 
#  239 | steps:  2666 | steps_t:     0 | t: 1.194072 | r:  -503.000000 | e:   1.000000 | Q:        nan | won: False 
#  240 | steps:  2681 | steps_t:     0 | t: 1.203860 | r:  -514.000000 | e:   1.000000 | Q:        nan | won: False 
#  241 | steps:  2701 | steps_t:     0 | t: 1.214460 | r:  -519.000000 | e:   1.000000 | Q:        nan | won: False 
#  242 | steps:  2707 | steps_t:     0 | t: 1.216617 | r:  -505.000000 | e:   1.000000 | Q:        nan | won: False 
#  243 | steps:  2721 | steps_t:     0 | t: 1.221556 | r:  -513.000000 | e:   1.000000 | Q:        nan | won: False 
#  244 | steps:  2736 | steps_t:     0 | t: 1.230232 | r:  -514.000000 | e:   1.000000 | Q:        nan | won: False 
#  245 | steps:  2743 | steps_t:     0 | t: 1.232846 | r:  -506.000000 | e:   1.000000 | Q:        nan | won: False 
#  246 | steps:  2751 | steps_t:     0 | t: 1.235631 | r:  -507.000000 | e:   1.000000 | Q:        nan | won: False 
#  247 | steps:  2761 | steps_t:     0 | t: 1.242738 | r:  -509.000000 | e:   1.000000 | Q:        nan | won: False 
#  248 | steps:  2785 | steps_t:     0 | t: 1.252284 | r:  -523.000000 | e:   1.000000 | Q:        nan | won: False 
#  249 | steps:  2792 | steps_t:     0 | t: 1.254729 | r:  -506.000000 | e:   1.000000 | Q:        nan | won: False 
#  250 | steps:  2814 | steps_t:     0 | t: 1.262439 | r:  -521.000000 | e:   1.000000 | Q:        nan | won: False 
#  251 | steps:  2835 | steps_t:     0 | t: 1.269860 | r:  -520.000000 | e:   1.000000 | Q:        nan | won: False 
#  252 | steps:  2846 | steps_t:     0 | t: 1.273765 | r:  -510.000000 | e:   1.000000 | Q:        nan | won: False 
#  253 | steps:  2853 | steps_t:     0 | t: 1.276268 | r:  -506.000000 | e:   1.000000 | Q:        nan | won: False 
#  254 | steps:  2861 | steps_t:     0 | t: 1.282139 | r:  -507.000000 | e:   1.000000 | Q:        nan | won: False 
#  255 | steps:  2870 | steps_t:     0 | t: 1.285313 | r:  -508.000000 | e:   1.000000 | Q:        nan | won: False 
#  256 | steps:  2876 | steps_t:     0 | t: 1.287363 | r:  -505.000000 | e:   1.000000 | Q:        nan | won: False 
#  257 | steps:  2886 | steps_t:     0 | t: 1.293376 | r:  -509.000000 | e:   1.000000 | Q:        nan | won: False 
#  258 | steps:  2896 | steps_t:     0 | t: 1.297116 | r:  -509.000000 | e:   1.000000 | Q:        nan | won: False 
#  259 | steps:  2910 | steps_t:     0 | t: 1.304299 | r:  -513.000000 | e:   1.000000 | Q:        nan | won: False 
#  260 | steps:  2923 | steps_t:     0 | t: 1.308845 | r:  -512.000000 | e:   1.000000 | Q:        nan | won: False 
#  261 | steps:  2944 | steps_t:     0 | t: 1.318434 | r:  -520.000000 | e:   1.000000 | Q:        nan | won: False 
#  262 | steps:  2961 | steps_t:     0 | t: 1.328707 | r:  -516.000000 | e:   1.000000 | Q:        nan | won: False 
#  263 | steps:  2969 | steps_t:     0 | t: 1.331471 | r:  -507.000000 | e:   1.000000 | Q:        nan | won: False 
#  264 | steps:  2978 | steps_t:     0 | t: 1.334853 | r:  -508.000000 | e:   1.000000 | Q:        nan | won: False 
#  265 | steps:  2987 | steps_t:     0 | t: 1.339123 | r:  -508.000000 | e:   1.000000 | Q:        nan | won: False 
#  266 | steps:  2996 | steps_t:     0 | t: 1.344521 | r:  -508.000000 | e:   1.000000 | Q:        nan | won: False 
#  267 | steps:  3004 | steps_t:     0 | t: 1.347288 | r:  -507.000000 | e:   1.000000 | Q:        nan | won: False 
#  268 | steps:  3011 | steps_t:     0 | t: 1.349630 | r:  -506.000000 | e:   1.000000 | Q:        nan | won: False 
#  269 | steps:  3017 | steps_t:     0 | t: 1.355788 | r:  -505.000000 | e:   1.000000 | Q:        nan | won: False 
#  270 | steps:  3025 | steps_t:     0 | t: 1.358622 | r:  -507.000000 | e:   1.000000 | Q:        nan | won: False 
#  271 | steps:  3046 | steps_t:     0 | t: 1.369081 | r:  -520.000000 | e:   1.000000 | Q:        nan | won: False 
#  272 | steps:  3054 | steps_t:     0 | t: 1.372007 | r:  -507.000000 | e:   1.000000 | Q:        nan | won: False 
#  273 | steps:  3076 | steps_t:     0 | t: 1.380967 | r:  -521.000000 | e:   1.000000 | Q:        nan | won: False 
#  274 | steps:  3088 | steps_t:     0 | t: 1.385198 | r:  -511.000000 | e:   1.000000 | Q:        nan | won: False 
#  275 | steps:  3113 | steps_t:     0 | t: 1.394022 | r:  -513.000000 | e:   1.000000 | Q:        nan | won: False 
#  276 | steps:  3122 | steps_t:     0 | t: 1.397090 | r:  -508.000000 | e:   1.000000 | Q:        nan | won: False 
#  277 | steps:  3136 | steps_t:     0 | t: 1.401998 | r:  -491.000000 | e:   1.000000 | Q:        nan | won: False 
#  278 | steps:  3144 | steps_t:     0 | t: 1.407588 | r:  -507.000000 | e:   1.000000 | Q:        nan | won: False 
#  279 | steps:  3158 | steps_t:     0 | t: 1.412443 | r:  -513.000000 | e:   1.000000 | Q:        nan | won: False 
#  280 | steps:  3177 | steps_t:     0 | t: 1.421344 | r:  -518.000000 | e:   1.000000 | Q:        nan | won: False 
#  281 | steps:  3185 | steps_t:     0 | t: 1.424126 | r:  -507.000000 | e:   1.000000 | Q:        nan | won: False 
#  282 | steps:  3201 | steps_t:     0 | t: 1.432630 | r:  -504.000000 | e:   1.000000 | Q:        nan | won: False 
#  283 | steps:  3210 | steps_t:     0 | t: 1.435639 | r:  -508.000000 | e:   1.000000 | Q:        nan | won: False 
#  284 | steps:  3231 | steps_t:     0 | t: 1.445287 | r:  -520.000000 | e:   1.000000 | Q:        nan | won: False 
#  285 | steps:  3243 | steps_t:     0 | t: 1.449692 | r:  -511.000000 | e:   1.000000 | Q:        nan | won: False 
#  286 | steps:  3251 | steps_t:     0 | t: 1.452510 | r:  -507.000000 | e:   1.000000 | Q:        nan | won: False 
#  287 | steps:  3259 | steps_t:     0 | t: 1.459525 | r:  -507.000000 | e:   1.000000 | Q:        nan | won: False 
#  288 | steps:  3269 | steps_t:     0 | t: 1.463031 | r:  -509.000000 | e:   1.000000 | Q:        nan | won: False 
#  289 | steps:  3283 | steps_t:     0 | t: 1.468937 | r:  -513.000000 | e:   1.000000 | Q:        nan | won: False 
#  290 | steps:  3304 | steps_t:     0 | t: 1.478728 | r:  -520.000000 | e:   1.000000 | Q:        nan | won: False 
#  291 | steps:  3310 | steps_t:     0 | t: 1.480862 | r:  -505.000000 | e:   1.000000 | Q:        nan | won: False 
#  292 | steps:  3320 | steps_t:     0 | t: 1.487940 | r:  -509.000000 | e:   1.000000 | Q:        nan | won: False 
#  293 | steps:  3329 | steps_t:     0 | t: 1.491154 | r:  -508.000000 | e:   1.000000 | Q:        nan | won: False 
#  294 | steps:  3336 | steps_t:     0 | t: 1.493496 | r:  -506.000000 | e:   1.000000 | Q:        nan | won: False 
#  295 | steps:  3342 | steps_t:     0 | t: 1.498734 | r:  -505.000000 | e:   1.000000 | Q:        nan | won: False 
#  296 | steps:  3356 | steps_t:     0 | t: 1.503495 | r:  -513.000000 | e:   1.000000 | Q:        nan | won: False 
#  297 | steps:  3366 | steps_t:     0 | t: 1.507075 | r:  -509.000000 | e:   1.000000 | Q:        nan | won: False 
#  298 | steps:  3374 | steps_t:     0 | t: 1.511086 | r:  -507.000000 | e:   1.000000 | Q:        nan | won: False 
#  299 | steps:  3382 | steps_t:     0 | t: 1.513830 | r:  -507.000000 | e:   1.000000 | Q:        nan | won: False 
#  300 | steps:  3390 | steps_t:     0 | t: 1.516623 | r:  -507.000000 | e:   1.000000 | Q:        nan | won: False 
#  301 | steps:  3400 | steps_t:     0 | t: 1.520248 | r:  -509.000000 | e:   1.000000 | Q:        nan | won: False 
#  302 | steps:  3407 | steps_t:     0 | t: 1.522754 | r:  -506.000000 | e:   1.000000 | Q:        nan | won: False 
#  303 | steps:  3415 | steps_t:     0 | t: 1.525427 | r:  -507.000000 | e:   1.000000 | Q:        nan | won: False 
#  304 | steps:  3423 | steps_t:     0 | t: 1.528257 | r:  -507.000000 | e:   1.000000 | Q:        nan | won: False 
#  305 | steps:  3431 | steps_t:     0 | t: 1.531115 | r:  -507.000000 | e:   1.000000 | Q:        nan | won: False 
#  306 | steps:  3438 | steps_t:     0 | t: 1.533589 | r:  -506.000000 | e:   1.000000 | Q:        nan | won: False 
#  307 | steps:  3459 | steps_t:     0 | t: 1.544420 | r:  -520.000000 | e:   1.000000 | Q:        nan | won: False 
#  308 | steps:  3472 | steps_t:     0 | t: 1.551268 | r:  -512.000000 | e:   1.000000 | Q:        nan | won: False 
#  309 | steps:  3496 | steps_t:     0 | t: 1.559752 | r:  -523.000000 | e:   1.000000 | Q:        nan | won: False 
#  310 | steps:  3506 | steps_t:     0 | t: 1.565660 | r:  -509.000000 | e:   1.000000 | Q:        nan | won: False 
#  311 | steps:  3516 | steps_t:     0 | t: 1.569524 | r:  -509.000000 | e:   1.000000 | Q:        nan | won: False 
#  312 | steps:  3529 | steps_t:     0 | t: 1.575910 | r:  -512.000000 | e:   1.000000 | Q:        nan | won: False 
#  313 | steps:  3537 | steps_t:     0 | t: 1.579267 | r:  -507.000000 | e:   1.000000 | Q:        nan | won: False 
#  314 | steps:  3548 | steps_t:     0 | t: 1.583162 | r:  -510.000000 | e:   1.000000 | Q:        nan | won: False 
#  315 | steps:  3557 | steps_t:     0 | t: 1.586329 | r:  -508.000000 | e:   1.000000 | Q:        nan | won: False 
#  316 | steps:  3567 | steps_t:     0 | t: 1.594159 | r:  -509.000000 | e:   1.000000 | Q:        nan | won: False 
#  317 | steps:  3572 | steps_t:     0 | t: 1.595892 | r:  -504.000000 | e:   1.000000 | Q:        nan | won: False 
#  318 | steps:  3581 | steps_t:     0 | t: 1.598913 | r:  -508.000000 | e:   1.000000 | Q:        nan | won: False 
#  319 | steps:  3590 | steps_t:     0 | t: 1.605310 | r:  -508.000000 | e:   1.000000 | Q:        nan | won: False 
#  320 | steps:  3597 | steps_t:     0 | t: 1.607764 | r:  -506.000000 | e:   1.000000 | Q:        nan | won: False 
#  321 | steps:  3606 | steps_t:     0 | t: 1.610913 | r:  -508.000000 | e:   1.000000 | Q:        nan | won: False 
#  322 | steps:  3626 | steps_t:     0 | t: 1.621314 | r:  -519.000000 | e:   1.000000 | Q:        nan | won: False 
#  323 | steps:  3645 | steps_t:     0 | t: 1.631832 | r:  -518.000000 | e:   1.000000 | Q:        nan | won: False 
#  324 | steps:  3654 | steps_t:     0 | t: 1.635041 | r:  -508.000000 | e:   1.000000 | Q:        nan | won: False 
#  325 | steps:  3665 | steps_t:     0 | t: 1.638918 | r:  -510.000000 | e:   1.000000 | Q:        nan | won: False 
#  326 | steps:  3688 | steps_t:     0 | t: 1.648095 | r:  -522.000000 | e:   1.000000 | Q:        nan | won: False 
#  327 | steps:  3695 | steps_t:     0 | t: 1.650606 | r:  -506.000000 | e:   1.000000 | Q:        nan | won: False 
#  328 | steps:  3704 | steps_t:     0 | t: 1.653719 | r:  -508.000000 | e:   1.000000 | Q:        nan | won: False 
#  329 | steps:  3727 | steps_t:     0 | t: 1.662005 | r:  -522.000000 | e:   1.000000 | Q:        nan | won: False 
#  330 | steps:  3740 | steps_t:     0 | t: 1.666407 | r:  -512.000000 | e:   1.000000 | Q:        nan | won: False 
#  331 | steps:  3749 | steps_t:     0 | t: 1.672834 | r:  -508.000000 | e:   1.000000 | Q:        nan | won: False 
#  332 | steps:  3761 | steps_t:     0 | t: 1.676998 | r:  -511.000000 | e:   1.000000 | Q:        nan | won: False 
#  333 | steps:  3767 | steps_t:     0 | t: 1.679075 | r:  -505.000000 | e:   1.000000 | Q:        nan | won: False 
#  334 | steps:  3776 | steps_t:     0 | t: 1.684572 | r:  -508.000000 | e:   1.000000 | Q:        nan | won: False 
#  335 | steps:  3790 | steps_t:     0 | t: 1.689289 | r:  -513.000000 | e:   1.000000 | Q:        nan | won: False 
#  336 | steps:  3798 | steps_t:     0 | t: 1.694419 | r:  -507.000000 | e:   1.000000 | Q:        nan | won: False 
#  337 | steps:  3806 | steps_t:     0 | t: 1.697478 | r:  -507.000000 | e:   1.000000 | Q:        nan | won: False 
#  338 | steps:  3830 | steps_t:     0 | t: 1.708468 | r:  -523.000000 | e:   1.000000 | Q:        nan | won: False 
#  339 | steps:  3840 | steps_t:     0 | t: 1.711927 | r:  -509.000000 | e:   1.000000 | Q:        nan | won: False 
#  340 | steps:  3849 | steps_t:     0 | t: 1.715129 | r:  -508.000000 | e:   1.000000 | Q:        nan | won: False 
#  341 | steps:  3858 | steps_t:     0 | t: 1.723113 | r:  -508.000000 | e:   1.000000 | Q:        nan | won: False 
#  342 | steps:  3868 | steps_t:     0 | t: 1.726879 | r:  -509.000000 | e:   1.000000 | Q:        nan | won: False 
#  343 | steps:  3875 | steps_t:     0 | t: 1.729414 | r:  -506.000000 | e:   1.000000 | Q:        nan | won: False 
#  344 | steps:  3884 | steps_t:     0 | t: 1.735939 | r:  -508.000000 | e:   1.000000 | Q:        nan | won: False 
#  345 | steps:  3893 | steps_t:     0 | t: 1.738959 | r:  -508.000000 | e:   1.000000 | Q:        nan | won: False 
#  346 | steps:  3932 | steps_t:     0 | t: 1.757572 | r:  -538.000000 | e:   1.000000 | Q:        nan | won: False 
#  347 | steps:  3947 | steps_t:     0 | t: 1.765188 | r:  -514.000000 | e:   1.000000 | Q:        nan | won: False 
#  348 | steps:  3959 | steps_t:     0 | t: 1.769277 | r:  -511.000000 | e:   1.000000 | Q:        nan | won: False 
#  349 | steps:  3973 | steps_t:     0 | t: 1.775319 | r:  -513.000000 | e:   1.000000 | Q:        nan | won: False 
#  350 | steps:  3979 | steps_t:     0 | t: 1.777480 | r:  -505.000000 | e:   1.000000 | Q:        nan | won: False 
#  351 | steps:  3984 | steps_t:     0 | t: 1.779253 | r:  -504.000000 | e:   1.000000 | Q:        nan | won: False 
#  352 | steps:  3996 | steps_t:     0 | t: 1.783521 | r:  -511.000000 | e:   1.000000 | Q:        nan | won: False 
#  353 | steps:  4007 | steps_t:     0 | t: 1.787549 | r:  -510.000000 | e:   1.000000 | Q:        nan | won: False 
#  354 | steps:  4017 | steps_t:     0 | t: 1.791066 | r:  -509.000000 | e:   1.000000 | Q:        nan | won: False 
#  355 | steps:  4024 | steps_t:     0 | t: 1.793501 | r:  -506.000000 | e:   1.000000 | Q:        nan | won: False 
#  356 | steps:  4041 | steps_t:     0 | t: 1.802478 | r:  -516.000000 | e:   1.000000 | Q:        nan | won: False 
#  357 | steps:  4050 | steps_t:     0 | t: 1.805679 | r:  -508.000000 | e:   1.000000 | Q:        nan | won: False 
#  358 | steps:  4059 | steps_t:     0 | t: 1.809496 | r:  -508.000000 | e:   1.000000 | Q:        nan | won: False 
#  359 | steps:  4089 | steps_t:     0 | t: 1.824857 | r:  -529.000000 | e:   1.000000 | Q:        nan | won: False 
#  360 | steps:  4100 | steps_t:     0 | t: 1.828897 | r:  -510.000000 | e:   1.000000 | Q:        nan | won: False 
#  361 | steps:  4107 | steps_t:     0 | t: 1.831337 | r:  -506.000000 | e:   1.000000 | Q:        nan | won: False 
#  362 | steps:  4112 | steps_t:     0 | t: 1.833111 | r:  -504.000000 | e:   1.000000 | Q:        nan | won: False 
#  363 | steps:  4130 | steps_t:     0 | t: 1.841763 | r:  -517.000000 | e:   1.000000 | Q:        nan | won: False 
#  364 | steps:  4136 | steps_t:     0 | t: 1.843845 | r:  -505.000000 | e:   1.000000 | Q:        nan | won: False 
#  365 | steps:  4148 | steps_t:     0 | t: 1.852886 | r:  -511.000000 | e:   1.000000 | Q:        nan | won: False 
#  366 | steps:  4158 | steps_t:     0 | t: 1.856378 | r:  -509.000000 | e:   1.000000 | Q:        nan | won: False 
#  367 | steps:  4168 | steps_t:     0 | t: 1.859872 | r:  -509.000000 | e:   1.000000 | Q:        nan | won: False 
#  368 | steps:  4194 | steps_t:     0 | t: 1.872043 | r:  -525.000000 | e:   1.000000 | Q:        nan | won: False 
#  369 | steps:  4200 | steps_t:     0 | t: 1.877837 | r:  -505.000000 | e:   1.000000 | Q:        nan | won: False 
#  370 | steps:  4224 | steps_t:     0 | t: 1.886435 | r:  -523.000000 | e:   1.000000 | Q:        nan | won: False 
#  371 | steps:  4238 | steps_t:     0 | t: 1.894888 | r:  -513.000000 | e:   1.000000 | Q:        nan | won: False 
#  372 | steps:  4248 | steps_t:     0 | t: 1.898412 | r:  -509.000000 | e:   1.000000 | Q:        nan | won: False 
#  373 | steps:  4256 | steps_t:     0 | t: 1.901140 | r:  -507.000000 | e:   1.000000 | Q:        nan | won: False 
#  374 | steps:  4263 | steps_t:     0 | t: 1.904863 | r:  -506.000000 | e:   1.000000 | Q:        nan | won: False 
#  375 | steps:  4274 | steps_t:     0 | t: 1.908879 | r:  -510.000000 | e:   1.000000 | Q:        nan | won: False 
#  376 | steps:  4282 | steps_t:     0 | t: 1.911705 | r:  -507.000000 | e:   1.000000 | Q:        nan | won: False 
#  377 | steps:  4288 | steps_t:     0 | t: 1.913703 | r:  -505.000000 | e:   1.000000 | Q:        nan | won: False 
#  378 | steps:  4312 | steps_t:     0 | t: 1.922265 | r:  -523.000000 | e:   1.000000 | Q:        nan | won: False 
#  379 | steps:  4321 | steps_t:     0 | t: 1.925427 | r:  -508.000000 | e:   1.000000 | Q:        nan | won: False 
#  380 | steps:  4347 | steps_t:     0 | t: 1.937258 | r:  -525.000000 | e:   1.000000 | Q:        nan | won: False 
#  381 | steps:  4366 | steps_t:     0 | t: 1.946365 | r:  -518.000000 | e:   1.000000 | Q:        nan | won: False 
#  382 | steps:  4375 | steps_t:     0 | t: 1.949470 | r:  -508.000000 | e:   1.000000 | Q:        nan | won: False 
#  383 | steps:  4383 | steps_t:     0 | t: 1.952227 | r:  -507.000000 | e:   1.000000 | Q:        nan | won: False 
#  384 | steps:  4390 | steps_t:     0 | t: 1.957214 | r:  -506.000000 | e:   1.000000 | Q:        nan | won: False 
#  385 | steps:  4403 | steps_t:     0 | t: 1.961756 | r:  -512.000000 | e:   1.000000 | Q:        nan | won: False 
#  386 | steps:  4415 | steps_t:     0 | t: 1.968585 | r:  -511.000000 | e:   1.000000 | Q:        nan | won: False 
#  387 | steps:  4423 | steps_t:     0 | t: 1.972065 | r:  -507.000000 | e:   1.000000 | Q:        nan | won: False 
#  388 | steps:  4432 | steps_t:     0 | t: 1.975506 | r:  -508.000000 | e:   1.000000 | Q:        nan | won: False 
#  389 | steps:  4441 | steps_t:     0 | t: 1.979037 | r:  -508.000000 | e:   1.000000 | Q:        nan | won: False 
#  390 | steps:  4453 | steps_t:     0 | t: 1.983185 | r:  -511.000000 | e:   1.000000 | Q:        nan | won: False 
#  391 | steps:  4463 | steps_t:     0 | t: 1.986693 | r:  -509.000000 | e:   1.000000 | Q:        nan | won: False 
#  392 | steps:  4479 | steps_t:     0 | t: 1.992452 | r:  -515.000000 | e:   1.000000 | Q:        nan | won: False 
#  393 | steps:  4497 | steps_t:     0 | t: 1.998717 | r:  -517.000000 | e:   1.000000 | Q:        nan | won: False 
#  394 | steps:  4505 | steps_t:     0 | t: 2.002158 | r:  -507.000000 | e:   1.000000 | Q:        nan | won: False 
#  395 | steps:  4514 | steps_t:     0 | t: 2.005191 | r:  -508.000000 | e:   1.000000 | Q:        nan | won: False 
#  396 | steps:  4524 | steps_t:     0 | t: 2.008784 | r:  -509.000000 | e:   1.000000 | Q:        nan | won: False 
#  397 | steps:  4530 | steps_t:     0 | t: 2.010859 | r:  -505.000000 | e:   1.000000 | Q:        nan | won: False 
#  398 | steps:  4543 | steps_t:     0 | t: 2.015794 | r:  -512.000000 | e:   1.000000 | Q:        nan | won: False 
#  399 | steps:  4552 | steps_t:     0 | t: 2.018826 | r:  -508.000000 | e:   1.000000 | Q:        nan | won: False 
#  400 | steps:  4562 | steps_t:     0 | t: 2.022357 | r:  -509.000000 | e:   1.000000 | Q:        nan | won: False 
#  401 | steps:  4571 | steps_t:     0 | t: 2.025524 | r:  -508.000000 | e:   1.000000 | Q:        nan | won: False 
#  402 | steps:  4578 | steps_t:     0 | t: 2.027837 | r:  -506.000000 | e:   1.000000 | Q:        nan | won: False 
#  403 | steps:  4588 | steps_t:     0 | t: 2.031570 | r:  -509.000000 | e:   1.000000 | Q:        nan | won: False 
#  404 | steps:  4596 | steps_t:     0 | t: 2.041919 | r:  -507.000000 | e:   1.000000 | Q:        nan | won: False 
#  405 | steps:  4610 | steps_t:     0 | t: 2.046755 | r:  -513.000000 | e:   1.000000 | Q:        nan | won: False 
#  406 | steps:  4629 | steps_t:     0 | t: 2.056955 | r:  -496.000000 | e:   1.000000 | Q:        nan | won: False 
#  407 | steps:  4639 | steps_t:     0 | t: 2.060852 | r:  -509.000000 | e:   1.000000 | Q:        nan | won: False 
#  408 | steps:  4663 | steps_t:     0 | t: 2.073310 | r:  -523.000000 | e:   1.000000 | Q:        nan | won: False 
#  409 | steps:  4680 | steps_t:     0 | t: 2.080665 | r:  -516.000000 | e:   1.000000 | Q:        nan | won: False 
#  410 | steps:  4687 | steps_t:     0 | t: 2.082990 | r:  -506.000000 | e:   1.000000 | Q:        nan | won: False 
#  411 | steps:  4698 | steps_t:     0 | t: 2.086759 | r:  -510.000000 | e:   1.000000 | Q:        nan | won: False 
#  412 | steps:  4710 | steps_t:     0 | t: 2.090967 | r:  -511.000000 | e:   1.000000 | Q:        nan | won: False 
#  413 | steps:  4719 | steps_t:     0 | t: 2.094093 | r:  -508.000000 | e:   1.000000 | Q:        nan | won: False 
#  414 | steps:  4727 | steps_t:     0 | t: 2.096871 | r:  -507.000000 | e:   1.000000 | Q:        nan | won: False 
#  415 | steps:  4737 | steps_t:     0 | t: 2.100368 | r:  -509.000000 | e:   1.000000 | Q:        nan | won: False 
#  416 | steps:  4752 | steps_t:     0 | t: 2.108554 | r:  -492.000000 | e:   1.000000 | Q:        nan | won: False 
#  417 | steps:  4761 | steps_t:     0 | t: 2.111538 | r:  -508.000000 | e:   1.000000 | Q:        nan | won: False 
#  418 | steps:  4781 | steps_t:     0 | t: 2.120996 | r:  -519.000000 | e:   1.000000 | Q:        nan | won: False 
#  419 | steps:  4789 | steps_t:     0 | t: 2.123611 | r:  -507.000000 | e:   1.000000 | Q:        nan | won: False 
#  420 | steps:  4797 | steps_t:     0 | t: 2.126517 | r:  -507.000000 | e:   1.000000 | Q:        nan | won: False 
#  421 | steps:  4807 | steps_t:     0 | t: 2.132560 | r:  -509.000000 | e:   1.000000 | Q:        nan | won: False 
#  422 | steps:  4814 | steps_t:     0 | t: 2.134962 | r:  -506.000000 | e:   1.000000 | Q:        nan | won: False 
#  423 | steps:  4833 | steps_t:     0 | t: 2.143885 | r:  -507.000000 | e:   1.000000 | Q:        nan | won: False 
#  424 | steps:  4840 | steps_t:     0 | t: 2.146320 | r:  -506.000000 | e:   1.000000 | Q:        nan | won: False 
#  425 | steps:  4856 | steps_t:     0 | t: 2.151934 | r:  -515.000000 | e:   1.000000 | Q:        nan | won: False 
#  426 | steps:  4866 | steps_t:     0 | t: 2.160064 | r:  -509.000000 | e:   1.000000 | Q:        nan | won: False 
#  427 | steps:  4885 | steps_t:     0 | t: 2.170307 | r:  -518.000000 | e:   1.000000 | Q:        nan | won: False 
#  428 | steps:  4899 | steps_t:     0 | t: 2.175239 | r:  -513.000000 | e:   1.000000 | Q:        nan | won: False 
#  429 | steps:  4910 | steps_t:     0 | t: 2.182717 | r:  -510.000000 | e:   1.000000 | Q:        nan | won: False 
#  430 | steps:  4927 | steps_t:     0 | t: 2.188748 | r:  -505.000000 | e:   1.000000 | Q:        nan | won: False 
#  431 | steps:  4938 | steps_t:     0 | t: 2.195783 | r:  -510.000000 | e:   1.000000 | Q:        nan | won: False 
#  432 | steps:  4948 | steps_t:     0 | t: 2.199305 | r:  -509.000000 | e:   1.000000 | Q:        nan | won: False 
#  433 | steps:  4963 | steps_t:     0 | t: 2.204901 | r:  -514.000000 | e:   1.000000 | Q:        nan | won: False 
#  434 | steps:  4974 | steps_t:     0 | t: 2.210074 | r:  -510.000000 | e:   1.000000 | Q:        nan | won: False 
#  435 | steps:  4983 | steps_t:     0 | t: 2.213204 | r:  -508.000000 | e:   1.000000 | Q:        nan | won: False 
#  436 | steps:  4991 | steps_t:     0 | t: 2.215993 | r:  -507.000000 | e:   1.000000 | Q:        nan | won: False 
#  437 | steps:  4999 | steps_t:     0 | t: 2.218868 | r:  -507.000000 | e:   1.000000 | Q:        nan | won: False 
#  438 | steps:  5012 | steps_t:    11 | t: 2.647674 | r:  -512.000000 | e:   0.998900 | Q:        nan | won: False 
#  439 | steps:  5022 | steps_t:    20 | t: 2.765358 | r:  -509.000000 | e:   0.998000 | Q:        nan | won: False 
#  440 | steps:  5038 | steps_t:    35 | t: 2.924789 | r:  -504.000000 | e:   0.996500 | Q:        nan | won: False 
#  441 | steps:  5046 | steps_t:    42 | t: 3.015950 | r:  -507.000000 | e:   0.995800 | Q:        nan | won: False 
#  442 | steps:  5063 | steps_t:    58 | t: 3.191778 | r:  -516.000000 | e:   0.994200 | Q:        nan | won: False 
#  443 | steps:  5071 | steps_t:    65 | t: 3.287739 | r:  -507.000000 | e:   0.993500 | Q:        nan | won: False 
#  444 | steps:  5078 | steps_t:    71 | t: 3.355503 | r:  -506.000000 | e:   0.992900 | Q:        nan | won: False 
