#    1 | steps:    15 | steps_t:     0 | t: 0.038628 | r:  -514.000000 | e:   1.000000 | Q:        nan | won: False 
#    2 | steps:    26 | steps_t:     0 | t: 0.047966 | r:  -510.000000 | e:   1.000000 | Q:        nan | won: False 
#    3 | steps:    37 | steps_t:     0 | t: 0.061800 | r:  -510.000000 | e:   1.000000 | Q:        nan | won: False 
#    4 | steps:    63 | steps_t:     0 | t: 0.096804 | r:  -525.000000 | e:   1.000000 | Q:        nan | won: False 
#    5 | steps:    72 | steps_t:     0 | t: 0.106930 | r:  -508.000000 | e:   1.000000 | Q:        nan | won: False 
#    6 | steps:    92 | steps_t:     0 | t: 0.125606 | r:  -519.000000 | e:   1.000000 | Q:        nan | won: False 
#    7 | steps:   104 | steps_t:     0 | t: 0.141945 | r:  -511.000000 | e:   1.000000 | Q:        nan | won: False 
#    8 | steps:   119 | steps_t:     0 | t: 0.167174 | r:  -514.000000 | e:   1.000000 | Q:        nan | won: False 
#    9 | steps:   129 | steps_t:     0 | t: 0.180054 | r:  -509.000000 | e:   1.000000 | Q:        nan | won: False 
#   10 | steps:   137 | steps_t:     0 | t: 0.187752 | r:  -507.000000 | e:   1.000000 | Q:        nan | won: False 
#   11 | steps:   152 | steps_t:     0 | t: 0.209526 | r:  -514.000000 | e:   1.000000 | Q:        nan | won: False 
#   12 | steps:   163 | steps_t:     0 | t: 0.226550 | r:  -510.000000 | e:   1.000000 | Q:        nan | won: False 
#   13 | steps:   173 | steps_t:     0 | t: 0.237534 | r:  -509.000000 | e:   1.000000 | Q:        nan | won: False 
#   14 | steps:   185 | steps_t:     0 | t: 0.254007 | r:  -511.000000 | e:   1.000000 | Q:        nan | won: False 
#   15 | steps:   194 | steps_t:     0 | t: 0.264108 | r:  -508.000000 | e:   1.000000 | Q:        nan | won: False 
#   16 | steps:   204 | steps_t:     0 | t: 0.272102 | r:  -509.000000 | e:   1.000000 | Q:        nan | won: False 
#   17 | steps:   216 | steps_t:     0 | t: 0.295340 | r:  -511.000000 | e:   1.000000 | Q:        nan | won: False 
#   18 | steps:   223 | steps_t:     0 | t: 0.301621 | r:  -506.000000 | e:   1.000000 | Q:        nan | won: False 
#   19 | steps:   230 | steps_t:     0 | t: 0.314521 | r:  -506.000000 | e:   1.000000 | Q:        nan | won: False 
#   20 | steps:   239 | steps_t:     0 | t: 0.323909 | r:  -508.000000 | e:   1.000000 | Q:        nan | won: False 
#   21 | steps:   250 | steps_t:     0 | t: 0.341810 | r:  -510.000000 | e:   1.000000 | Q:        nan | won: False 
#   22 | steps:   261 | steps_t:     0 | t: 0.351780 | r:  -510.000000 | e:   1.000000 | Q:        nan | won: False 
#   23 | steps:   274 | steps_t:     0 | t: 0.365445 | r:  -512.000000 | e:   1.000000 | Q:        nan | won: False 
#   24 | steps:   288 | steps_t:     0 | t: 0.381465 | r:  -513.000000 | e:   1.000000 | Q:        nan | won: False 
#   25 | steps:   294 | steps_t:     0 | t: 0.397202 | r:  -505.000000 | e:   1.000000 | Q:        nan | won: False 
#   26 | steps:   301 | steps_t:     0 | t: 0.403050 | r:  -506.000000 | e:   1.000000 | Q:        nan | won: False 
#   27 | steps:   318 | steps_t:     0 | t: 0.424699 | r:  -516.000000 | e:   1.000000 | Q:        nan | won: False 
#   28 | steps:   332 | steps_t:     0 | t: 0.437672 | r:  -491.000000 | e:   1.000000 | Q:        nan | won: False 
#   29 | steps:   342 | steps_t:     0 | t: 0.445918 | r:  -509.000000 | e:   1.000000 | Q:        nan | won: False 
#   30 | steps:   365 | steps_t:     0 | t: 0.470256 | r:  -522.000000 | e:   1.000000 | Q:        nan | won: False 
#   31 | steps:   373 | steps_t:     0 | t: 0.479521 | r:  -507.000000 | e:   1.000000 | Q:        nan | won: False 
#   32 | steps:   383 | steps_t:     0 | t: 0.491314 | r:  -509.000000 | e:   1.000000 | Q:        nan | won: False 
#   33 | steps:   394 | steps_t:     0 | t: 0.503807 | r:  -510.000000 | e:   1.000000 | Q:        nan | won: False 
#   34 | steps:   406 | steps_t:     0 | t: 0.516667 | r:  -511.000000 | e:   1.000000 | Q:        nan | won: False 
#   35 | steps:   416 | steps_t:     0 | t: 0.525718 | r:  -509.000000 | e:   1.000000 | Q:        nan | won: False 
#   36 | steps:   426 | steps_t:     0 | t: 0.536952 | r:  -509.000000 | e:   1.000000 | Q:        nan | won: False 
#   37 | steps:   433 | steps_t:     0 | t: 0.547098 | r:  -506.000000 | e:   1.000000 | Q:        nan | won: False 
#   38 | steps:   440 | steps_t:     0 | t: 0.559453 | r:  -506.000000 | e:   1.000000 | Q:        nan | won: False 
#   39 | steps:   460 | steps_t:     0 | t: 0.581565 | r:  -519.000000 | e:   1.000000 | Q:        nan | won: False 
#   40 | steps:   468 | steps_t:     0 | t: 0.590590 | r:  -507.000000 | e:   1.000000 | Q:        nan | won: False 
#   41 | steps:   477 | steps_t:     0 | t: 0.599050 | r:  -508.000000 | e:   1.000000 | Q:        nan | won: False 
#   42 | steps:   488 | steps_t:     0 | t: 0.611684 | r:  -510.000000 | e:   1.000000 | Q:        nan | won: False 
#   43 | steps:   496 | steps_t:     0 | t: 0.623372 | r:  -507.000000 | e:   1.000000 | Q:        nan | won: False 
#   44 | steps:   502 | steps_t:     0 | t: 0.629476 | r:  -505.000000 | e:   1.000000 | Q:        nan | won: False 
#   45 | steps:   522 | steps_t:     0 | t: 0.653669 | r:  -519.000000 | e:   1.000000 | Q:        nan | won: False 
#   46 | steps:   529 | steps_t:     0 | t: 0.666941 | r:  -506.000000 | e:   1.000000 | Q:        nan | won: False 
#   47 | steps:   536 | steps_t:     0 | t: 0.675919 | r:  -506.000000 | e:   1.000000 | Q:        nan | won: False 
#   48 | steps:   557 | steps_t:     0 | t: 0.700658 | r:  -520.000000 | e:   1.000000 | Q:        nan | won: False 
#   49 | steps:   565 | steps_t:     0 | t: 0.716794 | r:  -507.000000 | e:   1.000000 | Q:        nan | won: False 
#   50 | steps:   577 | steps_t:     0 | t: 0.725965 | r:  -511.000000 | e:   1.000000 | Q:        nan | won: False 
#   51 | steps:   585 | steps_t:     0 | t: 0.735200 | r:  -507.000000 | e:   1.000000 | Q:        nan | won: False 
#   52 | steps:   595 | steps_t:     0 | t: 0.748253 | r:  -509.000000 | e:   1.000000 | Q:        nan | won: False 
#   53 | steps:   607 | steps_t:     0 | t: 0.760662 | r:  -511.000000 | e:   1.000000 | Q:        nan | won: False 
#   54 | steps:   615 | steps_t:     0 | t: 0.767059 | r:  -507.000000 | e:   1.000000 | Q:        nan | won: False 
#   55 | steps:   627 | steps_t:     0 | t: 0.779100 | r:  -511.000000 | e:   1.000000 | Q:        nan | won: False 
#   56 | steps:   636 | steps_t:     0 | t: 0.789572 | r:  -508.000000 | e:   1.000000 | Q:        nan | won: False 
#   57 | steps:   647 | steps_t:     0 | t: 0.801378 | r:  -510.000000 | e:   1.000000 | Q:        nan | won: False 
#   58 | steps:   654 | steps_t:     0 | t: 0.809398 | r:  -506.000000 | e:   1.000000 | Q:        nan | won: False 
#   59 | steps:   674 | steps_t:     0 | t: 0.868388 | r:  -519.000000 | e:   1.000000 | Q:        nan | won: False 
#   60 | steps:   685 | steps_t:     0 | t: 0.880167 | r:  -510.000000 | e:   1.000000 | Q:        nan | won: False 
#   61 | steps:   695 | steps_t:     0 | t: 0.891255 | r:  -509.000000 | e:   1.000000 | Q:        nan | won: False 
#   62 | steps:   702 | steps_t:     0 | t: 0.898967 | r:  -506.000000 | e:   1.000000 | Q:        nan | won: False 
#   63 | steps:   712 | steps_t:     0 | t: 0.910936 | r:  -509.000000 | e:   1.000000 | Q:        nan | won: False 
#   64 | steps:   721 | steps_t:     0 | t: 0.920583 | r:  -508.000000 | e:   1.000000 | Q:        nan | won: False 
#   65 | steps:   733 | steps_t:     0 | t: 0.933555 | r:  -511.000000 | e:   1.000000 | Q:        nan | won: False 
#   66 | steps:   748 | steps_t:     0 | t: 0.947815 | r:  -503.000000 | e:   1.000000 | Q:        nan | won: False 
#   67 | steps:   757 | steps_t:     0 | t: 0.957331 | r:  -508.000000 | e:   1.000000 | Q:        nan | won: False 
#   68 | steps:   766 | steps_t:     0 | t: 0.966044 | r:  -508.000000 | e:   1.000000 | Q:        nan | won: False 
#   69 | steps:   772 | steps_t:     0 | t: 0.972754 | r:  -505.000000 | e:   1.000000 | Q:        nan | won: False 
#   70 | steps:   795 | steps_t:     0 | t: 0.997662 | r:  -522.000000 | e:   1.000000 | Q:        nan | won: False 
#   71 | steps:   804 | steps_t:     0 | t: 1.006372 | r:  -508.000000 | e:   1.000000 | Q:        nan | won: False 
#   72 | steps:   811 | steps_t:     0 | t: 1.014125 | r:  -506.000000 | e:   1.000000 | Q:        nan | won: False 
#   73 | steps:   818 | steps_t:     0 | t: 1.021151 | r:  -506.000000 | e:   1.000000 | Q:        nan | won: False 
#   74 | steps:   828 | steps_t:     0 | t: 1.030724 | r:  -509.000000 | e:   1.000000 | Q:        nan | won: False 
#   75 | steps:   838 | steps_t:     0 | t: 1.041390 | r:  -509.000000 | e:   1.000000 | Q:        nan | won: False 
#   76 | steps:   845 | steps_t:     0 | t: 1.047968 | r:  -506.000000 | e:   1.000000 | Q:        nan | won: False 
#   77 | steps:   852 | steps_t:     0 | t: 1.055637 | r:  -506.000000 | e:   1.000000 | Q:        nan | won: False 
#   78 | steps:   859 | steps_t:     0 | t: 1.063020 | r:  -506.000000 | e:   1.000000 | Q:        nan | won: False 
#   79 | steps:   867 | steps_t:     0 | t: 1.072090 | r:  -507.000000 | e:   1.000000 | Q:        nan | won: False 
#   80 | steps:   877 | steps_t:     0 | t: 1.082040 | r:  -509.000000 | e:   1.000000 | Q:        nan | won: False 
#   81 | steps:   888 | steps_t:     0 | t: 1.094580 | r:  -510.000000 | e:   1.000000 | Q:        nan | won: False 
#   82 | steps:   905 | steps_t:     0 | t: 1.109790 | r:  -516.000000 | e:   1.000000 | Q:        nan | won: False 
#   83 | steps:   920 | steps_t:     0 | t: 1.123704 | r:  -514.000000 | e:   1.000000 | Q:        nan | won: False 
#   84 | steps:   941 | steps_t:     0 | t: 1.145066 | r:  -520.000000 | e:   1.000000 | Q:        nan | won: False 
#   85 | steps:   959 | steps_t:     0 | t: 1.164114 | r:  -517.000000 | e:   1.000000 | Q:        nan | won: False 
#   86 | steps:   968 | steps_t:     0 | t: 1.174033 | r:  -508.000000 | e:   1.000000 | Q:        nan | won: False 
#   87 | steps:   979 | steps_t:     0 | t: 1.186987 | r:  -510.000000 | e:   1.000000 | Q:        nan | won: False 
#   88 | steps:   994 | steps_t:     0 | t: 1.202633 | r:  -514.000000 | e:   1.000000 | Q:        nan | won: False 
#   89 | steps:  1000 | steps_t:     0 | t: 1.207347 | r:  -505.000000 | e:   1.000000 | Q:        nan | won: False 
#   90 | steps:  1023 | steps_t:     0 | t: 1.227742 | r:  -522.000000 | e:   1.000000 | Q:        nan | won: False 
#   91 | steps:  1034 | steps_t:     0 | t: 1.239627 | r:  -510.000000 | e:   1.000000 | Q:        nan | won: False 
#   92 | steps:  1041 | steps_t:     0 | t: 1.246776 | r:  -506.000000 | e:   1.000000 | Q:        nan | won: False 
#   93 | steps:  1052 | steps_t:     0 | t: 1.257833 | r:  -510.000000 | e:   1.000000 | Q:        nan | won: False 
#   94 | steps:  1059 | steps_t:     0 | t: 1.266141 | r:  -506.000000 | e:   1.000000 | Q:        nan | won: False 
#   95 | steps:  1068 | steps_t:     0 | t: 1.274618 | r:  -508.000000 | e:   1.000000 | Q:        nan | won: False 
#   96 | steps:  1074 | steps_t:     0 | t: 1.282302 | r:  -505.000000 | e:   1.000000 | Q:        nan | won: False 
#   97 | steps:  1085 | steps_t:     0 | t: 1.294018 | r:  -510.000000 | e:   1.000000 | Q:        nan | won: False 
#   98 | steps:  1103 | steps_t:     0 | t: 1.310780 | r:  -517.000000 | e:   1.000000 | Q:        nan | won: False 
#   99 | steps:  1110 | steps_t:     0 | t: 1.319606 | r:  -506.000000 | e:   1.000000 | Q:        nan | won: False 
#  100 | steps:  1121 | steps_t:     0 | t: 1.331015 | r:  -510.000000 | e:   1.000000 | Q:        nan | won: False 
#  101 | steps:  1132 | steps_t:     0 | t: 1.343261 | r:  -510.000000 | e:   1.000000 | Q:        nan | won: False 
#  102 | steps:  1144 | steps_t:     0 | t: 1.355598 | r:  -511.000000 | e:   1.000000 | Q:        nan | won: False 
#  103 | steps:  1152 | steps_t:     0 | t: 1.364627 | r:  -507.000000 | e:   1.000000 | Q:        nan | won: False 
#  104 | steps:  1165 | steps_t:     0 | t: 1.377303 | r:  -512.000000 | e:   1.000000 | Q:        nan | won: False 
#  105 | steps:  1188 | steps_t:     0 | t: 1.400783 | r:  -522.000000 | e:   1.000000 | Q:        nan | won: False 
#  106 | steps:  1209 | steps_t:     0 | t: 1.423320 | r:  -520.000000 | e:   1.000000 | Q:        nan | won: False 
#  107 | steps:  1222 | steps_t:     0 | t: 1.439711 | r:  -512.000000 | e:   1.000000 | Q:        nan | won: False 
#  108 | steps:  1236 | steps_t:     0 | t: 1.455286 | r:  -513.000000 | e:   1.000000 | Q:        nan | won: False 
#  109 | steps:  1241 | steps_t:     0 | t: 1.460658 | r:  -504.000000 | e:   1.000000 | Q:        nan | won: False 
#  110 | steps:  1250 | steps_t:     0 | t: 1.468676 | r:  -508.000000 | e:   1.000000 | Q:        nan | won: False 
#  111 | steps:  1256 | steps_t:     0 | t: 1.473640 | r:  -505.000000 | e:   1.000000 | Q:        nan | won: False 
#  112 | steps:  1264 | steps_t:     0 | t: 1.482415 | r:  -507.000000 | e:   1.000000 | Q:        nan | won: False 
#  113 | steps:  1277 | steps_t:     0 | t: 1.495082 | r:  -512.000000 | e:   1.000000 | Q:        nan | won: False 
#  114 | steps:  1302 | steps_t:     0 | t: 1.519136 | r:  -524.000000 | e:   1.000000 | Q:        nan | won: False 
#  115 | steps:  1314 | steps_t:     0 | t: 1.531348 | r:  -511.000000 | e:   1.000000 | Q:        nan | won: False 
#  116 | steps:  1321 | steps_t:     0 | t: 1.538267 | r:  -506.000000 | e:   1.000000 | Q:        nan | won: False 
#  117 | steps:  1343 | steps_t:     0 | t: 1.560510 | r:  -521.000000 | e:   1.000000 | Q:        nan | won: False 
#  118 | steps:  1348 | steps_t:     0 | t: 1.564751 | r:  -504.000000 | e:   1.000000 | Q:        nan | won: False 
#  119 | steps:  1357 | steps_t:     0 | t: 1.572435 | r:  -508.000000 | e:   1.000000 | Q:        nan | won: False 
#  120 | steps:  1367 | steps_t:     0 | t: 1.582572 | r:  -509.000000 | e:   1.000000 | Q:        nan | won: False 
#  121 | steps:  1374 | steps_t:     0 | t: 1.589591 | r:  -506.000000 | e:   1.000000 | Q:        nan | won: False 
#  122 | steps:  1396 | steps_t:     0 | t: 1.612722 | r:  -521.000000 | e:   1.000000 | Q:        nan | won: False 
#  123 | steps:  1405 | steps_t:     0 | t: 1.622861 | r:  -508.000000 | e:   1.000000 | Q:        nan | won: False 
#  124 | steps:  1415 | steps_t:     0 | t: 1.633372 | r:  -509.000000 | e:   1.000000 | Q:        nan | won: False 
#  125 | steps:  1424 | steps_t:     0 | t: 1.645412 | r:  -508.000000 | e:   1.000000 | Q:        nan | won: False 
#  126 | steps:  1437 | steps_t:     0 | t: 1.656317 | r:  -512.000000 | e:   1.000000 | Q:        nan | won: False 
#  127 | steps:  1455 | steps_t:     0 | t: 1.686709 | r:  -517.000000 | e:   1.000000 | Q:        nan | won: False 
#  128 | steps:  1464 | steps_t:     0 | t: 1.696352 | r:  -508.000000 | e:   1.000000 | Q:        nan | won: False 
#  129 | steps:  1472 | steps_t:     0 | t: 1.704759 | r:  -507.000000 | e:   1.000000 | Q:        nan | won: False 
#  130 | steps:  1483 | steps_t:     0 | t: 1.724938 | r:  -510.000000 | e:   1.000000 | Q:        nan | won: False 
#  131 | steps:  1493 | steps_t:     0 | t: 1.736974 | r:  -509.000000 | e:   1.000000 | Q:        nan | won: False 
#  132 | steps:  1500 | steps_t:     0 | t: 1.741702 | r:  -506.000000 | e:   1.000000 | Q:        nan | won: False 
#  133 | steps:  1512 | steps_t:     0 | t: 1.753991 | r:  -511.000000 | e:   1.000000 | Q:        nan | won: False 
#  134 | steps:  1522 | steps_t:     0 | t: 1.766618 | r:  -509.000000 | e:   1.000000 | Q:        nan | won: False 
#  135 | steps:  1531 | steps_t:     0 | t: 1.777386 | r:  -508.000000 | e:   1.000000 | Q:        nan | won: False 
#  136 | steps:  1546 | steps_t:     0 | t: 1.799115 | r:  -503.000000 | e:   1.000000 | Q:        nan | won: False 
#  137 | steps:  1554 | steps_t:     0 | t: 1.805924 | r:  -507.000000 | e:   1.000000 | Q:        nan | won: False 
#  138 | steps:  1561 | steps_t:     0 | t: 1.812405 | r:  -506.000000 | e:   1.000000 | Q:        nan | won: False 
#  139 | steps:  1574 | steps_t:     0 | t: 1.826177 | r:  -512.000000 | e:   1.000000 | Q:        nan | won: False 
#  140 | steps:  1589 | steps_t:     0 | t: 1.850014 | r:  -514.000000 | e:   1.000000 | Q:        nan | won: False 
#  141 | steps:  1598 | steps_t:     0 | t: 1.860816 | r:  -508.000000 | e:   1.000000 | Q:        nan | won: False 
#  142 | steps:  1608 | steps_t:     0 | t: 1.878634 | r:  -509.000000 | e:   1.000000 | Q:        nan | won: False 
#  143 | steps:  1615 | steps_t:     0 | t: 1.884632 | r:  -506.000000 | e:   1.000000 | Q:        nan | won: False 
#  144 | steps:  1633 | steps_t:     0 | t: 1.903189 | r:  -517.000000 | e:   1.000000 | Q:        nan | won: False 
#  145 | steps:  1644 | steps_t:     0 | t: 1.919805 | r:  -510.000000 | e:   1.000000 | Q:        nan | won: False 
#  146 | steps:  1652 | steps_t:     0 | t: 1.930390 | r:  -507.000000 | e:   1.000000 | Q:        nan | won: False 
#  147 | steps:  1659 | steps_t:     0 | t: 1.938655 | r:  -506.000000 | e:   1.000000 | Q:        nan | won: False 
#  148 | steps:  1674 | steps_t:     0 | t: 1.959767 | r:  -514.000000 | e:   1.000000 | Q:        nan | won: False 
#  149 | steps:  1691 | steps_t:     0 | t: 1.975301 | r:  -516.000000 | e:   1.000000 | Q:        nan | won: False 
#  150 | steps:  1707 | steps_t:     0 | t: 2.003457 | r:  -504.000000 | e:   1.000000 | Q:        nan | won: False 
#  151 | steps:  1715 | steps_t:     0 | t: 2.014074 | r:  -507.000000 | e:   1.000000 | Q:        nan | won: False 
#  152 | steps:  1730 | steps_t:     0 | t: 2.036201 | r:  -514.000000 | e:   1.000000 | Q:        nan | won: False 
#  153 | steps:  1737 | steps_t:     0 | t: 2.042431 | r:  -506.000000 | e:   1.000000 | Q:        nan | won: False 
#  154 | steps:  1744 | steps_t:     0 | t: 2.048144 | r:  -506.000000 | e:   1.000000 | Q:        nan | won: False 
#  155 | steps:  1752 | steps_t:     0 | t: 2.056170 | r:  -507.000000 | e:   1.000000 | Q:        nan | won: False 
#  156 | steps:  1766 | steps_t:     0 | t: 2.084091 | r:  -513.000000 | e:   1.000000 | Q:        nan | won: False 
#  157 | steps:  1778 | steps_t:     0 | t: 2.096122 | r:  -511.000000 | e:   1.000000 | Q:        nan | won: False 
#  158 | steps:  1787 | steps_t:     0 | t: 2.112715 | r:  -508.000000 | e:   1.000000 | Q:        nan | won: False 
#  159 | steps:  1797 | steps_t:     0 | t: 2.122543 | r:  -509.000000 | e:   1.000000 | Q:        nan | won: False 
#  160 | steps:  1807 | steps_t:     0 | t: 2.130866 | r:  -509.000000 | e:   1.000000 | Q:        nan | won: False 
#  161 | steps:  1815 | steps_t:     0 | t: 2.142845 | r:  -507.000000 | e:   1.000000 | Q:        nan | won: False 
#  162 | steps:  1821 | steps_t:     0 | t: 2.148618 | r:  -505.000000 | e:   1.000000 | Q:        nan | won: False 
#  163 | steps:  1831 | steps_t:     0 | t: 2.163248 | r:  -509.000000 | e:   1.000000 | Q:        nan | won: False 
#  164 | steps:  1839 | steps_t:     0 | t: 2.171886 | r:  -507.000000 | e:   1.000000 | Q:        nan | won: False 
#  165 | steps:  1846 | steps_t:     0 | t: 2.185699 | r:  -506.000000 | e:   1.000000 | Q:        nan | won: False 
#  166 | steps:  1863 | steps_t:     0 | t: 2.218472 | r:  -516.000000 | e:   1.000000 | Q:        nan | won: False 
#  167 | steps:  1876 | steps_t:     0 | t: 2.236072 | r:  -512.000000 | e:   1.000000 | Q:        nan | won: False 
#  168 | steps:  1886 | steps_t:     0 | t: 2.247193 | r:  -509.000000 | e:   1.000000 | Q:        nan | won: False 
#  169 | steps:  1901 | steps_t:     0 | t: 2.262790 | r:  -503.000000 | e:   1.000000 | Q:        nan | won: False 
#  170 | steps:  1922 | steps_t:     0 | t: 2.286532 | r:  -520.000000 | e:   1.000000 | Q:        nan | won: False 
#  171 | steps:  1935 | steps_t:     0 | t: 2.300771 | r:  -512.000000 | e:   1.000000 | Q:        nan | won: False 
#  172 | steps:  1946 | steps_t:     0 | t: 2.312969 | r:  -510.000000 | e:   1.000000 | Q:        nan | won: False 
#  173 | steps:  1958 | steps_t:     0 | t: 2.327618 | r:  -511.000000 | e:   1.000000 | Q:        nan | won: False 
#  174 | steps:  1977 | steps_t:     0 | t: 2.353485 | r:  -518.000000 | e:   1.000000 | Q:        nan | won: False 
#  175 | steps:  2004 | steps_t:     0 | t: 2.392969 | r:  -504.000000 | e:   1.000000 | Q:        nan | won: False 
#  176 | steps:  2012 | steps_t:     0 | t: 2.405042 | r:  -507.000000 | e:   1.000000 | Q:        nan | won: False 
#  177 | steps:  2022 | steps_t:     0 | t: 2.428007 | r:  -509.000000 | e:   1.000000 | Q:        nan | won: False 
#  178 | steps:  2042 | steps_t:     0 | t: 2.456814 | r:  -519.000000 | e:   1.000000 | Q:        nan | won: False 
#  179 | steps:  2048 | steps_t:     0 | t: 2.465768 | r:  -505.000000 | e:   1.000000 | Q:        nan | won: False 
#  180 | steps:  2056 | steps_t:     0 | t: 2.473882 | r:  -507.000000 | e:   1.000000 | Q:        nan | won: False 
#  181 | steps:  2065 | steps_t:     0 | t: 2.483690 | r:  -508.000000 | e:   1.000000 | Q:        nan | won: False 
#  182 | steps:  2075 | steps_t:     0 | t: 2.497258 | r:  -509.000000 | e:   1.000000 | Q:        nan | won: False 
#  183 | steps:  2082 | steps_t:     0 | t: 2.511589 | r:  -506.000000 | e:   1.000000 | Q:        nan | won: False 
#  184 | steps:  2092 | steps_t:     0 | t: 2.532672 | r:  -509.000000 | e:   1.000000 | Q:        nan | won: False 
#  185 | steps:  2102 | steps_t:     0 | t: 2.553046 | r:  -509.000000 | e:   1.000000 | Q:        nan | won: False 
#  186 | steps:  2108 | steps_t:     0 | t: 2.561199 | r:  -505.000000 | e:   1.000000 | Q:        nan | won: False 
#  187 | steps:  2114 | steps_t:     0 | t: 2.568431 | r:  -505.000000 | e:   1.000000 | Q:        nan | won: False 
#  188 | steps:  2127 | steps_t:     0 | t: 2.589031 | r:  -512.000000 | e:   1.000000 | Q:        nan | won: False 
#  189 | steps:  2134 | steps_t:     0 | t: 2.602414 | r:  -506.000000 | e:   1.000000 | Q:        nan | won: False 
#  190 | steps:  2142 | steps_t:     0 | t: 2.609930 | r:  -507.000000 | e:   1.000000 | Q:        nan | won: False 
#  191 | steps:  2149 | steps_t:     0 | t: 2.615921 | r:  -506.000000 | e:   1.000000 | Q:        nan | won: False 
#  192 | steps:  2160 | steps_t:     0 | t: 2.632540 | r:  -510.000000 | e:   1.000000 | Q:        nan | won: False 
#  193 | steps:  2174 | steps_t:     0 | t: 2.656120 | r:  -513.000000 | e:   1.000000 | Q:        nan | won: False 
#  194 | steps:  2181 | steps_t:     0 | t: 2.667660 | r:  -506.000000 | e:   1.000000 | Q:        nan | won: False 
#  195 | steps:  2187 | steps_t:     0 | t: 2.675565 | r:  -505.000000 | e:   1.000000 | Q:        nan | won: False 
#  196 | steps:  2195 | steps_t:     0 | t: 2.682603 | r:  -507.000000 | e:   1.000000 | Q:        nan | won: False 
#  197 | steps:  2203 | steps_t:     0 | t: 2.690548 | r:  -507.000000 | e:   1.000000 | Q:        nan | won: False 
#  198 | steps:  2212 | steps_t:     0 | t: 2.706895 | r:  -508.000000 | e:   1.000000 | Q:        nan | won: False 
#  199 | steps:  2219 | steps_t:     0 | t: 2.715159 | r:  -506.000000 | e:   1.000000 | Q:        nan | won: False 
#  200 | steps:  2230 | steps_t:     0 | t: 2.731545 | r:  -510.000000 | e:   1.000000 | Q:        nan | won: False 
#  201 | steps:  2240 | steps_t:     0 | t: 2.742267 | r:  -509.000000 | e:   1.000000 | Q:        nan | won: False 
#  202 | steps:  2250 | steps_t:     0 | t: 2.756102 | r:  -509.000000 | e:   1.000000 | Q:        nan | won: False 
#  203 | steps:  2271 | steps_t:     0 | t: 2.776128 | r:  -509.000000 | e:   1.000000 | Q:        nan | won: False 
#  204 | steps:  2280 | steps_t:     0 | t: 2.786403 | r:  -508.000000 | e:   1.000000 | Q:        nan | won: False 
#  205 | steps:  2288 | steps_t:     0 | t: 2.794489 | r:  -507.000000 | e:   1.000000 | Q:        nan | won: False 
#  206 | steps:  2298 | steps_t:     0 | t: 2.810619 | r:  -509.000000 | e:   1.000000 | Q:        nan | won: False 
#  207 | steps:  2306 | steps_t:     0 | t: 2.820111 | r:  -507.000000 | e:   1.000000 | Q:        nan | won: False 
#  208 | steps:  2315 | steps_t:     0 | t: 2.831999 | r:  -508.000000 | e:   1.000000 | Q:        nan | won: False 
#  209 | steps:  2339 | steps_t:     0 | t: 2.857192 | r:  -523.000000 | e:   1.000000 | Q:        nan | won: False 
#  210 | steps:  2348 | steps_t:     0 | t: 2.874039 | r:  -508.000000 | e:   1.000000 | Q:        nan | won: False 
#  211 | steps:  2356 | steps_t:     0 | t: 2.889969 | r:  -507.000000 | e:   1.000000 | Q:        nan | won: False 
#  212 | steps:  2364 | steps_t:     0 | t: 2.898817 | r:  -507.000000 | e:   1.000000 | Q:        nan | won: False 
#  213 | steps:  2373 | steps_t:     0 | t: 2.909056 | r:  -508.000000 | e:   1.000000 | Q:        nan | won: False 
#  214 | steps:  2382 | steps_t:     0 | t: 2.919449 | r:  -508.000000 | e:   1.000000 | Q:        nan | won: False 
#  215 | steps:  2391 | steps_t:     0 | t: 2.928825 | r:  -508.000000 | e:   1.000000 | Q:        nan | won: False 
#  216 | steps:  2409 | steps_t:     0 | t: 2.959725 | r:  -517.000000 | e:   1.000000 | Q:        nan | won: False 
#  217 | steps:  2425 | steps_t:     0 | t: 2.988276 | r:  -515.000000 | e:   1.000000 | Q:        nan | won: False 
#  218 | steps:  2433 | steps_t:     0 | t: 2.998283 | r:  -507.000000 | e:   1.000000 | Q:        nan | won: False 
#  219 | steps:  2441 | steps_t:     0 | t: 3.005275 | r:  -507.000000 | e:   1.000000 | Q:        nan | won: False 
#  220 | steps:  2452 | steps_t:     0 | t: 3.016052 | r:  -510.000000 | e:   1.000000 | Q:        nan | won: False 
#  221 | steps:  2460 | steps_t:     0 | t: 3.024693 | r:  -507.000000 | e:   1.000000 | Q:        nan | won: False 
#  222 | steps:  2467 | steps_t:     0 | t: 3.032523 | r:  -506.000000 | e:   1.000000 | Q:        nan | won: False 
#  223 | steps:  2482 | steps_t:     0 | t: 3.052271 | r:  -514.000000 | e:   1.000000 | Q:        nan | won: False 
#  224 | steps:  2493 | steps_t:     0 | t: 3.062587 | r:  -510.000000 | e:   1.000000 | Q:        nan | won: False 
#  225 | steps:  2501 | steps_t:     0 | t: 3.075795 | r:  -507.000000 | e:   1.000000 | Q:        nan | won: False 
#  226 | steps:  2507 | steps_t:     0 | t: 3.081521 | r:  -505.000000 | e:   1.000000 | Q:        nan | won: False 
#  227 | steps:  2514 | steps_t:     0 | t: 3.087075 | r:  -506.000000 | e:   1.000000 | Q:        nan | won: False 
#  228 | steps:  2525 | steps_t:     0 | t: 3.098773 | r:  -510.000000 | e:   1.000000 | Q:        nan | won: False 
#  229 | steps:  2539 | steps_t:     0 | t: 3.113959 | r:  -502.000000 | e:   1.000000 | Q:        nan | won: False 
#  230 | steps:  2552 | steps_t:     0 | t: 3.133232 | r:  -512.000000 | e:   1.000000 | Q:        nan | won: False 
#  231 | steps:  2561 | steps_t:     0 | t: 3.142215 | r:  -508.000000 | e:   1.000000 | Q:        nan | won: False 
#  232 | steps:  2575 | steps_t:     0 | t: 3.168662 | r:  -513.000000 | e:   1.000000 | Q:        nan | won: False 
#  233 | steps:  2589 | steps_t:     0 | t: 3.184821 | r:  -513.000000 | e:   1.000000 | Q:        nan | won: False 
#  234 | steps:  2610 | steps_t:     0 | t: 3.215055 | r:  -520.000000 | e:   1.000000 | Q:        nan | won: False 
#  235 | steps:  2618 | steps_t:     0 | t: 3.228007 | r:  -507.000000 | e:   1.000000 | Q:        nan | won: False 
#  236 | steps:  2627 | steps_t:     0 | t: 3.239529 | r:  -508.000000 | e:   1.000000 | Q:        nan | won: False 
#  237 | steps:  2645 | steps_t:     0 | t: 3.254964 | r:  -517.000000 | e:   1.000000 | Q:        nan | won: False 
#  238 | steps:  2656 | steps_t:     0 | t: 3.271630 | r:  -510.000000 | e:   1.000000 | Q:        nan | won: False 
#  239 | steps:  2672 | steps_t:     0 | t: 3.296112 | r:  -515.000000 | e:   1.000000 | Q:        nan | won: False 
#  240 | steps:  2680 | steps_t:     0 | t: 3.306610 | r:  -507.000000 | e:   1.000000 | Q:        nan | won: False 
#  241 | steps:  2687 | steps_t:     0 | t: 3.317391 | r:  -506.000000 | e:   1.000000 | Q:        nan | won: False 
#  242 | steps:  2697 | steps_t:     0 | t: 3.327517 | r:  -509.000000 | e:   1.000000 | Q:        nan | won: False 
#  243 | steps:  2705 | steps_t:     0 | t: 3.333909 | r:  -507.000000 | e:   1.000000 | Q:        nan | won: False 
#  244 | steps:  2716 | steps_t:     0 | t: 3.355853 | r:  -510.000000 | e:   1.000000 | Q:        nan | won: False 
#  245 | steps:  2727 | steps_t:     0 | t: 3.372665 | r:  -510.000000 | e:   1.000000 | Q:        nan | won: False 
#  246 | steps:  2749 | steps_t:     0 | t: 3.401931 | r:  -521.000000 | e:   1.000000 | Q:        nan | won: False 
#  247 | steps:  2761 | steps_t:     0 | t: 3.413471 | r:  -511.000000 | e:   1.000000 | Q:        nan | won: False 
#  248 | steps:  2770 | steps_t:     0 | t: 3.438259 | r:  -508.000000 | e:   1.000000 | Q:        nan | won: False 
#  249 | steps:  2786 | steps_t:     0 | t: 3.461193 | r:  -515.000000 | e:   1.000000 | Q:        nan | won: False 
#  250 | steps:  2798 | steps_t:     0 | t: 3.472980 | r:  -511.000000 | e:   1.000000 | Q:        nan | won: False 
#  251 | steps:  2807 | steps_t:     0 | t: 3.480196 | r:  -508.000000 | e:   1.000000 | Q:        nan | won: False 
#  252 | steps:  2814 | steps_t:     0 | t: 3.498864 | r:  -506.000000 | e:   1.000000 | Q:        nan | won: False 
#  253 | steps:  2827 | steps_t:     0 | t: 3.512410 | r:  -512.000000 | e:   1.000000 | Q:        nan | won: False 
#  254 | steps:  2832 | steps_t:     0 | t: 3.518754 | r:  -504.000000 | e:   1.000000 | Q:        nan | won: False 
#  255 | steps:  2839 | steps_t:     0 | t: 3.527239 | r:  -506.000000 | e:   1.000000 | Q:        nan | won: False 
#  256 | steps:  2853 | steps_t:     0 | t: 3.542546 | r:  -513.000000 | e:   1.000000 | Q:        nan | won: False 
#  257 | steps:  2866 | steps_t:     0 | t: 3.556546 | r:  -512.000000 | e:   1.000000 | Q:        nan | won: False 
#  258 | steps:  2876 | steps_t:     0 | t: 3.565027 | r:  -509.000000 | e:   1.000000 | Q:        nan | won: False 
#  259 | steps:  2881 | steps_t:     0 | t: 3.569290 | r:  -504.000000 | e:   1.000000 | Q:        nan | won: False 
#  260 | steps:  2892 | steps_t:     0 | t: 3.584098 | r:  -510.000000 | e:   1.000000 | Q:        nan | won: False 
#  261 | steps:  2910 | steps_t:     0 | t: 3.604176 | r:  -495.000000 | e:   1.000000 | Q:        nan | won: False 
#  262 | steps:  2921 | steps_t:     0 | t: 3.615924 | r:  -510.000000 | e:   1.000000 | Q:        nan | won: False 
#  263 | steps:  2938 | steps_t:     0 | t: 3.633347 | r:  -516.000000 | e:   1.000000 | Q:        nan | won: False 
#  264 | steps:  2951 | steps_t:     0 | t: 3.647928 | r:  -512.000000 | e:   1.000000 | Q:        nan | won: False 
#  265 | steps:  2962 | steps_t:     0 | t: 3.657123 | r:  -510.000000 | e:   1.000000 | Q:        nan | won: False 
#  266 | steps:  2976 | steps_t:     0 | t: 3.682296 | r:  -513.000000 | e:   1.000000 | Q:        nan | won: False 
#  267 | steps:  2982 | steps_t:     0 | t: 3.688601 | r:  -505.000000 | e:   1.000000 | Q:        nan | won: False 
#  268 | steps:  2988 | steps_t:     0 | t: 3.695242 | r:  -505.000000 | e:   1.000000 | Q:        nan | won: False 
#  269 | steps:  2997 | steps_t:     0 | t: 3.705708 | r:  -508.000000 | e:   1.000000 | Q:        nan | won: False 
#  270 | steps:  3009 | steps_t:     0 | t: 3.719568 | r:  -511.000000 | e:   1.000000 | Q:        nan | won: False 
#  271 | steps:  3022 | steps_t:     0 | t: 3.733526 | r:  -512.000000 | e:   1.000000 | Q:        nan | won: False 
#  272 | steps:  3032 | steps_t:     0 | t: 3.741601 | r:  -509.000000 | e:   1.000000 | Q:        nan | won: False 
#  273 | steps:  3040 | steps_t:     0 | t: 3.755033 | r:  -507.000000 | e:   1.000000 | Q:        nan | won: False 
#  274 | steps:  3051 | steps_t:     0 | t: 3.766312 | r:  -510.000000 | e:   1.000000 | Q:        nan | won: False 
#  275 | steps:  3058 | steps_t:     0 | t: 3.773956 | r:  -506.000000 | e:   1.000000 | Q:        nan | won: False 
#  276 | steps:  3070 | steps_t:     0 | t: 3.786363 | r:  -511.000000 | e:   1.000000 | Q:        nan | won: False 
#  277 | steps:  3078 | steps_t:     0 | t: 3.795333 | r:  -507.000000 | e:   1.000000 | Q:        nan | won: False 
#  278 | steps:  3088 | steps_t:     0 | t: 3.806621 | r:  -509.000000 | e:   1.000000 | Q:        nan | won: False 
#  279 | steps:  3097 | steps_t:     0 | t: 3.815429 | r:  -508.000000 | e:   1.000000 | Q:        nan | won: False 
#  280 | steps:  3117 | steps_t:     0 | t: 3.845282 | r:  -519.000000 | e:   1.000000 | Q:        nan | won: False 
#  281 | steps:  3126 | steps_t:     0 | t: 3.857975 | r:  -508.000000 | e:   1.000000 | Q:        nan | won: False 
#  282 | steps:  3131 | steps_t:     0 | t: 3.863644 | r:  -504.000000 | e:   1.000000 | Q:        nan | won: False 
#  283 | steps:  3145 | steps_t:     0 | t: 3.883709 | r:  -513.000000 | e:   1.000000 | Q:        nan | won: False 
#  284 | steps:  3158 | steps_t:     0 | t: 3.895168 | r:  -512.000000 | e:   1.000000 | Q:        nan | won: False 
#  285 | steps:  3166 | steps_t:     0 | t: 3.901802 | r:  -507.000000 | e:   1.000000 | Q:        nan | won: False 
#  286 | steps:  3175 | steps_t:     0 | t: 3.911932 | r:  -508.000000 | e:   1.000000 | Q:        nan | won: False 
#  287 | steps:  3186 | steps_t:     0 | t: 3.923331 | r:  -510.000000 | e:   1.000000 | Q:        nan | won: False 
#  288 | steps:  3195 | steps_t:     0 | t: 3.941664 | r:  -508.000000 | e:   1.000000 | Q:        nan | won: False 
#  289 | steps:  3213 | steps_t:     0 | t: 3.968028 | r:  -517.000000 | e:   1.000000 | Q:        nan | won: False 
#  290 | steps:  3221 | steps_t:     0 | t: 3.975259 | r:  -507.000000 | e:   1.000000 | Q:        nan | won: False 
#  291 | steps:  3241 | steps_t:     0 | t: 3.994290 | r:  -519.000000 | e:   1.000000 | Q:        nan | won: False 
#  292 | steps:  3251 | steps_t:     0 | t: 4.005526 | r:  -509.000000 | e:   1.000000 | Q:        nan | won: False 
#  293 | steps:  3258 | steps_t:     0 | t: 4.018588 | r:  -506.000000 | e:   1.000000 | Q:        nan | won: False 
#  294 | steps:  3267 | steps_t:     0 | t: 4.026100 | r:  -508.000000 | e:   1.000000 | Q:        nan | won: False 
#  295 | steps:  3274 | steps_t:     0 | t: 4.039529 | r:  -506.000000 | e:   1.000000 | Q:        nan | won: False 
#  296 | steps:  3285 | steps_t:     0 | t: 4.049062 | r:  -510.000000 | e:   1.000000 | Q:        nan | won: False 
#  297 | steps:  3298 | steps_t:     0 | t: 4.061752 | r:  -512.000000 | e:   1.000000 | Q:        nan | won: False 
#  298 | steps:  3310 | steps_t:     0 | t: 4.074356 | r:  -511.000000 | e:   1.000000 | Q:        nan | won: False 
#  299 | steps:  3332 | steps_t:     0 | t: 4.102360 | r:  -521.000000 | e:   1.000000 | Q:        nan | won: False 
#  300 | steps:  3341 | steps_t:     0 | t: 4.116079 | r:  -508.000000 | e:   1.000000 | Q:        nan | won: False 
#  301 | steps:  3348 | steps_t:     0 | t: 4.122487 | r:  -506.000000 | e:   1.000000 | Q:        nan | won: False 
#  302 | steps:  3359 | steps_t:     0 | t: 4.133878 | r:  -510.000000 | e:   1.000000 | Q:        nan | won: False 
#  303 | steps:  3370 | steps_t:     0 | t: 4.144691 | r:  -510.000000 | e:   1.000000 | Q:        nan | won: False 
#  304 | steps:  3390 | steps_t:     0 | t: 4.187913 | r:  -519.000000 | e:   1.000000 | Q:        nan | won: False 
#  305 | steps:  3397 | steps_t:     0 | t: 4.205886 | r:  -506.000000 | e:   1.000000 | Q:        nan | won: False 
#  306 | steps:  3406 | steps_t:     0 | t: 4.223892 | r:  -508.000000 | e:   1.000000 | Q:        nan | won: False 
#  307 | steps:  3416 | steps_t:     0 | t: 4.235131 | r:  -509.000000 | e:   1.000000 | Q:        nan | won: False 
#  308 | steps:  3427 | steps_t:     0 | t: 4.254120 | r:  -510.000000 | e:   1.000000 | Q:        nan | won: False 
#  309 | steps:  3433 | steps_t:     0 | t: 4.259624 | r:  -505.000000 | e:   1.000000 | Q:        nan | won: False 
#  310 | steps:  3459 | steps_t:     0 | t: 4.288296 | r:  -514.000000 | e:   1.000000 | Q:        nan | won: False 
#  311 | steps:  3468 | steps_t:     0 | t: 4.299089 | r:  -508.000000 | e:   1.000000 | Q:        nan | won: False 
#  312 | steps:  3485 | steps_t:     0 | t: 4.318816 | r:  -516.000000 | e:   1.000000 | Q:        nan | won: False 
#  313 | steps:  3495 | steps_t:     0 | t: 4.330282 | r:  -509.000000 | e:   1.000000 | Q:        nan | won: False 
#  314 | steps:  3504 | steps_t:     0 | t: 4.338442 | r:  -508.000000 | e:   1.000000 | Q:        nan | won: False 
#  315 | steps:  3515 | steps_t:     0 | t: 4.348723 | r:  -510.000000 | e:   1.000000 | Q:        nan | won: False 
#  316 | steps:  3526 | steps_t:     0 | t: 4.361143 | r:  -510.000000 | e:   1.000000 | Q:        nan | won: False 
#  317 | steps:  3536 | steps_t:     0 | t: 4.371935 | r:  -509.000000 | e:   1.000000 | Q:        nan | won: False 
#  318 | steps:  3549 | steps_t:     0 | t: 4.395946 | r:  -512.000000 | e:   1.000000 | Q:        nan | won: False 
#  319 | steps:  3569 | steps_t:     0 | t: 4.420075 | r:  -519.000000 | e:   1.000000 | Q:        nan | won: False 
#  320 | steps:  3583 | steps_t:     0 | t: 4.438138 | r:  -513.000000 | e:   1.000000 | Q:        nan | won: False 
#  321 | steps:  3597 | steps_t:     0 | t: 4.454721 | r:  -513.000000 | e:   1.000000 | Q:        nan | won: False 
#  322 | steps:  3604 | steps_t:     0 | t: 4.462383 | r:  -506.000000 | e:   1.000000 | Q:        nan | won: False 
#  323 | steps:  3626 | steps_t:     0 | t: 4.485264 | r:  -521.000000 | e:   1.000000 | Q:        nan | won: False 
#  324 | steps:  3642 | steps_t:     0 | t: 4.502919 | r:  -515.000000 | e:   1.000000 | Q:        nan | won: False 
#  325 | steps:  3660 | steps_t:     0 | t: 4.519101 | r:  -517.000000 | e:   1.000000 | Q:        nan | won: False 
#  326 | steps:  3668 | steps_t:     0 | t: 4.527880 | r:  -507.000000 | e:   1.000000 | Q:        nan | won: False 
#  327 | steps:  3688 | steps_t:     0 | t: 4.544770 | r:  -519.000000 | e:   1.000000 | Q:        nan | won: False 
#  328 | steps:  3698 | steps_t:     0 | t: 4.551517 | r:  -509.000000 | e:   1.000000 | Q:        nan | won: False 
#  329 | steps:  3711 | steps_t:     0 | t: 4.566633 | r:  -512.000000 | e:   1.000000 | Q:        nan | won: False 
#  330 | steps:  3719 | steps_t:     0 | t: 4.576800 | r:  -507.000000 | e:   1.000000 | Q:        nan | won: False 
#  331 | steps:  3743 | steps_t:     0 | t: 4.603961 | r:  -523.000000 | e:   1.000000 | Q:        nan | won: False 
#  332 | steps:  3750 | steps_t:     0 | t: 4.617725 | r:  -506.000000 | e:   1.000000 | Q:        nan | won: False 
#  333 | steps:  3770 | steps_t:     0 | t: 4.638092 | r:  -519.000000 | e:   1.000000 | Q:        nan | won: False 
#  334 | steps:  3795 | steps_t:     0 | t: 4.664802 | r:  -513.000000 | e:   1.000000 | Q:        nan | won: False 
#  335 | steps:  3805 | steps_t:     0 | t: 4.674859 | r:  -509.000000 | e:   1.000000 | Q:        nan | won: False 
#  336 | steps:  3823 | steps_t:     0 | t: 4.691599 | r:  -517.000000 | e:   1.000000 | Q:        nan | won: False 
#  337 | steps:  3841 | steps_t:     0 | t: 4.714849 | r:  -517.000000 | e:   1.000000 | Q:        nan | won: False 
#  338 | steps:  3849 | steps_t:     0 | t: 4.725356 | r:  -507.000000 | e:   1.000000 | Q:        nan | won: False 
#  339 | steps:  3857 | steps_t:     0 | t: 4.744294 | r:  -507.000000 | e:   1.000000 | Q:        nan | won: False 
#  340 | steps:  3862 | steps_t:     0 | t: 4.752526 | r:  -504.000000 | e:   1.000000 | Q:        nan | won: False 
#  341 | steps:  3868 | steps_t:     0 | t: 4.760527 | r:  -505.000000 | e:   1.000000 | Q:        nan | won: False 
#  342 | steps:  3887 | steps_t:     0 | t: 4.792341 | r:  -518.000000 | e:   1.000000 | Q:        nan | won: False 
#  343 | steps:  3897 | steps_t:     0 | t: 4.807751 | r:  -509.000000 | e:   1.000000 | Q:        nan | won: False 
#  344 | steps:  3911 | steps_t:     0 | t: 4.825772 | r:  -513.000000 | e:   1.000000 | Q:        nan | won: False 
#  345 | steps:  3918 | steps_t:     0 | t: 4.839546 | r:  -506.000000 | e:   1.000000 | Q:        nan | won: False 
#  346 | steps:  3926 | steps_t:     0 | t: 4.852619 | r:  -507.000000 | e:   1.000000 | Q:        nan | won: False 
#  347 | steps:  3935 | steps_t:     0 | t: 4.864313 | r:  -508.000000 | e:   1.000000 | Q:        nan | won: False 
#  348 | steps:  3945 | steps_t:     0 | t: 4.884045 | r:  -509.000000 | e:   1.000000 | Q:        nan | won: False 
#  349 | steps:  3959 | steps_t:     0 | t: 4.899894 | r:  -513.000000 | e:   1.000000 | Q:        nan | won: False 
#  350 | steps:  3970 | steps_t:     0 | t: 4.916928 | r:  -510.000000 | e:   1.000000 | Q:        nan | won: False 
#  351 | steps:  3980 | steps_t:     0 | t: 4.932780 | r:  -509.000000 | e:   1.000000 | Q:        nan | won: False 
#  352 | steps:  3987 | steps_t:     0 | t: 4.947910 | r:  -506.000000 | e:   1.000000 | Q:        nan | won: False 
#  353 | steps:  4004 | steps_t:     0 | t: 4.968631 | r:  -516.000000 | e:   1.000000 | Q:        nan | won: False 
#  354 | steps:  4020 | steps_t:     0 | t: 4.997569 | r:  -504.000000 | e:   1.000000 | Q:        nan | won: False 
#  355 | steps:  4028 | steps_t:     0 | t: 5.020428 | r:  -507.000000 | e:   1.000000 | Q:        nan | won: False 
#  356 | steps:  4036 | steps_t:     0 | t: 5.027811 | r:  -507.000000 | e:   1.000000 | Q:        nan | won: False 
#  357 | steps:  4051 | steps_t:     0 | t: 5.042028 | r:  -503.000000 | e:   1.000000 | Q:        nan | won: False 
#  358 | steps:  4068 | steps_t:     0 | t: 5.066731 | r:  -516.000000 | e:   1.000000 | Q:        nan | won: False 
#  359 | steps:  4091 | steps_t:     0 | t: 5.100210 | r:  -522.000000 | e:   1.000000 | Q:        nan | won: False 
#  360 | steps:  4108 | steps_t:     0 | t: 5.120390 | r:  -516.000000 | e:   1.000000 | Q:        nan | won: False 
#  361 | steps:  4125 | steps_t:     0 | t: 5.140797 | r:  -516.000000 | e:   1.000000 | Q:        nan | won: False 
#  362 | steps:  4131 | steps_t:     0 | t: 5.147150 | r:  -505.000000 | e:   1.000000 | Q:        nan | won: False 
#  363 | steps:  4146 | steps_t:     0 | t: 5.164379 | r:  -514.000000 | e:   1.000000 | Q:        nan | won: False 
#  364 | steps:  4155 | steps_t:     0 | t: 5.175345 | r:  -508.000000 | e:   1.000000 | Q:        nan | won: False 
#  365 | steps:  4165 | steps_t:     0 | t: 5.186047 | r:  -509.000000 | e:   1.000000 | Q:        nan | won: False 
#  366 | steps:  4175 | steps_t:     0 | t: 5.197984 | r:  -509.000000 | e:   1.000000 | Q:        nan | won: False 
#  367 | steps:  4191 | steps_t:     0 | t: 5.213686 | r:  -515.000000 | e:   1.000000 | Q:        nan | won: False 
#  368 | steps:  4210 | steps_t:     0 | t: 5.235479 | r:  -518.000000 | e:   1.000000 | Q:        nan | won: False 
#  369 | steps:  4217 | steps_t:     0 | t: 5.242680 | r:  -506.000000 | e:   1.000000 | Q:        nan | won: False 
#  370 | steps:  4225 | steps_t:     0 | t: 5.250172 | r:  -507.000000 | e:   1.000000 | Q:        nan | won: False 
#  371 | steps:  4235 | steps_t:     0 | t: 5.261158 | r:  -509.000000 | e:   1.000000 | Q:        nan | won: False 
#  372 | steps:  4247 | steps_t:     0 | t: 5.276428 | r:  -511.000000 | e:   1.000000 | Q:        nan | won: False 
#  373 | steps:  4256 | steps_t:     0 | t: 5.286280 | r:  -508.000000 | e:   1.000000 | Q:        nan | won: False 
#  374 | steps:  4264 | steps_t:     0 | t: 5.295428 | r:  -507.000000 | e:   1.000000 | Q:        nan | won: False 
#  375 | steps:  4283 | steps_t:     0 | t: 5.315497 | r:  -518.000000 | e:   1.000000 | Q:        nan | won: False 
#  376 | steps:  4295 | steps_t:     0 | t: 5.331542 | r:  -511.000000 | e:   1.000000 | Q:        nan | won: False 
#  377 | steps:  4310 | steps_t:     0 | t: 5.348861 | r:  -514.000000 | e:   1.000000 | Q:        nan | won: False 
#  378 | steps:  4317 | steps_t:     0 | t: 5.357368 | r:  -506.000000 | e:   1.000000 | Q:        nan | won: False 
#  379 | steps:  4326 | steps_t:     0 | t: 5.374443 | r:  -508.000000 | e:   1.000000 | Q:        nan | won: False 
#  380 | steps:  4335 | steps_t:     0 | t: 5.385674 | r:  -508.000000 | e:   1.000000 | Q:        nan | won: False 
#  381 | steps:  4343 | steps_t:     0 | t: 5.392608 | r:  -507.000000 | e:   1.000000 | Q:        nan | won: False 
#  382 | steps:  4364 | steps_t:     0 | t: 5.416492 | r:  -509.000000 | e:   1.000000 | Q:        nan | won: False 
#  383 | steps:  4373 | steps_t:     0 | t: 5.426754 | r:  -508.000000 | e:   1.000000 | Q:        nan | won: False 
#  384 | steps:  4383 | steps_t:     0 | t: 5.438022 | r:  -509.000000 | e:   1.000000 | Q:        nan | won: False 
#  385 | steps:  4389 | steps_t:     0 | t: 5.443449 | r:  -505.000000 | e:   1.000000 | Q:        nan | won: False 
#  386 | steps:  4396 | steps_t:     0 | t: 5.466600 | r:  -506.000000 | e:   1.000000 | Q:        nan | won: False 
#  387 | steps:  4406 | steps_t:     0 | t: 5.474067 | r:  -509.000000 | e:   1.000000 | Q:        nan | won: False 
#  388 | steps:  4425 | steps_t:     0 | t: 5.500301 | r:  -518.000000 | e:   1.000000 | Q:        nan | won: False 
#  389 | steps:  4434 | steps_t:     0 | t: 5.512466 | r:  -508.000000 | e:   1.000000 | Q:        nan | won: False 
#  390 | steps:  4440 | steps_t:     0 | t: 5.522110 | r:  -505.000000 | e:   1.000000 | Q:        nan | won: False 
#  391 | steps:  4451 | steps_t:     0 | t: 5.538750 | r:  -510.000000 | e:   1.000000 | Q:        nan | won: False 
#  392 | steps:  4466 | steps_t:     0 | t: 5.556305 | r:  -514.000000 | e:   1.000000 | Q:        nan | won: False 
#  393 | steps:  4473 | steps_t:     0 | t: 5.562770 | r:  -506.000000 | e:   1.000000 | Q:        nan | won: False 
#  394 | steps:  4492 | steps_t:     0 | t: 5.599077 | r:  -507.000000 | e:   1.000000 | Q:        nan | won: False 
#  395 | steps:  4504 | steps_t:     0 | t: 5.619322 | r:  -511.000000 | e:   1.000000 | Q:        nan | won: False 
#  396 | steps:  4528 | steps_t:     0 | t: 5.652005 | r:  -523.000000 | e:   1.000000 | Q:        nan | won: False 
#  397 | steps:  4536 | steps_t:     0 | t: 5.666211 | r:  -507.000000 | e:   1.000000 | Q:        nan | won: False 
#  398 | steps:  4547 | steps_t:     0 | t: 5.680132 | r:  -510.000000 | e:   1.000000 | Q:        nan | won: False 
#  399 | steps:  4554 | steps_t:     0 | t: 5.691516 | r:  -506.000000 | e:   1.000000 | Q:        nan | won: False 
#  400 | steps:  4560 | steps_t:     0 | t: 5.696971 | r:  -505.000000 | e:   1.000000 | Q:        nan | won: False 
#  401 | steps:  4565 | steps_t:     0 | t: 5.702394 | r:  -504.000000 | e:   1.000000 | Q:        nan | won: False 
#  402 | steps:  4576 | steps_t:     0 | t: 5.711819 | r:  -510.000000 | e:   1.000000 | Q:        nan | won: False 
#  403 | steps:  4586 | steps_t:     0 | t: 5.730197 | r:  -509.000000 | e:   1.000000 | Q:        nan | won: False 
#  404 | steps:  4601 | steps_t:     0 | t: 5.747638 | r:  -503.000000 | e:   1.000000 | Q:        nan | won: False 
#  405 | steps:  4612 | steps_t:     0 | t: 5.758204 | r:  -510.000000 | e:   1.000000 | Q:        nan | won: False 
#  406 | steps:  4621 | steps_t:     0 | t: 5.769153 | r:  -508.000000 | e:   1.000000 | Q:        nan | won: False 
#  407 | steps:  4646 | steps_t:     0 | t: 5.803835 | r:  -513.000000 | e:   1.000000 | Q:        nan | won: False 
#  408 | steps:  4653 | steps_t:     0 | t: 5.808709 | r:  -506.000000 | e:   1.000000 | Q:        nan | won: False 
#  409 | steps:  4660 | steps_t:     0 | t: 5.824658 | r:  -506.000000 | e:   1.000000 | Q:        nan | won: False 
#  410 | steps:  4672 | steps_t:     0 | t: 5.844154 | r:  -511.000000 | e:   1.000000 | Q:        nan | won: False 
#  411 | steps:  4693 | steps_t:     0 | t: 5.866637 | r:  -520.000000 | e:   1.000000 | Q:        nan | won: False 
#  412 | steps:  4703 | steps_t:     0 | t: 5.875942 | r:  -509.000000 | e:   1.000000 | Q:        nan | won: False 
#  413 | steps:  4716 | steps_t:     0 | t: 5.892572 | r:  -512.000000 | e:   1.000000 | Q:        nan | won: False 
#  414 | steps:  4722 | steps_t:     0 | t: 5.899164 | r:  -505.000000 | e:   1.000000 | Q:        nan | won: False 
#  415 | steps:  4729 | steps_t:     0 | t: 5.907356 | r:  -506.000000 | e:   1.000000 | Q:        nan | won: False 
#  416 | steps:  4741 | steps_t:     0 | t: 5.918876 | r:  -500.000000 | e:   1.000000 | Q:        nan | won: False 
#  417 | steps:  4748 | steps_t:     0 | t: 5.926169 | r:  -506.000000 | e:   1.000000 | Q:        nan | won: False 
#  418 | steps:  4759 | steps_t:     0 | t: 5.938363 | r:  -510.000000 | e:   1.000000 | Q:        nan | won: False 
#  419 | steps:  4765 | steps_t:     0 | t: 5.944834 | r:  -505.000000 | e:   1.000000 | Q:        nan | won: False 
#  420 | steps:  4786 | steps_t:     0 | t: 5.963148 | r:  -520.000000 | e:   1.000000 | Q:        nan | won: False 
#  421 | steps:  4795 | steps_t:     0 | t: 5.971835 | r:  -508.000000 | e:   1.000000 | Q:        nan | won: False 
#  422 | steps:  4806 | steps_t:     0 | t: 5.985503 | r:  -510.000000 | e:   1.000000 | Q:        nan | won: False 
#  423 | steps:  4813 | steps_t:     0 | t: 5.992154 | r:  -506.000000 | e:   1.000000 | Q:        nan | won: False 
#  424 | steps:  4832 | steps_t:     0 | t: 6.015430 | r:  -518.000000 | e:   1.000000 | Q:        nan | won: False 
#  425 | steps:  4844 | steps_t:     0 | t: 6.028330 | r:  -511.000000 | e:   1.000000 | Q:        nan | won: False 
#  426 | steps:  4865 | steps_t:     0 | t: 6.048026 | r:  -520.000000 | e:   1.000000 | Q:        nan | won: False 
#  427 | steps:  4875 | steps_t:     0 | t: 6.062084 | r:  -509.000000 | e:   1.000000 | Q:        nan | won: False 
#  428 | steps:  4887 | steps_t:     0 | t: 6.072144 | r:  -511.000000 | e:   1.000000 | Q:        nan | won: False 
#  429 | steps:  4896 | steps_t:     0 | t: 6.081491 | r:  -508.000000 | e:   1.000000 | Q:        nan | won: False 
#  430 | steps:  4909 | steps_t:     0 | t: 6.090401 | r:  -512.000000 | e:   1.000000 | Q:        nan | won: False 
#  431 | steps:  4919 | steps_t:     0 | t: 6.106773 | r:  -509.000000 | e:   1.000000 | Q:        nan | won: False 
#  432 | steps:  4925 | steps_t:     0 | t: 6.113475 | r:  -505.000000 | e:   1.000000 | Q:        nan | won: False 
#  433 | steps:  4937 | steps_t:     0 | t: 6.131643 | r:  -511.000000 | e:   1.000000 | Q:        nan | won: False 
#  434 | steps:  4958 | steps_t:     0 | t: 6.149326 | r:  -520.000000 | e:   1.000000 | Q:        nan | won: False 
#  435 | steps:  4978 | steps_t:     0 | t: 6.182761 | r:  -519.000000 | e:   1.000000 | Q:        nan | won: False 
#  436 | steps:  4985 | steps_t:     0 | t: 6.191046 | r:  -506.000000 | e:   1.000000 | Q:        nan | won: False 
#  437 | steps:  5011 | steps_t:    10 | t: 7.031540 | r:  -525.000000 | e:   0.999000 | Q:        nan | won: False 
#  438 | steps:  5020 | steps_t:    18 | t: 7.378291 | r:  -508.000000 | e:   0.998200 | Q:        nan | won: False 
#  439 | steps:  5031 | steps_t:    28 | t: 7.791869 | r:  -510.000000 | e:   0.997200 | Q:        nan | won: False 
#  440 | steps:  5043 | steps_t:    39 | t: 8.327833 | r:  -511.000000 | e:   0.996100 | Q:        nan | won: False 
#  441 | steps:  5050 | steps_t:    45 | t: 8.560971 | r:  -506.000000 | e:   0.995500 | Q:        nan | won: False 
#  442 | steps:  5057 | steps_t:    51 | t: 8.854332 | r:  -506.000000 | e:   0.994900 | Q:        nan | won: False 
#  443 | steps:  5064 | steps_t:    57 | t: 9.130551 | r:  -506.000000 | e:   0.994300 | Q:        nan | won: False 
#  444 | steps:  5085 | steps_t:    77 | t: 9.929288 | r:  -520.000000 | e:   0.992300 | Q:        nan | won: False 
#  445 | steps:  5095 | steps_t:    86 | t: 10.326197 | r:  -509.000000 | e:   0.991400 | Q:        nan | won: False 
#  446 | steps:  5114 | steps_t:   104 | t: 11.135172 | r:  -518.000000 | e:   0.989600 | Q:        nan | won: False 
#  447 | steps:  5128 | steps_t:   117 | t: 11.675305 | r:  -513.000000 | e:   0.988300 | Q:        nan | won: False 
#  448 | steps:  5139 | steps_t:   127 | t: 12.088977 | r:  -510.000000 | e:   0.987300 | Q:        nan | won: False 
#  449 | steps:  5147 | steps_t:   134 | t: 12.370156 | r:  -507.000000 | e:   0.986600 | Q:        nan | won: False 
#  450 | steps:  5154 | steps_t:   140 | t: 12.631335 | r:  -506.000000 | e:   0.986000 | Q:        nan | won: False 
#  451 | steps:  5159 | steps_t:   144 | t: 12.817988 | r:  -504.000000 | e:   0.985600 | Q:        nan | won: False 
#  452 | steps:  5180 | steps_t:   164 | t: 13.627475 | r:  -520.000000 | e:   0.983600 | Q:        nan | won: False 
#  453 | steps:  5194 | steps_t:   177 | t: 14.140913 | r:  -513.000000 | e:   0.982300 | Q:        nan | won: False 
#  454 | steps:  5212 | steps_t:   194 | t: 14.839990 | r:  -506.000000 | e:   0.980600 | Q:        nan | won: False 
#  455 | steps:  5222 | steps_t:   203 | t: 15.212509 | r:  -509.000000 | e:   0.979700 | Q: -291.966644 | won: False 
#  456 | steps:  5245 | steps_t:   225 | t: 16.143721 | r:  -522.000000 | e:   0.977500 | Q:        nan | won: False 
#  457 | steps:  5252 | steps_t:   231 | t: 16.415301 | r:  -506.000000 | e:   0.976900 | Q:        nan | won: False 
#  458 | steps:  5258 | steps_t:   236 | t: 16.610396 | r:  -505.000000 | e:   0.976400 | Q: -336.092255 | won: False 
#  459 | steps:  5266 | steps_t:   243 | t: 16.893152 | r:  -507.000000 | e:   0.975700 | Q:        nan | won: False 
#  460 | steps:  5287 | steps_t:   263 | t: 17.692763 | r:  -520.000000 | e:   0.973700 | Q:        nan | won: False 
#  461 | steps:  5294 | steps_t:   269 | t: 17.952416 | r:  -506.000000 | e:   0.973100 | Q:        nan | won: False 
#  462 | steps:  5304 | steps_t:   278 | t: 18.352359 | r:  -509.000000 | e:   0.972200 | Q:        nan | won: False 
#  463 | steps:  5318 | steps_t:   291 | t: 18.917622 | r:  -513.000000 | e:   0.970900 | Q: -311.710999 | won: False 
#  464 | steps:  5328 | steps_t:   300 | t: 19.310537 | r:  -509.000000 | e:   0.970000 | Q:        nan | won: False 
#  465 | steps:  5343 | steps_t:   314 | t: 19.900098 | r:  -514.000000 | e:   0.968600 | Q: -294.517303 | won: False 
#  466 | steps:  5353 | steps_t:   323 | t: 20.313949 | r:  -509.000000 | e:   0.967700 | Q:        nan | won: False 
#  467 | steps:  5362 | steps_t:   331 | t: 20.689187 | r:  -508.000000 | e:   0.966900 | Q:        nan | won: False 
#  468 | steps:  5374 | steps_t:   342 | t: 21.138843 | r:  -511.000000 | e:   0.965800 | Q:        nan | won: False 
#  469 | steps:  5384 | steps_t:   351 | t: 21.555924 | r:  -509.000000 | e:   0.964900 | Q:        nan | won: False 
#  470 | steps:  5396 | steps_t:   362 | t: 22.075196 | r:  -511.000000 | e:   0.963800 | Q: -316.202850 | won: False 
#  471 | steps:  5406 | steps_t:   371 | t: 22.430538 | r:  -509.000000 | e:   0.962900 | Q:        nan | won: False 
#  472 | steps:  5416 | steps_t:   380 | t: 22.828831 | r:  -509.000000 | e:   0.962000 | Q:        nan | won: False 
#  473 | steps:  5424 | steps_t:   387 | t: 23.120943 | r:  -507.000000 | e:   0.961300 | Q:        nan | won: False 
#  474 | steps:  5440 | steps_t:   402 | t: 23.764563 | r:  -515.000000 | e:   0.959800 | Q: -295.007812 | won: False 
#  475 | steps:  5448 | steps_t:   409 | t: 24.092444 | r:  -507.000000 | e:   0.959100 | Q:        nan | won: False 
